2025-08-07 09:14:27,728 - INFO - ============================================================
2025-08-07 09:14:27,728 - INFO - [TASK] 🚀 开始爬取任务
2025-08-07 09:14:27,729 - INFO - [TASK] 📍 城市: 广州 (guangzhou)
2025-08-07 09:14:27,729 - INFO - [TASK] 📂 品类: ['东南亚菜', '新疆菜'] (2个)
2025-08-07 09:14:27,729 - INFO - [TASK] 📄 页数范围: 1-15页
2025-08-07 09:14:27,729 - INFO - ============================================================
2025-08-07 09:14:27,729 - INFO - [INFO] 🚀 开始爬取任务: 广州 - 东南亚菜, 新疆菜 (1-15页)
2025-08-07 09:14:29,472 - INFO - [BROWSER] 🌐 创建浏览器上下文...
2025-08-07 09:14:29,472 - INFO - [BROWSER] 🚀 开始创建浏览器上下文...
2025-08-07 09:14:29,513 - INFO - [BROWSER] 🔧 User-Agent: Mozilla/5.0 (Macintosh; Intel Mac OS X 10_15_7) Ap...
2025-08-07 09:14:29,514 - INFO - [BROWSER] 📐 视口大小: 1366x768
2025-08-07 09:14:30,582 - INFO - [BROWSER] ✅ 浏览器上下文创建成功
2025-08-07 09:14:30,872 - WARNING - [PRIVACY] ⚠️ 清理浏览器数据时出现警告: Page.evaluate: SecurityError: Failed to read the 'localStorage' property from 'Window': Access is denied for this document.
    at eval (<anonymous>)
    at UtilityScript.evaluate (<anonymous>:313:29)
    at UtilityScript.<anonymous> (<anonymous>:1:44)
2025-08-07 09:14:30,872 - INFO - [PRIVACY] ⏱️ 初始随机延迟: 11.4秒
2025-08-07 09:14:42,265 - INFO - [COOKIE] ✅ 已添加 24 个Cookie
2025-08-07 09:14:42,319 - INFO - --------------------------------------------------
2025-08-07 09:14:42,320 - INFO - [CATEGORY] 📂 开始处理品类 1/2: 东南亚菜
2025-08-07 09:14:42,320 - INFO - [CATEGORY] 🆔 品类ID: g115
2025-08-07 09:14:42,320 - INFO - [CATEGORY] ⏱️ 开始时间: 09:14:42
2025-08-07 09:14:42,320 - INFO - [INFO] 📂 开始处理品类 1/2: 东南亚菜
2025-08-07 09:14:42,321 - INFO - [CATEGORY] 📊 页数范围: 1-15页
2025-08-07 09:14:42,321 - INFO - [CATEGORY] ⚠️ 最大连续无数据页面: 7
2025-08-07 09:14:42,321 - INFO - [PAGE] 📄 第1页: https://www.dianping.com/guangzhou/ch10/g115
2025-08-07 09:14:42,321 - INFO - [PAGE] ⏱️ 开始时间: 09:14:42
2025-08-07 09:14:42,322 - INFO - [INFO] 📄 爬取第1页: 东南亚菜
2025-08-07 09:14:42,322 - INFO - [PAGE] 🔄 正在加载页面: https://www.dianping.com/guangzhou/ch10/g115
2025-08-07 09:14:50,130 - INFO - [PAGE] ✅ 页面加载成功: https://www.dianping.com/guangzhou/ch10/g115
2025-08-07 09:14:55,638 - INFO - [PAGE] ✅ 第1页成功: 15 个商铺 (耗时13.3秒)
2025-08-07 09:14:55,639 - INFO - [INFO] ✅ 第1页成功: 15 个商铺
2025-08-07 09:14:55,639 - INFO - [DELAY] ⏱️ 页面延迟(careful): 13.2秒
2025-08-07 09:14:55,639 - INFO - [INFO] ⏱️ 页面延迟(careful): 13.2秒
2025-08-07 09:15:08,853 - INFO - [PAGE] 📄 第2页: https://www.dianping.com/guangzhou/ch10/g115p2
2025-08-07 09:15:08,853 - INFO - [PAGE] ⏱️ 开始时间: 09:15:08
2025-08-07 09:15:08,853 - INFO - [INFO] 📄 爬取第2页: 东南亚菜
2025-08-07 09:15:08,854 - INFO - [PAGE] 🔄 正在加载页面: https://www.dianping.com/guangzhou/ch10/g115p2
2025-08-07 09:15:14,169 - INFO - [PAGE] ✅ 页面加载成功: https://www.dianping.com/guangzhou/ch10/g115p2
2025-08-07 09:15:18,551 - INFO - [PAGE] ✅ 第2页成功: 15 个商铺 (耗时9.7秒)
2025-08-07 09:15:18,551 - INFO - [INFO] ✅ 第2页成功: 15 个商铺
2025-08-07 09:15:18,552 - INFO - [DELAY] ⏱️ 页面延迟(careful): 18.7秒
2025-08-07 09:15:18,552 - INFO - [INFO] ⏱️ 页面延迟(careful): 18.7秒
2025-08-07 09:15:37,288 - INFO - [PAGE] 📄 第3页: https://www.dianping.com/guangzhou/ch10/g115p3
2025-08-07 09:15:37,288 - INFO - [PAGE] ⏱️ 开始时间: 09:15:37
2025-08-07 09:15:37,289 - INFO - [INFO] 📄 爬取第3页: 东南亚菜
2025-08-07 09:15:37,289 - INFO - [PAGE] 🔄 正在加载页面: https://www.dianping.com/guangzhou/ch10/g115p3
2025-08-07 09:15:45,952 - INFO - [PAGE] ✅ 页面加载成功: https://www.dianping.com/guangzhou/ch10/g115p3
2025-08-07 09:15:49,138 - INFO - [PAGE] ✅ 第3页成功: 15 个商铺 (耗时11.9秒)
2025-08-07 09:15:49,138 - INFO - [INFO] ✅ 第3页成功: 15 个商铺
2025-08-07 09:15:49,139 - INFO - [DELAY] ⏱️ 页面延迟(careful): 11.8秒
2025-08-07 09:15:49,139 - INFO - [INFO] ⏱️ 页面延迟(careful): 11.8秒
2025-08-07 09:16:00,908 - INFO - [PAGE] 📄 第4页: https://www.dianping.com/guangzhou/ch10/g115p4
2025-08-07 09:16:00,909 - INFO - [PAGE] ⏱️ 开始时间: 09:16:00
2025-08-07 09:16:00,909 - INFO - [INFO] 📄 爬取第4页: 东南亚菜
2025-08-07 09:16:00,910 - INFO - [PAGE] 🔄 正在加载页面: https://www.dianping.com/guangzhou/ch10/g115p4
2025-08-07 09:16:07,308 - INFO - [PAGE] ✅ 页面加载成功: https://www.dianping.com/guangzhou/ch10/g115p4
2025-08-07 09:16:11,507 - INFO - [PAGE] ✅ 第4页成功: 15 个商铺 (耗时10.6秒)
2025-08-07 09:16:11,507 - INFO - [INFO] ✅ 第4页成功: 15 个商铺
2025-08-07 09:16:11,507 - INFO - [DELAY] ⏱️ 页面延迟(careful): 9.4秒
2025-08-07 09:16:11,507 - INFO - [INFO] ⏱️ 页面延迟(careful): 9.4秒
2025-08-07 09:16:20,915 - INFO - [PAGE] 📄 第5页: https://www.dianping.com/guangzhou/ch10/g115p5
2025-08-07 09:16:20,916 - INFO - [PAGE] ⏱️ 开始时间: 09:16:20
2025-08-07 09:16:20,916 - INFO - [INFO] 📄 爬取第5页: 东南亚菜
2025-08-07 09:16:20,916 - INFO - [PAGE] 🔄 正在加载页面: https://www.dianping.com/guangzhou/ch10/g115p5
2025-08-07 09:16:26,562 - INFO - [PAGE] ✅ 页面加载成功: https://www.dianping.com/guangzhou/ch10/g115p5
2025-08-07 09:16:32,915 - INFO - [PAGE] ✅ 第5页成功: 15 个商铺 (耗时12.0秒)
2025-08-07 09:16:32,915 - INFO - [INFO] ✅ 第5页成功: 15 个商铺
2025-08-07 09:16:32,916 - INFO - [DELAY] ⏱️ 页面延迟(normal): 11.2秒
2025-08-07 09:16:32,916 - INFO - [INFO] ⏱️ 页面延迟(normal): 11.2秒
2025-08-07 09:16:44,124 - INFO - [PAGE] 📄 第6页: https://www.dianping.com/guangzhou/ch10/g115p6
2025-08-07 09:16:44,125 - INFO - [PAGE] ⏱️ 开始时间: 09:16:44
2025-08-07 09:16:44,125 - INFO - [INFO] 📄 爬取第6页: 东南亚菜
2025-08-07 09:16:44,125 - INFO - [PAGE] 🔄 正在加载页面: https://www.dianping.com/guangzhou/ch10/g115p6
2025-08-07 09:16:49,633 - INFO - [PAGE] ✅ 页面加载成功: https://www.dianping.com/guangzhou/ch10/g115p6
2025-08-07 09:16:59,751 - INFO - [PAGE] ✅ 第6页成功: 15 个商铺 (耗时15.6秒)
2025-08-07 09:16:59,751 - INFO - [INFO] ✅ 第6页成功: 15 个商铺
2025-08-07 09:16:59,752 - INFO - [DELAY] ⏱️ 页面延迟(careful): 10.8秒
2025-08-07 09:16:59,752 - INFO - [INFO] ⏱️ 页面延迟(careful): 10.8秒
2025-08-07 09:17:10,568 - INFO - [PAGE] 📄 第7页: https://www.dianping.com/guangzhou/ch10/g115p7
2025-08-07 09:17:10,568 - INFO - [PAGE] ⏱️ 开始时间: 09:17:10
2025-08-07 09:17:10,569 - INFO - [INFO] 📄 爬取第7页: 东南亚菜
2025-08-07 09:17:10,569 - INFO - [PAGE] 🔄 正在加载页面: https://www.dianping.com/guangzhou/ch10/g115p7
2025-08-07 09:17:14,875 - INFO - [PAGE] ✅ 页面加载成功: https://www.dianping.com/guangzhou/ch10/g115p7
2025-08-07 09:17:17,594 - INFO - [UA] 🔄 第7页智能更换User-Agent
2025-08-07 09:17:19,177 - INFO - [PAGE] ✅ 第7页成功: 15 个商铺 (耗时8.6秒)
2025-08-07 09:17:19,177 - INFO - [INFO] ✅ 第7页成功: 15 个商铺
2025-08-07 09:17:19,177 - INFO - [DELAY] ⏱️ 页面延迟(normal): 9.9秒
2025-08-07 09:17:19,177 - INFO - [INFO] ⏱️ 页面延迟(normal): 9.9秒
2025-08-07 09:17:29,106 - INFO - [PAGE] 📄 第8页: https://www.dianping.com/guangzhou/ch10/g115p8
2025-08-07 09:17:29,106 - INFO - [PAGE] ⏱️ 开始时间: 09:17:29
2025-08-07 09:17:29,107 - INFO - [INFO] 📄 爬取第8页: 东南亚菜
2025-08-07 09:17:29,107 - INFO - [PAGE] 🔄 正在加载页面: https://www.dianping.com/guangzhou/ch10/g115p8
2025-08-07 09:17:36,125 - INFO - [PAGE] ✅ 页面加载成功: https://www.dianping.com/guangzhou/ch10/g115p8
2025-08-07 09:17:40,261 - INFO - [PAGE] ✅ 第8页成功: 15 个商铺 (耗时11.2秒)
2025-08-07 09:17:40,261 - INFO - [INFO] ✅ 第8页成功: 15 个商铺
2025-08-07 09:17:40,262 - INFO - [DELAY] ⏱️ 页面延迟(relaxed): 8.3秒
2025-08-07 09:17:40,262 - INFO - [INFO] ⏱️ 页面延迟(relaxed): 8.3秒
2025-08-07 09:17:48,521 - INFO - [PAGE] 📄 第9页: https://www.dianping.com/guangzhou/ch10/g115p9
2025-08-07 09:17:48,522 - INFO - [PAGE] ⏱️ 开始时间: 09:17:48
2025-08-07 09:17:48,522 - INFO - [INFO] 📄 爬取第9页: 东南亚菜
2025-08-07 09:17:48,522 - INFO - [PAGE] 🔄 正在加载页面: https://www.dianping.com/guangzhou/ch10/g115p9
2025-08-07 09:17:55,181 - INFO - [PAGE] ✅ 页面加载成功: https://www.dianping.com/guangzhou/ch10/g115p9
2025-08-07 09:18:00,515 - INFO - [PAGE] ✅ 第9页成功: 15 个商铺 (耗时12.0秒)
2025-08-07 09:18:00,515 - INFO - [INFO] ✅ 第9页成功: 15 个商铺
2025-08-07 09:18:00,515 - INFO - [DELAY] ⏱️ 页面延迟(careful): 17.0秒
2025-08-07 09:18:00,515 - INFO - [INFO] ⏱️ 页面延迟(careful): 17.0秒
2025-08-07 09:18:17,532 - INFO - [PAGE] 📄 第10页: https://www.dianping.com/guangzhou/ch10/g115p10
2025-08-07 09:18:17,533 - INFO - [PAGE] ⏱️ 开始时间: 09:18:17
2025-08-07 09:18:17,533 - INFO - [INFO] 📄 爬取第10页: 东南亚菜
2025-08-07 09:18:17,533 - INFO - [PAGE] 🔄 正在加载页面: https://www.dianping.com/guangzhou/ch10/g115p10
2025-08-07 09:18:24,054 - INFO - [PAGE] ✅ 页面加载成功: https://www.dianping.com/guangzhou/ch10/g115p10
2025-08-07 09:18:31,332 - INFO - [PAGE] ✅ 第10页成功: 15 个商铺 (耗时13.8秒)
2025-08-07 09:18:31,333 - INFO - [INFO] ✅ 第10页成功: 15 个商铺
2025-08-07 09:18:31,333 - INFO - [DELAY] ⏱️ 页面延迟(relaxed): 23.7秒
2025-08-07 09:18:31,333 - INFO - [INFO] ⏱️ 页面延迟(relaxed): 23.7秒
2025-08-07 09:18:55,058 - INFO - [PAGE] 📄 第11页: https://www.dianping.com/guangzhou/ch10/g115p11
2025-08-07 09:18:55,058 - INFO - [PAGE] ⏱️ 开始时间: 09:18:55
2025-08-07 09:18:55,058 - INFO - [INFO] 📄 爬取第11页: 东南亚菜
2025-08-07 09:18:55,059 - INFO - [PAGE] 🔄 正在加载页面: https://www.dianping.com/guangzhou/ch10/g115p11
2025-08-07 09:19:01,793 - INFO - [PAGE] ✅ 页面加载成功: https://www.dianping.com/guangzhou/ch10/g115p11
2025-08-07 09:19:08,204 - INFO - [PAGE] ✅ 第11页成功: 15 个商铺 (耗时13.1秒)
2025-08-07 09:19:08,204 - INFO - [INFO] ✅ 第11页成功: 15 个商铺
2025-08-07 09:19:08,205 - INFO - [DELAY] ⏱️ 页面延迟(relaxed): 10.5秒
2025-08-07 09:19:08,205 - INFO - [INFO] ⏱️ 页面延迟(relaxed): 10.5秒
2025-08-07 09:19:18,673 - INFO - [PAGE] 📄 第12页: https://www.dianping.com/guangzhou/ch10/g115p12
2025-08-07 09:19:18,673 - INFO - [PAGE] ⏱️ 开始时间: 09:19:18
2025-08-07 09:19:18,674 - INFO - [INFO] 📄 爬取第12页: 东南亚菜
2025-08-07 09:19:18,674 - INFO - [PAGE] 🔄 正在加载页面: https://www.dianping.com/guangzhou/ch10/g115p12
2025-08-07 09:19:24,711 - INFO - [PAGE] ✅ 页面加载成功: https://www.dianping.com/guangzhou/ch10/g115p12
2025-08-07 09:19:31,246 - INFO - [PAGE] ✅ 第12页成功: 15 个商铺 (耗时12.6秒)
2025-08-07 09:19:31,246 - INFO - [INFO] ✅ 第12页成功: 15 个商铺
2025-08-07 09:19:31,246 - INFO - [DELAY] ⏱️ 页面延迟(normal): 14.3秒
2025-08-07 09:19:31,247 - INFO - [INFO] ⏱️ 页面延迟(normal): 14.3秒
2025-08-07 09:19:45,538 - INFO - [PAGE] 📄 第13页: https://www.dianping.com/guangzhou/ch10/g115p13
2025-08-07 09:19:45,539 - INFO - [PAGE] ⏱️ 开始时间: 09:19:45
2025-08-07 09:19:45,539 - INFO - [INFO] 📄 爬取第13页: 东南亚菜
2025-08-07 09:19:45,539 - INFO - [PAGE] 🔄 正在加载页面: https://www.dianping.com/guangzhou/ch10/g115p13
2025-08-07 09:19:52,150 - INFO - [PAGE] ✅ 页面加载成功: https://www.dianping.com/guangzhou/ch10/g115p13
2025-08-07 09:19:56,339 - INFO - [PAGE] ✅ 第13页成功: 15 个商铺 (耗时10.8秒)
2025-08-07 09:19:56,339 - INFO - [INFO] ✅ 第13页成功: 15 个商铺
2025-08-07 09:19:56,339 - INFO - [DELAY] ⏱️ 页面延迟(normal): 10.8秒
2025-08-07 09:19:56,340 - INFO - [INFO] ⏱️ 页面延迟(normal): 10.8秒
2025-08-07 09:20:07,141 - INFO - [PAGE] 📄 第14页: https://www.dianping.com/guangzhou/ch10/g115p14
2025-08-07 09:20:07,142 - INFO - [PAGE] ⏱️ 开始时间: 09:20:07
2025-08-07 09:20:07,142 - INFO - [INFO] 📄 爬取第14页: 东南亚菜
2025-08-07 09:20:07,143 - INFO - [PAGE] 🔄 正在加载页面: https://www.dianping.com/guangzhou/ch10/g115p14
2025-08-07 09:20:15,568 - INFO - [PAGE] ✅ 页面加载成功: https://www.dianping.com/guangzhou/ch10/g115p14
2025-08-07 09:20:22,829 - INFO - [PAGE] ✅ 第14页成功: 8 个商铺 (耗时15.7秒)
2025-08-07 09:20:22,829 - INFO - [INFO] ✅ 第14页成功: 8 个商铺
2025-08-07 09:20:22,829 - INFO - [DELAY] ⏱️ 页面延迟(relaxed): 10.8秒
2025-08-07 09:20:22,830 - INFO - [INFO] ⏱️ 页面延迟(relaxed): 10.8秒
2025-08-07 09:20:33,671 - INFO - [PAGE] 📄 第15页: https://www.dianping.com/guangzhou/ch10/g115p15
2025-08-07 09:20:33,672 - INFO - [PAGE] ⏱️ 开始时间: 09:20:33
2025-08-07 09:20:33,672 - INFO - [INFO] 📄 爬取第15页: 东南亚菜
2025-08-07 09:20:33,673 - INFO - [PAGE] 🔄 正在加载页面: https://www.dianping.com/guangzhou/ch10/g115p15
2025-08-07 09:20:37,564 - INFO - [PAGE] ✅ 页面加载成功: https://www.dianping.com/guangzhou/ch10/g115p15
2025-08-07 09:20:48,509 - INFO - [PAGE] ✅ 第15页成功: 15 个商铺 (耗时14.8秒)
2025-08-07 09:20:48,509 - INFO - [INFO] ✅ 第15页成功: 15 个商铺
2025-08-07 09:20:48,509 - INFO - ----------------------------------------
2025-08-07 09:20:48,510 - INFO - [CATEGORY] ✅ 品类 东南亚菜 完成
2025-08-07 09:20:48,510 - INFO - [CATEGORY] 📊 商铺数: 218 个
2025-08-07 09:20:48,510 - INFO - [CATEGORY] ⏱️ 耗时: 366.2秒
2025-08-07 09:20:48,514 - INFO - [SAVE] ✅ 数据已追加到: custom_crawl_广州_东南亚菜_partial_20250807_092048.csv
2025-08-07 09:20:48,514 - INFO - [INFO] ✅ 数据已保存: 广州_东南亚菜_部分数据 (218个商铺)
2025-08-07 09:20:48,515 - INFO - [SAVE] 📊 数据质量分析:
2025-08-07 09:20:48,515 - INFO - [SAVE]   总商铺数: 218
2025-08-07 09:20:48,515 - INFO - [SAVE]   价格完整率: 79.4% (173/218)
2025-08-07 09:20:48,515 - INFO - [SAVE]   品类分布:
2025-08-07 09:20:48,515 - INFO - [SAVE]     东南亚菜: 218 个商铺
2025-08-07 09:20:48,516 - INFO - [DELAY] ⏱️ 品类间延迟: 15.1秒
2025-08-07 09:20:48,516 - INFO - [INFO] ⏱️ 品类间延迟: 15.1秒
2025-08-07 09:21:03,577 - INFO - --------------------------------------------------
2025-08-07 09:21:03,578 - INFO - [CATEGORY] 📂 开始处理品类 2/2: 新疆菜
2025-08-07 09:21:03,578 - INFO - [CATEGORY] 🆔 品类ID: g3243
2025-08-07 09:21:03,578 - INFO - [CATEGORY] ⏱️ 开始时间: 09:21:03
2025-08-07 09:21:03,578 - INFO - [INFO] 📂 开始处理品类 2/2: 新疆菜
2025-08-07 09:21:03,579 - INFO - [CATEGORY] 📊 页数范围: 1-15页
2025-08-07 09:21:03,579 - INFO - [CATEGORY] ⚠️ 最大连续无数据页面: 7
2025-08-07 09:21:03,579 - INFO - [PAGE] 📄 第1页: https://www.dianping.com/guangzhou/ch10/g3243
2025-08-07 09:21:03,579 - INFO - [PAGE] ⏱️ 开始时间: 09:21:03
2025-08-07 09:21:03,579 - INFO - [INFO] 📄 爬取第1页: 新疆菜
2025-08-07 09:21:03,579 - INFO - [PAGE] 🔄 正在加载页面: https://www.dianping.com/guangzhou/ch10/g3243
2025-08-07 09:21:11,509 - INFO - [PAGE] ✅ 页面加载成功: https://www.dianping.com/guangzhou/ch10/g3243
2025-08-07 09:21:18,455 - INFO - [PAGE] ✅ 第1页成功: 15 个商铺 (耗时14.9秒)
2025-08-07 09:21:18,456 - INFO - [INFO] ✅ 第1页成功: 15 个商铺
2025-08-07 09:21:18,456 - INFO - [DELAY] ⏱️ 页面延迟(normal): 13.4秒
2025-08-07 09:21:18,456 - INFO - [INFO] ⏱️ 页面延迟(normal): 13.4秒
2025-08-07 09:21:31,845 - INFO - [PAGE] 📄 第2页: https://www.dianping.com/guangzhou/ch10/g3243p2
2025-08-07 09:21:31,846 - INFO - [PAGE] ⏱️ 开始时间: 09:21:31
2025-08-07 09:21:31,846 - INFO - [INFO] 📄 爬取第2页: 新疆菜
2025-08-07 09:21:31,847 - INFO - [PAGE] 🔄 正在加载页面: https://www.dianping.com/guangzhou/ch10/g3243p2
2025-08-07 09:21:36,596 - INFO - [PAGE] ✅ 页面加载成功: https://www.dianping.com/guangzhou/ch10/g3243p2
2025-08-07 09:21:42,920 - INFO - [PAGE] ✅ 第2页成功: 15 个商铺 (耗时11.1秒)
2025-08-07 09:21:42,920 - INFO - [INFO] ✅ 第2页成功: 15 个商铺
2025-08-07 09:21:42,920 - INFO - [DELAY] ⏱️ 页面延迟(normal): 14.2秒
2025-08-07 09:21:42,921 - INFO - [INFO] ⏱️ 页面延迟(normal): 14.2秒
2025-08-07 09:21:57,162 - INFO - [PAGE] 📄 第3页: https://www.dianping.com/guangzhou/ch10/g3243p3
2025-08-07 09:21:57,162 - INFO - [PAGE] ⏱️ 开始时间: 09:21:57
2025-08-07 09:21:57,163 - INFO - [INFO] 📄 爬取第3页: 新疆菜
2025-08-07 09:21:57,163 - INFO - [PAGE] 🔄 正在加载页面: https://www.dianping.com/guangzhou/ch10/g3243p3
2025-08-07 09:22:01,553 - INFO - [PAGE] ✅ 页面加载成功: https://www.dianping.com/guangzhou/ch10/g3243p3
2025-08-07 09:22:03,058 - INFO - [UA] 🔄 第3页智能更换User-Agent
2025-08-07 09:22:07,459 - INFO - [PAGE] ✅ 第3页成功: 15 个商铺 (耗时10.3秒)
2025-08-07 09:22:07,459 - INFO - [INFO] ✅ 第3页成功: 15 个商铺
2025-08-07 09:22:07,460 - INFO - [DELAY] ⏱️ 页面延迟(careful): 15.8秒
2025-08-07 09:22:07,460 - INFO - [INFO] ⏱️ 页面延迟(careful): 15.8秒
2025-08-07 09:22:23,288 - INFO - [PAGE] 📄 第4页: https://www.dianping.com/guangzhou/ch10/g3243p4
2025-08-07 09:22:23,289 - INFO - [PAGE] ⏱️ 开始时间: 09:22:23
2025-08-07 09:22:23,289 - INFO - [INFO] 📄 爬取第4页: 新疆菜
2025-08-07 09:22:23,289 - INFO - [PAGE] 🔄 正在加载页面: https://www.dianping.com/guangzhou/ch10/g3243p4
2025-08-07 09:22:29,511 - INFO - [PAGE] ✅ 页面加载成功: https://www.dianping.com/guangzhou/ch10/g3243p4
2025-08-07 09:22:35,734 - INFO - [PAGE] ✅ 第4页成功: 15 个商铺 (耗时12.4秒)
2025-08-07 09:22:35,734 - INFO - [INFO] ✅ 第4页成功: 15 个商铺
2025-08-07 09:22:35,734 - INFO - [DELAY] ⏱️ 页面延迟(normal): 12.9秒
2025-08-07 09:22:35,735 - INFO - [INFO] ⏱️ 页面延迟(normal): 12.9秒
2025-08-07 09:22:48,659 - INFO - [PAGE] 📄 第5页: https://www.dianping.com/guangzhou/ch10/g3243p5
2025-08-07 09:22:48,660 - INFO - [PAGE] ⏱️ 开始时间: 09:22:48
2025-08-07 09:22:48,660 - INFO - [INFO] 📄 爬取第5页: 新疆菜
2025-08-07 09:22:48,660 - INFO - [PAGE] 🔄 正在加载页面: https://www.dianping.com/guangzhou/ch10/g3243p5
2025-08-07 09:22:56,734 - INFO - [PAGE] ✅ 页面加载成功: https://www.dianping.com/guangzhou/ch10/g3243p5
2025-08-07 09:22:58,505 - INFO - [UA] 🔄 第5页智能更换User-Agent
2025-08-07 09:23:02,860 - INFO - [PAGE] ✅ 第5页成功: 15 个商铺 (耗时14.2秒)
2025-08-07 09:23:02,860 - INFO - [INFO] ✅ 第5页成功: 15 个商铺
2025-08-07 09:23:02,860 - INFO - [DELAY] ⏱️ 页面延迟(normal): 8.4秒
2025-08-07 09:23:02,860 - INFO - [INFO] ⏱️ 页面延迟(normal): 8.4秒
2025-08-07 09:23:11,265 - INFO - [PAGE] 📄 第6页: https://www.dianping.com/guangzhou/ch10/g3243p6
2025-08-07 09:23:11,266 - INFO - [PAGE] ⏱️ 开始时间: 09:23:11
2025-08-07 09:23:11,266 - INFO - [INFO] 📄 爬取第6页: 新疆菜
2025-08-07 09:23:11,267 - INFO - [PAGE] 🔄 正在加载页面: https://www.dianping.com/guangzhou/ch10/g3243p6
2025-08-07 09:23:17,575 - INFO - [PAGE] ✅ 页面加载成功: https://www.dianping.com/guangzhou/ch10/g3243p6
2025-08-07 09:23:19,385 - INFO - [UA] 🔄 第6页智能更换User-Agent
2025-08-07 09:23:24,151 - INFO - [PAGE] ✅ 第6页成功: 15 个商铺 (耗时12.9秒)
2025-08-07 09:23:24,152 - INFO - [INFO] ✅ 第6页成功: 15 个商铺
2025-08-07 09:23:24,152 - INFO - [DELAY] ⏱️ 页面延迟(careful): 17.6秒
2025-08-07 09:23:24,152 - INFO - [INFO] ⏱️ 页面延迟(careful): 17.6秒
2025-08-07 09:23:41,751 - INFO - [PAGE] 📄 第7页: https://www.dianping.com/guangzhou/ch10/g3243p7
2025-08-07 09:23:41,751 - INFO - [PAGE] ⏱️ 开始时间: 09:23:41
2025-08-07 09:23:41,752 - INFO - [INFO] 📄 爬取第7页: 新疆菜
2025-08-07 09:23:41,752 - INFO - [PAGE] 🔄 正在加载页面: https://www.dianping.com/guangzhou/ch10/g3243p7
2025-08-07 09:23:49,855 - INFO - [PAGE] ✅ 页面加载成功: https://www.dianping.com/guangzhou/ch10/g3243p7
2025-08-07 09:23:56,270 - INFO - [PAGE] ✅ 第7页成功: 15 个商铺 (耗时14.5秒)
2025-08-07 09:23:56,270 - INFO - [INFO] ✅ 第7页成功: 15 个商铺
2025-08-07 09:23:56,270 - INFO - [DELAY] ⏱️ 页面延迟(careful): 12.7秒
2025-08-07 09:23:56,271 - INFO - [INFO] ⏱️ 页面延迟(careful): 12.7秒
2025-08-07 09:24:08,987 - INFO - [PAGE] 📄 第8页: https://www.dianping.com/guangzhou/ch10/g3243p8
2025-08-07 09:24:08,987 - INFO - [PAGE] ⏱️ 开始时间: 09:24:08
2025-08-07 09:24:08,988 - INFO - [INFO] 📄 爬取第8页: 新疆菜
2025-08-07 09:24:08,988 - INFO - [PAGE] 🔄 正在加载页面: https://www.dianping.com/guangzhou/ch10/g3243p8
2025-08-07 09:24:17,535 - INFO - [PAGE] ✅ 页面加载成功: https://www.dianping.com/guangzhou/ch10/g3243p8
2025-08-07 09:24:19,687 - INFO - [UA] 🔄 第8页智能更换User-Agent
2025-08-07 09:24:24,996 - INFO - [PAGE] ✅ 第8页成功: 15 个商铺 (耗时16.0秒)
2025-08-07 09:24:24,996 - INFO - [INFO] ✅ 第8页成功: 15 个商铺
2025-08-07 09:24:24,996 - INFO - [DELAY] ⏱️ 页面延迟(normal): 9.0秒
2025-08-07 09:24:24,997 - INFO - [INFO] ⏱️ 页面延迟(normal): 9.0秒
2025-08-07 09:24:33,956 - INFO - [PAGE] 📄 第9页: https://www.dianping.com/guangzhou/ch10/g3243p9
2025-08-07 09:24:33,957 - INFO - [PAGE] ⏱️ 开始时间: 09:24:33
2025-08-07 09:24:33,957 - INFO - [INFO] 📄 爬取第9页: 新疆菜
2025-08-07 09:24:33,957 - INFO - [PAGE] 🔄 正在加载页面: https://www.dianping.com/guangzhou/ch10/g3243p9
2025-08-07 09:24:40,482 - INFO - [PAGE] ✅ 页面加载成功: https://www.dianping.com/guangzhou/ch10/g3243p9
2025-08-07 09:24:46,242 - INFO - [PAGE] ✅ 第9页成功: 15 个商铺 (耗时12.3秒)
2025-08-07 09:24:46,243 - INFO - [INFO] ✅ 第9页成功: 15 个商铺
2025-08-07 09:24:46,243 - INFO - [DELAY] ⏱️ 页面延迟(careful): 14.2秒
2025-08-07 09:24:46,244 - INFO - [INFO] ⏱️ 页面延迟(careful): 14.2秒
2025-08-07 09:25:00,475 - INFO - [PAGE] 📄 第10页: https://www.dianping.com/guangzhou/ch10/g3243p10
2025-08-07 09:25:00,476 - INFO - [PAGE] ⏱️ 开始时间: 09:25:00
2025-08-07 09:25:00,476 - INFO - [INFO] 📄 爬取第10页: 新疆菜
2025-08-07 09:25:00,477 - INFO - [PAGE] 🔄 正在加载页面: https://www.dianping.com/guangzhou/ch10/g3243p10
2025-08-07 09:25:07,025 - INFO - [PAGE] ✅ 页面加载成功: https://www.dianping.com/guangzhou/ch10/g3243p10
2025-08-07 09:25:12,195 - INFO - [PAGE] ✅ 第10页成功: 15 个商铺 (耗时11.7秒)
2025-08-07 09:25:12,195 - INFO - [INFO] ✅ 第10页成功: 15 个商铺
2025-08-07 09:25:12,195 - INFO - [DELAY] ⏱️ 页面延迟(careful): 27.3秒
2025-08-07 09:25:12,196 - INFO - [INFO] ⏱️ 页面延迟(careful): 27.3秒
2025-08-07 09:25:39,522 - INFO - [PAGE] 📄 第11页: https://www.dianping.com/guangzhou/ch10/g3243p11
2025-08-07 09:25:39,523 - INFO - [PAGE] ⏱️ 开始时间: 09:25:39
2025-08-07 09:25:39,523 - INFO - [INFO] 📄 爬取第11页: 新疆菜
2025-08-07 09:25:39,523 - INFO - [PAGE] 🔄 正在加载页面: https://www.dianping.com/guangzhou/ch10/g3243p11
2025-08-07 09:25:44,665 - INFO - [PAGE] ✅ 页面加载成功: https://www.dianping.com/guangzhou/ch10/g3243p11
2025-08-07 09:25:50,742 - INFO - [PAGE] ✅ 第11页成功: 15 个商铺 (耗时11.2秒)
2025-08-07 09:25:50,742 - INFO - [INFO] ✅ 第11页成功: 15 个商铺
2025-08-07 09:25:50,742 - INFO - [DELAY] ⏱️ 页面延迟(normal): 12.6秒
2025-08-07 09:25:50,743 - INFO - [INFO] ⏱️ 页面延迟(normal): 12.6秒
2025-08-07 09:26:03,356 - INFO - [PAGE] 📄 第12页: https://www.dianping.com/guangzhou/ch10/g3243p12
2025-08-07 09:26:03,369 - INFO - [PAGE] ⏱️ 开始时间: 09:26:03
2025-08-07 09:26:03,370 - INFO - [INFO] 📄 爬取第12页: 新疆菜
2025-08-07 09:26:03,370 - INFO - [PAGE] 🔄 正在加载页面: https://www.dianping.com/guangzhou/ch10/g3243p12
2025-08-07 09:26:11,480 - INFO - [PAGE] ✅ 页面加载成功: https://www.dianping.com/guangzhou/ch10/g3243p12
2025-08-07 09:26:13,638 - INFO - [UA] 🔄 第12页智能更换User-Agent
2025-08-07 09:26:20,514 - INFO - [PAGE] ✅ 第12页成功: 15 个商铺 (耗时17.2秒)
2025-08-07 09:26:20,514 - INFO - [INFO] ✅ 第12页成功: 15 个商铺
2025-08-07 09:26:20,515 - INFO - [DELAY] ⏱️ 页面延迟(normal): 14.5秒
2025-08-07 09:26:20,515 - INFO - [INFO] ⏱️ 页面延迟(normal): 14.5秒
2025-08-07 09:26:34,996 - INFO - [PAGE] 📄 第13页: https://www.dianping.com/guangzhou/ch10/g3243p13
2025-08-07 09:26:34,997 - INFO - [PAGE] ⏱️ 开始时间: 09:26:34
2025-08-07 09:26:34,997 - INFO - [INFO] 📄 爬取第13页: 新疆菜
2025-08-07 09:26:34,997 - INFO - [PAGE] 🔄 正在加载页面: https://www.dianping.com/guangzhou/ch10/g3243p13
2025-08-07 09:26:41,478 - INFO - [PAGE] ✅ 页面加载成功: https://www.dianping.com/guangzhou/ch10/g3243p13
2025-08-07 09:26:44,117 - INFO - [UA] 🔄 第13页智能更换User-Agent
2025-08-07 09:26:48,417 - INFO - [PAGE] ✅ 第13页成功: 15 个商铺 (耗时13.4秒)
2025-08-07 09:26:48,417 - INFO - [INFO] ✅ 第13页成功: 15 个商铺
2025-08-07 09:26:48,418 - INFO - [DELAY] ⏱️ 页面延迟(relaxed): 8.8秒
2025-08-07 09:26:48,418 - INFO - [INFO] ⏱️ 页面延迟(relaxed): 8.8秒
2025-08-07 09:26:57,217 - INFO - [PAGE] 📄 第14页: https://www.dianping.com/guangzhou/ch10/g3243p14
2025-08-07 09:26:57,218 - INFO - [PAGE] ⏱️ 开始时间: 09:26:57
2025-08-07 09:26:57,218 - INFO - [INFO] 📄 爬取第14页: 新疆菜
2025-08-07 09:26:57,218 - INFO - [PAGE] 🔄 正在加载页面: https://www.dianping.com/guangzhou/ch10/g3243p14
2025-08-07 09:27:05,694 - INFO - [PAGE] ✅ 页面加载成功: https://www.dianping.com/guangzhou/ch10/g3243p14
2025-08-07 09:27:08,391 - INFO - [UA] 🔄 第14页智能更换User-Agent
2025-08-07 09:27:12,755 - INFO - [PAGE] ✅ 第14页成功: 11 个商铺 (耗时15.5秒)
2025-08-07 09:27:12,755 - INFO - [INFO] ✅ 第14页成功: 11 个商铺
2025-08-07 09:27:12,755 - INFO - [DELAY] ⏱️ 页面延迟(careful): 17.3秒
2025-08-07 09:27:12,756 - INFO - [INFO] ⏱️ 页面延迟(careful): 17.3秒
2025-08-07 09:27:30,013 - INFO - [PAGE] 📄 第15页: https://www.dianping.com/guangzhou/ch10/g3243p15
2025-08-07 09:27:30,015 - INFO - [PAGE] ⏱️ 开始时间: 09:27:30
2025-08-07 09:27:30,016 - INFO - [INFO] 📄 爬取第15页: 新疆菜
2025-08-07 09:27:30,016 - INFO - [PAGE] 🔄 正在加载页面: https://www.dianping.com/guangzhou/ch10/g3243p15
2025-08-07 09:27:38,026 - INFO - [PAGE] ✅ 页面加载成功: https://www.dianping.com/guangzhou/ch10/g3243p15
2025-08-07 09:27:43,925 - INFO - [PAGE] ✅ 第15页成功: 15 个商铺 (耗时13.9秒)
2025-08-07 09:27:43,925 - INFO - [INFO] ✅ 第15页成功: 15 个商铺
2025-08-07 09:27:43,926 - INFO - ----------------------------------------
2025-08-07 09:27:43,926 - INFO - [CATEGORY] ✅ 品类 新疆菜 完成
2025-08-07 09:27:43,926 - INFO - [CATEGORY] 📊 商铺数: 221 个
2025-08-07 09:27:43,926 - INFO - [CATEGORY] ⏱️ 耗时: 400.3秒
2025-08-07 09:27:43,928 - INFO - [SAVE] ✅ 数据已追加到: custom_crawl_广州_新疆菜_partial_20250807_092743.csv
2025-08-07 09:27:43,928 - INFO - [INFO] ✅ 数据已保存: 广州_新疆菜_部分数据 (221个商铺)
2025-08-07 09:27:43,929 - INFO - [SAVE] 📊 数据质量分析:
2025-08-07 09:27:43,929 - INFO - [SAVE]   总商铺数: 221
2025-08-07 09:27:43,930 - INFO - [SAVE]   价格完整率: 68.8% (152/221)
2025-08-07 09:27:43,930 - INFO - [SAVE]   品类分布:
2025-08-07 09:27:43,930 - INFO - [SAVE]     新疆菜: 221 个商铺
2025-08-07 09:27:43,930 - INFO - ============================================================
2025-08-07 09:27:43,931 - INFO - [TASK] 🎉 任务完成!
2025-08-07 09:27:43,931 - INFO - [TASK] ⏱️ 总耗时: 13.3分钟
2025-08-07 09:27:43,931 - INFO - [TASK] 🏪 总商铺: 439 个
2025-08-07 09:27:43,931 - INFO - [TASK] 📂 品类数: 2 个
2025-08-07 09:27:43,932 - INFO - [TASK] 🛡️ 反检测统计:
2025-08-07 09:27:43,932 - INFO - [TASK]   验证码遇到: 0 次
2025-08-07 09:27:43,932 - INFO - [TASK]   跳过页面: 0 页
2025-08-07 09:27:43,932 - INFO - [TASK]   页面刷新: 0 次
2025-08-07 09:27:43,933 - INFO - [TASK]   UA更换: 8 次
2025-08-07 09:27:43,933 - INFO - [TASK] 💾 已保存文件:
2025-08-07 09:27:43,933 - INFO - [TASK]   📁 custom_crawl_广州_东南亚菜_partial_20250807_092048.csv
2025-08-07 09:27:43,934 - INFO - [TASK]   📁 custom_crawl_广州_新疆菜_partial_20250807_092743.csv
2025-08-07 09:27:43,934 - INFO - ============================================================
2025-08-07 09:27:43,937 - INFO - [SAVE] ✅ 数据已保存到: custom_crawl_广州_东南亚菜_新疆菜_20250807_092743.csv
2025-08-07 09:27:43,937 - INFO - [INFO] ✅ 数据已保存: 广州_东南亚菜_新疆菜 (439个商铺)
2025-08-07 09:27:43,938 - INFO - [SAVE] 📊 数据质量分析:
2025-08-07 09:27:43,938 - INFO - [SAVE]   总商铺数: 439
2025-08-07 09:27:43,938 - INFO - [SAVE]   价格完整率: 74.0% (325/439)
2025-08-07 09:27:43,938 - INFO - [SAVE]   品类分布:
2025-08-07 09:27:43,939 - INFO - [SAVE]     东南亚菜: 218 个商铺
2025-08-07 09:27:43,939 - INFO - [SAVE]     新疆菜: 221 个商铺
2025-08-07 09:27:43,939 - INFO - [SUCCESS] 🎉 任务完成! 总耗时: 13.3分钟，总商铺: 439 个
2025-08-07 09:27:43,939 - INFO - [BROWSER] 🔒 开始安全关闭浏览器资源...
2025-08-07 09:27:43,940 - INFO - [BROWSER] 🔒 正在关闭页面...
2025-08-07 09:27:43,972 - INFO - [BROWSER] ✅ 页面已关闭
2025-08-07 09:27:44,973 - WARNING - [BROWSER] ⚠️ 浏览器上下文关闭异常: 'BrowserContext' object has no attribute '_is_closed_or_closing'
2025-08-07 09:27:45,974 - INFO - [BROWSER] 🔒 正在关闭浏览器...
2025-08-07 09:27:46,205 - INFO - [BROWSER] ✅ 浏览器已关闭
2025-08-07 09:27:48,205 - INFO - [BROWSER] 🔒 所有浏览器资源已安全释放
2025-08-07 09:27:48,255 - INFO - [SAVE] ✅ 数据已保存到: custom_crawl_广州_东南亚菜_新疆菜_20250807_092748.csv
2025-08-07 09:27:48,256 - INFO - [INFO] ✅ 数据已保存: 广州_东南亚菜_新疆菜 (439个商铺)
2025-08-07 09:27:48,256 - INFO - [SAVE] 📊 数据质量分析:
2025-08-07 09:27:48,256 - INFO - [SAVE]   总商铺数: 439
2025-08-07 09:27:48,257 - INFO - [SAVE]   价格完整率: 74.0% (325/439)
2025-08-07 09:27:48,257 - INFO - [SAVE]   品类分布:
2025-08-07 09:27:48,257 - INFO - [SAVE]     东南亚菜: 218 个商铺
2025-08-07 09:27:48,258 - INFO - [SAVE]     新疆菜: 221 个商铺
