2025-09-29 15:56:54,525 - INFO - ============================================================
2025-09-29 15:56:54,526 - INFO - [TASK] 🚀 开始爬取任务
2025-09-29 15:56:54,526 - INFO - [TASK] 📍 城市: 深圳市 (shenzhen)
2025-09-29 15:56:54,527 - INFO - [TASK] 📂 品类: ['小吃快餐'] (1个)
2025-09-29 15:56:54,527 - INFO - [TASK] 📄 页数范围: 1-1页
2025-09-29 15:56:54,527 - INFO - ============================================================
2025-09-29 15:56:54,528 - INFO - [INFO] 🚀 开始爬取任务: 深圳市 - 小吃快餐 (1-1页)
2025-09-29 15:56:56,514 - INFO - [BROWSER] 🌐 创建浏览器上下文...
2025-09-29 15:56:56,514 - INFO - [BROWSER] 🚀 开始创建浏览器上下文...
2025-09-29 15:56:56,521 - INFO - [BROWSER] 🔧 User-Agent: Mozilla/5.0 (X11; Linux x86_64; rv:137.0) Gecko/20...
2025-09-29 15:56:56,521 - INFO - [BROWSER] 📐 视口大小: 1536x864
2025-09-29 15:56:57,995 - INFO - [BROWSER] ✅ 浏览器上下文创建成功
2025-09-29 15:56:58,283 - WARNING - [PRIVACY] ⚠️ 清理浏览器数据时出现警告: Page.evaluate: SecurityError: Failed to read the 'localStorage' property from 'Window': Access is denied for this document.
    at eval (<anonymous>)
    at UtilityScript.evaluate (<anonymous>:313:29)
    at UtilityScript.<anonymous> (<anonymous>:1:44)
2025-09-29 15:56:58,283 - INFO - [PRIVACY] ⏱️ 初始随机延迟: 25.4秒
2025-09-29 15:57:23,693 - INFO - [COOKIE] ✅ 已添加 19 个Cookie
2025-09-29 15:57:23,751 - INFO - --------------------------------------------------
2025-09-29 15:57:23,753 - INFO - [CATEGORY] 📂 开始处理品类 1/1: 小吃快餐
2025-09-29 15:57:23,754 - INFO - [CATEGORY] 🆔 品类ID: g112
2025-09-29 15:57:23,754 - INFO - [CATEGORY] ⏱️ 开始时间: 15:57:23
2025-09-29 15:57:23,754 - INFO - [INFO] 📂 开始处理品类 1/1: 小吃快餐
2025-09-29 15:57:23,754 - INFO - [CATEGORY] 📊 页数范围: 1-1页
2025-09-29 15:57:23,755 - INFO - [CATEGORY] ⚠️ 最大连续无数据页面: 1
2025-09-29 15:57:23,755 - INFO - [PAGE] 📄 第1页: https://www.dianping.com/shenzhen/ch10/g112
2025-09-29 15:57:23,755 - INFO - [PAGE] ⏱️ 开始时间: 15:57:23
2025-09-29 15:57:23,756 - INFO - [INFO] 📄 爬取第1页: 小吃快餐
2025-09-29 15:57:23,756 - INFO - [PAGE] 🔄 正在加载页面: https://www.dianping.com/shenzhen/ch10/g112
2025-09-29 15:57:28,789 - INFO - [PAGE] ✅ 页面加载成功: https://www.dianping.com/shenzhen/ch10/g112
2025-09-29 15:57:34,067 - INFO - [PAGE] ✅ 第1页成功: 15 个商铺 (耗时10.3秒)
2025-09-29 15:57:34,067 - INFO - [INFO] ✅ 第1页成功: 15 个商铺
2025-09-29 15:57:34,068 - INFO - ----------------------------------------
2025-09-29 15:57:34,068 - INFO - [CATEGORY] ✅ 品类 小吃快餐 完成
2025-09-29 15:57:34,068 - INFO - [CATEGORY] 📊 商铺数: 15 个
2025-09-29 15:57:34,069 - INFO - [CATEGORY] ⏱️ 耗时: 10.3秒
2025-09-29 15:57:34,086 - INFO - [SAVE] ✅ 数据已追加到: custom_crawl_深圳市_小吃快餐_partial_20250929_155734.csv
2025-09-29 15:57:34,087 - INFO - [INFO] ✅ 数据已保存: 深圳市_小吃快餐_部分数据 (15个商铺)
2025-09-29 15:57:34,087 - INFO - [SAVE] 📊 数据质量分析:
2025-09-29 15:57:34,087 - INFO - [SAVE]   总商铺数: 15
2025-09-29 15:57:34,088 - INFO - [SAVE]   价格完整率: 100.0% (15/15)
2025-09-29 15:57:34,089 - INFO - [SAVE]   品类分布:
2025-09-29 15:57:34,089 - INFO - [SAVE]     小吃快餐: 15 个商铺
2025-09-29 15:57:34,089 - INFO - ============================================================
2025-09-29 15:57:34,090 - INFO - [TASK] 🎉 任务完成!
2025-09-29 15:57:34,091 - INFO - [TASK] ⏱️ 总耗时: 0.7分钟
2025-09-29 15:57:34,092 - INFO - [TASK] 🏪 总商铺: 15 个
2025-09-29 15:57:34,092 - INFO - [TASK] 📂 品类数: 1 个
2025-09-29 15:57:34,093 - INFO - [TASK] 🛡️ 反检测统计:
2025-09-29 15:57:34,094 - INFO - [TASK]   验证码遇到: 0 次
2025-09-29 15:57:34,094 - INFO - [TASK]   跳过页面: 0 页
2025-09-29 15:57:34,095 - INFO - [TASK]   页面刷新: 0 次
2025-09-29 15:57:34,095 - INFO - [TASK]   UA更换: 0 次
2025-09-29 15:57:34,096 - INFO - [TASK] 💾 已保存文件:
2025-09-29 15:57:34,096 - INFO - [TASK]   📁 custom_crawl_深圳市_小吃快餐_partial_20250929_155734.csv
2025-09-29 15:57:34,096 - INFO - ============================================================
2025-09-29 15:57:34,097 - INFO - [SUCCESS] 🎉 任务完成! 总耗时: 0.7分钟，总商铺: 15 个
2025-09-29 15:57:34,097 - INFO - [BROWSER] 🔒 开始安全关闭浏览器资源...
2025-09-29 15:57:34,097 - INFO - [BROWSER] 🔒 正在关闭页面...
2025-09-29 15:57:34,115 - INFO - [BROWSER] ✅ 页面已关闭
2025-09-29 15:57:35,116 - WARNING - [BROWSER] ⚠️ 浏览器上下文关闭异常: 'BrowserContext' object has no attribute '_is_closed_or_closing'
2025-09-29 15:57:36,118 - INFO - [BROWSER] 🔒 正在关闭浏览器...
2025-09-29 15:57:36,288 - INFO - [BROWSER] ✅ 浏览器已关闭
2025-09-29 15:57:38,289 - INFO - [BROWSER] 🔒 所有浏览器资源已安全释放
2025-09-29 15:57:38,310 - INFO - [SAVE] ✅ 数据已保存到: custom_crawl_深圳市_小吃快餐_20250929_155738.csv
2025-09-29 15:57:38,312 - INFO - [INFO] ✅ 数据已保存: 深圳市_小吃快餐 (15个商铺)
2025-09-29 15:57:38,313 - INFO - [SAVE] 📊 数据质量分析:
2025-09-29 15:57:38,314 - INFO - [SAVE]   总商铺数: 15
2025-09-29 15:57:38,314 - INFO - [SAVE]   价格完整率: 100.0% (15/15)
2025-09-29 15:57:38,314 - INFO - [SAVE]   品类分布:
2025-09-29 15:57:38,314 - INFO - [SAVE]     小吃快餐: 15 个商铺
2025-09-29 17:31:18,785 - INFO - ============================================================
2025-09-29 17:31:18,786 - INFO - [TASK] 🚀 开始爬取任务
2025-09-29 17:31:18,786 - INFO - [TASK] 📍 城市: 苏州市 (suzhou)
2025-09-29 17:31:18,786 - INFO - [TASK] 📂 品类: ['粤菜'] (1个)
2025-09-29 17:31:18,787 - INFO - [TASK] 📄 页数范围: 1-2页
2025-09-29 17:31:18,787 - INFO - ============================================================
2025-09-29 17:31:18,787 - INFO - [INFO] 🚀 开始爬取任务: 苏州市 - 粤菜 (1-2页)
2025-09-29 17:31:19,552 - INFO - [BROWSER] 🌐 创建浏览器上下文...
2025-09-29 17:31:19,552 - INFO - [BROWSER] 🚀 开始创建浏览器上下文...
2025-09-29 17:31:19,558 - INFO - [BROWSER] 🔧 User-Agent: Mozilla/5.0 (Windows NT 10.0; Win64; x64) AppleWeb...
2025-09-29 17:31:19,558 - INFO - [BROWSER] 📐 视口大小: 1920x1080
2025-09-29 17:31:20,123 - INFO - [BROWSER] ✅ 浏览器上下文创建成功
2025-09-29 17:31:20,447 - WARNING - [PRIVACY] ⚠️ 清理浏览器数据时出现警告: Page.evaluate: SecurityError: Failed to read the 'localStorage' property from 'Window': Access is denied for this document.
    at eval (<anonymous>)
    at UtilityScript.evaluate (<anonymous>:313:29)
    at UtilityScript.<anonymous> (<anonymous>:1:44)
2025-09-29 17:31:20,447 - INFO - [PRIVACY] ⏱️ 初始随机延迟: 10.5秒
2025-09-29 17:31:30,994 - INFO - [COOKIE] ✅ 已添加 19 个Cookie
2025-09-29 17:31:31,122 - INFO - --------------------------------------------------
2025-09-29 17:31:31,122 - INFO - [CATEGORY] 📂 开始处理品类 1/1: 粤菜
2025-09-29 17:31:31,122 - INFO - [CATEGORY] 🆔 品类ID: g103
2025-09-29 17:31:31,123 - INFO - [CATEGORY] ⏱️ 开始时间: 17:31:31
2025-09-29 17:31:31,123 - INFO - [INFO] 📂 开始处理品类 1/1: 粤菜
2025-09-29 17:31:31,123 - INFO - [CATEGORY] 📊 页数范围: 1-2页
2025-09-29 17:31:31,124 - INFO - [CATEGORY] ⚠️ 最大连续无数据页面: 2
2025-09-29 17:31:31,124 - INFO - [PAGE] 📄 第1页: https://www.dianping.com/suzhou/ch10/g103
2025-09-29 17:31:31,125 - INFO - [PAGE] ⏱️ 开始时间: 17:31:31
2025-09-29 17:31:31,126 - INFO - [INFO] 📄 爬取第1页: 粤菜
2025-09-29 17:31:31,126 - INFO - [PAGE] 🔄 正在加载页面: https://www.dianping.com/suzhou/ch10/g103
2025-09-29 17:31:39,510 - INFO - [PAGE] ✅ 页面加载成功: https://www.dianping.com/suzhou/ch10/g103
2025-09-29 17:31:46,332 - INFO - [PAGE] ✅ 第1页成功: 15 个商铺 (耗时15.2秒)
2025-09-29 17:31:46,332 - INFO - [INFO] ✅ 第1页成功: 15 个商铺
2025-09-29 17:31:46,333 - INFO - [DELAY] ⏱️ 页面延迟(relaxed): 9.6秒
2025-09-29 17:31:46,333 - INFO - [INFO] ⏱️ 页面延迟(relaxed): 9.6秒
2025-09-29 17:31:55,901 - INFO - [PAGE] 📄 第2页: https://www.dianping.com/suzhou/ch10/g103p2
2025-09-29 17:31:55,902 - INFO - [PAGE] ⏱️ 开始时间: 17:31:55
2025-09-29 17:31:55,902 - INFO - [INFO] 📄 爬取第2页: 粤菜
2025-09-29 17:31:55,903 - INFO - [PAGE] 🔄 正在加载页面: https://www.dianping.com/suzhou/ch10/g103p2
2025-09-29 17:32:04,107 - INFO - [PAGE] ✅ 页面加载成功: https://www.dianping.com/suzhou/ch10/g103p2
2025-09-29 17:32:05,241 - INFO - [UA] 🔄 第2页智能更换User-Agent
2025-09-29 17:32:07,363 - INFO - [PAGE] ✅ 第2页成功: 15 个商铺 (耗时11.5秒)
2025-09-29 17:32:07,364 - INFO - [INFO] ✅ 第2页成功: 15 个商铺
2025-09-29 17:32:07,364 - INFO - ----------------------------------------
2025-09-29 17:32:07,365 - INFO - [CATEGORY] ✅ 品类 粤菜 完成
2025-09-29 17:32:07,365 - INFO - [CATEGORY] 📊 商铺数: 30 个
2025-09-29 17:32:07,365 - INFO - [CATEGORY] ⏱️ 耗时: 36.2秒
2025-09-29 17:32:07,367 - INFO - [SAVE] ✅ 数据已追加到: custom_crawl_苏州市_粤菜_partial_20250929_173207.csv
2025-09-29 17:32:07,368 - INFO - [INFO] ✅ 数据已保存: 苏州市_粤菜_部分数据 (30个商铺)
2025-09-29 17:32:07,368 - INFO - [SAVE] 📊 数据质量分析:
2025-09-29 17:32:07,368 - INFO - [SAVE]   总商铺数: 30
2025-09-29 17:32:07,369 - INFO - [SAVE]   价格完整率: 100.0% (30/30)
2025-09-29 17:32:07,369 - INFO - [SAVE]   品类分布:
2025-09-29 17:32:07,369 - INFO - [SAVE]     粤菜: 30 个商铺
2025-09-29 17:32:07,369 - INFO - ============================================================
2025-09-29 17:32:07,370 - INFO - [TASK] 🎉 任务完成!
2025-09-29 17:32:07,370 - INFO - [TASK] ⏱️ 总耗时: 0.8分钟
2025-09-29 17:32:07,370 - INFO - [TASK] 🏪 总商铺: 30 个
2025-09-29 17:32:07,371 - INFO - [TASK] 📂 品类数: 1 个
2025-09-29 17:32:07,371 - INFO - [TASK] 🛡️ 反检测统计:
2025-09-29 17:32:07,371 - INFO - [TASK]   验证码遇到: 0 次
2025-09-29 17:32:07,372 - INFO - [TASK]   跳过页面: 0 页
2025-09-29 17:32:07,373 - INFO - [TASK]   页面刷新: 0 次
2025-09-29 17:32:07,373 - INFO - [TASK]   UA更换: 1 次
2025-09-29 17:32:07,374 - INFO - [TASK] 💾 已保存文件:
2025-09-29 17:32:07,374 - INFO - [TASK]   📁 custom_crawl_苏州市_粤菜_partial_20250929_173207.csv
2025-09-29 17:32:07,374 - INFO - ============================================================
2025-09-29 17:32:07,375 - INFO - [SUCCESS] 🎉 任务完成! 总耗时: 0.8分钟，总商铺: 30 个
2025-09-29 17:32:07,375 - INFO - [BROWSER] 🔒 开始安全关闭浏览器资源...
2025-09-29 17:32:07,375 - INFO - [BROWSER] 🔒 正在关闭页面...
2025-09-29 17:32:07,398 - INFO - [BROWSER] ✅ 页面已关闭
2025-09-29 17:32:08,399 - WARNING - [BROWSER] ⚠️ 浏览器上下文关闭异常: 'BrowserContext' object has no attribute '_is_closed_or_closing'
2025-09-29 17:32:09,401 - INFO - [BROWSER] 🔒 正在关闭浏览器...
2025-09-29 17:32:09,614 - INFO - [BROWSER] ✅ 浏览器已关闭
2025-09-29 17:32:11,615 - INFO - [BROWSER] 🔒 所有浏览器资源已安全释放
2025-09-29 17:32:11,634 - INFO - [SAVE] ✅ 数据已保存到: custom_crawl_苏州市_粤菜_20250929_173211.csv
2025-09-29 17:32:11,635 - INFO - [INFO] ✅ 数据已保存: 苏州市_粤菜 (30个商铺)
2025-09-29 17:32:11,636 - INFO - [SAVE] 📊 数据质量分析:
2025-09-29 17:32:11,636 - INFO - [SAVE]   总商铺数: 30
2025-09-29 17:32:11,637 - INFO - [SAVE]   价格完整率: 100.0% (30/30)
2025-09-29 17:32:11,637 - INFO - [SAVE]   品类分布:
2025-09-29 17:32:11,637 - INFO - [SAVE]     粤菜: 30 个商铺
2025-09-29 17:39:11,543 - INFO - ============================================================
2025-09-29 17:39:11,544 - INFO - [TASK] 🚀 开始爬取任务
2025-09-29 17:39:11,544 - INFO - [TASK] 📍 城市: 深圳市 (shenzhen)
2025-09-29 17:39:11,545 - INFO - [TASK] 📂 品类: ['小吃快餐'] (1个)
2025-09-29 17:39:11,545 - INFO - [TASK] 📄 页数范围: 1-15页
2025-09-29 17:39:11,545 - INFO - ============================================================
2025-09-29 17:39:11,546 - INFO - [INFO] 🚀 开始爬取任务: 深圳市 - 小吃快餐 (1-15页)
2025-09-29 17:39:12,168 - INFO - [BROWSER] 🌐 创建浏览器上下文...
2025-09-29 17:39:12,168 - INFO - [BROWSER] 🚀 开始创建浏览器上下文...
2025-09-29 17:39:12,174 - INFO - [BROWSER] 🔧 User-Agent: Mozilla/5.0 (Macintosh; Intel Mac OS X 10_15_7) Ap...
2025-09-29 17:39:12,175 - INFO - [BROWSER] 📐 视口大小: 1440x900
2025-09-29 17:39:12,456 - INFO - [BROWSER] ✅ 浏览器上下文创建成功
2025-09-29 17:39:12,699 - WARNING - [PRIVACY] ⚠️ 清理浏览器数据时出现警告: Page.evaluate: SecurityError: Failed to read the 'localStorage' property from 'Window': Access is denied for this document.
    at eval (<anonymous>)
    at UtilityScript.evaluate (<anonymous>:313:29)
    at UtilityScript.<anonymous> (<anonymous>:1:44)
2025-09-29 17:39:12,699 - INFO - [PRIVACY] ⏱️ 初始随机延迟: 24.0秒
2025-09-29 17:39:36,719 - INFO - [COOKIE] ✅ 已添加 19 个Cookie
2025-09-29 17:39:36,795 - INFO - --------------------------------------------------
2025-09-29 17:39:36,802 - INFO - [CATEGORY] 📂 开始处理品类 1/1: 小吃快餐
2025-09-29 17:39:36,807 - INFO - [CATEGORY] 🆔 品类ID: g112
2025-09-29 17:39:36,807 - INFO - [CATEGORY] ⏱️ 开始时间: 17:39:36
2025-09-29 17:39:36,807 - INFO - [INFO] 📂 开始处理品类 1/1: 小吃快餐
2025-09-29 17:39:36,807 - INFO - [CATEGORY] 📊 页数范围: 1-15页
2025-09-29 17:39:36,807 - INFO - [CATEGORY] ⚠️ 最大连续无数据页面: 7
2025-09-29 17:39:36,808 - INFO - [PAGE] 📄 第1页: https://www.dianping.com/shenzhen/ch10/g112o2
2025-09-29 17:39:36,808 - INFO - [PAGE] ⏱️ 开始时间: 17:39:36
2025-09-29 17:39:36,808 - INFO - [INFO] 📄 爬取第1页: 小吃快餐
2025-09-29 17:39:36,808 - INFO - [PAGE] 🔄 正在加载页面: https://www.dianping.com/shenzhen/ch10/g112o2
2025-09-29 17:39:44,859 - INFO - [PAGE] ✅ 页面加载成功: https://www.dianping.com/shenzhen/ch10/g112o2
2025-09-29 17:39:52,683 - INFO - [PARSE] 使用模式匹配到 15 个商铺块
2025-09-29 17:39:52,685 - INFO - [DATA] 商家: 文记虾一跳(福田首店... 评价数:  评分: 4.5
2025-09-29 17:39:52,685 - INFO - [DATA] 商家: 潮香四海·家传潮汕菜... 评价数:  评分: 4.0
2025-09-29 17:39:52,686 - INFO - [DATA] 商家: 肉賊黑金热卤面馆... 评价数:  评分: 4.0
2025-09-29 17:39:52,687 - INFO - [DATA] 商家: 文记虾一跳•铭副琦食... 评价数:  评分: 4.5
2025-09-29 17:39:52,688 - INFO - [DATA] 商家: 荔园小馆... 评价数:  评分: 4.0
2025-09-29 17:39:52,689 - INFO - [DATA] 商家: 文记虾一跳(深圳龙华... 评价数:  评分: 4.5
2025-09-29 17:39:52,689 - INFO - [DATA] 商家: 萍姨抻面馆·沈阳小炒... 评价数:  评分: 3.5
2025-09-29 17:39:52,690 - INFO - [DATA] 商家: 胖明粉馆(南山店)... 评价数:  评分: 4.0
2025-09-29 17:39:52,691 - INFO - [DATA] 商家: 荔芳传统糖水铺... 评价数:  评分: 4.0
2025-09-29 17:39:52,692 - INFO - [DATA] 商家: 潮香园超级大排档(龙... 评价数:  评分: 4.0
2025-09-29 17:39:52,692 - INFO - [DATA] 商家: 丰味川渝面馆·耙蹄花... 评价数:  评分: 4.0
2025-09-29 17:39:52,693 - INFO - [DATA] 商家: 海云台韩式汤饭·13... 评价数:  评分: 4.0
2025-09-29 17:39:52,694 - INFO - [DATA] 商家: 昌记隆江猪脚饭(白石... 评价数:  评分: 4.0
2025-09-29 17:39:52,695 - INFO - [DATA] 商家: 今夜大排檔(卓悦IN... 评价数:  评分: 4.0
2025-09-29 17:39:52,696 - INFO - [DATA] 商家: 泓松京都日本料理(K... 评价数:  评分: 4.0
2025-09-29 17:39:52,696 - INFO - [PAGE] ✅ 第1页成功: 15 个商铺 (耗时15.9秒)
2025-09-29 17:39:52,696 - INFO - [INFO] ✅ 第1页成功: 15 个商铺
2025-09-29 17:39:52,697 - INFO - [DELAY] ⏱️ 页面延迟(normal): 11.7秒
2025-09-29 17:39:52,697 - INFO - [INFO] ⏱️ 页面延迟(normal): 11.7秒
2025-09-29 17:40:04,389 - INFO - [PAGE] 📄 第2页: https://www.dianping.com/shenzhen/ch10/g112o2p2
2025-09-29 17:40:04,390 - INFO - [PAGE] ⏱️ 开始时间: 17:40:04
2025-09-29 17:40:04,390 - INFO - [INFO] 📄 爬取第2页: 小吃快餐
2025-09-29 17:40:04,391 - INFO - [PAGE] 🔄 正在加载页面: https://www.dianping.com/shenzhen/ch10/g112o2p2
2025-09-29 17:40:08,821 - INFO - [PAGE] ✅ 页面加载成功: https://www.dianping.com/shenzhen/ch10/g112o2p2
2025-09-29 17:40:14,709 - INFO - [PARSE] 使用模式匹配到 15 个商铺块
2025-09-29 17:40:14,710 - INFO - [DATA] 商家: 嘉华小吃(蛇口市场店... 评价数:  评分: 4.0
2025-09-29 17:40:14,710 - INFO - [DATA] 商家: 胖大碗云南小锅米线(... 评价数:  评分: 4.0
2025-09-29 17:40:14,711 - INFO - [DATA] 商家: Hollow Cur... 评价数:  评分: 4.0
2025-09-29 17:40:14,711 - INFO - [DATA] 商家: 姊妹豆花(南海明珠店... 评价数:  评分: 4.0
2025-09-29 17:40:14,712 - INFO - [DATA] 商家: 牛巷番薯粥... 评价数:  评分: 4.0
2025-09-29 17:40:14,713 - INFO - [DATA] 商家: 丘阿婆·顺德铺子(皇... 评价数:  评分: 4.0
2025-09-29 17:40:14,713 - INFO - [DATA] 商家: 哥二·广西米粉(南山... 评价数:  评分: 4.0
2025-09-29 17:40:14,714 - INFO - [DATA] 商家: 春熙桥·砂锅食堂(大... 评价数:  评分: 4.0
2025-09-29 17:40:14,714 - INFO - [DATA] 商家: 宁夏招待所食堂(长城... 评价数:  评分: 4.0
2025-09-29 17:40:14,715 - INFO - [DATA] 商家: 南·潮之南美食(南山... 评价数:  评分: 4.5
2025-09-29 17:40:14,716 - INFO - [DATA] 商家: 串殿·纯真东北串(皇... 评价数:  评分: 4.0
2025-09-29 17:40:14,717 - INFO - [DATA] 商家: 白杨包子(深圳首店)... 评价数:  评分: 4.0
2025-09-29 17:40:14,718 - INFO - [DATA] 商家: 大二街粉店·广西大排... 评价数:  评分: 4.0
2025-09-29 17:40:14,718 - INFO - [DATA] 商家: CURRY YA 熟... 评价数:  评分: 4.0
2025-09-29 17:40:14,719 - INFO - [DATA] 商家: 香火肥肠·重庆江湖菜... 评价数:  评分: 4.5
2025-09-29 17:40:14,721 - INFO - [PAGE] ✅ 第2页成功: 15 个商铺 (耗时10.3秒)
2025-09-29 17:40:14,721 - INFO - [INFO] ✅ 第2页成功: 15 个商铺
2025-09-29 17:40:14,722 - INFO - [DELAY] ⏱️ 页面延迟(relaxed): 10.2秒
2025-09-29 17:40:14,722 - INFO - [INFO] ⏱️ 页面延迟(relaxed): 10.2秒
2025-09-29 17:40:24,909 - INFO - [PAGE] 📄 第3页: https://www.dianping.com/shenzhen/ch10/g112o2p3
2025-09-29 17:40:24,909 - INFO - [PAGE] ⏱️ 开始时间: 17:40:24
2025-09-29 17:40:24,910 - INFO - [INFO] 📄 爬取第3页: 小吃快餐
2025-09-29 17:40:24,910 - INFO - [PAGE] 🔄 正在加载页面: https://www.dianping.com/shenzhen/ch10/g112o2p3
2025-09-29 17:40:31,487 - INFO - [PAGE] ✅ 页面加载成功: https://www.dianping.com/shenzhen/ch10/g112o2p3
2025-09-29 17:40:34,380 - INFO - [UA] 🔄 第3页智能更换User-Agent
2025-09-29 17:40:36,104 - INFO - [PARSE] 使用模式匹配到 15 个商铺块
2025-09-29 17:40:36,105 - INFO - [DATA] 商家: 金弟炒螺蛳粉(深圳首... 评价数:  评分: 4.0
2025-09-29 17:40:36,106 - INFO - [DATA] 商家: 何止料理(红山697... 评价数:  评分: 4.5
2025-09-29 17:40:36,106 - INFO - [DATA] 商家: 小蜇屋日韩食堂·茶歇... 评价数:  评分: 4.0
2025-09-29 17:40:36,107 - INFO - [DATA] 商家: 肥肥虾庄·金牌油焖大... 评价数:  评分: 4.5
2025-09-29 17:40:36,108 - INFO - [DATA] 商家: 吴系粤菜馆·打边炉(... 评价数:  评分: 4.0
2025-09-29 17:40:36,109 - INFO - [DATA] 商家: 胜华记干蒸(蛇口店)... 评价数:  评分: 4.0
2025-09-29 17:40:36,110 - INFO - [DATA] 商家: 红盔甲·小龙虾(车公... 评价数:  评分: 5.0
2025-09-29 17:40:36,110 - INFO - [DATA] 商家: 潭记烧腊(景田店)... 评价数:  评分: 4.0
2025-09-29 17:40:36,111 - INFO - [DATA] 商家: 五溪红小子(深圳首店... 评价数:  评分: 4.5
2025-09-29 17:40:36,112 - INFO - [DATA] 商家: 胖明螺蛳粉(壹方城店... 评价数:  评分: 4.0
2025-09-29 17:40:36,112 - INFO - [DATA] 商家: 前滩阿大排档(深圳首... 评价数:  评分: 4.0
2025-09-29 17:40:36,113 - INFO - [DATA] 商家: 面道鲜师·蟹黄面(深... 评价数:  评分: 4.0
2025-09-29 17:40:36,114 - INFO - [DATA] 商家: 哥二·广西米粉(国贸... 评价数:  评分: 4.0
2025-09-29 17:40:36,114 - INFO - [DATA] 商家: 点心到·手工点心·香... 评价数:  评分: 4.0
2025-09-29 17:40:36,115 - INFO - [DATA] 商家: 哥二·广西米粉(京基... 评价数:  评分: 4.0
2025-09-29 17:40:36,115 - INFO - [PAGE] ✅ 第3页成功: 15 个商铺 (耗时11.2秒)
2025-09-29 17:40:36,116 - INFO - [INFO] ✅ 第3页成功: 15 个商铺
2025-09-29 17:40:36,116 - INFO - [DELAY] ⏱️ 页面延迟(normal): 14.9秒
2025-09-29 17:40:36,116 - INFO - [INFO] ⏱️ 页面延迟(normal): 14.9秒
2025-09-29 17:40:50,977 - INFO - [PAGE] 📄 第4页: https://www.dianping.com/shenzhen/ch10/g112o2p4
2025-09-29 17:40:50,978 - INFO - [PAGE] ⏱️ 开始时间: 17:40:50
2025-09-29 17:40:50,978 - INFO - [INFO] 📄 爬取第4页: 小吃快餐
2025-09-29 17:40:50,978 - INFO - [PAGE] 🔄 正在加载页面: https://www.dianping.com/shenzhen/ch10/g112o2p4
2025-09-29 17:43:50,857 - INFO - ============================================================
2025-09-29 17:43:50,858 - INFO - [TASK] 🚀 开始爬取任务
2025-09-29 17:43:50,858 - INFO - [TASK] 📍 城市: 深圳市 (shenzhen)
2025-09-29 17:43:50,859 - INFO - [TASK] 📂 品类: ['小吃快餐', '粤菜'] (2个)
2025-09-29 17:43:50,859 - INFO - [TASK] 📄 页数范围: 1-2页
2025-09-29 17:43:50,859 - INFO - ============================================================
2025-09-29 17:43:50,859 - INFO - [INFO] 🚀 开始爬取任务: 深圳市 - 小吃快餐, 粤菜 (1-2页)
2025-09-29 17:43:51,432 - INFO - [BROWSER] 🌐 创建浏览器上下文...
2025-09-29 17:43:51,433 - INFO - [BROWSER] 🚀 开始创建浏览器上下文...
2025-09-29 17:43:51,438 - INFO - [BROWSER] 🔧 User-Agent: Mozilla/5.0 (Windows NT 10.0; Win64; x64) AppleWeb...
2025-09-29 17:43:51,439 - INFO - [BROWSER] 📐 视口大小: 1280x720
2025-09-29 17:43:51,709 - INFO - [BROWSER] ✅ 浏览器上下文创建成功
2025-09-29 17:43:51,968 - WARNING - [PRIVACY] ⚠️ 清理浏览器数据时出现警告: Page.evaluate: SecurityError: Failed to read the 'localStorage' property from 'Window': Access is denied for this document.
    at eval (<anonymous>)
    at UtilityScript.evaluate (<anonymous>:313:29)
    at UtilityScript.<anonymous> (<anonymous>:1:44)
2025-09-29 17:43:51,968 - INFO - [PRIVACY] ⏱️ 初始随机延迟: 19.9秒
2025-09-29 17:44:11,914 - INFO - [COOKIE] ✅ 已添加 19 个Cookie
2025-09-29 17:44:11,980 - INFO - --------------------------------------------------
2025-09-29 17:44:11,981 - INFO - [CATEGORY] 📂 开始处理品类 1/2: 小吃快餐
2025-09-29 17:44:11,981 - INFO - [CATEGORY] 🆔 品类ID: g112
2025-09-29 17:44:11,981 - INFO - [CATEGORY] ⏱️ 开始时间: 17:44:11
2025-09-29 17:44:11,982 - INFO - [INFO] 📂 开始处理品类 1/2: 小吃快餐
2025-09-29 17:44:11,982 - INFO - [CATEGORY] 📊 页数范围: 1-2页
2025-09-29 17:44:11,982 - INFO - [CATEGORY] ⚠️ 最大连续无数据页面: 2
2025-09-29 17:44:11,983 - INFO - [PAGE] 📄 第1页: https://www.dianping.com/shenzhen/ch10/g112o2
2025-09-29 17:44:11,983 - INFO - [PAGE] ⏱️ 开始时间: 17:44:11
2025-09-29 17:44:11,983 - INFO - [INFO] 📄 爬取第1页: 小吃快餐
2025-09-29 17:44:11,984 - INFO - [PAGE] 🔄 正在加载页面: https://www.dianping.com/shenzhen/ch10/g112o2
2025-09-29 17:44:17,851 - INFO - [PAGE] ✅ 页面加载成功: https://www.dianping.com/shenzhen/ch10/g112o2
2025-09-29 17:44:25,502 - INFO - [PARSE] 使用模式匹配到 15 个商铺块
2025-09-29 17:44:25,503 - INFO - [DATA] 商家: 文记虾一跳(福田首店... 评价数: 9766 评分: 4.5
2025-09-29 17:44:25,503 - INFO - [DATA] 商家: 潮香四海·家传潮汕菜... 评价数: 15434 评分: 4.0
2025-09-29 17:44:25,504 - INFO - [DATA] 商家: 肉賊黑金热卤面馆... 评价数: 289 评分: 4.0
2025-09-29 17:44:25,504 - INFO - [DATA] 商家: 文记虾一跳•铭副琦食... 评价数: 6157 评分: 4.5
2025-09-29 17:44:25,505 - INFO - [DATA] 商家: 荔园小馆... 评价数: 1916 评分: 4.0
2025-09-29 17:44:25,505 - INFO - [DATA] 商家: 文记虾一跳(深圳龙华... 评价数: 4986 评分: 4.5
2025-09-29 17:44:25,505 - INFO - [DATA] 商家: 萍姨抻面馆·沈阳小炒... 评价数: 572 评分: 3.5
2025-09-29 17:44:25,506 - INFO - [DATA] 商家: 胖明粉馆(南山店)... 评价数: 6508 评分: 4.0
2025-09-29 17:44:25,506 - INFO - [DATA] 商家: 荔芳传统糖水铺... 评价数: 3482 评分: 4.0
2025-09-29 17:44:25,506 - INFO - [DATA] 商家: 潮香园超级大排档(龙... 评价数: 1819 评分: 4.0
2025-09-29 17:44:25,506 - INFO - [DATA] 商家: 丰味川渝面馆·耙蹄花... 评价数: 1739 评分: 4.0
2025-09-29 17:44:25,506 - INFO - [DATA] 商家: 海云台韩式汤饭·13... 评价数: 4810 评分: 4.0
2025-09-29 17:44:25,507 - INFO - [DATA] 商家: 昌记隆江猪脚饭(白石... 评价数: 2069 评分: 4.0
2025-09-29 17:44:25,507 - INFO - [DATA] 商家: 今夜大排檔(卓悦IN... 评价数: 1156 评分: 4.0
2025-09-29 17:44:25,507 - INFO - [DATA] 商家: 泓松京都日本料理(K... 评价数: 438 评分: 4.0
2025-09-29 17:44:25,507 - INFO - [PAGE] ✅ 第1页成功: 15 个商铺 (耗时13.5秒)
2025-09-29 17:44:25,507 - INFO - [INFO] ✅ 第1页成功: 15 个商铺
2025-09-29 17:44:25,507 - INFO - [DELAY] ⏱️ 页面延迟(careful): 17.3秒
2025-09-29 17:44:25,508 - INFO - [INFO] ⏱️ 页面延迟(careful): 17.3秒
2025-09-29 17:44:42,847 - INFO - [PAGE] 📄 第2页: https://www.dianping.com/shenzhen/ch10/g112o2p2
2025-09-29 17:44:42,848 - INFO - [PAGE] ⏱️ 开始时间: 17:44:42
2025-09-29 17:44:42,848 - INFO - [INFO] 📄 爬取第2页: 小吃快餐
2025-09-29 17:44:42,849 - INFO - [PAGE] 🔄 正在加载页面: https://www.dianping.com/shenzhen/ch10/g112o2p2
2025-09-29 17:44:48,374 - INFO - [PAGE] ✅ 页面加载成功: https://www.dianping.com/shenzhen/ch10/g112o2p2
2025-09-29 17:44:49,923 - INFO - [UA] 🔄 第2页智能更换User-Agent
2025-09-29 17:44:55,759 - INFO - [PARSE] 使用模式匹配到 15 个商铺块
2025-09-29 17:44:55,759 - INFO - [DATA] 商家: 嘉华小吃(蛇口市场店... 评价数: 5605 评分: 4.0
2025-09-29 17:44:55,760 - INFO - [DATA] 商家: 胖大碗云南小锅米线(... 评价数: 1593 评分: 4.0
2025-09-29 17:44:55,760 - INFO - [DATA] 商家: Hollow Cur... 评价数: 348 评分: 4.0
2025-09-29 17:44:55,760 - INFO - [DATA] 商家: 姊妹豆花(南海明珠店... 评价数: 2728 评分: 4.0
2025-09-29 17:44:55,760 - INFO - [DATA] 商家: 牛巷番薯粥... 评价数: 6382 评分: 4.0
2025-09-29 17:44:55,761 - INFO - [DATA] 商家: 丘阿婆·顺德铺子(皇... 评价数: 323 评分: 4.0
2025-09-29 17:44:55,761 - INFO - [DATA] 商家: 哥二·广西米粉(南山... 评价数: 3109 评分: 4.0
2025-09-29 17:44:55,761 - INFO - [DATA] 商家: 春熙桥·砂锅食堂(大... 评价数: 1034 评分: 4.0
2025-09-29 17:44:55,761 - INFO - [DATA] 商家: 宁夏招待所食堂(长城... 评价数: 1678 评分: 4.0
2025-09-29 17:44:55,761 - INFO - [DATA] 商家: 南·潮之南美食(南山... 评价数: 2933 评分: 4.5
2025-09-29 17:44:55,762 - INFO - [DATA] 商家: 串殿·纯真东北串(皇... 评价数: 7297 评分: 4.0
2025-09-29 17:44:55,762 - INFO - [DATA] 商家: 白杨包子(深圳首店)... 评价数: 1171 评分: 4.0
2025-09-29 17:44:55,762 - INFO - [DATA] 商家: 大二街粉店·广西大排... 评价数: 1184 评分: 4.0
2025-09-29 17:44:55,762 - INFO - [DATA] 商家: CURRY YA 熟... 评价数: 2009 评分: 4.0
2025-09-29 17:44:55,763 - INFO - [DATA] 商家: 香火肥肠·重庆江湖菜... 评价数: 8757 评分: 4.5
2025-09-29 17:44:55,763 - INFO - [PAGE] ✅ 第2页成功: 15 个商铺 (耗时12.9秒)
2025-09-29 17:44:55,763 - INFO - [INFO] ✅ 第2页成功: 15 个商铺
2025-09-29 17:44:55,763 - INFO - ----------------------------------------
2025-09-29 17:44:55,763 - INFO - [CATEGORY] ✅ 品类 小吃快餐 完成
2025-09-29 17:44:55,763 - INFO - [CATEGORY] 📊 商铺数: 30 个
2025-09-29 17:44:55,764 - INFO - [CATEGORY] ⏱️ 耗时: 43.8秒
2025-09-29 17:44:55,765 - INFO - [SAVE] ✅ 数据已追加到: custom_crawl_深圳市_小吃快餐_partial_20250929_174455.csv
2025-09-29 17:44:55,765 - INFO - [INFO] ✅ 数据已保存: 深圳市_小吃快餐_部分数据 (30个商铺)
2025-09-29 17:44:55,766 - INFO - [SAVE] 📊 数据质量分析:
2025-09-29 17:44:55,766 - INFO - [SAVE]   总商铺数: 30
2025-09-29 17:44:55,766 - INFO - [SAVE]   价格完整率: 100.0% (30/30)
2025-09-29 17:44:55,766 - INFO - [SAVE]   品类分布:
2025-09-29 17:44:55,767 - INFO - [SAVE]     小吃快餐: 30 个商铺
2025-09-29 17:44:55,767 - INFO - [DELAY] ⏱️ 品类间延迟: 20.8秒
2025-09-29 17:44:55,767 - INFO - [INFO] ⏱️ 品类间延迟: 20.8秒
2025-09-29 17:45:16,598 - INFO - --------------------------------------------------
2025-09-29 17:45:16,599 - INFO - [CATEGORY] 📂 开始处理品类 2/2: 粤菜
2025-09-29 17:45:16,599 - INFO - [CATEGORY] 🆔 品类ID: g103
2025-09-29 17:45:16,599 - INFO - [CATEGORY] ⏱️ 开始时间: 17:45:16
2025-09-29 17:45:16,599 - INFO - [INFO] 📂 开始处理品类 2/2: 粤菜
2025-09-29 17:45:16,600 - INFO - [CATEGORY] 📊 页数范围: 1-2页
2025-09-29 17:45:16,600 - INFO - [CATEGORY] ⚠️ 最大连续无数据页面: 2
2025-09-29 17:45:16,600 - INFO - [PAGE] 📄 第1页: https://www.dianping.com/shenzhen/ch10/g103o2
2025-09-29 17:45:16,600 - INFO - [PAGE] ⏱️ 开始时间: 17:45:16
2025-09-29 17:45:16,600 - INFO - [INFO] 📄 爬取第1页: 粤菜
2025-09-29 17:45:16,601 - INFO - [PAGE] 🔄 正在加载页面: https://www.dianping.com/shenzhen/ch10/g103o2
2025-09-29 17:45:24,282 - INFO - [PAGE] ✅ 页面加载成功: https://www.dianping.com/shenzhen/ch10/g103o2
2025-09-29 17:45:26,410 - INFO - [UA] 🔄 第1页智能更换User-Agent
2025-09-29 17:45:31,302 - INFO - [PARSE] 使用模式匹配到 15 个商铺块
2025-09-29 17:45:31,303 - INFO - [DATA] 商家: 唐合興·香港飯店(万... 评价数: 8775 评分: 4.0
2025-09-29 17:45:31,303 - INFO - [DATA] 商家: 星龙吟·日料放题(福... 评价数: 27016 评分: 4.0
2025-09-29 17:45:31,304 - INFO - [DATA] 商家: 小炳胜(卓悦中心店)... 评价数: 11040 评分: 4.0
2025-09-29 17:45:31,304 - INFO - [DATA] 商家: 大鸽饭(福田COCO... 评价数: 7455 评分: 4.5
2025-09-29 17:45:31,305 - INFO - [DATA] 商家: 蘩楼(华强北总店)... 评价数: 34520 评分: 4.5
2025-09-29 17:45:31,305 - INFO - [DATA] 商家: 蘩楼(南山宝能太古城... 评价数: 488 评分: 4.0
2025-09-29 17:45:31,305 - INFO - [DATA] 商家: 徐记海鲜(车公庙NE... 评价数: 7009 评分: 4.5
2025-09-29 17:45:31,306 - INFO - [DATA] 商家: 满陇山房·膏蟹年糕馆... 评价数: 2628 评分: 4.5
2025-09-29 17:45:31,306 - INFO - [DATA] 商家: 三出山火锅(卓悦中心... 评价数: 3971 评分: 5.0
2025-09-29 17:45:31,306 - INFO - [DATA] 商家: 晓芙荔·广府煲汤·瓦... 评价数: 959 评分: 4.0
2025-09-29 17:45:31,307 - INFO - [DATA] 商家: 潮香四海·家传潮汕菜... 评价数: 15434 评分: 4.0
2025-09-29 17:45:31,307 - INFO - [DATA] 商家: 一樓半 KNOCK ... 评价数: 7786 评分: 4.5
2025-09-29 17:45:31,307 - INFO - [DATA] 商家: 炳胜品味(卓悦中心店... 评价数: 4386 评分: 4.0
2025-09-29 17:45:31,307 - INFO - [DATA] 商家: 稻香(宝安中心店)... 评价数: 15601 评分: 4.0
2025-09-29 17:45:31,308 - INFO - [DATA] 商家: 炳胜品味(深圳湾万象... 评价数: 6184 评分: 4.0
2025-09-29 17:45:31,308 - INFO - [PAGE] ✅ 第1页成功: 15 个商铺 (耗时14.7秒)
2025-09-29 17:45:31,308 - INFO - [INFO] ✅ 第1页成功: 15 个商铺
2025-09-29 17:45:31,308 - INFO - [DELAY] ⏱️ 页面延迟(normal): 13.5秒
2025-09-29 17:45:31,309 - INFO - [INFO] ⏱️ 页面延迟(normal): 13.5秒
2025-09-29 17:45:44,823 - INFO - [PAGE] 📄 第2页: https://www.dianping.com/shenzhen/ch10/g103o2p2
2025-09-29 17:45:44,823 - INFO - [PAGE] ⏱️ 开始时间: 17:45:44
2025-09-29 17:45:44,823 - INFO - [INFO] 📄 爬取第2页: 粤菜
2025-09-29 17:45:44,824 - INFO - [PAGE] 🔄 正在加载页面: https://www.dianping.com/shenzhen/ch10/g103o2p2
2025-09-29 17:45:48,750 - INFO - [PAGE] ✅ 页面加载成功: https://www.dianping.com/shenzhen/ch10/g103o2p2
2025-09-29 17:45:53,779 - INFO - [PARSE] 使用模式匹配到 15 个商铺块
2025-09-29 17:45:53,779 - INFO - [DATA] 商家: 烧鹅佬·脆皮烧鹅(O... 评价数: 3721 评分: 4.0
2025-09-29 17:45:53,779 - INFO - [DATA] 商家: 六个大厨·秘制粤菜(... 评价数: 1926 评分: 4.5
2025-09-29 17:45:53,780 - INFO - [DATA] 商家: 金牌陶陶居(万象天地... 评价数: 13864 评分: 4.0
2025-09-29 17:45:53,780 - INFO - [DATA] 商家: 巡味顺德菜(欢乐海岸... 评价数: 11805 评分: 4.5
2025-09-29 17:45:53,780 - INFO - [DATA] 商家: 鴻發飯店.傳統廣府味... 评价数: 2180 评分: 4.0
2025-09-29 17:45:53,780 - INFO - [DATA] 商家: 悦满楼·西关名点·湛... 评价数: 9043 评分: 4.5
2025-09-29 17:45:53,781 - INFO - [DATA] 商家: 南乡·精功顺德菜(卓... 评价数: 9803 评分: 4.5
2025-09-29 17:45:53,781 - INFO - [DATA] 商家: 利苑酒家(罗湖万象城... 评价数: 6560 评分: 4.5
2025-09-29 17:45:53,781 - INFO - [DATA] 商家: 海门鱼仔·潮汕味(C... 评价数: 8469 评分: 4.5
2025-09-29 17:45:53,781 - INFO - [DATA] 商家: 炳胜私厨(万象前海店... 评价数: 1738 评分: 4.0
2025-09-29 17:45:53,781 - INFO - [DATA] 商家: 小煵记·深圳本地菜(... 评价数: 10809 评分: 4.0
2025-09-29 17:45:53,781 - INFO - [DATA] 商家: 锦堂春想·广府粤菜(... 评价数: 1864 评分: 5.0
2025-09-29 17:45:53,782 - INFO - [DATA] 商家: 膳九爷·名师潮菜(深... 评价数: 6856 评分: 4.0
2025-09-29 17:45:53,782 - INFO - [DATA] 商家: 隐厨·中国菜馆(深圳... 评价数: 10698 评分: 4.0
2025-09-29 17:45:53,782 - INFO - [DATA] 商家: 谭厨中山传家菜(福田... 评价数: 719 评分: 4.0
2025-09-29 17:45:53,782 - INFO - [PAGE] ✅ 第2页成功: 15 个商铺 (耗时9.0秒)
2025-09-29 17:45:53,782 - INFO - [INFO] ✅ 第2页成功: 15 个商铺
2025-09-29 17:45:53,783 - INFO - ----------------------------------------
2025-09-29 17:45:53,783 - INFO - [CATEGORY] ✅ 品类 粤菜 完成
2025-09-29 17:45:53,783 - INFO - [CATEGORY] 📊 商铺数: 30 个
2025-09-29 17:45:53,783 - INFO - [CATEGORY] ⏱️ 耗时: 37.2秒
2025-09-29 17:45:53,785 - INFO - [SAVE] ✅ 数据已追加到: custom_crawl_深圳市_粤菜_partial_20250929_174553.csv
2025-09-29 17:45:53,785 - INFO - [INFO] ✅ 数据已保存: 深圳市_粤菜_部分数据 (30个商铺)
2025-09-29 17:45:53,785 - INFO - [SAVE] 📊 数据质量分析:
2025-09-29 17:45:53,785 - INFO - [SAVE]   总商铺数: 30
2025-09-29 17:45:53,786 - INFO - [SAVE]   价格完整率: 100.0% (30/30)
2025-09-29 17:45:53,786 - INFO - [SAVE]   品类分布:
2025-09-29 17:45:53,786 - INFO - [SAVE]     粤菜: 30 个商铺
2025-09-29 17:45:53,787 - INFO - ============================================================
2025-09-29 17:45:53,787 - INFO - [TASK] 🎉 任务完成!
2025-09-29 17:45:53,787 - INFO - [TASK] ⏱️ 总耗时: 2.0分钟
2025-09-29 17:45:53,787 - INFO - [TASK] 🏪 总商铺: 60 个
2025-09-29 17:45:53,788 - INFO - [TASK] 📂 品类数: 2 个
2025-09-29 17:45:53,788 - INFO - [TASK] 🛡️ 反检测统计:
2025-09-29 17:45:53,789 - INFO - [TASK]   验证码遇到: 0 次
2025-09-29 17:45:53,789 - INFO - [TASK]   跳过页面: 0 页
2025-09-29 17:45:53,789 - INFO - [TASK]   页面刷新: 0 次
2025-09-29 17:45:53,789 - INFO - [TASK]   UA更换: 2 次
2025-09-29 17:45:53,790 - INFO - [TASK] 💾 已保存文件:
2025-09-29 17:45:53,790 - INFO - [TASK]   📁 custom_crawl_深圳市_小吃快餐_partial_20250929_174455.csv
2025-09-29 17:45:53,790 - INFO - [TASK]   📁 custom_crawl_深圳市_粤菜_partial_20250929_174553.csv
2025-09-29 17:45:53,790 - INFO - ============================================================
2025-09-29 17:45:53,792 - INFO - [SAVE] ✅ 数据已保存到: custom_crawl_深圳市_小吃快餐_粤菜_20250929_174553.csv
2025-09-29 17:45:53,793 - INFO - [INFO] ✅ 数据已保存: 深圳市_小吃快餐_粤菜 (60个商铺)
2025-09-29 17:45:53,794 - INFO - [SAVE] 📊 数据质量分析:
2025-09-29 17:45:53,794 - INFO - [SAVE]   总商铺数: 60
2025-09-29 17:45:53,794 - INFO - [SAVE]   价格完整率: 100.0% (60/60)
2025-09-29 17:45:53,795 - INFO - [SAVE]   品类分布:
2025-09-29 17:45:53,795 - INFO - [SAVE]     小吃快餐: 30 个商铺
2025-09-29 17:45:53,796 - INFO - [SAVE]     粤菜: 30 个商铺
2025-09-29 17:45:53,796 - INFO - [SUCCESS] 🎉 任务完成! 总耗时: 2.0分钟，总商铺: 60 个
2025-09-29 17:45:53,797 - INFO - [BROWSER] 🔒 开始安全关闭浏览器资源...
2025-09-29 17:45:53,797 - INFO - [BROWSER] 🔒 正在关闭页面...
2025-09-29 17:45:53,816 - INFO - [BROWSER] ✅ 页面已关闭
2025-09-29 17:45:54,816 - WARNING - [BROWSER] ⚠️ 浏览器上下文关闭异常: 'BrowserContext' object has no attribute '_is_closed_or_closing'
2025-09-29 17:45:55,817 - INFO - [BROWSER] 🔒 正在关闭浏览器...
2025-09-29 17:45:56,010 - INFO - [BROWSER] ✅ 浏览器已关闭
2025-09-29 17:45:58,011 - INFO - [BROWSER] 🔒 所有浏览器资源已安全释放
2025-09-29 17:45:58,029 - INFO - [SAVE] ✅ 数据已保存到: custom_crawl_深圳市_小吃快餐_粤菜_20250929_174558.csv
2025-09-29 17:45:58,029 - INFO - [INFO] ✅ 数据已保存: 深圳市_小吃快餐_粤菜 (60个商铺)
2025-09-29 17:45:58,031 - INFO - [SAVE] 📊 数据质量分析:
2025-09-29 17:45:58,032 - INFO - [SAVE]   总商铺数: 60
2025-09-29 17:45:58,033 - INFO - [SAVE]   价格完整率: 100.0% (60/60)
2025-09-29 17:45:58,033 - INFO - [SAVE]   品类分布:
2025-09-29 17:45:58,034 - INFO - [SAVE]     小吃快餐: 30 个商铺
2025-09-29 17:45:58,034 - INFO - [SAVE]     粤菜: 30 个商铺
2025-09-29 17:54:21,677 - INFO - ============================================================
2025-09-29 17:54:21,678 - INFO - [TASK] 🚀 开始爬取任务
2025-09-29 17:54:21,678 - INFO - [TASK] 📍 城市: 深圳市 (shenzhen)
2025-09-29 17:54:21,679 - INFO - [TASK] 📂 品类: ['自助餐', '日式料理'] (2个)
2025-09-29 17:54:21,679 - INFO - [TASK] 📄 页数范围: 1-15页
2025-09-29 17:54:21,679 - INFO - ============================================================
2025-09-29 17:54:21,680 - INFO - [INFO] 🚀 开始爬取任务: 深圳市 - 自助餐, 日式料理 (1-15页)
2025-09-29 17:54:22,263 - INFO - [BROWSER] 🌐 创建浏览器上下文...
2025-09-29 17:54:22,263 - INFO - [BROWSER] 🚀 开始创建浏览器上下文...
2025-09-29 17:54:22,268 - INFO - [BROWSER] 🔧 User-Agent: Mozilla/5.0 (X11; Linux x86_64; rv:125.0) Gecko/20...
2025-09-29 17:54:22,269 - INFO - [BROWSER] 📐 视口大小: 1920x1080
2025-09-29 17:54:22,540 - INFO - [BROWSER] ✅ 浏览器上下文创建成功
2025-09-29 17:54:22,768 - WARNING - [PRIVACY] ⚠️ 清理浏览器数据时出现警告: Page.evaluate: SecurityError: Failed to read the 'localStorage' property from 'Window': Access is denied for this document.
    at eval (<anonymous>)
    at UtilityScript.evaluate (<anonymous>:313:29)
    at UtilityScript.<anonymous> (<anonymous>:1:44)
2025-09-29 17:54:22,768 - INFO - [PRIVACY] ⏱️ 初始随机延迟: 29.9秒
2025-09-29 17:54:52,663 - INFO - [COOKIE] ✅ 已添加 19 个Cookie
2025-09-29 17:54:52,709 - INFO - --------------------------------------------------
2025-09-29 17:54:52,709 - INFO - [CATEGORY] 📂 开始处理品类 1/2: 自助餐
2025-09-29 17:54:52,710 - INFO - [CATEGORY] 🆔 品类ID: g111
2025-09-29 17:54:52,710 - INFO - [CATEGORY] ⏱️ 开始时间: 17:54:52
2025-09-29 17:54:52,710 - INFO - [INFO] 📂 开始处理品类 1/2: 自助餐
2025-09-29 17:54:52,711 - INFO - [CATEGORY] 📊 页数范围: 1-15页
2025-09-29 17:54:52,711 - INFO - [CATEGORY] ⚠️ 最大连续无数据页面: 7
2025-09-29 17:54:52,711 - INFO - [PAGE] 📄 第1页: https://www.dianping.com/shenzhen/ch10/g111o2
2025-09-29 17:54:52,712 - INFO - [PAGE] ⏱️ 开始时间: 17:54:52
2025-09-29 17:54:52,712 - INFO - [INFO] 📄 爬取第1页: 自助餐
2025-09-29 17:54:52,712 - INFO - [PAGE] 🔄 正在加载页面: https://www.dianping.com/shenzhen/ch10/g111o2
2025-09-29 17:54:58,905 - INFO - [PAGE] ✅ 页面加载成功: https://www.dianping.com/shenzhen/ch10/g111o2
2025-09-29 17:55:03,308 - INFO - [PARSE] 使用模式匹配到 15 个商铺块
2025-09-29 17:55:03,308 - INFO - [DATA] 商家: 曼格蒸汽活海鲜·榴莲... 评价数: 27610 评分: 4.5
2025-09-29 17:55:03,309 - INFO - [DATA] 商家: 星龙吟·日料放题(福... 评价数: 27016 评分: 4.0
2025-09-29 17:55:03,309 - INFO - [DATA] 商家: 满陇山房·膏蟹年糕馆... 评价数: 2628 评分: 4.5
2025-09-29 17:55:03,309 - INFO - [DATA] 商家: 铭门盛宴·艺术海鲜姿... 评价数: 15219 评分: 4.0
2025-09-29 17:55:03,309 - INFO - [DATA] 商家: 青蓬海上捞蒸品海鲜城... 评价数: 11731 评分: 5.0
2025-09-29 17:55:03,310 - INFO - [DATA] 商家: 舟市水产蒸汽活海鲜自... 评价数: 8305 评分: 4.0
2025-09-29 17:55:03,310 - INFO - [DATA] 商家: 千户岛じま·日料放题... 评价数: 513 评分: 4.0
2025-09-29 17:55:03,310 - INFO - [DATA] 商家: 铭门盛宴·艺术海鲜姿... 评价数: 10639 评分: 4.0
2025-09-29 17:55:03,311 - INFO - [DATA] 商家: 西塔老太太泥炉烤肉(... 评价数: 5944 评分: 4.5
2025-09-29 17:55:03,311 - INFO - [DATA] 商家: 舟市水产蒸汽活海鲜自... 评价数: 14463 评分: 4.5
2025-09-29 17:55:03,311 - INFO - [DATA] 商家: 狮拾久·现代新加坡料... 评价数: 10870 评分: 4.5
2025-09-29 17:55:03,311 - INFO - [DATA] 商家: 蒲匠·和牛烧肉蒲烧活... 评价数: 4124 评分: 4.0
2025-09-29 17:55:03,311 - INFO - [DATA] 商家: 西塔老太太泥炉烤肉(... 评价数: 9282 评分: 4.5
2025-09-29 17:55:03,312 - INFO - [DATA] 商家: 拉蒂娜·巴西牛排馆 ... 评价数: 2089 评分: 4.5
2025-09-29 17:55:03,312 - INFO - [DATA] 商家: 大葉日本料理·活龍蝦... 评价数: 16006 评分: 4.0
2025-09-29 17:55:03,312 - INFO - [PAGE] ✅ 第1页成功: 15 个商铺 (耗时10.6秒)
2025-09-29 17:55:03,312 - INFO - [INFO] ✅ 第1页成功: 15 个商铺
2025-09-29 17:55:03,312 - INFO - [DELAY] ⏱️ 页面延迟(relaxed): 14.4秒
2025-09-29 17:55:03,312 - INFO - [INFO] ⏱️ 页面延迟(relaxed): 14.4秒
2025-09-29 17:55:17,765 - INFO - [PAGE] 📄 第2页: https://www.dianping.com/shenzhen/ch10/g111o2p2
2025-09-29 17:55:17,766 - INFO - [PAGE] ⏱️ 开始时间: 17:55:17
2025-09-29 17:55:17,767 - INFO - [INFO] 📄 爬取第2页: 自助餐
2025-09-29 17:55:17,768 - INFO - [PAGE] 🔄 正在加载页面: https://www.dianping.com/shenzhen/ch10/g111o2p2
2025-09-29 17:55:23,739 - INFO - [PAGE] ✅ 页面加载成功: https://www.dianping.com/shenzhen/ch10/g111o2p2
2025-09-29 17:55:24,857 - INFO - [UA] 🔄 第2页智能更换User-Agent
2025-09-29 17:55:28,143 - INFO - [PARSE] 使用模式匹配到 15 个商铺块
2025-09-29 17:55:28,144 - INFO - [DATA] 商家: 西塔老太太泥炉烤肉(... 评价数: 10923 评分: 5.0
2025-09-29 17:55:28,144 - INFO - [DATA] 商家: 蒲匠·和牛烧肉蒲烧活... 评价数: 8936 评分: 5.0
2025-09-29 17:55:28,145 - INFO - [DATA] 商家: 四海一家自助餐(益田... 评价数: 42158 评分: 3.5
2025-09-29 17:55:28,145 - INFO - [DATA] 商家: 西塔老太太泥炉烤肉(... 评价数: 11517 评分: 5.0
2025-09-29 17:55:28,145 - INFO - [DATA] 商家: 欢造·和牛放题(深圳... 评价数: 1568 评分: 4.5
2025-09-29 17:55:28,146 - INFO - [DATA] 商家: 西塔老太太泥炉烤肉(... 评价数: 14468 评分: 4.5
2025-09-29 17:55:28,146 - INFO - [DATA] 商家: 俄士厨房·西餐厅(华... 评价数: 11017 评分: 4.5
2025-09-29 17:55:28,146 - INFO - [DATA] 商家: 渔舶汇蒸汽活海鲜·榴... 评价数: 1931 评分: 4.0
2025-09-29 17:55:28,147 - INFO - [DATA] 商家: 西塔老太太泥炉烤肉(... 评价数: 10918 评分: 4.5
2025-09-29 17:55:28,147 - INFO - [DATA] 商家: P3 by pLea... 评价数: 5747 评分: 4.5
2025-09-29 17:55:28,147 - INFO - [DATA] 商家: 一绪に和牛寿喜烧(龙... 评价数: 12999 评分: 5.0
2025-09-29 17:55:28,147 - INFO - [DATA] 商家: 曼格蒸汽活海鲜·榴莲... 评价数: 7322 评分: 4.0
2025-09-29 17:55:28,148 - INFO - [DATA] 商家: 喜公馆(平安金融中心... 评价数: 3210 评分: 4.5
2025-09-29 17:55:28,148 - INFO - [DATA] 商家: 極上萬膳·日料放题(... 评价数: 14975 评分: 4.0
2025-09-29 17:55:28,148 - INFO - [DATA] 商家: 西塔老太太泥炉烤肉(... 评价数: 8754 评分: 5.0
2025-09-29 17:55:28,148 - INFO - [PAGE] ✅ 第2页成功: 15 个商铺 (耗时10.4秒)
2025-09-29 17:55:28,148 - INFO - [INFO] ✅ 第2页成功: 15 个商铺
2025-09-29 17:55:28,149 - INFO - [DELAY] ⏱️ 页面延迟(careful): 13.0秒
2025-09-29 17:55:28,149 - INFO - [INFO] ⏱️ 页面延迟(careful): 13.0秒
2025-09-29 17:55:41,113 - INFO - [PAGE] 📄 第3页: https://www.dianping.com/shenzhen/ch10/g111o2p3
2025-09-29 17:55:41,113 - INFO - [PAGE] ⏱️ 开始时间: 17:55:41
2025-09-29 17:55:41,114 - INFO - [INFO] 📄 爬取第3页: 自助餐
2025-09-29 17:55:41,114 - INFO - [PAGE] 🔄 正在加载页面: https://www.dianping.com/shenzhen/ch10/g111o2p3
2025-09-29 17:55:46,819 - INFO - [PAGE] ✅ 页面加载成功: https://www.dianping.com/shenzhen/ch10/g111o2p3
2025-09-29 17:55:54,192 - INFO - [PARSE] 使用模式匹配到 15 个商铺块
2025-09-29 17:55:54,193 - INFO - [DATA] 商家: 西塔老太太泥炉烤肉(... 评价数: 14536 评分: 5.0
2025-09-29 17:55:54,193 - INFO - [DATA] 商家: 拉蒂娜·巴西牛排馆 ... 评价数: 681 评分: 5.0
2025-09-29 17:55:54,194 - INFO - [DATA] 商家: 渔舶汇蒸汽活海鲜·榴... 评价数: 14468 评分: 4.0
2025-09-29 17:55:54,194 - INFO - [DATA] 商家: 牛将烧肉·自助·熟成... 评价数: 3438 评分: 4.5
2025-09-29 17:55:54,195 - INFO - [DATA] 商家: 極上萬膳·日料放题(... 评价数: 10671 评分: 4.0
2025-09-29 17:55:54,195 - INFO - [DATA] 商家: 隐厨(深业上城店)... 评价数: 2231 评分: 4.0
2025-09-29 17:55:54,195 - INFO - [DATA] 商家: 椿庐 ChunLou... 评价数: 2167 评分: 5.0
2025-09-29 17:55:54,196 - INFO - [DATA] 商家: 舟市水产活海鲜·榴莲... 评价数: 16245 评分: 4.0
2025-09-29 17:55:54,196 - INFO - [DATA] 商家: 西塔老太太泥炉烤肉(... 评价数: 6724 评分: 5.0
2025-09-29 17:55:54,197 - INFO - [DATA] 商家: 青蓬臻海·蒸汽海鲜自... 评价数: 6106 评分: 4.5
2025-09-29 17:55:54,197 - INFO - [DATA] 商家: 極上萬膳·日料放题(... 评价数: 21153 评分: 4.0
2025-09-29 17:55:54,197 - INFO - [DATA] 商家: 一绪に和牛寿喜烧(罗... 评价数: 1960 评分: 4.5
2025-09-29 17:55:54,197 - INFO - [DATA] 商家: 欢乐牧场主题自助料理... 评价数: 238 评分: 3.5
2025-09-29 17:55:54,198 - INFO - [DATA] 商家: 西塔老太太泥炉烤肉(... 评价数: 4915 评分: 5.0
2025-09-29 17:55:54,198 - INFO - [DATA] 商家: 西塔老太太泥炉烤肉(... 评价数: 8444 评分: 4.5
2025-09-29 17:55:54,198 - INFO - [PAGE] ✅ 第3页成功: 15 个商铺 (耗时13.1秒)
2025-09-29 17:55:54,199 - INFO - [INFO] ✅ 第3页成功: 15 个商铺
2025-09-29 17:55:54,199 - INFO - [DELAY] ⏱️ 页面延迟(normal): 10.8秒
2025-09-29 17:55:54,199 - INFO - [INFO] ⏱️ 页面延迟(normal): 10.8秒
2025-09-29 17:56:05,044 - INFO - [PAGE] 📄 第4页: https://www.dianping.com/shenzhen/ch10/g111o2p4
2025-09-29 17:56:05,045 - INFO - [PAGE] ⏱️ 开始时间: 17:56:05
2025-09-29 17:56:05,046 - INFO - [INFO] 📄 爬取第4页: 自助餐
2025-09-29 17:56:05,047 - INFO - [PAGE] 🔄 正在加载页面: https://www.dianping.com/shenzhen/ch10/g111o2p4
2025-09-29 17:56:11,961 - INFO - [PAGE] ✅ 页面加载成功: https://www.dianping.com/shenzhen/ch10/g111o2p4
2025-09-29 17:56:18,632 - INFO - [PARSE] 使用模式匹配到 15 个商铺块
2025-09-29 17:56:18,632 - INFO - [DATA] 商家: 君悦酒店·乐厨·高空... 评价数: 9655 评分: 4.5
2025-09-29 17:56:18,632 - INFO - [DATA] 商家: 西塔老太太泥炉烤肉(... 评价数: 5288 评分: 5.0
2025-09-29 17:56:18,633 - INFO - [DATA] 商家: 一围自助小火锅(皇庭... 评价数: 1123 评分: 4.0
2025-09-29 17:56:18,633 - INFO - [DATA] 商家: 曼格蒸汽活海鲜·榴莲... 评价数: 10551 评分: 4.0
2025-09-29 17:56:18,634 - INFO - [DATA] 商家: 名家大作·朝鲜族自助... 评价数: 1454 评分: 4.0
2025-09-29 17:56:18,634 - INFO - [DATA] 商家: 曼格蒸汽活海鲜·榴莲... 评价数: 17029 评分: 4.0
2025-09-29 17:56:18,634 - INFO - [DATA] 商家: 青蓬蒸汽海鲜·深圳老... 评价数: 4581 评分: 4.5
2025-09-29 17:56:18,635 - INFO - [DATA] 商家: 極上萬膳·日料放题(... 评价数: 9366 评分: 4.0
2025-09-29 17:56:18,635 - INFO - [DATA] 商家: 青蓬海上捞蒸品海鲜城... 评价数: 6048 评分: 5.0
2025-09-29 17:56:18,636 - INFO - [DATA] 商家: 舟市水产活海鲜·榴莲... 评价数: 10302 评分: 4.0
2025-09-29 17:56:18,636 - INFO - [DATA] 商家: 深圳湾万丽酒店·燃自... 评价数: 2670 评分: 5.0
2025-09-29 17:56:18,636 - INFO - [DATA] 商家: 西塔老太太泥炉烤肉(... 评价数: 4328 评分: 5.0
2025-09-29 17:56:18,637 - INFO - [DATA] 商家: 一绪に和牛寿喜烧(华... 评价数: 11461 评分: 4.0
2025-09-29 17:56:18,637 - INFO - [DATA] 商家: 南里奥巴西烤肉(西丽... 评价数: 9045 评分: 4.0
2025-09-29 17:56:18,637 - INFO - [DATA] 商家: 粤吉鲜·活海鲜·榴莲... 评价数: 3060 评分: 3.5
2025-09-29 17:56:18,637 - INFO - [PAGE] ✅ 第4页成功: 15 个商铺 (耗时13.6秒)
2025-09-29 17:56:18,638 - INFO - [INFO] ✅ 第4页成功: 15 个商铺
2025-09-29 17:56:18,638 - INFO - [DELAY] ⏱️ 页面延迟(careful): 9.7秒
2025-09-29 17:56:18,638 - INFO - [INFO] ⏱️ 页面延迟(careful): 9.7秒
2025-09-29 17:56:28,335 - INFO - [PAGE] 📄 第5页: https://www.dianping.com/shenzhen/ch10/g111o2p5
2025-09-29 17:56:28,336 - INFO - [PAGE] ⏱️ 开始时间: 17:56:28
2025-09-29 17:56:28,337 - INFO - [INFO] 📄 爬取第5页: 自助餐
2025-09-29 17:56:28,339 - INFO - [PAGE] 🔄 正在加载页面: https://www.dianping.com/shenzhen/ch10/g111o2p5
2025-09-29 17:56:37,030 - INFO - [PAGE] ✅ 页面加载成功: https://www.dianping.com/shenzhen/ch10/g111o2p5
2025-09-29 17:56:44,952 - INFO - [PARSE] 使用模式匹配到 15 个商铺块
2025-09-29 17:56:44,952 - INFO - [DATA] 商家: 大渔臻选·棠膳(罗湖... 评价数: 173 评分: 4.0
2025-09-29 17:56:44,953 - INFO - [DATA] 商家: 大渔臻选·棠膳(宝安... 评价数: 796 评分: 3.5
2025-09-29 17:56:44,953 - INFO - [DATA] 商家: 西塔老太太泥炉烤肉(... 评价数: 8653 评分: 4.5
2025-09-29 17:56:44,953 - INFO - [DATA] 商家: 青蓬海上捞蒸品海鲜城... 评价数: 6125 评分: 4.5
2025-09-29 17:56:44,954 - INFO - [DATA] 商家: 浅锅和牛小锅放题·寿... 评价数: 10510 评分: 4.5
2025-09-29 17:56:44,954 - INFO - [DATA] 商家: 西塔老太太泥炉烤肉(... 评价数: 9925 评分: 5.0
2025-09-29 17:56:44,955 - INFO - [DATA] 商家: 明洞朴代表·自助烤肉... 评价数: 2996 评分: 4.0
2025-09-29 17:56:44,955 - INFO - [DATA] 商家: 喜井无限自助烤肉公司... 评价数: 8700 评分: 4.0
2025-09-29 17:56:44,955 - INFO - [DATA] 商家: 欢乐牧场主题自助料理... 评价数: 838 评分: 3.5
2025-09-29 17:56:44,955 - INFO - [DATA] 商家: 顶界•全球蒸汽海鲜自... 评价数: 2105 评分: 4.0
2025-09-29 17:56:44,956 - INFO - [DATA] 商家: 西塔老太太泥炉烤肉(... 评价数: 7839 评分: 5.0
2025-09-29 17:56:44,956 - INFO - [DATA] 商家: 瑞吉酒店·Socia... 评价数: 9384 评分: 4.0
2025-09-29 17:56:44,956 - INFO - [DATA] 商家: 姜胖胖无限自助烤肉(... 评价数: 2893 评分: 4.0
2025-09-29 17:56:44,956 - INFO - [DATA] 商家: 食冶海鲜放题(南山海... 评价数: 11909 评分: 3.5
2025-09-29 17:56:44,957 - INFO - [DATA] 商家: 欢乐牧场主题自助料理... 评价数: 10945 评分: 4.0
2025-09-29 17:56:44,957 - INFO - [PAGE] ✅ 第5页成功: 15 个商铺 (耗时16.6秒)
2025-09-29 17:56:44,957 - INFO - [INFO] ✅ 第5页成功: 15 个商铺
2025-09-29 17:56:44,957 - INFO - [DELAY] ⏱️ 页面延迟(careful): 11.7秒
2025-09-29 17:56:44,957 - INFO - [INFO] ⏱️ 页面延迟(careful): 11.7秒
2025-09-29 17:56:56,699 - INFO - [PAGE] 📄 第6页: https://www.dianping.com/shenzhen/ch10/g111o2p6
2025-09-29 17:56:56,699 - INFO - [PAGE] ⏱️ 开始时间: 17:56:56
2025-09-29 17:56:56,700 - INFO - [INFO] 📄 爬取第6页: 自助餐
2025-09-29 17:56:56,700 - INFO - [PAGE] 🔄 正在加载页面: https://www.dianping.com/shenzhen/ch10/g111o2p6
2025-09-29 17:57:03,125 - INFO - [PAGE] ✅ 页面加载成功: https://www.dianping.com/shenzhen/ch10/g111o2p6
2025-09-29 17:57:05,665 - INFO - [UA] 🔄 第6页智能更换User-Agent
2025-09-29 17:57:07,032 - INFO - [PARSE] 使用模式匹配到 19 个商铺块
2025-09-29 17:57:07,032 - INFO - [DATA] 商家: pLeace(印力中... 评价数: 892 评分: 4.5
2025-09-29 17:57:07,032 - INFO - [DATA] 商家: 一绪に和牛寿喜烧(坂... 评价数: 3826 评分: 4.0
2025-09-29 17:57:07,033 - INFO - [DATA] 商家: 顶界•全球蒸汽海鲜自... 评价数: 1073 评分: 4.0
2025-09-29 17:57:07,033 - INFO - [DATA] 商家: 欢乐牧场主题自助料理... 评价数: 20052 评分: 4.0
2025-09-29 17:57:07,034 - INFO - [DATA] 商家: 顶界·全球蒸汽海鲜自... 评价数: 880 评分: 4.0
2025-09-29 17:57:07,034 - INFO - [DATA] 商家: 浅锅日式和牛小锅放题... 评价数: 7904 评分: 4.0
2025-09-29 17:57:07,034 - INFO - [DATA] 商家: 浅锅山海食集·和牛寿... 评价数: 2196 评分: 4.5
2025-09-29 17:57:07,035 - INFO - [DATA] 商家: 曼格蒸汽活海鲜·榴莲... 评价数: 19590 评分: 4.5
2025-09-29 17:57:07,035 - INFO - [DATA] 商家: 大渔铁板烧(保利文化... 评价数: 10270 评分: 3.5
2025-09-29 17:57:07,035 - INFO - [DATA] 商家: 大渔铁板烧(龙华天虹... 评价数: 382 评分: 4.0
2025-09-29 17:57:07,036 - INFO - [DATA] 商家: 灼灼木自助寿司·任点... 评价数: 125 评分: 3.5
2025-09-29 17:57:07,036 - INFO - [DATA] 商家: 汉阳廷自助烤肉·火锅... 评价数: 21356 评分: 4.0
2025-09-29 17:57:07,036 - INFO - [DATA] 商家: 欢乐牧场主题自助料理... 评价数: 947 评分: 4.5
2025-09-29 17:57:07,036 - INFO - [DATA] 商家: 鹏瑞莱佛士酒店·星空... 评价数: 4654 评分: 4.5
2025-09-29 17:57:07,037 - INFO - [DATA] 商家: 大渔烧肉(保利Kal... 评价数: 1289 评分: 4.0
2025-09-29 17:57:07,037 - INFO - [PAGE] ✅ 第6页成功: 15 个商铺 (耗时10.3秒)
2025-09-29 17:57:07,037 - INFO - [INFO] ✅ 第6页成功: 15 个商铺
2025-09-29 17:57:07,038 - INFO - [DELAY] ⏱️ 页面延迟(normal): 11.6秒
2025-09-29 17:57:07,038 - INFO - [INFO] ⏱️ 页面延迟(normal): 11.6秒
2025-09-29 17:57:18,593 - INFO - [PAGE] 📄 第7页: https://www.dianping.com/shenzhen/ch10/g111o2p7
2025-09-29 17:57:18,594 - INFO - [PAGE] ⏱️ 开始时间: 17:57:18
2025-09-29 17:57:18,594 - INFO - [INFO] 📄 爬取第7页: 自助餐
2025-09-29 17:57:18,595 - INFO - [PAGE] 🔄 正在加载页面: https://www.dianping.com/shenzhen/ch10/g111o2p7
2025-09-29 17:57:26,898 - INFO - [PAGE] ✅ 页面加载成功: https://www.dianping.com/shenzhen/ch10/g111o2p7
2025-09-29 17:57:34,678 - INFO - [PARSE] 使用模式匹配到 15 个商铺块
2025-09-29 17:57:34,678 - INFO - [DATA] 商家: 顶界•全球蒸汽海鲜自... 评价数: 1729 评分: 4.0
2025-09-29 17:57:34,679 - INFO - [DATA] 商家: 顶界•全球蒸汽海鲜自... 评价数: 611 评分: 4.0
2025-09-29 17:57:34,679 - INFO - [DATA] 商家: 牛大帅天天鲜自助牛肉... 评价数: 837 评分: 4.0
2025-09-29 17:57:34,679 - INFO - [DATA] 商家: 曼格蒸汽活海鲜·榴莲... 评价数: 3539 评分: 4.0
2025-09-29 17:57:34,680 - INFO - [DATA] 商家: 食冶海鲜放题(宝安壹... 评价数: 12540 评分: 3.5
2025-09-29 17:57:34,680 - INFO - [DATA] 商家: 汉阳廷自助烤肉·火锅... 评价数: 11938 评分: 4.0
2025-09-29 17:57:34,680 - INFO - [DATA] 商家: 喜庭海鲜自助(海雅缤... 评价数: 5733 评分: 4.0
2025-09-29 17:57:34,681 - INFO - [DATA] 商家: 喜公馆(侨城坊店)... 评价数: 1152 评分: 5.0
2025-09-29 17:57:34,681 - INFO - [DATA] 商家: 彭年万丽酒店·云景轩... 评价数: 4208 评分: 4.0
2025-09-29 17:57:34,681 - INFO - [DATA] 商家: 深圳南山香格里拉·C... 评价数: 1481 评分: 4.5
2025-09-29 17:57:34,681 - INFO - [DATA] 商家: 深圳中洲万豪酒店·南... 评价数: 4139 评分: 4.5
2025-09-29 17:57:34,681 - INFO - [DATA] 商家: Café Chino... 评价数: 6391 评分: 4.0
2025-09-29 17:57:34,682 - INFO - [DATA] 商家: 舟市水产活海鲜·榴莲... 评价数: 8500 评分: 4.0
2025-09-29 17:57:34,682 - INFO - [DATA] 商家: 浅锅和牛小锅放题·烤... 评价数: 9772 评分: 4.0
2025-09-29 17:57:34,682 - INFO - [DATA] 商家: 大渔铁板烧(皇庭广场... 评价数: 1592 评分: 3.5
2025-09-29 17:57:34,682 - INFO - [PAGE] ✅ 第7页成功: 15 个商铺 (耗时16.1秒)
2025-09-29 17:57:34,682 - INFO - [INFO] ✅ 第7页成功: 15 个商铺
2025-09-29 17:57:34,682 - INFO - [DELAY] ⏱️ 页面延迟(relaxed): 8.1秒
2025-09-29 17:57:34,683 - INFO - [INFO] ⏱️ 页面延迟(relaxed): 8.1秒
2025-09-29 17:57:42,785 - INFO - [PAGE] 📄 第8页: https://www.dianping.com/shenzhen/ch10/g111o2p8
2025-09-29 17:57:42,786 - INFO - [PAGE] ⏱️ 开始时间: 17:57:42
2025-09-29 17:57:42,786 - INFO - [INFO] 📄 爬取第8页: 自助餐
2025-09-29 17:57:42,786 - INFO - [PAGE] 🔄 正在加载页面: https://www.dianping.com/shenzhen/ch10/g111o2p8
2025-09-29 17:57:50,673 - INFO - [PAGE] ✅ 页面加载成功: https://www.dianping.com/shenzhen/ch10/g111o2p8
2025-09-29 17:57:54,938 - INFO - [PARSE] 使用模式匹配到 15 个商铺块
2025-09-29 17:57:54,938 - INFO - [DATA] 商家: 领鲜活海鲜自助火锅(... 评价数: 18636 评分: 4.0
2025-09-29 17:57:54,939 - INFO - [DATA] 商家: 大渔铁板烧(佳宁娜店... 评价数: 9177 评分: 4.0
2025-09-29 17:57:54,939 - INFO - [DATA] 商家: 大阪烧肉BAKA一代... 评价数: 1890 评分: 4.5
2025-09-29 17:57:54,939 - INFO - [DATA] 商家: 鼎香缘·海鲜烤肉火锅... 评价数: 4716 评分: 4.0
2025-09-29 17:57:54,940 - INFO - [DATA] 商家: 深圳文华东方酒店·叁... 评价数: 1166 评分: 4.0
2025-09-29 17:57:54,940 - INFO - [DATA] 商家: 鲜咖啡·海鲜自助餐厅... 评价数: 6155 评分: 4.5
2025-09-29 17:57:54,941 - INFO - [DATA] 商家: 深圳南山伊敦酒店·玲... 评价数: 293 评分: 4.5
2025-09-29 17:57:54,941 - INFO - [DATA] 商家: 青蓬四季·粤式海鲜姿... 评价数: 3066 评分: 5.0
2025-09-29 17:57:54,941 - INFO - [DATA] 商家: 牛天宝自助牛肉串串香... 评价数: 2971 评分: 4.5
2025-09-29 17:57:54,941 - INFO - [DATA] 商家: 大渔铁板烧(宝能中心... 评价数: 3879 评分: 4.0
2025-09-29 17:57:54,942 - INFO - [DATA] 商家: 极上大喜锅•鲜活海鲜... 评价数: 3011 评分: 4.0
2025-09-29 17:57:54,942 - INFO - [DATA] 商家: 東22·粵潮菜·海鮮... 评价数: 998 评分: 5.0
2025-09-29 17:57:54,942 - INFO - [DATA] 商家: 汉阳廷自助烤肉·火锅... 评价数: 13252 评分: 4.0
2025-09-29 17:57:54,942 - INFO - [DATA] 商家: 友记卜卜贝·海鲜放题... 评价数: 2098 评分: 5.0
2025-09-29 17:57:54,943 - INFO - [DATA] 商家: 大渔铁板烧(卓悦汇店... 评价数: 5916 评分: 3.5
2025-09-29 17:57:54,943 - INFO - [PAGE] ✅ 第8页成功: 15 个商铺 (耗时12.2秒)
2025-09-29 17:57:54,943 - INFO - [INFO] ✅ 第8页成功: 15 个商铺
2025-09-29 17:57:54,943 - INFO - [DELAY] ⏱️ 页面延迟(careful): 13.6秒
2025-09-29 17:57:54,944 - INFO - [INFO] ⏱️ 页面延迟(careful): 13.6秒
2025-09-29 17:58:08,549 - INFO - [PAGE] 📄 第9页: https://www.dianping.com/shenzhen/ch10/g111o2p9
2025-09-29 17:58:08,549 - INFO - [PAGE] ⏱️ 开始时间: 17:58:08
2025-09-29 17:58:08,549 - INFO - [INFO] 📄 爬取第9页: 自助餐
2025-09-29 17:58:08,550 - INFO - [PAGE] 🔄 正在加载页面: https://www.dianping.com/shenzhen/ch10/g111o2p9
2025-09-29 17:58:16,670 - INFO - [PAGE] ✅ 页面加载成功: https://www.dianping.com/shenzhen/ch10/g111o2p9
2025-09-29 17:58:23,222 - INFO - [PARSE] 使用模式匹配到 15 个商铺块
2025-09-29 17:58:23,223 - INFO - [DATA] 商家: 大渔铁板烧(龙华壹方... 评价数: 1737 评分: 3.5
2025-09-29 17:58:23,223 - INFO - [DATA] 商家: 大中华希尔顿酒店 念... 评价数: 6697 评分: 4.0
2025-09-29 17:58:23,223 - INFO - [DATA] 商家: 牛天宝自助牛肉串串香... 评价数: 1541 评分: 4.0
2025-09-29 17:58:23,224 - INFO - [DATA] 商家: 南里奥巴西烤肉(观澜... 评价数: 9837 评分: 4.5
2025-09-29 17:58:23,224 - INFO - [DATA] 商家: 马厂老火锅(深圳梅林... 评价数: 1294 评分: 5.0
2025-09-29 17:58:23,224 - INFO - [DATA] 商家: 梵廷·铁板烧·日料自... 评价数: 726 评分: 4.0
2025-09-29 17:58:23,224 - INFO - [DATA] 商家: 大渔铁板烧(宝安大仟... 评价数: 4156 评分: 3.5
2025-09-29 17:58:23,225 - INFO - [DATA] 商家: 深圳温德姆至尊酒店–... 评价数: 5926 评分: 4.0
2025-09-29 17:58:23,225 - INFO - [DATA] 商家: 憨孃孃·重庆老火锅(... 评价数: 12761 评分: 4.0
2025-09-29 17:58:23,226 - INFO - [DATA] 商家: 喜井无限自助烤肉公司... 评价数: 7730 评分: 4.0
2025-09-29 17:58:23,226 - INFO - [DATA] 商家: 喜井无限自助烤肉公司... 评价数: 1620 评分: 4.0
2025-09-29 17:58:23,227 - INFO - [DATA] 商家: 喜井无限自助烤肉公司... 评价数: 2759 评分: 4.0
2025-09-29 17:58:23,227 - INFO - [DATA] 商家: FLAVORZ海鲜自... 评价数: 3483 评分: 4.0
2025-09-29 17:58:23,228 - INFO - [DATA] 商家: 深铁铂尔曼酒店·星璞... 评价数: 1270 评分: 5.0
2025-09-29 17:58:23,228 - INFO - [DATA] 商家: 大渔铁板烧(万丰海岸... 评价数: 1716 评分: 4.0
2025-09-29 17:58:23,228 - INFO - [PAGE] ✅ 第9页成功: 15 个商铺 (耗时14.7秒)
2025-09-29 17:58:23,229 - INFO - [INFO] ✅ 第9页成功: 15 个商铺
2025-09-29 17:58:23,229 - INFO - [DELAY] ⏱️ 页面延迟(careful): 17.2秒
2025-09-29 17:58:23,229 - INFO - [INFO] ⏱️ 页面延迟(careful): 17.2秒
2025-09-29 17:58:40,392 - INFO - [PAGE] 📄 第10页: https://www.dianping.com/shenzhen/ch10/g111o2p10
2025-09-29 17:58:40,394 - INFO - [PAGE] ⏱️ 开始时间: 17:58:40
2025-09-29 17:58:40,395 - INFO - [INFO] 📄 爬取第10页: 自助餐
2025-09-29 17:58:40,397 - INFO - [PAGE] 🔄 正在加载页面: https://www.dianping.com/shenzhen/ch10/g111o2p10
2025-09-29 17:58:45,504 - INFO - [PAGE] ✅ 页面加载成功: https://www.dianping.com/shenzhen/ch10/g111o2p10
2025-09-29 17:58:52,036 - INFO - [PARSE] 使用模式匹配到 15 个商铺块
2025-09-29 17:58:52,037 - INFO - [DATA] 商家: 浅锅和牛小锅放题·寿... 评价数: 4253 评分: 4.5
2025-09-29 17:58:52,037 - INFO - [DATA] 商家: 大渔臻选·棠膳(领展... 评价数: 8566 评分: 3.5
2025-09-29 17:58:52,037 - INFO - [DATA] 商家: 悟能八戒自助鲜切烤牛... 评价数: 8745 评分: 4.5
2025-09-29 17:58:52,038 - INFO - [DATA] 商家: 古鲁特现切烤肉自助(... 评价数: 790 评分: 4.0
2025-09-29 17:58:52,038 - INFO - [DATA] 商家: 星璞全日餐厅(深铁皇... 评价数: 2549 评分: 4.5
2025-09-29 17:58:52,038 - INFO - [DATA] 商家: 无忧蜜栈·甜品自助·... 评价数: 370 评分: 3.5
2025-09-29 17:58:52,039 - INFO - [DATA] 商家: 悦餐厅·自助餐厅·深... 评价数: 769 评分: 5.0
2025-09-29 17:58:52,039 - INFO - [DATA] 商家: 喜井无限自助烤肉公司... 评价数: 3458 评分: 4.0
2025-09-29 17:58:52,040 - INFO - [DATA] 商家: 姜胖胖韩式自助烤肉(... 评价数: 8894 评分: 4.5
2025-09-29 17:58:52,040 - INFO - [DATA] 商家: 喜井无限自助烤肉公司... 评价数: 2851 评分: 4.5
2025-09-29 17:58:52,041 - INFO - [DATA] 商家: 欢乐牧场主题自助料理... 评价数: 12922 评分: 4.5
2025-09-29 17:58:52,041 - INFO - [DATA] 商家: 浅锅和牛小锅放题·寿... 评价数: 2872 评分: 4.5
2025-09-29 17:58:52,041 - INFO - [DATA] 商家: 素满香·全民食养自助... 评价数: 1841 评分: 4.0
2025-09-29 17:58:52,042 - INFO - [DATA] 商家: 知味自助餐厅·深圳益... 评价数: 3340 评分: 4.0
2025-09-29 17:58:52,042 - INFO - [DATA] 商家: 友记卜卜贝·海鲜放题... 评价数: 1776 评分: 5.0
2025-09-29 17:58:52,042 - INFO - [PAGE] ✅ 第10页成功: 15 个商铺 (耗时11.6秒)
2025-09-29 17:58:52,042 - INFO - [INFO] ✅ 第10页成功: 15 个商铺
2025-09-29 17:58:52,043 - INFO - [DELAY] ⏱️ 页面延迟(careful): 30.2秒
2025-09-29 17:58:52,043 - INFO - [INFO] ⏱️ 页面延迟(careful): 30.2秒
2025-09-29 17:59:22,225 - INFO - [PAGE] 📄 第11页: https://www.dianping.com/shenzhen/ch10/g111o2p11
2025-09-29 17:59:22,226 - INFO - [PAGE] ⏱️ 开始时间: 17:59:22
2025-09-29 17:59:22,226 - INFO - [INFO] 📄 爬取第11页: 自助餐
2025-09-29 17:59:22,227 - INFO - [PAGE] 🔄 正在加载页面: https://www.dianping.com/shenzhen/ch10/g111o2p11
2025-09-29 17:59:26,306 - INFO - [PAGE] ✅ 页面加载成功: https://www.dianping.com/shenzhen/ch10/g111o2p11
2025-09-29 17:59:31,187 - INFO - [PARSE] 使用模式匹配到 15 个商铺块
2025-09-29 17:59:31,187 - INFO - [DATA] 商家: 欢乐牧场主题自助料理... 评价数: 17297 评分: 4.0
2025-09-29 17:59:31,188 - INFO - [DATA] 商家: 全希·鲜蚝自助(光明... 评价数: 2947 评分: 4.5
2025-09-29 17:59:31,188 - INFO - [DATA] 商家: 豹豹私房火锅(侨城坊... 评价数: 196 评分: 5.0
2025-09-29 17:59:31,188 - INFO - [DATA] 商家: 喜庭海鲜自助(深圳万... 评价数: 4876 评分: 4.0
2025-09-29 17:59:31,189 - INFO - [DATA] 商家: 大渔铁板烧(东海缤纷... 评价数: 3460 评分: 3.5
2025-09-29 17:59:31,189 - INFO - [DATA] 商家: 烟火码头·海鲜Baz... 评价数: 6475 评分: 4.0
2025-09-29 17:59:31,189 - INFO - [DATA] 商家: 333齐齐哈尔·自助... 评价数: 2192 评分: 4.5
2025-09-29 17:59:31,190 - INFO - [DATA] 商家: 博林天瑞喜来登酒店·... 评价数: 4020 评分: 5.0
2025-09-29 17:59:31,190 - INFO - [DATA] 商家: 林真真牛肋条放题(深... 评价数: 995 评分: 4.5
2025-09-29 17:59:31,190 - INFO - [DATA] 商家: 李东顺·朝鲜族自助烤... 评价数: 917 评分: 4.0
2025-09-29 17:59:31,190 - INFO - [DATA] 商家: 大渔铁板烧(龙岗万科... 评价数: 2936 评分: 3.5
2025-09-29 17:59:31,191 - INFO - [DATA] 商家: 万有环球美食百汇(万... 评价数: 4130 评分: 4.0
2025-09-29 17:59:31,191 - INFO - [DATA] 商家: 汉阳廷自助烤肉(坪山... 评价数: 1183 评分: 4.5
2025-09-29 17:59:31,191 - INFO - [DATA] 商家: 怡聚轩全日制自助餐厅... 评价数: 7185 评分: 4.0
2025-09-29 17:59:31,191 - INFO - [DATA] 商家: 何怼怼·自助烧烤工厂... 评价数: 191 评分: 4.0
2025-09-29 17:59:31,191 - INFO - [PAGE] ✅ 第11页成功: 15 个商铺 (耗时9.0秒)
2025-09-29 17:59:31,191 - INFO - [INFO] ✅ 第11页成功: 15 个商铺
2025-09-29 17:59:31,192 - INFO - [DELAY] ⏱️ 页面延迟(normal): 11.7秒
2025-09-29 17:59:31,192 - INFO - [INFO] ⏱️ 页面延迟(normal): 11.7秒
2025-09-29 17:59:42,877 - INFO - [PAGE] 📄 第12页: https://www.dianping.com/shenzhen/ch10/g111o2p12
2025-09-29 17:59:42,877 - INFO - [PAGE] ⏱️ 开始时间: 17:59:42
2025-09-29 17:59:42,878 - INFO - [INFO] 📄 爬取第12页: 自助餐
2025-09-29 17:59:42,878 - INFO - [PAGE] 🔄 正在加载页面: https://www.dianping.com/shenzhen/ch10/g111o2p12
2025-09-29 17:59:49,680 - INFO - [PAGE] ✅ 页面加载成功: https://www.dianping.com/shenzhen/ch10/g111o2p12
2025-09-29 17:59:50,913 - INFO - [UA] 🔄 第12页智能更换User-Agent
2025-09-29 17:59:57,527 - INFO - [PARSE] 使用模式匹配到 15 个商铺块
2025-09-29 17:59:57,527 - INFO - [DATA] 商家: 深圳四季酒店·馥自助... 评价数: 2663 评分: 4.0
2025-09-29 17:59:57,527 - INFO - [DATA] 商家: 吉布鲁牛排海鲜自助(... 评价数: 10730 评分: 4.0
2025-09-29 17:59:57,528 - INFO - [DATA] 商家: 大渔铁板烧(仁恒梦中... 评价数: 1979 评分: 4.0
2025-09-29 17:59:57,528 - INFO - [DATA] 商家: 火烧云·自助牛排锅&... 评价数: 3773 评分: 4.5
2025-09-29 17:59:57,528 - INFO - [DATA] 商家: 欢乐牧场主题自助料理... 评价数: 14305 评分: 4.0
2025-09-29 17:59:57,529 - INFO - [DATA] 商家: 流浪泡泡·破破烂烂的... 评价数: 1016 评分: 4.0
2025-09-29 17:59:57,529 - INFO - [DATA] 商家: 龙华希尔顿逸林酒店-... 评价数: 6975 评分: 4.5
2025-09-29 17:59:57,529 - INFO - [DATA] 商家: 小山川·山野鲜货自助... 评价数: 545 评分: 4.0
2025-09-29 17:59:57,530 - INFO - [DATA] 商家: 味来侠自助小火锅(领... 评价数: 2226 评分: 4.0
2025-09-29 17:59:57,530 - INFO - [DATA] 商家: 深圳回酒店·天邑吧·... 评价数: 4203 评分: 4.5
2025-09-29 17:59:57,530 - INFO - [DATA] 商家: 丽思卡尔顿酒店-PA... 评价数: 1036 评分: 5.0
2025-09-29 17:59:57,531 - INFO - [DATA] 商家: 喜井无限自助烤肉公司... 评价数: 1465 评分: 4.0
2025-09-29 17:59:57,531 - INFO - [DATA] 商家: 喜牛鲜切牛肉自助火锅... 评价数: 6020 评分: 4.5
2025-09-29 17:59:57,531 - INFO - [DATA] 商家: 南里奥巴西烤肉(湾畔... 评价数: 4702 评分: 4.0
2025-09-29 17:59:57,531 - INFO - [DATA] 商家: 前海华侨城JW万豪酒... 评价数: 2449 评分: 4.5
2025-09-29 17:59:57,531 - INFO - [PAGE] ✅ 第12页成功: 15 个商铺 (耗时14.7秒)
2025-09-29 17:59:57,532 - INFO - [INFO] ✅ 第12页成功: 15 个商铺
2025-09-29 17:59:57,532 - INFO - [DELAY] ⏱️ 页面延迟(careful): 15.9秒
2025-09-29 17:59:57,532 - INFO - [INFO] ⏱️ 页面延迟(careful): 15.9秒
2025-09-29 18:00:13,467 - INFO - [PAGE] 📄 第13页: https://www.dianping.com/shenzhen/ch10/g111o2p13
2025-09-29 18:00:13,467 - INFO - [PAGE] ⏱️ 开始时间: 18:00:13
2025-09-29 18:00:13,468 - INFO - [INFO] 📄 爬取第13页: 自助餐
2025-09-29 18:00:13,468 - INFO - [PAGE] 🔄 正在加载页面: https://www.dianping.com/shenzhen/ch10/g111o2p13
2025-09-29 18:00:19,958 - INFO - [PAGE] ✅ 页面加载成功: https://www.dianping.com/shenzhen/ch10/g111o2p13
2025-09-29 18:00:28,767 - INFO - [PARSE] 使用模式匹配到 15 个商铺块
2025-09-29 18:00:28,768 - INFO - [DATA] 商家: 深圳华侨城洲际大酒店... 评价数: 4840 评分: 4.0
2025-09-29 18:00:28,768 - INFO - [DATA] 商家: 喜井无限自助烤肉公司... 评价数: 4852 评分: 4.0
2025-09-29 18:00:28,769 - INFO - [DATA] 商家: 圳小锅旋转自助小火锅... 评价数: 614 评分: 2.0
2025-09-29 18:00:28,769 - INFO - [DATA] 商家: 深圳福朋喜来登酒店·... 评价数: 4041 评分: 4.0
2025-09-29 18:00:28,769 - INFO - [DATA] 商家: 波士BOSS扒房自助... 评价数: 2025 评分: 4.0
2025-09-29 18:00:28,770 - INFO - [DATA] 商家: 憨孃孃·重庆老火锅(... 评价数: 4204 评分: 4.5
2025-09-29 18:00:28,770 - INFO - [DATA] 商家: 虾佬小龙虾·生蚝自助... 评价数: 62 评分: 4.0
2025-09-29 18:00:28,770 - INFO - [DATA] 商家: 姜胖胖无限自助烤肉(... 评价数: 6431 评分: 4.0
2025-09-29 18:00:28,771 - INFO - [DATA] 商家: 君岁·自助鲜切牛肉重... 评价数: 1008 评分: 4.5
2025-09-29 18:00:28,771 - INFO - [DATA] 商家: 喜井无限自助烤肉公司... 评价数: 1487 评分: 4.5
2025-09-29 18:00:28,771 - INFO - [DATA] 商家: 姜胖胖无限自助烤肉(... 评价数: 1861 评分: 4.0
2025-09-29 18:00:28,771 - INFO - [DATA] 商家: 禾季发酵火锅·鲜切牛... 评价数: 2556 评分: 4.5
2025-09-29 18:00:28,772 - INFO - [DATA] 商家: 姜胖胖无限自助烤肉(... 评价数: 1126 评分: 3.5
2025-09-29 18:00:28,772 - INFO - [DATA] 商家: 大渔铁板烧(海上世界... 评价数: 938 评分: 3.5
2025-09-29 18:00:28,772 - INFO - [DATA] 商家: 蛇口希尔顿南海酒店·... 评价数: 3597 评分: 4.0
2025-09-29 18:00:28,772 - INFO - [PAGE] ✅ 第13页成功: 15 个商铺 (耗时15.3秒)
2025-09-29 18:00:28,772 - INFO - [INFO] ✅ 第13页成功: 15 个商铺
2025-09-29 18:00:28,772 - INFO - [DELAY] ⏱️ 页面延迟(relaxed): 11.6秒
2025-09-29 18:00:28,773 - INFO - [INFO] ⏱️ 页面延迟(relaxed): 11.6秒
2025-09-29 18:00:40,406 - INFO - [PAGE] 📄 第14页: https://www.dianping.com/shenzhen/ch10/g111o2p14
2025-09-29 18:00:40,407 - INFO - [PAGE] ⏱️ 开始时间: 18:00:40
2025-09-29 18:00:40,409 - INFO - [INFO] 📄 爬取第14页: 自助餐
2025-09-29 18:00:40,411 - INFO - [PAGE] 🔄 正在加载页面: https://www.dianping.com/shenzhen/ch10/g111o2p14
2025-09-29 18:00:44,840 - INFO - [PAGE] ✅ 页面加载成功: https://www.dianping.com/shenzhen/ch10/g111o2p14
2025-09-29 18:00:51,765 - INFO - [PARSE] 使用模式匹配到 15 个商铺块
2025-09-29 18:00:51,766 - INFO - [DATA] 商家: 大渔铁板烧(前海HO... 评价数: 1330 评分: 3.5
2025-09-29 18:00:51,766 - INFO - [DATA] 商家: 大渔铁板烧(海雅缤纷... 评价数: 3230 评分: 3.5
2025-09-29 18:00:51,766 - INFO - [DATA] 商家: 张钱钱潮汕鲜切牛肉自... 评价数: 1523 评分: 4.0
2025-09-29 18:00:51,767 - INFO - [DATA] 商家: 新罗韩国料理(沙井店... 评价数: 726 评分: 4.5
2025-09-29 18:00:51,767 - INFO - [DATA] 商家: 喜井无限自助烤肉公司... 评价数: 3623 评分: 4.0
2025-09-29 18:00:51,767 - INFO - [DATA] 商家: 南里奥巴西烤肉(AT... 评价数: 4320 评分: 4.0
2025-09-29 18:00:51,768 - INFO - [DATA] 商家: 南里奥巴西烤肉(同泰... 评价数: 5184 评分: 4.5
2025-09-29 18:00:51,768 - INFO - [DATA] 商家: 腕象素食•有机纯净素... 评价数: 440 评分: 5.0
2025-09-29 18:00:51,768 - INFO - [DATA] 商家: 源·咖啡180度全海... 评价数: 4208 评分: 4.5
2025-09-29 18:00:51,768 - INFO - [DATA] 商家: 姜胖胖无限自助烤肉(... 评价数: 385 评分: 4.0
2025-09-29 18:00:51,768 - INFO - [DATA] 商家: 深圳凯宾斯基酒店 ·... 评价数: 3109 评分: 4.0
2025-09-29 18:00:51,769 - INFO - [DATA] 商家: 一鼎来潮汕牛肉自助火... 评价数: 2347 评分: 4.5
2025-09-29 18:00:51,769 - INFO - [DATA] 商家: 大渔铁板烧(布吉礼信... 评价数: 2022 评分: 3.5
2025-09-29 18:00:51,769 - INFO - [DATA] 商家: 东海朗廷酒店秀·Si... 评价数: 3105 评分: 4.0
2025-09-29 18:00:51,769 - INFO - [DATA] 商家: 汉阳廷自助烤肉(光明... 评价数: 12188 评分: 4.5
2025-09-29 18:00:51,769 - INFO - [PAGE] ✅ 第14页成功: 15 个商铺 (耗时11.4秒)
2025-09-29 18:00:51,769 - INFO - [INFO] ✅ 第14页成功: 15 个商铺
2025-09-29 18:00:51,770 - INFO - [DELAY] ⏱️ 页面延迟(relaxed): 6.7秒
2025-09-29 18:00:51,770 - INFO - [INFO] ⏱️ 页面延迟(relaxed): 6.7秒
2025-09-29 18:00:58,457 - INFO - [PAGE] 📄 第15页: https://www.dianping.com/shenzhen/ch10/g111o2p15
2025-09-29 18:00:58,458 - INFO - [PAGE] ⏱️ 开始时间: 18:00:58
2025-09-29 18:00:58,458 - INFO - [INFO] 📄 爬取第15页: 自助餐
2025-09-29 18:00:58,459 - INFO - [PAGE] 🔄 正在加载页面: https://www.dianping.com/shenzhen/ch10/g111o2p15
2025-09-29 18:01:02,536 - INFO - [PAGE] ✅ 页面加载成功: https://www.dianping.com/shenzhen/ch10/g111o2p15
2025-09-29 18:01:07,762 - INFO - [PARSE] 使用模式匹配到 15 个商铺块
2025-09-29 18:01:07,763 - INFO - [DATA] 商家: 深圳香格里拉-香咖啡... 评价数: 4559 评分: 4.5
2025-09-29 18:01:07,763 - INFO - [DATA] 商家: 大渔铁板烧(龙岗万达... 评价数: 859 评分: 3.5
2025-09-29 18:01:07,763 - INFO - [DATA] 商家: 善和缘素食自助餐厅(... 评价数: 194 评分: 4.0
2025-09-29 18:01:07,764 - INFO - [DATA] 商家: 隐秀山居酒店·秀厨融... 评价数: 3099 评分: 5.0
2025-09-29 18:01:07,764 - INFO - [DATA] 商家: 何怼怼·自助烧烤工厂... 评价数: 593 评分: 4.0
2025-09-29 18:01:07,764 - INFO - [DATA] 商家: 小炉子·东北自助烧烤... 评价数: 775 评分: 4.0
2025-09-29 18:01:07,765 - INFO - [DATA] 商家: 大汗烧烤·碳烤羊腿(... 评价数: 9174 评分: 4.0
2025-09-29 18:01:07,765 - INFO - [DATA] 商家: 秀·自助烤肉·鲜牛肉... 评价数: 5998 评分: 4.5
2025-09-29 18:01:07,765 - INFO - [DATA] 商家: 谭三娘鲜切牛肉自助火... 评价数: 1972 评分: 4.0
2025-09-29 18:01:07,766 - INFO - [DATA] 商家: 南里奥巴西烤肉(锦泰... 评价数: 5680 评分: 4.0
2025-09-29 18:01:07,766 - INFO - [DATA] 商家: 安蒂娅·海鲜自助餐厅... 评价数: 4254 评分: 4.5
2025-09-29 18:01:07,766 - INFO - [DATA] 商家: 西牛季牛扒精品自助餐... 评价数: 1743 评分: 4.0
2025-09-29 18:01:07,766 - INFO - [DATA] 商家: 悟能八戒自助鲜切烤牛... 评价数: 5070 评分: 4.5
2025-09-29 18:01:07,766 - INFO - [DATA] 商家: 何怼怼·自助烧烤工厂... 评价数: 1828 评分: 4.0
2025-09-29 18:01:07,767 - INFO - [DATA] 商家: 何怼怼·自助烧烤工厂... 评价数: 1588 评分: 4.0
2025-09-29 18:01:07,767 - INFO - [PAGE] ✅ 第15页成功: 15 个商铺 (耗时9.3秒)
2025-09-29 18:01:07,767 - INFO - [INFO] ✅ 第15页成功: 15 个商铺
2025-09-29 18:01:07,767 - INFO - ----------------------------------------
2025-09-29 18:01:07,767 - INFO - [CATEGORY] ✅ 品类 自助餐 完成
2025-09-29 18:01:07,767 - INFO - [CATEGORY] 📊 商铺数: 225 个
2025-09-29 18:01:07,768 - INFO - [CATEGORY] ⏱️ 耗时: 375.1秒
2025-09-29 18:01:07,770 - INFO - [SAVE] ✅ 数据已追加到: custom_crawl_深圳市_自助餐_partial_20250929_180107.csv
2025-09-29 18:01:07,771 - INFO - [INFO] ✅ 数据已保存: 深圳市_自助餐_部分数据 (225个商铺)
2025-09-29 18:01:07,771 - INFO - [SAVE] 📊 数据质量分析:
2025-09-29 18:01:07,772 - INFO - [SAVE]   总商铺数: 225
2025-09-29 18:01:07,772 - INFO - [SAVE]   价格完整率: 100.0% (225/225)
2025-09-29 18:01:07,772 - INFO - [SAVE]   品类分布:
2025-09-29 18:01:07,772 - INFO - [SAVE]     自助餐: 225 个商铺
2025-09-29 18:01:07,773 - INFO - [DELAY] ⏱️ 品类间延迟: 35.5秒
2025-09-29 18:01:07,773 - INFO - [INFO] ⏱️ 品类间延迟: 35.5秒
2025-09-29 18:01:43,250 - INFO - --------------------------------------------------
2025-09-29 18:01:43,251 - INFO - [CATEGORY] 📂 开始处理品类 2/2: 日式料理
2025-09-29 18:01:43,252 - INFO - [CATEGORY] 🆔 品类ID: g113
2025-09-29 18:01:43,254 - INFO - [CATEGORY] ⏱️ 开始时间: 18:01:43
2025-09-29 18:01:43,255 - INFO - [INFO] 📂 开始处理品类 2/2: 日式料理
2025-09-29 18:01:43,257 - INFO - [CATEGORY] 📊 页数范围: 1-15页
2025-09-29 18:01:43,258 - INFO - [CATEGORY] ⚠️ 最大连续无数据页面: 7
2025-09-29 18:01:43,259 - INFO - [PAGE] 📄 第1页: https://www.dianping.com/shenzhen/ch10/g113o2
2025-09-29 18:01:43,261 - INFO - [PAGE] ⏱️ 开始时间: 18:01:43
2025-09-29 18:01:43,262 - INFO - [INFO] 📄 爬取第1页: 日式料理
2025-09-29 18:01:43,264 - INFO - [PAGE] 🔄 正在加载页面: https://www.dianping.com/shenzhen/ch10/g113o2
2025-09-29 18:01:51,761 - INFO - [PAGE] ✅ 页面加载成功: https://www.dianping.com/shenzhen/ch10/g113o2
2025-09-29 18:01:56,411 - INFO - [PARSE] 使用模式匹配到 15 个商铺块
2025-09-29 18:01:56,412 - INFO - [DATA] 商家: 一乐の食堂(卓悦中心... 评价数: 20907 评分: 4.0
2025-09-29 18:01:56,412 - INFO - [DATA] 商家: 鮨冠OMAKASE食... 评价数: 291 评分: 4.5
2025-09-29 18:01:56,412 - INFO - [DATA] 商家: 大無烧肉(卓悦中心店... 评价数: 9327 评分: 5.0
2025-09-29 18:01:56,413 - INFO - [DATA] 商家: 匣倍inBox日风食... 评价数: 2546 评分: 4.5
2025-09-29 18:01:56,413 - INFO - [DATA] 商家: 炭番长·串烧(深圳首... 评价数: 2815 评分: 4.0
2025-09-29 18:01:56,414 - INFO - [DATA] 商家: 寿司郎(海岸城店)... 评价数: 6929 评分: 4.0
2025-09-29 18:01:56,414 - INFO - [DATA] 商家: Sushi Hanz... 评价数: 6094 评分: 4.0
2025-09-29 18:01:56,414 - INFO - [DATA] 商家: 千户岛じま·日料放题... 评价数: 513 评分: 4.0
2025-09-29 18:01:56,414 - INFO - [DATA] 商家: 一樂·烧肉居酒屋(世... 评价数: 5297 评分: 4.0
2025-09-29 18:01:56,415 - INFO - [DATA] 商家: 寿司郎(海雅缤纷城店... 评价数: 4953 评分: 4.0
2025-09-29 18:01:56,415 - INFO - [DATA] 商家: SOKO SOKO(... 评价数: 4705 评分: 4.5
2025-09-29 18:01:56,415 - INFO - [DATA] 商家: 黑牛の店·和牛烧肉·... 评价数: 7510 评分: 4.5
2025-09-29 18:01:56,415 - INFO - [DATA] 商家: 久藏·横膈膜烧肉(深... 评价数: 986 评分: 4.5
2025-09-29 18:01:56,416 - INFO - [DATA] 商家: 往遠 GO FAR(... 评价数: 2404 评分: 4.0
2025-09-29 18:01:56,416 - INFO - [DATA] 商家: 寿司本色·中华寿司传... 评价数: 733 评分: 4.0
2025-09-29 18:01:56,416 - INFO - [PAGE] ✅ 第1页成功: 15 个商铺 (耗时13.2秒)
2025-09-29 18:01:56,416 - INFO - [INFO] ✅ 第1页成功: 15 个商铺
2025-09-29 18:01:56,416 - INFO - [DELAY] ⏱️ 页面延迟(careful): 14.2秒
2025-09-29 18:01:56,416 - INFO - [INFO] ⏱️ 页面延迟(careful): 14.2秒
2025-09-29 18:02:10,643 - INFO - [PAGE] 📄 第2页: https://www.dianping.com/shenzhen/ch10/g113o2p2
2025-09-29 18:02:10,645 - INFO - [PAGE] ⏱️ 开始时间: 18:02:10
2025-09-29 18:02:10,646 - INFO - [INFO] 📄 爬取第2页: 日式料理
2025-09-29 18:02:10,647 - INFO - [PAGE] 🔄 正在加载页面: https://www.dianping.com/shenzhen/ch10/g113o2p2
2025-09-29 18:02:18,642 - INFO - [PAGE] ✅ 页面加载成功: https://www.dianping.com/shenzhen/ch10/g113o2p2
2025-09-29 18:02:20,732 - INFO - [UA] 🔄 第2页智能更换User-Agent
2025-09-29 18:02:24,578 - INFO - [PARSE] 使用模式匹配到 15 个商铺块
2025-09-29 18:02:24,578 - INFO - [DATA] 商家: 小十Omakase(... 评价数: 842 评分: 5.0
2025-09-29 18:02:24,578 - INFO - [DATA] 商家: 蒲匠·和牛烧肉蒲烧活... 评价数: 8936 评分: 5.0
2025-09-29 18:02:24,579 - INFO - [DATA] 商家: 山禾田·日料小屋(宝... 评价数: 844 评分: 4.5
2025-09-29 18:02:24,579 - INFO - [DATA] 商家: 进吾寿司·匠(卓悦中... 评价数: 485 评分: 4.5
2025-09-29 18:02:24,579 - INFO - [DATA] 商家: 三三木锅物·料理(深... 评价数: 619 评分: 4.0
2025-09-29 18:02:24,580 - INFO - [DATA] 商家: 鮨政·Omakase... 评价数: 6535 评分: 4.0
2025-09-29 18:02:24,580 - INFO - [DATA] 商家: 霧BISTRO(后海... 评价数: 1631 评分: 5.0
2025-09-29 18:02:24,580 - INFO - [DATA] 商家: 炙柒Sekinana... 评价数: 6842 评分: 4.0
2025-09-29 18:02:24,580 - INFO - [DATA] 商家: 田舍家INAKAYA... 评价数: 2681 评分: 4.0
2025-09-29 18:02:24,581 - INFO - [DATA] 商家: 和牛食堂•BISTR... 评价数: 2328 评分: 5.0
2025-09-29 18:02:24,581 - INFO - [DATA] 商家: 木大叔的料理店(汇金... 评价数: 5382 评分: 4.5
2025-09-29 18:02:24,581 - INFO - [DATA] 商家: 胆道·海胆专门店(福... 评价数: 7178 评分: 4.5
2025-09-29 18:02:24,581 - INFO - [DATA] 商家: 小十Omakase(... 评价数: 1560 评分: 5.0
2025-09-29 18:02:24,581 - INFO - [DATA] 商家: 焼肉ライク· 烧肉L... 评价数: 2253 评分: 5.0
2025-09-29 18:02:24,581 - INFO - [DATA] 商家: 云·寿喜烧... 评价数: 1056 评分: 4.0
2025-09-29 18:02:24,582 - INFO - [PAGE] ✅ 第2页成功: 15 个商铺 (耗时13.9秒)
2025-09-29 18:02:24,582 - INFO - [INFO] ✅ 第2页成功: 15 个商铺
2025-09-29 18:02:24,582 - INFO - [DELAY] ⏱️ 页面延迟(careful): 15.4秒
2025-09-29 18:02:24,582 - INFO - [INFO] ⏱️ 页面延迟(careful): 15.4秒
2025-09-29 18:02:40,014 - INFO - [PAGE] 📄 第3页: https://www.dianping.com/shenzhen/ch10/g113o2p3
2025-09-29 18:02:40,014 - INFO - [PAGE] ⏱️ 开始时间: 18:02:40
2025-09-29 18:02:40,015 - INFO - [INFO] 📄 爬取第3页: 日式料理
2025-09-29 18:02:40,015 - INFO - [PAGE] 🔄 正在加载页面: https://www.dianping.com/shenzhen/ch10/g113o2p3
2025-09-29 18:02:48,836 - INFO - [PAGE] ✅ 页面加载成功: https://www.dianping.com/shenzhen/ch10/g113o2p3
2025-09-29 18:02:54,314 - INFO - [PARSE] 使用模式匹配到 15 个商铺块
2025-09-29 18:02:54,315 - INFO - [DATA] 商家: 鮨政·Omakase... 评价数: 4288 评分: 4.5
2025-09-29 18:02:54,315 - INFO - [DATA] 商家: 本源食集 日式烧肉·... 评价数: 6177 评分: 4.5
2025-09-29 18:02:54,315 - INFO - [DATA] 商家: 无印良品餐堂 MUJ... 评价数: 5341 评分: 4.0
2025-09-29 18:02:54,316 - INFO - [DATA] 商家: 寿司郎(卓悦中心店)... 评价数: 5071 评分: 4.0
2025-09-29 18:02:54,316 - INFO - [DATA] 商家: 十贯SUSHI JY... 评价数: 3680 评分: 4.5
2025-09-29 18:02:54,317 - INFO - [DATA] 商家: 大馥 · 烧肉丼饭(... 评价数: 10867 评分: 4.0
2025-09-29 18:02:54,317 - INFO - [DATA] 商家: 燒肉公社(海岸城店)... 评价数: 2791 评分: 4.5
2025-09-29 18:02:54,317 - INFO - [DATA] 商家: 鮨·匠龍(福田领展中... 评价数: 1009 评分: 4.5
2025-09-29 18:02:54,318 - INFO - [DATA] 商家: 寿司処·小志(蛇口店... 评价数: 810 评分: 5.0
2025-09-29 18:02:54,318 - INFO - [DATA] 商家: 泓松京都日本料理(K... 评价数: 438 评分: 4.0
2025-09-29 18:02:54,318 - INFO - [DATA] 商家: Sushi Hanz... 评价数: 4356 评分: 4.5
2025-09-29 18:02:54,318 - INFO - [DATA] 商家: 鸟沢TORISAWĀ... 评价数: 5413 评分: 4.5
2025-09-29 18:02:54,319 - INFO - [DATA] 商家: 寿司処·小志(深业上... 评价数: 2278 评分: 4.5
2025-09-29 18:02:54,319 - INFO - [DATA] 商家: 一鱼居酒屋(海岸城店... 评价数: 2752 评分: 4.0
2025-09-29 18:02:54,319 - INFO - [DATA] 商家: 鮨·匠龍(宝安大悦城... 评价数: 921 评分: 5.0
2025-09-29 18:02:54,319 - INFO - [PAGE] ✅ 第3页成功: 15 个商铺 (耗时14.3秒)
2025-09-29 18:02:54,320 - INFO - [INFO] ✅ 第3页成功: 15 个商铺
2025-09-29 18:02:54,320 - INFO - [DELAY] ⏱️ 页面延迟(careful): 9.5秒
2025-09-29 18:02:54,320 - INFO - [INFO] ⏱️ 页面延迟(careful): 9.5秒
2025-09-29 18:03:03,794 - INFO - [PAGE] 📄 第4页: https://www.dianping.com/shenzhen/ch10/g113o2p4
2025-09-29 18:03:03,794 - INFO - [PAGE] ⏱️ 开始时间: 18:03:03
2025-09-29 18:03:03,795 - INFO - [INFO] 📄 爬取第4页: 日式料理
2025-09-29 18:03:03,795 - INFO - [PAGE] 🔄 正在加载页面: https://www.dianping.com/shenzhen/ch10/g113o2p4
2025-09-29 18:03:08,083 - INFO - [PAGE] ✅ 页面加载成功: https://www.dianping.com/shenzhen/ch10/g113o2p4
2025-09-29 18:03:14,943 - INFO - [PARSE] 使用模式匹配到 15 个商铺块
2025-09-29 18:03:14,943 - INFO - [DATA] 商家: 寿司郎(皇庭广场店)... 评价数: 3441 评分: 4.0
2025-09-29 18:03:14,943 - INFO - [DATA] 商家: 藏巷炉端烧·庭院·居... 评价数: 661 评分: 5.0
2025-09-29 18:03:14,944 - INFO - [DATA] 商家: 森田· 关西风寿喜烧... 评价数: 1308 评分: 4.5
2025-09-29 18:03:14,944 - INFO - [DATA] 商家: 美野商店•日式茶餐厅... 评价数: 4630 评分: 4.0
2025-09-29 18:03:14,945 - INFO - [DATA] 商家: 山禾田·日料小屋(罗... 评价数: 10843 评分: 4.5
2025-09-29 18:03:14,945 - INFO - [DATA] 商家: 肉肉大米(福田星河C... 评价数: 4194 评分: 4.0
2025-09-29 18:03:14,945 - INFO - [DATA] 商家: 肉肉大米(壹方城店)... 评价数: 3959 评分: 4.0
2025-09-29 18:03:14,946 - INFO - [DATA] 商家: 十贯SUSHI JY... 评价数: 4302 评分: 5.0
2025-09-29 18:03:14,946 - INFO - [DATA] 商家: 莺时TOKI(平安金... 评价数: 3433 评分: 5.0
2025-09-29 18:03:14,946 - INFO - [DATA] 商家: 山禾田·日料小屋(南... 评价数: 9332 评分: 4.5
2025-09-29 18:03:14,947 - INFO - [DATA] 商家: HULU麵屋(南光店... 评价数: 1197 评分: 4.0
2025-09-29 18:03:14,947 - INFO - [DATA] 商家: 木大叔的料理店(坂田... 评价数: 3594 评分: 4.5
2025-09-29 18:03:14,947 - INFO - [DATA] 商家: 焼肉ライク· 烧肉L... 评价数: 3776 评分: 5.0
2025-09-29 18:03:14,947 - INFO - [DATA] 商家: 百分和食·创意日本料... 评价数: 4558 评分: 4.0
2025-09-29 18:03:14,947 - INFO - [DATA] 商家: 山禾田·日料小屋(福... 评价数: 4099 评分: 4.5
2025-09-29 18:03:14,948 - INFO - [PAGE] ✅ 第4页成功: 15 个商铺 (耗时11.2秒)
2025-09-29 18:03:14,948 - INFO - [INFO] ✅ 第4页成功: 15 个商铺
2025-09-29 18:03:14,948 - INFO - [DELAY] ⏱️ 页面延迟(normal): 14.4秒
2025-09-29 18:03:14,948 - INFO - [INFO] ⏱️ 页面延迟(normal): 14.4秒
2025-09-29 18:03:29,374 - INFO - [PAGE] 📄 第5页: https://www.dianping.com/shenzhen/ch10/g113o2p5
2025-09-29 18:03:29,374 - INFO - [PAGE] ⏱️ 开始时间: 18:03:29
2025-09-29 18:03:29,374 - INFO - [INFO] 📄 爬取第5页: 日式料理
2025-09-29 18:03:29,374 - INFO - [PAGE] 🔄 正在加载页面: https://www.dianping.com/shenzhen/ch10/g113o2p5
2025-09-29 18:03:34,032 - INFO - [PAGE] ✅ 页面加载成功: https://www.dianping.com/shenzhen/ch10/g113o2p5
2025-09-29 18:03:42,523 - INFO - [PARSE] 使用模式匹配到 15 个商铺块
2025-09-29 18:03:42,523 - INFO - [DATA] 商家: 寿司宋SUSHI S... 评价数: 38 评分: 3.5
2025-09-29 18:03:42,524 - INFO - [DATA] 商家: 鸟沢TORISAWĀ... 评价数: 7118 评分: 4.0
2025-09-29 18:03:42,524 - INFO - [DATA] 商家: 肉肉大米(卓悦中心)... 评价数: 884 评分: 4.0
2025-09-29 18:03:42,524 - INFO - [DATA] 商家: 富淞·和牛炭火焼肉(... 评价数: 7402 评分: 5.0
2025-09-29 18:03:42,525 - INFO - [DATA] 商家: 哥哥の深夜食堂(深圳... 评价数: 707 评分: 4.5
2025-09-29 18:03:42,525 - INFO - [DATA] 商家: 寿司郎(KK ONE... 评价数: 3150 评分: 4.0
2025-09-29 18:03:42,526 - INFO - [DATA] 商家: 燒肉公社(梅林店)... 评价数: 5289 评分: 4.0
2025-09-29 18:03:42,526 - INFO - [DATA] 商家: 鮨政BLACK LA... 评价数: 161 评分: 4.0
2025-09-29 18:03:42,526 - INFO - [DATA] 商家: 寿司郎(壹方天地店)... 评价数: 2967 评分: 4.0
2025-09-29 18:03:42,526 - INFO - [DATA] 商家: 白金酉玉Torita... 评价数: 2422 评分: 4.0
2025-09-29 18:03:42,527 - INFO - [DATA] 商家: 胆道·海胆专门店(万... 评价数: 4650 评分: 5.0
2025-09-29 18:03:42,527 - INFO - [DATA] 商家: 蟹道(平安金融中心店... 评价数: 2731 评分: 5.0
2025-09-29 18:03:42,527 - INFO - [DATA] 商家: 观璟高空铁板烧·料理... 评价数: 8253 评分: 5.0
2025-09-29 18:03:42,528 - INFO - [DATA] 商家: 寿司処·小志(罗湖k... 评价数: 2125 评分: 5.0
2025-09-29 18:03:42,528 - INFO - [DATA] 商家: CURRY YA 熟... 评价数: 2009 评分: 4.0
2025-09-29 18:03:42,528 - INFO - [PAGE] ✅ 第5页成功: 15 个商铺 (耗时13.2秒)
2025-09-29 18:03:42,528 - INFO - [INFO] ✅ 第5页成功: 15 个商铺
2025-09-29 18:03:42,528 - INFO - [DELAY] ⏱️ 页面延迟(careful): 11.0秒
2025-09-29 18:03:42,529 - INFO - [INFO] ⏱️ 页面延迟(careful): 11.0秒
2025-09-29 18:03:53,503 - INFO - [PAGE] 📄 第6页: https://www.dianping.com/shenzhen/ch10/g113o2p6
2025-09-29 18:03:53,504 - INFO - [PAGE] ⏱️ 开始时间: 18:03:53
2025-09-29 18:03:53,504 - INFO - [INFO] 📄 爬取第6页: 日式料理
2025-09-29 18:03:53,505 - INFO - [PAGE] 🔄 正在加载页面: https://www.dianping.com/shenzhen/ch10/g113o2p6
2025-09-29 18:04:00,513 - INFO - [PAGE] ✅ 页面加载成功: https://www.dianping.com/shenzhen/ch10/g113o2p6
2025-09-29 18:04:02,762 - INFO - [UA] 🔄 第6页智能更换User-Agent
2025-09-29 18:04:04,074 - INFO - [PARSE] 使用模式匹配到 15 个商铺块
2025-09-29 18:04:04,074 - INFO - [DATA] 商家: 寿司郎(iN城市广场... 评价数: 635 评分: 4.0
2025-09-29 18:04:04,074 - INFO - [DATA] 商家: 小十Omakase(... 评价数: 384 评分: 5.0
2025-09-29 18:04:04,075 - INFO - [DATA] 商家: 炙柒Sekinana... 评价数: 4780 评分: 4.5
2025-09-29 18:04:04,075 - INFO - [DATA] 商家: 何止料理(红山697... 评价数: 1652 评分: 4.5
2025-09-29 18:04:04,076 - INFO - [DATA] 商家: 寿司郎(星河WORL... 评价数: 1589 评分: 4.0
2025-09-29 18:04:04,076 - INFO - [DATA] 商家: 小森师傅(皇庭广场店... 评价数: 2926 评分: 4.5
2025-09-29 18:04:04,076 - INFO - [DATA] 商家: 摩打食堂(壹方中心店... 评价数: 3005 评分: 4.5
2025-09-29 18:04:04,077 - INFO - [DATA] 商家: 森田·关西风寿喜烧(... 评价数: 1160 评分: 5.0
2025-09-29 18:04:04,077 - INFO - [DATA] 商家: 滨寿司(深圳连城新天... 评价数: 1854 评分: 4.0
2025-09-29 18:04:04,077 - INFO - [DATA] 商家: 肉肉大米(深圳金光华... 评价数: 735 评分: 4.0
2025-09-29 18:04:04,078 - INFO - [DATA] 商家: 云璟高空铁板烧·料理... 评价数: 3051 评分: 5.0
2025-09-29 18:04:04,078 - INFO - [DATA] 商家: 本源食集 日式烧肉·... 评价数: 4751 评分: 5.0
2025-09-29 18:04:04,078 - INFO - [DATA] 商家: 岚山庭日本料理(福田... 评价数: 3929 评分: 4.5
2025-09-29 18:04:04,078 - INFO - [DATA] 商家: 鸟鹏烧鸟居酒屋(高新... 评价数: 4896 评分: 4.5
2025-09-29 18:04:04,078 - INFO - [DATA] 商家: 平成屋·栀子花(深圳... 评价数: 3167 评分: 4.0
2025-09-29 18:04:04,078 - INFO - [PAGE] ✅ 第6页成功: 15 个商铺 (耗时10.6秒)
2025-09-29 18:04:04,079 - INFO - [INFO] ✅ 第6页成功: 15 个商铺
2025-09-29 18:04:04,079 - INFO - [DELAY] ⏱️ 页面延迟(relaxed): 8.6秒
2025-09-29 18:04:04,079 - INFO - [INFO] ⏱️ 页面延迟(relaxed): 8.6秒
2025-09-29 18:04:12,654 - INFO - [PAGE] 📄 第7页: https://www.dianping.com/shenzhen/ch10/g113o2p7
2025-09-29 18:04:12,656 - INFO - [PAGE] ⏱️ 开始时间: 18:04:12
2025-09-29 18:04:12,657 - INFO - [INFO] 📄 爬取第7页: 日式料理
2025-09-29 18:04:12,658 - INFO - [PAGE] 🔄 正在加载页面: https://www.dianping.com/shenzhen/ch10/g113o2p7
2025-09-29 18:04:19,653 - INFO - [PAGE] ✅ 页面加载成功: https://www.dianping.com/shenzhen/ch10/g113o2p7
2025-09-29 18:04:26,098 - INFO - [PARSE] 使用模式匹配到 15 个商铺块
2025-09-29 18:04:26,098 - INFO - [DATA] 商家: 鸟剑居酒屋(西丽万科... 评价数: 567 评分: 4.5
2025-09-29 18:04:26,098 - INFO - [DATA] 商家: 鳗次郎·鳗鱼专门店(... 评价数: 2838 评分: 4.5
2025-09-29 18:04:26,099 - INFO - [DATA] 商家: 鸟鹏烧鸟居酒屋(购物... 评价数: 2293 评分: 5.0
2025-09-29 18:04:26,099 - INFO - [DATA] 商家: 渡来料亭(福田本店)... 评价数: 4021 评分: 4.5
2025-09-29 18:04:26,100 - INFO - [DATA] 商家: 寿司郎(深圳天虹龙华... 评价数: 4055 评分: 4.5
2025-09-29 18:04:26,100 - INFO - [DATA] 商家: CURRY YA 熟... 评价数: 3648 评分: 4.0
2025-09-29 18:04:26,100 - INFO - [DATA] 商家: 肉肉大米(深圳布吉万... 评价数: 2325 评分: 4.5
2025-09-29 18:04:26,101 - INFO - [DATA] 商家: 天妇罗内顺田(罗湖店... 评价数: 1499 评分: 5.0
2025-09-29 18:04:26,101 - INFO - [DATA] 商家: 老乾杯(深圳湾万象城... 评价数: 3739 评分: 4.5
2025-09-29 18:04:26,101 - INFO - [DATA] 商家: 燔太师 Fantas... 评价数: 856 评分: 4.5
2025-09-29 18:04:26,101 - INFO - [DATA] 商家: 一王料理·天妇罗(万... 评价数: 1672 评分: 4.5
2025-09-29 18:04:26,102 - INFO - [DATA] 商家: 常虹·铁板料理(深圳... 评价数: 1352 评分: 4.5
2025-09-29 18:04:26,102 - INFO - [DATA] 商家: 享·日料铁板烧(印力... 评价数: 5413 评分: 4.5
2025-09-29 18:04:26,102 - INFO - [DATA] 商家: 鮨·匠龍(罗湖 KK... 评价数: 2265 评分: 5.0
2025-09-29 18:04:26,103 - INFO - [DATA] 商家: 晴空·日本料理(万象... 评价数: 1267 评分: 4.5
2025-09-29 18:04:26,103 - INFO - [PAGE] ✅ 第7页成功: 15 个商铺 (耗时13.4秒)
2025-09-29 18:04:26,103 - INFO - [INFO] ✅ 第7页成功: 15 个商铺
2025-09-29 18:04:26,103 - INFO - [DELAY] ⏱️ 页面延迟(relaxed): 9.3秒
2025-09-29 18:04:26,104 - INFO - [INFO] ⏱️ 页面延迟(relaxed): 9.3秒
2025-09-29 18:04:35,373 - INFO - [PAGE] 📄 第8页: https://www.dianping.com/shenzhen/ch10/g113o2p8
2025-09-29 18:04:35,374 - INFO - [PAGE] ⏱️ 开始时间: 18:04:35
2025-09-29 18:04:35,374 - INFO - [INFO] 📄 爬取第8页: 日式料理
2025-09-29 18:04:35,375 - INFO - [PAGE] 🔄 正在加载页面: https://www.dianping.com/shenzhen/ch10/g113o2p8
2025-09-29 18:04:44,106 - INFO - [PAGE] ✅ 页面加载成功: https://www.dianping.com/shenzhen/ch10/g113o2p8
2025-09-29 18:04:45,965 - INFO - [UA] 🔄 第8页智能更换User-Agent
2025-09-29 18:04:49,615 - INFO - [PARSE] 使用模式匹配到 15 个商铺块
2025-09-29 18:04:49,616 - INFO - [DATA] 商家: 乌君·ARK酒场·炭... 评价数: 1272 评分: 4.0
2025-09-29 18:04:49,616 - INFO - [DATA] 商家: 大阪烧肉BAKA一代... 评价数: 10244 评分: 4.5
2025-09-29 18:04:49,617 - INFO - [DATA] 商家: 岩盐·铁板料理(嘉里... 评价数: 2502 评分: 4.5
2025-09-29 18:04:49,617 - INFO - [DATA] 商家: Sushi Hanz... 评价数: 2309 评分: 4.0
2025-09-29 18:04:49,617 - INFO - [DATA] 商家: 摩打食堂(皇庭广场店... 评价数: 6754 评分: 4.5
2025-09-29 18:04:49,618 - INFO - [DATA] 商家: 莺匠·江户前料理... 评价数: 574 评分: 5.0
2025-09-29 18:04:49,618 - INFO - [DATA] 商家: 霧MIST(深圳湾吉... 评价数: 900 评分: 4.5
2025-09-29 18:04:49,618 - INFO - [DATA] 商家: 老乾杯(平安金融中心... 评价数: 5362 评分: 4.5
2025-09-29 18:04:49,618 - INFO - [DATA] 商家: 寿司郎(卓悦汇店)... 评价数: 3010 评分: 4.0
2025-09-29 18:04:49,619 - INFO - [DATA] 商家: CHABUYA·东京... 评价数: 3614 评分: 4.0
2025-09-29 18:04:49,619 - INFO - [DATA] 商家: 旨楽·板前寿司... 评价数: 1171 评分: 4.5
2025-09-29 18:04:49,619 - INFO - [DATA] 商家: 大馥·烧肉丼饭·璞金... 评价数: 2599 评分: 4.5
2025-09-29 18:04:49,619 - INFO - [DATA] 商家: 鸟鹏烧鸟居酒屋(皇庭... 评价数: 5012 评分: 4.5
2025-09-29 18:04:49,619 - INFO - [DATA] 商家: 烧肉横纲(壹方城店)... 评价数: 4570 评分: 5.0
2025-09-29 18:04:49,620 - INFO - [DATA] 商家: 藏巷炉端烧·十酒·居... 评价数: 1518 评分: 5.0
2025-09-29 18:04:49,620 - INFO - [PAGE] ✅ 第8页成功: 15 个商铺 (耗时14.2秒)
2025-09-29 18:04:49,620 - INFO - [INFO] ✅ 第8页成功: 15 个商铺
2025-09-29 18:04:49,620 - INFO - [DELAY] ⏱️ 页面延迟(relaxed): 10.5秒
2025-09-29 18:04:49,620 - INFO - [INFO] ⏱️ 页面延迟(relaxed): 10.5秒
2025-09-29 18:05:00,102 - INFO - [PAGE] 📄 第9页: https://www.dianping.com/shenzhen/ch10/g113o2p9
2025-09-29 18:05:00,103 - INFO - [PAGE] ⏱️ 开始时间: 18:05:00
2025-09-29 18:05:00,105 - INFO - [INFO] 📄 爬取第9页: 日式料理
2025-09-29 18:05:00,106 - INFO - [PAGE] 🔄 正在加载页面: https://www.dianping.com/shenzhen/ch10/g113o2p9
2025-09-29 18:05:06,494 - INFO - [PAGE] ✅ 页面加载成功: https://www.dianping.com/shenzhen/ch10/g113o2p9
2025-09-29 18:05:13,220 - INFO - [PARSE] 使用模式匹配到 15 个商铺块
2025-09-29 18:05:13,221 - INFO - [DATA] 商家: 合气屋·家庭料理(南... 评价数: 6356 评分: 4.0
2025-09-29 18:05:13,221 - INFO - [DATA] 商家: 晗山月YAMA TS... 评价数: 1427 评分: 5.0
2025-09-29 18:05:13,222 - INFO - [DATA] 商家: 平成屋(龙岗大运天地... 评价数: 2035 评分: 4.5
2025-09-29 18:05:13,222 - INFO - [DATA] 商家: 观璟高空铁板烧·料理... 评价数: 6564 评分: 4.5
2025-09-29 18:05:13,222 - INFO - [DATA] 商家: Sushi Hanz... 评价数: 2091 评分: 5.0
2025-09-29 18:05:13,223 - INFO - [DATA] 商家: 鸟剑居酒屋(罗湖万象... 评价数: 1198 评分: 4.5
2025-09-29 18:05:13,223 - INFO - [DATA] 商家: 鮨嵐Sushi Ar... 评价数: 1915 评分: 5.0
2025-09-29 18:05:13,223 - INFO - [DATA] 商家: 鸟鹏烧鸟居酒屋(前海... 评价数: 2554 评分: 4.5
2025-09-29 18:05:13,224 - INFO - [DATA] 商家: 滨寿司(深圳天河城店... 评价数: 1140 评分: 4.0
2025-09-29 18:05:13,224 - INFO - [DATA] 商家: 大渔铁板烧(保利文化... 评价数: 10270 评分: 3.5
2025-09-29 18:05:13,224 - INFO - [DATA] 商家: CURRY YA 熟... 评价数: 3465 评分: 4.0
2025-09-29 18:05:13,225 - INFO - [DATA] 商家: 金炙板前料理(万象天... 评价数: 2349 评分: 4.0
2025-09-29 18:05:13,225 - INFO - [DATA] 商家: Sixth hous... 评价数: 503 评分: 5.0
2025-09-29 18:05:13,225 - INFO - [DATA] 商家: 灼灼木自助寿司·任点... 评价数: 125 评分: 3.5
2025-09-29 18:05:13,226 - INFO - [DATA] 商家: BON YAKI m... 评价数: 814 评分: 4.5
2025-09-29 18:05:13,226 - INFO - [PAGE] ✅ 第9页成功: 15 个商铺 (耗时13.1秒)
2025-09-29 18:05:13,226 - INFO - [INFO] ✅ 第9页成功: 15 个商铺
2025-09-29 18:05:13,227 - INFO - [DELAY] ⏱️ 页面延迟(relaxed): 8.8秒
2025-09-29 18:05:13,227 - INFO - [INFO] ⏱️ 页面延迟(relaxed): 8.8秒
2025-09-29 18:05:22,044 - INFO - [PAGE] 📄 第10页: https://www.dianping.com/shenzhen/ch10/g113o2p10
2025-09-29 18:05:22,046 - INFO - [PAGE] ⏱️ 开始时间: 18:05:22
2025-09-29 18:05:22,047 - INFO - [INFO] 📄 爬取第10页: 日式料理
2025-09-29 18:05:22,049 - INFO - [PAGE] 🔄 正在加载页面: https://www.dianping.com/shenzhen/ch10/g113o2p10
2025-09-29 18:05:27,363 - INFO - [PAGE] ✅ 页面加载成功: https://www.dianping.com/shenzhen/ch10/g113o2p10
2025-09-29 18:05:29,683 - INFO - [UA] 🔄 第10页智能更换User-Agent
2025-09-29 18:05:31,788 - INFO - [PARSE] 使用模式匹配到 15 个商铺块
2025-09-29 18:05:31,788 - INFO - [DATA] 商家: 鸟鹏烧鸟居酒屋(红山... 评价数: 5516 评分: 4.5
2025-09-29 18:05:31,788 - INFO - [DATA] 商家: 鸟鹏烧鸟居酒屋(西丽... 评价数: 6184 评分: 4.5
2025-09-29 18:05:31,789 - INFO - [DATA] 商家: 赤坂一丁·和牛日式烧... 评价数: 12561 评分: 4.5
2025-09-29 18:05:31,789 - INFO - [DATA] 商家: 肉肉大米(KK ON... 评价数: 1664 评分: 4.5
2025-09-29 18:05:31,790 - INFO - [DATA] 商家: 大神太神·铁板烧(大... 评价数: 1995 评分: 4.5
2025-09-29 18:05:31,790 - INFO - [DATA] 商家: 鮨嵐Sushi Ar... 评价数: 1386 评分: 5.0
2025-09-29 18:05:31,790 - INFO - [DATA] 商家: 茑山·怀石炭火烧(华... 评价数: 1427 评分: 5.0
2025-09-29 18:05:31,791 - INFO - [DATA] 商家: 多米·山手作日料(卓... 评价数: 3492 评分: 4.0
2025-09-29 18:05:31,791 - INFO - [DATA] 商家: 大馥 · 烧肉丼饭(... 评价数: 4586 评分: 4.5
2025-09-29 18:05:31,791 - INFO - [DATA] 商家: 植藤·鱼生·寿司·铁... 评价数: 1389 评分: 5.0
2025-09-29 18:05:31,791 - INFO - [DATA] 商家: 牛角烧肉(壹方天地店... 评价数: 6131 评分: 4.5
2025-09-29 18:05:31,792 - INFO - [DATA] 商家: 鸟鹏烧鸟居酒屋(国贸... 评价数: 8675 评分: 4.5
2025-09-29 18:05:31,792 - INFO - [DATA] 商家: 沐·燒鳥&amp;酒... 评价数: 2331 评分: 4.5
2025-09-29 18:05:31,792 - INFO - [DATA] 商家: 深田寿司(侨香店)... 评价数: 5653 评分: 4.5
2025-09-29 18:05:31,793 - INFO - [DATA] 商家: 云璟高空铁板烧·料理... 评价数: 637 评分: 5.0
2025-09-29 18:05:31,793 - INFO - [PAGE] ✅ 第10页成功: 15 个商铺 (耗时9.7秒)
2025-09-29 18:05:31,793 - INFO - [INFO] ✅ 第10页成功: 15 个商铺
2025-09-29 18:05:31,794 - INFO - [DELAY] ⏱️ 页面延迟(careful): 26.5秒
2025-09-29 18:05:31,794 - INFO - [INFO] ⏱️ 页面延迟(careful): 26.5秒
2025-09-29 18:05:58,253 - INFO - [PAGE] 📄 第11页: https://www.dianping.com/shenzhen/ch10/g113o2p11
2025-09-29 18:05:58,254 - INFO - [PAGE] ⏱️ 开始时间: 18:05:58
2025-09-29 18:05:58,254 - INFO - [INFO] 📄 爬取第11页: 日式料理
2025-09-29 18:05:58,254 - INFO - [PAGE] 🔄 正在加载页面: https://www.dianping.com/shenzhen/ch10/g113o2p11
2025-09-29 18:06:04,186 - INFO - [PAGE] ✅ 页面加载成功: https://www.dianping.com/shenzhen/ch10/g113o2p11
2025-09-29 18:06:14,463 - INFO - [PARSE] 使用模式匹配到 15 个商铺块
2025-09-29 18:06:14,463 - INFO - [DATA] 商家: 大阪烧肉BAKA一代... 评价数: 4634 评分: 4.0
2025-09-29 18:06:14,463 - INFO - [DATA] 商家: 蘭寿司割烹·日本料理... 评价数: 1724 评分: 5.0
2025-09-29 18:06:14,464 - INFO - [DATA] 商家: 堂本家·二代目·炸猪... 评价数: 8611 评分: 4.5
2025-09-29 18:06:14,464 - INFO - [DATA] 商家: ITARU食堂·定食... 评价数: 1421 评分: 4.5
2025-09-29 18:06:14,464 - INFO - [DATA] 商家: 哥哥の深夜食堂(来福... 评价数: 2219 评分: 4.5
2025-09-29 18:06:14,465 - INFO - [DATA] 商家: 四万十·鳗鱼·烧肉丼... 评价数: 2943 评分: 4.0
2025-09-29 18:06:14,465 - INFO - [DATA] 商家: 一鱼の料理(南山店)... 评价数: 670 评分: 4.0
2025-09-29 18:06:14,465 - INFO - [DATA] 商家: 鸟鹏烧鸟居酒屋(车公... 评价数: 6206 评分: 4.5
2025-09-29 18:06:14,466 - INFO - [DATA] 商家: 隐谷Omakase(... 评价数: 1223 评分: 5.0
2025-09-29 18:06:14,466 - INFO - [DATA] 商家: Lodestone吸... 评价数: 2802 评分: 5.0
2025-09-29 18:06:14,466 - INFO - [DATA] 商家: 奈鹿食亭·猫主题·创... 评价数: 179 评分: 4.0
2025-09-29 18:06:14,466 - INFO - [DATA] 商家: 黑泽烧肉(大悦城店)... 评价数: 2815 评分: 5.0
2025-09-29 18:06:14,467 - INFO - [DATA] 商家: Azabuya麻布屋... 评价数: 216 评分: 4.0
2025-09-29 18:06:14,467 - INFO - [DATA] 商家: 敢野·横膈膜烧肉(万... 评价数: 1170 评分: 4.5
2025-09-29 18:06:14,467 - INFO - [DATA] 商家: 牛角烧肉(印力中心店... 评价数: 3461 评分: 4.5
2025-09-29 18:06:14,467 - INFO - [PAGE] ✅ 第11页成功: 15 个商铺 (耗时16.2秒)
2025-09-29 18:06:14,467 - INFO - [INFO] ✅ 第11页成功: 15 个商铺
2025-09-29 18:06:14,467 - INFO - [DELAY] ⏱️ 页面延迟(normal): 9.8秒
2025-09-29 18:06:14,468 - INFO - [INFO] ⏱️ 页面延迟(normal): 9.8秒
2025-09-29 18:06:24,225 - INFO - [PAGE] 📄 第12页: https://www.dianping.com/shenzhen/ch10/g113o2p12
2025-09-29 18:06:24,225 - INFO - [PAGE] ⏱️ 开始时间: 18:06:24
2025-09-29 18:06:24,226 - INFO - [INFO] 📄 爬取第12页: 日式料理
2025-09-29 18:06:24,226 - INFO - [PAGE] 🔄 正在加载页面: https://www.dianping.com/shenzhen/ch10/g113o2p12
2025-09-29 18:06:28,975 - INFO - [PAGE] ✅ 页面加载成功: https://www.dianping.com/shenzhen/ch10/g113o2p12
2025-09-29 18:06:35,550 - INFO - [PARSE] 使用模式匹配到 15 个商铺块
2025-09-29 18:06:35,550 - INFO - [DATA] 商家: 鸟鹏烧鸟居酒屋(龙华... 评价数: 4037 评分: 5.0
2025-09-29 18:06:35,550 - INFO - [DATA] 商家: 哥哥の深夜食堂(皇庭... 评价数: 1131 评分: 5.0
2025-09-29 18:06:35,551 - INFO - [DATA] 商家: 鸟鹏烧鸟居酒屋(深圳... 评价数: 4090 评分: 4.5
2025-09-29 18:06:35,551 - INFO - [DATA] 商家: 何止料理(福田中心贰... 评价数: 6669 评分: 4.0
2025-09-29 18:06:35,552 - INFO - [DATA] 商家: 东金炭火烧鸟·居酒屋... 评价数: 746 评分: 4.0
2025-09-29 18:06:35,552 - INFO - [DATA] 商家: 大渔铁板烧(佳宁娜店... 评价数: 9177 评分: 4.0
2025-09-29 18:06:35,552 - INFO - [DATA] 商家: 大阪精致日料(海燕店... 评价数: 3418 评分: 5.0
2025-09-29 18:06:35,552 - INFO - [DATA] 商家: 鮨吟SushiGin... 评价数: 262 评分: 4.0
2025-09-29 18:06:35,553 - INFO - [DATA] 商家: 何止料理(海上世界店... 评价数: 10430 评分: 4.0
2025-09-29 18:06:35,553 - INFO - [DATA] 商家: 葱间 串焼·天麩羅(... 评价数: 196 评分: 4.0
2025-09-29 18:06:35,553 - INFO - [DATA] 商家: 合气屋·糖果居酒屋(... 评价数: 8271 评分: 4.0
2025-09-29 18:06:35,554 - INFO - [DATA] 商家: 近矶和牛烧肉(宝安大... 评价数: 3523 评分: 4.5
2025-09-29 18:06:35,554 - INFO - [DATA] 商家: 池奈·日式咖喱蛋包饭... 评价数: 746 评分: 3.5
2025-09-29 18:06:35,554 - INFO - [DATA] 商家: 鸟剑居酒屋(景田店)... 评价数: 2261 评分: 5.0
2025-09-29 18:06:35,554 - INFO - [DATA] 商家: 小草洋风食堂·日料·... 评价数: 3419 评分: 4.0
2025-09-29 18:06:35,554 - INFO - [PAGE] ✅ 第12页成功: 15 个商铺 (耗时11.3秒)
2025-09-29 18:06:35,555 - INFO - [INFO] ✅ 第12页成功: 15 个商铺
2025-09-29 18:06:35,555 - INFO - [DELAY] ⏱️ 页面延迟(normal): 9.7秒
2025-09-29 18:06:35,555 - INFO - [INFO] ⏱️ 页面延迟(normal): 9.7秒
2025-09-29 18:06:45,217 - INFO - [PAGE] 📄 第13页: https://www.dianping.com/shenzhen/ch10/g113o2p13
2025-09-29 18:06:45,217 - INFO - [PAGE] ⏱️ 开始时间: 18:06:45
2025-09-29 18:06:45,218 - INFO - [INFO] 📄 爬取第13页: 日式料理
2025-09-29 18:06:45,218 - INFO - [PAGE] 🔄 正在加载页面: https://www.dianping.com/shenzhen/ch10/g113o2p13
2025-09-29 18:06:50,674 - INFO - [PAGE] ✅ 页面加载成功: https://www.dianping.com/shenzhen/ch10/g113o2p13
2025-09-29 18:06:55,711 - INFO - [PARSE] 使用模式匹配到 15 个商铺块
2025-09-29 18:06:55,711 - INFO - [DATA] 商家: 味之友膳·日本料理居... 评价数: 1480 评分: 5.0
2025-09-29 18:06:55,712 - INFO - [DATA] 商家: 龙酒场·关西寿喜烧·... 评价数: 4450 评分: 5.0
2025-09-29 18:06:55,712 - INFO - [DATA] 商家: 温野菜涮涮锅(欢乐港... 评价数: 6997 评分: 4.0
2025-09-29 18:06:55,712 - INFO - [DATA] 商家: 澄居Sushi Ch... 评价数: 363 评分: 4.5
2025-09-29 18:06:55,713 - INFO - [DATA] 商家: 鸟鹏烧鸟居酒屋(罗湖... 评价数: 1406 评分: 4.0
2025-09-29 18:06:55,713 - INFO - [DATA] 商家: 野目铁板烧料理... 评价数: 1688 评分: 5.0
2025-09-29 18:06:55,713 - INFO - [DATA] 商家: 竹·SUSHI TA... 评价数: 806 评分: 4.0
2025-09-29 18:06:55,713 - INFO - [DATA] 商家: Hour Glass... 评价数: 788 评分: 4.5
2025-09-29 18:06:55,714 - INFO - [DATA] 商家: 牛利屋·日式烧肉居酒... 评价数: 148 评分: 4.5
2025-09-29 18:06:55,714 - INFO - [DATA] 商家: 大渔铁板烧(宝能中心... 评价数: 3879 评分: 4.0
2025-09-29 18:06:55,714 - INFO - [DATA] 商家: 百分板烧·铁板烧料理... 评价数: 889 评分: 4.0
2025-09-29 18:06:55,714 - INFO - [DATA] 商家: 大渔铁板烧(卓悦汇店... 评价数: 5916 评分: 3.5
2025-09-29 18:06:55,714 - INFO - [DATA] 商家: 倔爷烤肉(深圳雪花科... 评价数: 4021 评分: 5.0
2025-09-29 18:06:55,714 - INFO - [DATA] 商家: 仟喜丼·铁板烧(宝安... 评价数: 776 评分: 4.0
2025-09-29 18:06:55,715 - INFO - [DATA] 商家: 小春日和·日式料理(... 评价数: 4721 评分: 4.5
2025-09-29 18:06:55,715 - INFO - [PAGE] ✅ 第13页成功: 15 个商铺 (耗时10.5秒)
2025-09-29 18:06:55,715 - INFO - [INFO] ✅ 第13页成功: 15 个商铺
2025-09-29 18:06:55,715 - INFO - [DELAY] ⏱️ 页面延迟(normal): 13.1秒
2025-09-29 18:06:55,716 - INFO - [INFO] ⏱️ 页面延迟(normal): 13.1秒
2025-09-29 18:07:08,862 - INFO - [PAGE] 📄 第14页: https://www.dianping.com/shenzhen/ch10/g113o2p14
2025-09-29 18:07:08,864 - INFO - [PAGE] ⏱️ 开始时间: 18:07:08
2025-09-29 18:07:08,865 - INFO - [INFO] 📄 爬取第14页: 日式料理
2025-09-29 18:07:08,866 - INFO - [PAGE] 🔄 正在加载页面: https://www.dianping.com/shenzhen/ch10/g113o2p14
2025-09-29 18:07:13,610 - INFO - [PAGE] ✅ 页面加载成功: https://www.dianping.com/shenzhen/ch10/g113o2p14
2025-09-29 18:07:20,153 - INFO - [PARSE] 使用模式匹配到 15 个商铺块
2025-09-29 18:07:20,154 - INFO - [DATA] 商家: 富淞·一本胜和牛炭火... 评价数: 5755 评分: 4.0
2025-09-29 18:07:20,154 - INFO - [DATA] 商家: 大福煮物·关东煮·日... 评价数: 90 评分: 4.0
2025-09-29 18:07:20,154 - INFO - [DATA] 商家: 鮨富藏•活蟹料理•铁... 评价数: 255 评分: 4.0
2025-09-29 18:07:20,155 - INFO - [DATA] 商家: 寿司大(深圳湾店)... 评价数: 2360 评分: 4.5
2025-09-29 18:07:20,155 - INFO - [DATA] 商家: 船稻现握寿司·刺身·... 评价数: 379 评分: 4.5
2025-09-29 18:07:20,156 - INFO - [DATA] 商家: 谷勝日料·松叶蟹·o... 评价数: 1470 评分: 5.0
2025-09-29 18:07:20,156 - INFO - [DATA] 商家: 大渔铁板烧(宝安大仟... 评价数: 4156 评分: 3.5
2025-09-29 18:07:20,157 - INFO - [DATA] 商家: 寿司郎(福田卓悦In... 评价数: 546 评分: 4.0
2025-09-29 18:07:20,157 - INFO - [DATA] 商家: 虎丸烧肉(益田假日广... 评价数: 507 评分: 5.0
2025-09-29 18:07:20,157 - INFO - [DATA] 商家: Beefman牛肉人... 评价数: 678 评分: 4.5
2025-09-29 18:07:20,158 - INFO - [DATA] 商家: 鸟剑居酒屋(南山大道... 评价数: 2754 评分: 5.0
2025-09-29 18:07:20,158 - INFO - [DATA] 商家: 负海拔台所... 评价数: 750 评分: 4.0
2025-09-29 18:07:20,158 - INFO - [DATA] 商家: 寿司大(福田店)... 评价数: 3012 评分: 4.5
2025-09-29 18:07:20,158 - INFO - [DATA] 商家: 鸟鹏烧鸟居酒屋(星河... 评价数: 2630 评分: 5.0
2025-09-29 18:07:20,158 - INFO - [DATA] 商家: 活締·魚市刺身(蓝漪... 评价数: 299 评分: 4.0
2025-09-29 18:07:20,159 - INFO - [PAGE] ✅ 第14页成功: 15 个商铺 (耗时11.3秒)
2025-09-29 18:07:20,159 - INFO - [INFO] ✅ 第14页成功: 15 个商铺
2025-09-29 18:07:20,159 - INFO - [DELAY] ⏱️ 页面延迟(normal): 9.2秒
2025-09-29 18:07:20,159 - INFO - [INFO] ⏱️ 页面延迟(normal): 9.2秒
2025-09-29 18:07:29,318 - INFO - [PAGE] 📄 第15页: https://www.dianping.com/shenzhen/ch10/g113o2p15
2025-09-29 18:07:29,319 - INFO - [PAGE] ⏱️ 开始时间: 18:07:29
2025-09-29 18:07:29,319 - INFO - [INFO] 📄 爬取第15页: 日式料理
2025-09-29 18:07:29,319 - INFO - [PAGE] 🔄 正在加载页面: https://www.dianping.com/shenzhen/ch10/g113o2p15
2025-09-29 18:07:33,677 - INFO - [PAGE] ✅ 页面加载成功: https://www.dianping.com/shenzhen/ch10/g113o2p15
2025-09-29 18:07:37,970 - INFO - [PARSE] 使用模式匹配到 15 个商铺块
2025-09-29 18:07:37,971 - INFO - [DATA] 商家: 鸟鹏烧鸟居酒屋(光明... 评价数: 456 评分: 4.5
2025-09-29 18:07:37,971 - INFO - [DATA] 商家: 鸟剑居酒屋(缤纷天地... 评价数: 1159 评分: 4.5
2025-09-29 18:07:37,971 - INFO - [DATA] 商家: 鸟剑居酒屋(购物公园... 评价数: 2533 评分: 4.0
2025-09-29 18:07:37,972 - INFO - [DATA] 商家: 四葉寿司·独栋别墅(... 评价数: 2332 评分: 4.5
2025-09-29 18:07:37,972 - INFO - [DATA] 商家: 平成屋·午肴夜酒(B... 评价数: 645 评分: 5.0
2025-09-29 18:07:37,973 - INFO - [DATA] 商家: 慕炭·活鳗鱼·炭火和... 评价数: 8215 评分: 4.0
2025-09-29 18:07:37,973 - INFO - [DATA] 商家: 胜膳料理·松叶蟹(深... 评价数: 2762 评分: 5.0
2025-09-29 18:07:37,973 - INFO - [DATA] 商家: 宫崎牛一烧肉屋·和牛... 评价数: 4239 评分: 4.5
2025-09-29 18:07:37,973 - INFO - [DATA] 商家: 和牧道·和牛烧肉(龙... 评价数: 4662 评分: 5.0
2025-09-29 18:07:37,974 - INFO - [DATA] 商家: 29侍烧肉(蛇口店)... 评价数: 1029 评分: 5.0
2025-09-29 18:07:37,974 - INFO - [DATA] 商家: 哥哥の深夜食堂(福田... 评价数: 1009 评分: 5.0
2025-09-29 18:07:37,974 - INFO - [DATA] 商家: 鮨大虎寿司·手握赤醋... 评价数: 4805 评分: 4.0
2025-09-29 18:07:37,974 - INFO - [DATA] 商家: HULU麵屋(汉京国... 评价数: 1308 评分: 4.0
2025-09-29 18:07:37,975 - INFO - [DATA] 商家: ITARU食堂·定食... 评价数: 565 评分: 4.5
2025-09-29 18:07:37,975 - INFO - [DATA] 商家: 牛角烧肉(深圳湾睿印... 评价数: 4283 评分: 4.5
2025-09-29 18:07:37,975 - INFO - [PAGE] ✅ 第15页成功: 15 个商铺 (耗时8.7秒)
2025-09-29 18:07:37,976 - INFO - [INFO] ✅ 第15页成功: 15 个商铺
2025-09-29 18:07:37,976 - INFO - ----------------------------------------
2025-09-29 18:07:37,976 - INFO - [CATEGORY] ✅ 品类 日式料理 完成
2025-09-29 18:07:37,976 - INFO - [CATEGORY] 📊 商铺数: 225 个
2025-09-29 18:07:37,976 - INFO - [CATEGORY] ⏱️ 耗时: 354.7秒
2025-09-29 18:07:37,978 - INFO - [SAVE] ✅ 数据已追加到: custom_crawl_深圳市_日式料理_partial_20250929_180737.csv
2025-09-29 18:07:37,979 - INFO - [INFO] ✅ 数据已保存: 深圳市_日式料理_部分数据 (225个商铺)
2025-09-29 18:07:37,979 - INFO - [SAVE] 📊 数据质量分析:
2025-09-29 18:07:37,979 - INFO - [SAVE]   总商铺数: 225
2025-09-29 18:07:37,980 - INFO - [SAVE]   价格完整率: 100.0% (225/225)
2025-09-29 18:07:37,980 - INFO - [SAVE]   品类分布:
2025-09-29 18:07:37,980 - INFO - [SAVE]     日式料理: 225 个商铺
2025-09-29 18:07:37,980 - INFO - ============================================================
2025-09-29 18:07:37,981 - INFO - [TASK] 🎉 任务完成!
2025-09-29 18:07:37,981 - INFO - [TASK] ⏱️ 总耗时: 13.3分钟
2025-09-29 18:07:37,981 - INFO - [TASK] 🏪 总商铺: 450 个
2025-09-29 18:07:37,982 - INFO - [TASK] 📂 品类数: 2 个
2025-09-29 18:07:37,983 - INFO - [TASK] 🛡️ 反检测统计:
2025-09-29 18:07:37,983 - INFO - [TASK]   验证码遇到: 0 次
2025-09-29 18:07:37,984 - INFO - [TASK]   跳过页面: 0 页
2025-09-29 18:07:37,984 - INFO - [TASK]   页面刷新: 0 次
2025-09-29 18:07:37,984 - INFO - [TASK]   UA更换: 7 次
2025-09-29 18:07:37,984 - INFO - [TASK] 💾 已保存文件:
2025-09-29 18:07:37,985 - INFO - [TASK]   📁 custom_crawl_深圳市_自助餐_partial_20250929_180107.csv
2025-09-29 18:07:37,985 - INFO - [TASK]   📁 custom_crawl_深圳市_日式料理_partial_20250929_180737.csv
2025-09-29 18:07:37,985 - INFO - ============================================================
2025-09-29 18:07:37,988 - INFO - [SAVE] ✅ 数据已保存到: custom_crawl_深圳市_自助餐_日式料理_20250929_180737.csv
2025-09-29 18:07:37,988 - INFO - [INFO] ✅ 数据已保存: 深圳市_自助餐_日式料理 (450个商铺)
2025-09-29 18:07:37,989 - INFO - [SAVE] 📊 数据质量分析:
2025-09-29 18:07:37,989 - INFO - [SAVE]   总商铺数: 450
2025-09-29 18:07:37,990 - INFO - [SAVE]   价格完整率: 100.0% (450/450)
2025-09-29 18:07:37,990 - INFO - [SAVE]   品类分布:
2025-09-29 18:07:37,990 - INFO - [SAVE]     自助餐: 225 个商铺
2025-09-29 18:07:37,990 - INFO - [SAVE]     日式料理: 225 个商铺
2025-09-29 18:07:37,991 - INFO - [SUCCESS] 🎉 任务完成! 总耗时: 13.3分钟，总商铺: 450 个
2025-09-29 18:07:37,991 - INFO - [BROWSER] 🔒 开始安全关闭浏览器资源...
2025-09-29 18:07:37,992 - INFO - [BROWSER] 🔒 正在关闭页面...
2025-09-29 18:07:38,010 - INFO - [BROWSER] ✅ 页面已关闭
2025-09-29 18:07:39,012 - WARNING - [BROWSER] ⚠️ 浏览器上下文关闭异常: 'BrowserContext' object has no attribute '_is_closed_or_closing'
2025-09-29 18:07:40,013 - INFO - [BROWSER] 🔒 正在关闭浏览器...
2025-09-29 18:07:40,172 - INFO - [BROWSER] ✅ 浏览器已关闭
2025-09-29 18:07:42,173 - INFO - [BROWSER] 🔒 所有浏览器资源已安全释放
2025-09-29 18:07:42,202 - INFO - [SAVE] ✅ 数据已保存到: custom_crawl_深圳市_自助餐_日式料理_20250929_180742.csv
2025-09-29 18:07:42,203 - INFO - [INFO] ✅ 数据已保存: 深圳市_自助餐_日式料理 (450个商铺)
2025-09-29 18:07:42,203 - INFO - [SAVE] 📊 数据质量分析:
2025-09-29 18:07:42,203 - INFO - [SAVE]   总商铺数: 450
2025-09-29 18:07:42,204 - INFO - [SAVE]   价格完整率: 100.0% (450/450)
2025-09-29 18:07:42,204 - INFO - [SAVE]   品类分布:
2025-09-29 18:07:42,204 - INFO - [SAVE]     自助餐: 225 个商铺
2025-09-29 18:07:42,205 - INFO - [SAVE]     日式料理: 225 个商铺
