2025-08-05 11:17:37,055 - INFO - ============================================================
2025-08-05 11:17:37,056 - INFO - [TASK] 🚀 开始爬取任务
2025-08-05 11:17:37,056 - INFO - [TASK] 📍 城市: 深圳 (shenzhen)
2025-08-05 11:17:37,056 - INFO - [TASK] 📂 品类: ['家常菜'] (1个)
2025-08-05 11:17:37,056 - INFO - [TASK] 📄 页数范围: 1-5页
2025-08-05 11:17:37,057 - INFO - ============================================================
2025-08-05 11:17:37,057 - INFO - [INFO] 🚀 开始爬取任务: 深圳 - 家常菜 (1-5页)
2025-08-05 11:17:39,160 - INFO - [BROWSER] 🌐 创建浏览器上下文...
2025-08-05 11:17:40,756 - INFO - [COOKIE] ✅ 已添加 23 个Cookie
2025-08-05 11:17:41,007 - INFO - --------------------------------------------------
2025-08-05 11:17:41,008 - INFO - [CATEGORY] 📂 开始处理品类 1/1: 家常菜
2025-08-05 11:17:41,008 - INFO - [CATEGORY] 🆔 品类ID: g1783
2025-08-05 11:17:41,008 - INFO - [CATEGORY] ⏱️ 开始时间: 11:17:41
2025-08-05 11:17:41,008 - INFO - [INFO] 📂 开始处理品类 1/1: 家常菜
2025-08-05 11:17:41,009 - INFO - [CATEGORY] 📊 页数范围: 1-5页
2025-08-05 11:17:41,009 - INFO - [CATEGORY] ⚠️ 最大连续无数据页面: 5
2025-08-05 11:17:41,009 - INFO - [PAGE] 📄 第1页: https://www.dianping.com/shenzhen/ch10/g1783
2025-08-05 11:17:41,009 - INFO - [PAGE] ⏱️ 开始时间: 11:17:41
2025-08-05 11:17:41,009 - INFO - [INFO] 📄 爬取第1页: 家常菜
2025-08-05 11:17:44,052 - INFO - [PAGE] ✅ 页面加载成功: https://www.dianping.com/shenzhen/ch10/g1783
2025-08-05 11:17:44,113 - INFO - [INFO] 开始用户行为模拟...
2025-08-05 11:18:13,177 - INFO - [PAGE] ✅ 第1页成功: 15 个商铺 (耗时32.2秒)
2025-08-05 11:18:13,177 - INFO - [INFO] ✅ 第1页成功: 15 个商铺
2025-08-05 11:18:13,177 - INFO - [DELAY] ⏱️ 页面延迟(normal): 24.1秒
2025-08-05 11:18:13,178 - INFO - [INFO] ⏱️ 页面延迟(normal): 24.1秒
2025-08-05 11:18:37,239 - INFO - [PAGE] 📄 第2页: https://www.dianping.com/shenzhen/ch10/g1783p2
2025-08-05 11:18:37,240 - INFO - [PAGE] ⏱️ 开始时间: 11:18:37
2025-08-05 11:18:37,240 - INFO - [INFO] 📄 爬取第2页: 家常菜
2025-08-05 11:18:38,182 - INFO - [PAGE] ✅ 页面加载成功: https://www.dianping.com/shenzhen/ch10/g1783p2
2025-08-05 11:18:38,225 - INFO - [INFO] 开始用户行为模拟...
2025-08-05 11:19:15,638 - INFO - [PAGE] ✅ 第2页成功: 15 个商铺 (耗时38.4秒)
2025-08-05 11:19:15,638 - INFO - [INFO] ✅ 第2页成功: 15 个商铺
2025-08-05 11:19:15,638 - INFO - [DELAY] ⏱️ 页面延迟(normal): 20.2秒
2025-08-05 11:19:15,639 - INFO - [INFO] ⏱️ 页面延迟(normal): 20.2秒
2025-08-05 11:19:35,824 - INFO - [PAGE] 📄 第3页: https://www.dianping.com/shenzhen/ch10/g1783p3
2025-08-05 11:19:35,824 - INFO - [PAGE] ⏱️ 开始时间: 11:19:35
2025-08-05 11:19:35,824 - INFO - [INFO] 📄 爬取第3页: 家常菜
2025-08-05 11:19:37,275 - INFO - [PAGE] ✅ 页面加载成功: https://www.dianping.com/shenzhen/ch10/g1783p3
2025-08-05 11:19:37,321 - INFO - [INFO] 开始用户行为模拟...
2025-08-05 11:20:20,924 - INFO - [PAGE] ✅ 第3页成功: 15 个商铺 (耗时45.1秒)
2025-08-05 11:20:20,925 - INFO - [INFO] ✅ 第3页成功: 15 个商铺
2025-08-05 11:20:20,925 - INFO - [DELAY] ⏱️ 页面延迟(relaxed): 19.8秒
2025-08-05 11:20:20,926 - INFO - [INFO] ⏱️ 页面延迟(relaxed): 19.8秒
2025-08-05 11:20:40,696 - INFO - [PAGE] 📄 第4页: https://www.dianping.com/shenzhen/ch10/g1783p4
2025-08-05 11:20:40,697 - INFO - [PAGE] ⏱️ 开始时间: 11:20:40
2025-08-05 11:20:40,697 - INFO - [INFO] 📄 爬取第4页: 家常菜
2025-08-05 11:20:41,592 - INFO - [PAGE] ✅ 页面加载成功: https://www.dianping.com/shenzhen/ch10/g1783p4
2025-08-05 11:20:41,632 - INFO - [INFO] 开始用户行为模拟...
2025-08-05 11:21:21,327 - INFO - [PAGE] ✅ 第4页成功: 15 个商铺 (耗时40.6秒)
2025-08-05 11:21:21,328 - INFO - [INFO] ✅ 第4页成功: 15 个商铺
2025-08-05 11:21:21,328 - INFO - [DELAY] ⏱️ 页面延迟(relaxed): 28.6秒
2025-08-05 11:21:21,329 - INFO - [INFO] ⏱️ 页面延迟(relaxed): 28.6秒
2025-08-05 11:21:49,918 - INFO - [PAGE] 📄 第5页: https://www.dianping.com/shenzhen/ch10/g1783p5
2025-08-05 11:21:49,919 - INFO - [PAGE] ⏱️ 开始时间: 11:21:49
2025-08-05 11:21:49,919 - INFO - [INFO] 📄 爬取第5页: 家常菜
2025-08-05 11:21:51,543 - INFO - [PAGE] ✅ 页面加载成功: https://www.dianping.com/shenzhen/ch10/g1783p5
2025-08-05 11:21:51,581 - INFO - [INFO] 开始用户行为模拟...
2025-08-05 11:22:19,134 - INFO - [PAGE] ✅ 第5页成功: 15 个商铺 (耗时29.2秒)
2025-08-05 11:22:19,135 - INFO - [INFO] ✅ 第5页成功: 15 个商铺
2025-08-05 11:22:19,135 - INFO - ----------------------------------------
2025-08-05 11:22:19,136 - INFO - [CATEGORY] ✅ 品类 家常菜 完成
2025-08-05 11:22:19,136 - INFO - [CATEGORY] 📊 商铺数: 75 个
2025-08-05 11:22:19,136 - INFO - [CATEGORY] ⏱️ 耗时: 278.1秒
2025-08-05 11:22:19,138 - INFO - [SAVE] ✅ 数据已追加到: custom_crawl_深圳_家常菜_partial_20250805_112219.csv
2025-08-05 11:22:19,139 - INFO - [INFO] ✅ 数据已保存: 深圳_家常菜_部分数据 (75个商铺)
2025-08-05 11:22:19,139 - INFO - [SAVE] 📊 数据质量分析:
2025-08-05 11:22:19,139 - INFO - [SAVE]   总商铺数: 75
2025-08-05 11:22:19,140 - INFO - [SAVE]   价格完整率: 68.0% (51/75)
2025-08-05 11:22:19,141 - INFO - [SAVE]   品类分布:
2025-08-05 11:22:19,141 - INFO - [SAVE]     家常菜: 75 个商铺
2025-08-05 11:22:19,141 - INFO - ============================================================
2025-08-05 11:22:19,141 - INFO - [TASK] 🎉 任务完成!
2025-08-05 11:22:19,142 - INFO - [TASK] ⏱️ 总耗时: 4.7分钟
2025-08-05 11:22:19,142 - INFO - [TASK] 🏪 总商铺: 75 个
2025-08-05 11:22:19,142 - INFO - [TASK] 📂 品类数: 1 个
2025-08-05 11:22:19,143 - INFO - [TASK] 🛡️ 反检测统计:
2025-08-05 11:22:19,143 - INFO - [TASK]   验证码遇到: 0 次
2025-08-05 11:22:19,143 - INFO - [TASK]   跳过页面: 0 页
2025-08-05 11:22:19,143 - INFO - [TASK]   页面刷新: 1 次
2025-08-05 11:22:19,144 - INFO - [TASK]   UA更换: 0 次
2025-08-05 11:22:19,144 - INFO - [TASK] 💾 已保存文件:
2025-08-05 11:22:19,144 - INFO - [TASK]   📁 custom_crawl_深圳_家常菜_partial_20250805_112219.csv
2025-08-05 11:22:19,144 - INFO - ============================================================
2025-08-05 11:22:19,144 - INFO - [SUCCESS] 🎉 任务完成! 总耗时: 4.7分钟，总商铺: 75 个
2025-08-05 11:22:19,504 - INFO - [BROWSER] 🔒 浏览器已关闭
2025-08-05 11:22:19,807 - INFO - [SAVE] ✅ 数据已保存到: custom_crawl_深圳_家常菜_20250805_112219.csv
2025-08-05 11:22:19,808 - INFO - [INFO] ✅ 数据已保存: 深圳_家常菜 (75个商铺)
2025-08-05 11:22:19,808 - INFO - [SAVE] 📊 数据质量分析:
2025-08-05 11:22:19,808 - INFO - [SAVE]   总商铺数: 75
2025-08-05 11:22:19,809 - INFO - [SAVE]   价格完整率: 68.0% (51/75)
2025-08-05 11:22:19,809 - INFO - [SAVE]   品类分布:
2025-08-05 11:22:19,809 - INFO - [SAVE]     家常菜: 75 个商铺
2025-08-05 13:37:24,051 - INFO - ============================================================
2025-08-05 13:37:24,059 - INFO - [TASK] 🚀 开始爬取任务
2025-08-05 13:37:24,059 - INFO - [TASK] 📍 城市: 深圳 (shenzhen)
2025-08-05 13:37:24,059 - INFO - [TASK] 📂 品类: ['家常菜'] (1个)
2025-08-05 13:37:24,060 - INFO - [TASK] 📄 页数范围: 6-10页
2025-08-05 13:37:24,060 - INFO - ============================================================
2025-08-05 13:37:24,060 - INFO - [INFO] 🚀 开始爬取任务: 深圳 - 家常菜 (6-10页)
2025-08-05 13:37:24,827 - INFO - [BROWSER] 🌐 创建浏览器上下文...
2025-08-05 13:37:25,906 - INFO - [COOKIE] ✅ 已添加 23 个Cookie
2025-08-05 13:37:26,176 - INFO - --------------------------------------------------
2025-08-05 13:37:26,177 - INFO - [CATEGORY] 📂 开始处理品类 1/1: 家常菜
2025-08-05 13:37:26,178 - INFO - [CATEGORY] 🆔 品类ID: g1783
2025-08-05 13:37:26,179 - INFO - [CATEGORY] ⏱️ 开始时间: 13:37:26
2025-08-05 13:37:26,179 - INFO - [INFO] 📂 开始处理品类 1/1: 家常菜
2025-08-05 13:37:26,179 - INFO - [CATEGORY] 📊 页数范围: 6-10页
2025-08-05 13:37:26,180 - INFO - [CATEGORY] ⚠️ 最大连续无数据页面: 5
2025-08-05 13:37:26,180 - INFO - [PAGE] 📄 第6页: https://www.dianping.com/shenzhen/ch10/g1783p6
2025-08-05 13:37:26,180 - INFO - [PAGE] ⏱️ 开始时间: 13:37:26
2025-08-05 13:37:26,181 - INFO - [INFO] 📄 爬取第6页: 家常菜
2025-08-05 13:37:27,994 - INFO - [PAGE] ✅ 页面加载成功: https://www.dianping.com/shenzhen/ch10/g1783p6
2025-08-05 13:37:28,043 - INFO - [INFO] 开始用户行为模拟...
2025-08-05 14:10:05,964 - INFO - ============================================================
2025-08-05 14:10:05,976 - INFO - [TASK] 🚀 开始爬取任务
2025-08-05 14:10:05,976 - INFO - [TASK] 📍 城市: 深圳 (shenzhen)
2025-08-05 14:10:05,976 - INFO - [TASK] 📂 品类: ['家常菜'] (1个)
2025-08-05 14:10:05,977 - INFO - [TASK] 📄 页数范围: 6-10页
2025-08-05 14:10:05,977 - INFO - ============================================================
2025-08-05 14:10:05,977 - INFO - [INFO] 🚀 开始爬取任务: 深圳 - 家常菜 (6-10页)
2025-08-05 14:10:06,699 - INFO - [BROWSER] 🌐 创建浏览器上下文...
2025-08-05 14:10:06,699 - INFO - [BROWSER] 🚀 开始创建浏览器上下文...
2025-08-05 14:10:06,705 - INFO - [BROWSER] 🔧 User-Agent: Mozilla/5.0 (iPad; CPU OS 18_3_2 like Mac OS X) Ap...
2025-08-05 14:10:06,705 - INFO - [BROWSER] 📐 视口大小: 1920x1080
2025-08-05 14:10:07,286 - INFO - [BROWSER] ✅ 浏览器上下文创建成功
2025-08-05 14:10:07,354 - INFO - [COOKIE] ✅ 已添加 23 个Cookie
2025-08-05 14:10:07,520 - INFO - --------------------------------------------------
2025-08-05 14:10:07,521 - INFO - [CATEGORY] 📂 开始处理品类 1/1: 家常菜
2025-08-05 14:10:07,521 - INFO - [CATEGORY] 🆔 品类ID: g1783
2025-08-05 14:10:07,522 - INFO - [CATEGORY] ⏱️ 开始时间: 14:10:07
2025-08-05 14:10:07,522 - INFO - [INFO] 📂 开始处理品类 1/1: 家常菜
2025-08-05 14:10:07,522 - INFO - [CATEGORY] 📊 页数范围: 6-10页
2025-08-05 14:10:07,522 - INFO - [CATEGORY] ⚠️ 最大连续无数据页面: 5
2025-08-05 14:10:07,523 - INFO - [PAGE] 📄 第6页: https://www.dianping.com/shenzhen/ch10/g1783p6
2025-08-05 14:10:07,523 - INFO - [PAGE] ⏱️ 开始时间: 14:10:07
2025-08-05 14:10:07,523 - INFO - [INFO] 📄 爬取第6页: 家常菜
2025-08-05 14:10:07,523 - INFO - [PAGE] 🔄 正在加载页面: https://www.dianping.com/shenzhen/ch10/g1783p6
2025-08-05 14:10:11,212 - INFO - [PAGE] ✅ 页面加载成功: https://www.dianping.com/shenzhen/ch10/g1783p6
2025-08-05 14:10:12,346 - INFO - [INFO] 开始用户行为模拟...
2025-08-05 14:10:21,646 - ERROR - [ERROR] 数据提取失败: Page.content: Target page, context or browser has been closed
2025-08-05 14:10:21,646 - WARNING - [PAGE] ⚠️ 第6页无数据 (耗时14.1秒)
2025-08-05 14:10:21,646 - WARNING - [WARNING] ⚠️ 第6页无数据
2025-08-05 14:10:21,647 - INFO - [DELAY] ⏱️ 页面延迟(normal): 33.1秒
2025-08-05 14:10:21,647 - INFO - [INFO] ⏱️ 页面延迟(normal): 33.1秒
2025-08-05 14:10:54,725 - INFO - [PAGE] 📄 第7页: https://www.dianping.com/shenzhen/ch10/g1783p7
2025-08-05 14:10:54,726 - INFO - [PAGE] ⏱️ 开始时间: 14:10:54
2025-08-05 14:10:54,727 - INFO - [INFO] 📄 爬取第7页: 家常菜
2025-08-05 14:10:54,728 - INFO - [PAGE] 🔄 正在加载页面: https://www.dianping.com/shenzhen/ch10/g1783p7
2025-08-05 14:10:54,743 - WARNING - [PAGE] ⚠️ 页面加载尝试 1/3 失败: Page.goto: Target page, context or browser has been closed
2025-08-05 14:10:59,763 - WARNING - [PAGE] ⚠️ 页面加载尝试 2/3 失败: Page.goto: Target page, context or browser has been closed
2025-08-05 14:11:05,792 - WARNING - [PAGE] ⚠️ 页面加载尝试 3/3 失败: Page.goto: Target page, context or browser has been closed
2025-08-05 14:11:05,792 - ERROR - [PAGE] ❌ 第7页异常: Page.goto: Target page, context or browser has been closed
2025-08-05 14:11:05,793 - ERROR - [PAGE] 🔍 异常类型: TargetClosedError
2025-08-05 14:11:05,793 - ERROR - [ERROR] ❌ 第7页异常: Page.goto: Target page, context or browser has been closed
2025-08-05 14:11:05,794 - INFO - [PAGE] 🔄 尝试恢复页面状态...
2025-08-05 14:11:05,797 - ERROR - [PAGE] ❌ 页面恢复失败: Page.wait_for_timeout: Target page, context or browser has been closed
2025-08-05 14:11:05,797 - WARNING - [PAGE] ⏭️ 跳过第7页，继续下一页
2025-08-05 14:11:05,797 - WARNING - [WARNING] ⏭️ 页面恢复失败，跳过第7页
2025-08-05 14:11:05,798 - INFO - [PAGE] 📄 第8页: https://www.dianping.com/shenzhen/ch10/g1783p8
2025-08-05 14:11:05,798 - INFO - [PAGE] ⏱️ 开始时间: 14:11:05
2025-08-05 14:11:05,799 - INFO - [INFO] 📄 爬取第8页: 家常菜
2025-08-05 14:11:05,799 - INFO - [PAGE] 🔄 正在加载页面: https://www.dianping.com/shenzhen/ch10/g1783p8
2025-08-05 14:11:05,802 - WARNING - [PAGE] ⚠️ 页面加载尝试 1/3 失败: Page.goto: Target page, context or browser has been closed
2025-08-05 14:11:13,126 - WARNING - [PAGE] ⚠️ 页面加载尝试 2/3 失败: Page.goto: Target page, context or browser has been closed
2025-08-05 14:11:19,206 - WARNING - [PAGE] ⚠️ 页面加载尝试 3/3 失败: Page.goto: Target page, context or browser has been closed
2025-08-05 14:11:19,206 - ERROR - [PAGE] ❌ 第8页异常: Page.goto: Target page, context or browser has been closed
2025-08-05 14:11:19,207 - ERROR - [PAGE] 🔍 异常类型: TargetClosedError
2025-08-05 14:11:19,207 - ERROR - [ERROR] ❌ 第8页异常: Page.goto: Target page, context or browser has been closed
2025-08-05 14:11:19,208 - INFO - [PAGE] 🔄 尝试恢复页面状态...
2025-08-05 14:11:19,211 - ERROR - [PAGE] ❌ 页面恢复失败: Page.wait_for_timeout: Target page, context or browser has been closed
2025-08-05 14:11:19,212 - WARNING - [PAGE] ⏭️ 跳过第8页，继续下一页
2025-08-05 14:11:19,212 - WARNING - [WARNING] ⏭️ 页面恢复失败，跳过第8页
2025-08-05 14:11:19,212 - INFO - [PAGE] 📄 第9页: https://www.dianping.com/shenzhen/ch10/g1783p9
2025-08-05 14:11:19,212 - INFO - [PAGE] ⏱️ 开始时间: 14:11:19
2025-08-05 14:11:19,213 - INFO - [INFO] 📄 爬取第9页: 家常菜
2025-08-05 14:11:19,213 - INFO - [PAGE] 🔄 正在加载页面: https://www.dianping.com/shenzhen/ch10/g1783p9
2025-08-05 14:11:19,216 - WARNING - [PAGE] ⚠️ 页面加载尝试 1/3 失败: Page.goto: Target page, context or browser has been closed
2025-08-05 14:11:24,298 - WARNING - [PAGE] ⚠️ 页面加载尝试 2/3 失败: Page.goto: Target page, context or browser has been closed
2025-08-05 14:11:30,107 - WARNING - [PAGE] ⚠️ 页面加载尝试 3/3 失败: Page.goto: Target page, context or browser has been closed
2025-08-05 14:11:30,108 - ERROR - [PAGE] ❌ 第9页异常: Page.goto: Target page, context or browser has been closed
2025-08-05 14:11:30,108 - ERROR - [PAGE] 🔍 异常类型: TargetClosedError
2025-08-05 14:11:30,109 - ERROR - [ERROR] ❌ 第9页异常: Page.goto: Target page, context or browser has been closed
2025-08-05 14:11:30,109 - INFO - [PAGE] 🔄 尝试恢复页面状态...
2025-08-05 14:11:30,112 - ERROR - [PAGE] ❌ 页面恢复失败: Page.wait_for_timeout: Target page, context or browser has been closed
2025-08-05 14:11:30,113 - WARNING - [PAGE] ⏭️ 跳过第9页，继续下一页
2025-08-05 14:11:30,113 - WARNING - [WARNING] ⏭️ 页面恢复失败，跳过第9页
2025-08-05 14:11:30,113 - INFO - [PAGE] 📄 第10页: https://www.dianping.com/shenzhen/ch10/g1783p10
2025-08-05 14:11:30,113 - INFO - [PAGE] ⏱️ 开始时间: 14:11:30
2025-08-05 14:11:30,114 - INFO - [INFO] 📄 爬取第10页: 家常菜
2025-08-05 14:11:30,114 - INFO - [PAGE] 🔄 正在加载页面: https://www.dianping.com/shenzhen/ch10/g1783p10
2025-08-05 14:11:30,116 - WARNING - [PAGE] ⚠️ 页面加载尝试 1/3 失败: Page.goto: Target page, context or browser has been closed
2025-08-05 14:11:37,705 - WARNING - [PAGE] ⚠️ 页面加载尝试 2/3 失败: Page.goto: Target page, context or browser has been closed
2025-08-05 14:11:44,160 - WARNING - [PAGE] ⚠️ 页面加载尝试 3/3 失败: Page.goto: Target page, context or browser has been closed
2025-08-05 14:11:44,161 - ERROR - [PAGE] ❌ 第10页异常: Page.goto: Target page, context or browser has been closed
2025-08-05 14:11:44,161 - ERROR - [PAGE] 🔍 异常类型: TargetClosedError
2025-08-05 14:11:44,161 - ERROR - [ERROR] ❌ 第10页异常: Page.goto: Target page, context or browser has been closed
2025-08-05 14:11:44,162 - INFO - [PAGE] 🔄 尝试恢复页面状态...
2025-08-05 14:11:44,165 - ERROR - [PAGE] ❌ 页面恢复失败: Page.wait_for_timeout: Target page, context or browser has been closed
2025-08-05 14:11:44,165 - WARNING - [PAGE] ⏭️ 跳过第10页，继续下一页
2025-08-05 14:11:44,166 - WARNING - [WARNING] ⏭️ 页面恢复失败，跳过第10页
2025-08-05 14:11:44,166 - INFO - ----------------------------------------
2025-08-05 14:11:44,166 - INFO - [CATEGORY] ✅ 品类 家常菜 完成
2025-08-05 14:11:44,167 - INFO - [CATEGORY] 📊 商铺数: 0 个
2025-08-05 14:11:44,167 - INFO - [CATEGORY] ⏱️ 耗时: 96.6秒
2025-08-05 14:11:44,167 - INFO - ============================================================
2025-08-05 14:11:44,167 - INFO - [TASK] 🎉 任务完成!
2025-08-05 14:11:44,168 - INFO - [TASK] ⏱️ 总耗时: 1.6分钟
2025-08-05 14:11:44,168 - INFO - [TASK] 🏪 总商铺: 0 个
2025-08-05 14:11:44,168 - INFO - [TASK] 📂 品类数: 1 个
2025-08-05 14:11:44,168 - INFO - [TASK] 🛡️ 反检测统计:
2025-08-05 14:11:44,168 - INFO - [TASK]   验证码遇到: 0 次
2025-08-05 14:11:44,169 - INFO - [TASK]   跳过页面: 0 页
2025-08-05 14:11:44,169 - INFO - [TASK]   页面刷新: 0 次
2025-08-05 14:11:44,169 - INFO - [TASK]   UA更换: 0 次
2025-08-05 14:11:44,169 - INFO - ============================================================
2025-08-05 14:11:44,169 - INFO - [SUCCESS] 🎉 任务完成! 总耗时: 1.6分钟，总商铺: 0 个
2025-08-05 14:11:44,169 - INFO - [BROWSER] 🔒 开始安全关闭浏览器资源...
2025-08-05 14:11:44,170 - INFO - [BROWSER] ℹ️ 页面已经关闭
2025-08-05 14:11:45,170 - WARNING - [BROWSER] ⚠️ 浏览器上下文关闭异常: 'BrowserContext' object has no attribute '_is_closed_or_closing'
2025-08-05 14:11:46,172 - INFO - [BROWSER] 🔒 正在关闭浏览器...
2025-08-05 14:11:46,415 - INFO - [BROWSER] ✅ 浏览器已关闭
2025-08-05 14:11:48,415 - INFO - [BROWSER] 🔒 所有浏览器资源已安全释放
2025-08-05 14:11:48,428 - WARNING - [SAVE] ⚠️ 没有数据需要保存
2025-08-05 14:11:48,429 - WARNING - [WARNING] ⚠️ 没有数据需要保存
2025-08-05 14:21:28,066 - INFO - ============================================================
2025-08-05 14:21:28,066 - INFO - [TASK] 🚀 开始爬取任务
2025-08-05 14:21:28,067 - INFO - [TASK] 📍 城市: 深圳 (shenzhen)
2025-08-05 14:21:28,067 - INFO - [TASK] 📂 品类: ['家常菜'] (1个)
2025-08-05 14:21:28,068 - INFO - [TASK] 📄 页数范围: 6-10页
2025-08-05 14:21:28,068 - INFO - ============================================================
2025-08-05 14:21:28,068 - INFO - [INFO] 🚀 开始爬取任务: 深圳 - 家常菜 (6-10页)
2025-08-05 14:21:28,639 - INFO - [BROWSER] 🌐 创建浏览器上下文...
2025-08-05 14:21:28,640 - INFO - [BROWSER] 🚀 开始创建浏览器上下文...
2025-08-05 14:21:28,645 - INFO - [BROWSER] 🔧 User-Agent: Mozilla/5.0 (Macintosh; Intel Mac OS X 10.15; rv:1...
2025-08-05 14:21:28,645 - INFO - [BROWSER] 📐 视口大小: 1280x720
2025-08-05 14:21:28,933 - INFO - [BROWSER] ✅ 浏览器上下文创建成功
2025-08-05 14:21:28,996 - INFO - [COOKIE] ✅ 已添加 23 个Cookie
2025-08-05 14:21:29,149 - INFO - --------------------------------------------------
2025-08-05 14:21:29,149 - INFO - [CATEGORY] 📂 开始处理品类 1/1: 家常菜
2025-08-05 14:21:29,149 - INFO - [CATEGORY] 🆔 品类ID: g1783
2025-08-05 14:21:29,150 - INFO - [CATEGORY] ⏱️ 开始时间: 14:21:29
2025-08-05 14:21:29,150 - INFO - [INFO] 📂 开始处理品类 1/1: 家常菜
2025-08-05 14:21:29,150 - INFO - [CATEGORY] 📊 页数范围: 6-10页
2025-08-05 14:21:29,150 - INFO - [CATEGORY] ⚠️ 最大连续无数据页面: 5
2025-08-05 14:21:29,150 - INFO - [PAGE] 📄 第6页: https://www.dianping.com/shenzhen/ch10/g1783p6
2025-08-05 14:21:29,150 - INFO - [PAGE] ⏱️ 开始时间: 14:21:29
2025-08-05 14:21:29,151 - INFO - [INFO] 📄 爬取第6页: 家常菜
2025-08-05 14:21:29,151 - INFO - [PAGE] 🔄 正在加载页面: https://www.dianping.com/shenzhen/ch10/g1783p6
2025-08-05 14:21:33,490 - INFO - [PAGE] ✅ 页面加载成功: https://www.dianping.com/shenzhen/ch10/g1783p6
2025-08-05 14:21:34,837 - INFO - [INFO] 开始用户行为模拟...
2025-08-05 14:22:13,001 - INFO - [PAGE] ✅ 第6页成功: 15 个商铺 (耗时43.9秒)
2025-08-05 14:22:13,001 - INFO - [INFO] ✅ 第6页成功: 15 个商铺
2025-08-05 14:22:13,001 - INFO - [DELAY] ⏱️ 页面延迟(relaxed): 17.8秒
2025-08-05 14:22:13,002 - INFO - [INFO] ⏱️ 页面延迟(relaxed): 17.8秒
2025-08-05 14:22:30,826 - INFO - [PAGE] 📄 第7页: https://www.dianping.com/shenzhen/ch10/g1783p7
2025-08-05 14:22:30,827 - INFO - [PAGE] ⏱️ 开始时间: 14:22:30
2025-08-05 14:22:30,827 - INFO - [INFO] 📄 爬取第7页: 家常菜
2025-08-05 14:22:30,827 - INFO - [PAGE] 🔄 正在加载页面: https://www.dianping.com/shenzhen/ch10/g1783p7
2025-08-05 14:22:34,172 - INFO - [PAGE] ✅ 页面加载成功: https://www.dianping.com/shenzhen/ch10/g1783p7
2025-08-05 14:22:35,689 - INFO - [INFO] 开始用户行为模拟...
2025-08-05 14:22:59,975 - INFO - [PAGE] ✅ 第7页成功: 15 个商铺 (耗时29.1秒)
2025-08-05 14:22:59,978 - INFO - [INFO] ✅ 第7页成功: 15 个商铺
2025-08-05 14:22:59,979 - INFO - [DELAY] ⏱️ 页面延迟(careful): 25.8秒
2025-08-05 14:22:59,979 - INFO - [INFO] ⏱️ 页面延迟(careful): 25.8秒
2025-08-05 14:23:25,752 - INFO - [PAGE] 📄 第8页: https://www.dianping.com/shenzhen/ch10/g1783p8
2025-08-05 14:23:25,753 - INFO - [PAGE] ⏱️ 开始时间: 14:23:25
2025-08-05 14:23:25,754 - INFO - [INFO] 📄 爬取第8页: 家常菜
2025-08-05 14:23:25,754 - INFO - [PAGE] 🔄 正在加载页面: https://www.dianping.com/shenzhen/ch10/g1783p8
2025-08-05 14:23:29,447 - INFO - [PAGE] ✅ 页面加载成功: https://www.dianping.com/shenzhen/ch10/g1783p8
2025-08-05 14:23:31,300 - INFO - [INFO] 开始用户行为模拟...
2025-08-05 14:24:04,373 - INFO - [PAGE] ✅ 第8页成功: 15 个商铺 (耗时38.6秒)
2025-08-05 14:24:04,373 - INFO - [INFO] ✅ 第8页成功: 15 个商铺
2025-08-05 14:24:04,374 - INFO - [DELAY] ⏱️ 页面延迟(relaxed): 29.7秒
2025-08-05 14:24:04,374 - INFO - [INFO] ⏱️ 页面延迟(relaxed): 29.7秒
2025-08-05 14:24:34,096 - INFO - [PAGE] 📄 第9页: https://www.dianping.com/shenzhen/ch10/g1783p9
2025-08-05 14:24:34,097 - INFO - [PAGE] ⏱️ 开始时间: 14:24:34
2025-08-05 14:24:34,098 - INFO - [INFO] 📄 爬取第9页: 家常菜
2025-08-05 14:24:34,098 - INFO - [PAGE] 🔄 正在加载页面: https://www.dianping.com/shenzhen/ch10/g1783p9
2025-08-05 14:24:36,963 - INFO - [PAGE] ✅ 页面加载成功: https://www.dianping.com/shenzhen/ch10/g1783p9
2025-08-05 14:24:38,126 - INFO - [INFO] 开始用户行为模拟...
2025-08-05 14:25:20,633 - INFO - [PAGE] ✅ 第9页成功: 15 个商铺 (耗时46.5秒)
2025-08-05 14:25:20,633 - INFO - [INFO] ✅ 第9页成功: 15 个商铺
2025-08-05 14:25:20,633 - INFO - [DELAY] ⏱️ 页面延迟(normal): 23.9秒
2025-08-05 14:25:20,633 - INFO - [INFO] ⏱️ 页面延迟(normal): 23.9秒
2025-08-05 14:25:44,527 - INFO - [PAGE] 📄 第10页: https://www.dianping.com/shenzhen/ch10/g1783p10
2025-08-05 14:25:44,529 - INFO - [PAGE] ⏱️ 开始时间: 14:25:44
2025-08-05 14:25:44,530 - INFO - [INFO] 📄 爬取第10页: 家常菜
2025-08-05 14:25:44,531 - INFO - [PAGE] 🔄 正在加载页面: https://www.dianping.com/shenzhen/ch10/g1783p10
2025-08-05 14:25:48,264 - INFO - [PAGE] ✅ 页面加载成功: https://www.dianping.com/shenzhen/ch10/g1783p10
2025-08-05 14:25:50,074 - INFO - [INFO] 开始用户行为模拟...
2025-08-05 14:26:32,393 - INFO - [PAGE] ✅ 第10页成功: 5 个商铺 (耗时47.9秒)
2025-08-05 14:26:32,394 - INFO - [INFO] ✅ 第10页成功: 5 个商铺
2025-08-05 14:26:32,394 - INFO - ----------------------------------------
2025-08-05 14:26:32,395 - INFO - [CATEGORY] ✅ 品类 家常菜 完成
2025-08-05 14:26:32,395 - INFO - [CATEGORY] 📊 商铺数: 65 个
2025-08-05 14:26:32,396 - INFO - [CATEGORY] ⏱️ 耗时: 303.2秒
2025-08-05 14:26:32,399 - INFO - [SAVE] ✅ 数据已追加到: custom_crawl_深圳_家常菜_partial_20250805_142632.csv
2025-08-05 14:26:32,399 - INFO - [INFO] ✅ 数据已保存: 深圳_家常菜_部分数据 (65个商铺)
2025-08-05 14:26:32,400 - INFO - [SAVE] 📊 数据质量分析:
2025-08-05 14:26:32,400 - INFO - [SAVE]   总商铺数: 65
2025-08-05 14:26:32,401 - INFO - [SAVE]   价格完整率: 66.2% (43/65)
2025-08-05 14:26:32,401 - INFO - [SAVE]   品类分布:
2025-08-05 14:26:32,401 - INFO - [SAVE]     家常菜: 65 个商铺
2025-08-05 14:26:32,402 - INFO - ============================================================
2025-08-05 14:26:32,402 - INFO - [TASK] 🎉 任务完成!
2025-08-05 14:26:32,402 - INFO - [TASK] ⏱️ 总耗时: 5.1分钟
2025-08-05 14:26:32,402 - INFO - [TASK] 🏪 总商铺: 65 个
2025-08-05 14:26:32,403 - INFO - [TASK] 📂 品类数: 1 个
2025-08-05 14:26:32,403 - INFO - [TASK] 🛡️ 反检测统计:
2025-08-05 14:26:32,403 - INFO - [TASK]   验证码遇到: 0 次
2025-08-05 14:26:32,403 - INFO - [TASK]   跳过页面: 0 页
2025-08-05 14:26:32,404 - INFO - [TASK]   页面刷新: 0 次
2025-08-05 14:26:32,404 - INFO - [TASK]   UA更换: 0 次
2025-08-05 14:26:32,404 - INFO - [TASK] 💾 已保存文件:
2025-08-05 14:26:32,404 - INFO - [TASK]   📁 custom_crawl_深圳_家常菜_partial_20250805_142632.csv
2025-08-05 14:26:32,405 - INFO - ============================================================
2025-08-05 14:26:32,405 - INFO - [SUCCESS] 🎉 任务完成! 总耗时: 5.1分钟，总商铺: 65 个
2025-08-05 14:26:32,405 - INFO - [BROWSER] 🔒 开始安全关闭浏览器资源...
2025-08-05 14:26:32,405 - INFO - [BROWSER] 🔒 正在关闭页面...
2025-08-05 14:26:32,416 - INFO - [BROWSER] ✅ 页面已关闭
2025-08-05 14:26:33,416 - WARNING - [BROWSER] ⚠️ 浏览器上下文关闭异常: 'BrowserContext' object has no attribute '_is_closed_or_closing'
2025-08-05 14:26:34,421 - INFO - [BROWSER] 🔒 正在关闭浏览器...
2025-08-05 14:26:37,075 - INFO - [BROWSER] ✅ 浏览器已关闭
2025-08-05 14:26:39,075 - INFO - [BROWSER] 🔒 所有浏览器资源已安全释放
2025-08-05 14:26:39,093 - INFO - [SAVE] ✅ 数据已保存到: custom_crawl_深圳_家常菜_20250805_142639.csv
2025-08-05 14:26:39,094 - INFO - [INFO] ✅ 数据已保存: 深圳_家常菜 (65个商铺)
2025-08-05 14:26:39,095 - INFO - [SAVE] 📊 数据质量分析:
2025-08-05 14:26:39,095 - INFO - [SAVE]   总商铺数: 65
2025-08-05 14:26:39,096 - INFO - [SAVE]   价格完整率: 66.2% (43/65)
2025-08-05 14:26:39,096 - INFO - [SAVE]   品类分布:
2025-08-05 14:26:39,096 - INFO - [SAVE]     家常菜: 65 个商铺
