2025-08-13 10:49:05,525 - INFO - ============================================================
2025-08-13 10:49:05,525 - INFO - [TASK] 🚀 开始爬取任务
2025-08-13 10:49:05,525 - INFO - [TASK] 📍 城市: 广州 (guangzhou)
2025-08-13 10:49:05,527 - INFO - [TASK] 📂 品类: ['私房菜'] (1个)
2025-08-13 10:49:05,528 - INFO - [TASK] 📄 页数范围: 1-1页
2025-08-13 10:49:05,528 - INFO - ============================================================
2025-08-13 10:49:05,528 - INFO - [INFO] 🚀 开始爬取任务: 广州 - 私房菜 (1-1页)
2025-08-13 10:49:08,006 - INFO - [BROWSER] 🌐 创建浏览器上下文...
2025-08-13 10:49:08,006 - INFO - [BROWSER] 🚀 开始创建浏览器上下文...
2025-08-13 10:49:08,013 - INFO - [BROWSER] 🔧 User-Agent: Mozilla/5.0 (Macintosh; Intel Mac OS X 10.15; rv:1...
2025-08-13 10:49:08,013 - INFO - [BROWSER] 📐 视口大小: 1600x900
2025-08-13 10:49:09,403 - INFO - [BROWSER] ✅ 浏览器上下文创建成功
2025-08-13 10:49:09,752 - WARNING - [PRIVACY] ⚠️ 清理浏览器数据时出现警告: Page.evaluate: SecurityError: Failed to read the 'localStorage' property from 'Window': Access is denied for this document.
    at eval (<anonymous>)
    at UtilityScript.evaluate (<anonymous>:313:29)
    at UtilityScript.<anonymous> (<anonymous>:1:44)
2025-08-13 10:49:09,752 - INFO - [PRIVACY] ⏱️ 初始随机延迟: 21.4秒
2025-08-13 10:49:31,132 - INFO - [COOKIE] ✅ 已添加 23 个Cookie
2025-08-13 10:49:31,183 - INFO - --------------------------------------------------
2025-08-13 10:49:31,184 - INFO - [CATEGORY] 📂 开始处理品类 1/1: 私房菜
2025-08-13 10:49:31,187 - INFO - [CATEGORY] 🆔 品类ID: g1338
2025-08-13 10:49:31,188 - INFO - [CATEGORY] ⏱️ 开始时间: 10:49:31
2025-08-13 10:49:31,188 - INFO - [INFO] 📂 开始处理品类 1/1: 私房菜
2025-08-13 10:49:31,188 - INFO - [CATEGORY] 📊 页数范围: 1-1页
2025-08-13 10:49:31,189 - INFO - [CATEGORY] ⚠️ 最大连续无数据页面: 1
2025-08-13 10:49:31,189 - INFO - [PAGE] 📄 第1页: https://www.dianping.com/guangzhou/ch10/g1338
2025-08-13 10:49:31,190 - INFO - [PAGE] ⏱️ 开始时间: 10:49:31
2025-08-13 10:49:31,190 - INFO - [INFO] 📄 爬取第1页: 私房菜
2025-08-13 10:49:31,193 - INFO - [PAGE] 🔄 正在加载页面: https://www.dianping.com/guangzhou/ch10/g1338
2025-08-13 10:49:35,432 - INFO - [PAGE] ✅ 页面加载成功: https://www.dianping.com/guangzhou/ch10/g1338
2025-08-13 10:49:38,079 - WARNING - [CAPTCHA] 🚨 检测到验证码！第1页 - 私房菜
2025-08-13 10:49:38,080 - WARNING - [CAPTCHA] 🔍 详细信息: 页面标题和内容确认为验证页面: 验证中心
2025-08-13 10:49:38,080 - WARNING - [WARNING] 🚨 检测到验证码！第1页 - 私房菜
2025-08-13 10:49:38,080 - WARNING - [WARNING] ⏳ 请在浏览器中手动完成验证码验证...
2025-08-13 10:49:48,121 - INFO - [CAPTCHA] ⏱️ 等待中...剩余290秒
2025-08-13 10:49:48,122 - INFO - [INFO] ⏱️ 等待验证码解决中...剩余290秒
2025-08-13 10:49:58,162 - INFO - [CAPTCHA] ⏱️ 等待中...剩余280秒
2025-08-13 10:49:58,165 - INFO - [INFO] ⏱️ 等待验证码解决中...剩余280秒
2025-08-13 10:50:08,327 - INFO - [CAPTCHA] ⏱️ 等待中...剩余270秒
2025-08-13 10:50:08,329 - INFO - [INFO] ⏱️ 等待验证码解决中...剩余270秒
2025-08-13 10:50:18,366 - INFO - [CAPTCHA] ⏱️ 等待中...剩余260秒
2025-08-13 10:50:18,367 - INFO - [INFO] ⏱️ 等待验证码解决中...剩余260秒
2025-08-13 10:50:28,371 - INFO - [CAPTCHA] ✅ 验证码已解决
2025-08-13 10:50:28,371 - INFO - [SUCCESS] ✅ 验证码已解决，继续爬取...
2025-08-13 10:50:28,374 - ERROR - [PAGE] ❌ 页面刷新失败: Page.reload: Target page, context or browser has been closed
2025-08-13 10:50:28,374 - INFO - ----------------------------------------
2025-08-13 10:50:28,375 - INFO - [CATEGORY] ✅ 品类 私房菜 完成
2025-08-13 10:50:28,375 - INFO - [CATEGORY] 📊 商铺数: 0 个
2025-08-13 10:50:28,375 - INFO - [CATEGORY] ⏱️ 耗时: 57.2秒
2025-08-13 10:50:28,376 - INFO - ============================================================
2025-08-13 10:50:28,376 - INFO - [TASK] 🎉 任务完成!
2025-08-13 10:50:28,377 - INFO - [TASK] ⏱️ 总耗时: 1.4分钟
2025-08-13 10:50:28,377 - INFO - [TASK] 🏪 总商铺: 0 个
2025-08-13 10:50:28,377 - INFO - [TASK] 📂 品类数: 1 个
2025-08-13 10:50:28,377 - INFO - [TASK] 🛡️ 反检测统计:
2025-08-13 10:50:28,378 - INFO - [TASK]   验证码遇到: 1 次
2025-08-13 10:50:28,378 - INFO - [TASK]   跳过页面: 0 页
2025-08-13 10:50:28,378 - INFO - [TASK]   页面刷新: 0 次
2025-08-13 10:50:28,379 - INFO - [TASK]   UA更换: 0 次
2025-08-13 10:50:28,379 - INFO - ============================================================
2025-08-13 10:50:28,379 - INFO - [SUCCESS] 🎉 任务完成! 总耗时: 1.4分钟，总商铺: 0 个
2025-08-13 10:50:28,380 - INFO - [BROWSER] 🔒 开始安全关闭浏览器资源...
2025-08-13 10:50:28,380 - INFO - [BROWSER] ℹ️ 页面已经关闭
2025-08-13 10:50:29,381 - WARNING - [BROWSER] ⚠️ 浏览器上下文关闭异常: 'BrowserContext' object has no attribute '_is_closed_or_closing'
2025-08-13 10:50:30,381 - INFO - [BROWSER] 🔒 正在关闭浏览器...
2025-08-13 10:50:30,688 - INFO - [BROWSER] ✅ 浏览器已关闭
2025-08-13 10:50:32,688 - INFO - [BROWSER] 🔒 所有浏览器资源已安全释放
2025-08-13 10:50:32,700 - WARNING - [SAVE] ⚠️ 没有数据需要保存
2025-08-13 10:50:32,700 - WARNING - [WARNING] ⚠️ 没有数据需要保存
2025-08-13 10:51:03,258 - INFO - ============================================================
2025-08-13 10:51:03,259 - INFO - [TASK] 🚀 开始爬取任务
2025-08-13 10:51:03,259 - INFO - [TASK] 📍 城市: 广州 (guangzhou)
2025-08-13 10:51:03,259 - INFO - [TASK] 📂 品类: ['东南亚菜'] (1个)
2025-08-13 10:51:03,259 - INFO - [TASK] 📄 页数范围: 1-1页
2025-08-13 10:51:03,260 - INFO - ============================================================
2025-08-13 10:51:03,260 - INFO - [INFO] 🚀 开始爬取任务: 广州 - 东南亚菜 (1-1页)
2025-08-13 10:51:03,956 - INFO - [BROWSER] 🌐 创建浏览器上下文...
2025-08-13 10:51:03,956 - INFO - [BROWSER] 🚀 开始创建浏览器上下文...
2025-08-13 10:51:03,962 - INFO - [BROWSER] 🔧 User-Agent: Mozilla/5.0 (Linux; Android 10; K) AppleWebKit/537...
2025-08-13 10:51:03,962 - INFO - [BROWSER] 📐 视口大小: 1366x768
2025-08-13 10:51:04,285 - INFO - [BROWSER] ✅ 浏览器上下文创建成功
2025-08-13 10:51:04,505 - WARNING - [PRIVACY] ⚠️ 清理浏览器数据时出现警告: Page.evaluate: SecurityError: Failed to read the 'localStorage' property from 'Window': Access is denied for this document.
    at eval (<anonymous>)
    at UtilityScript.evaluate (<anonymous>:313:29)
    at UtilityScript.<anonymous> (<anonymous>:1:44)
2025-08-13 10:51:04,505 - INFO - [PRIVACY] ⏱️ 初始随机延迟: 11.1秒
2025-08-13 10:51:15,587 - INFO - [COOKIE] ✅ 已添加 23 个Cookie
2025-08-13 10:51:15,665 - INFO - --------------------------------------------------
2025-08-13 10:51:15,665 - INFO - [CATEGORY] 📂 开始处理品类 1/1: 东南亚菜
2025-08-13 10:51:15,666 - INFO - [CATEGORY] 🆔 品类ID: g115
2025-08-13 10:51:15,666 - INFO - [CATEGORY] ⏱️ 开始时间: 10:51:15
2025-08-13 10:51:15,666 - INFO - [INFO] 📂 开始处理品类 1/1: 东南亚菜
2025-08-13 10:51:15,666 - INFO - [CATEGORY] 📊 页数范围: 1-1页
2025-08-13 10:51:15,666 - INFO - [CATEGORY] ⚠️ 最大连续无数据页面: 1
2025-08-13 10:51:15,667 - INFO - [PAGE] 📄 第1页: https://www.dianping.com/guangzhou/ch10/g115
2025-08-13 10:51:15,667 - INFO - [PAGE] ⏱️ 开始时间: 10:51:15
2025-08-13 10:51:15,667 - INFO - [INFO] 📄 爬取第1页: 东南亚菜
2025-08-13 10:51:15,668 - INFO - [PAGE] 🔄 正在加载页面: https://www.dianping.com/guangzhou/ch10/g115
2025-08-13 10:51:21,276 - INFO - [PAGE] ✅ 页面加载成功: https://www.dianping.com/guangzhou/ch10/g115
2025-08-13 10:51:26,022 - INFO - [PAGE] ✅ 第1页成功: 15 个商铺 (耗时10.4秒)
2025-08-13 10:51:26,023 - INFO - [INFO] ✅ 第1页成功: 15 个商铺
2025-08-13 10:51:26,023 - INFO - ----------------------------------------
2025-08-13 10:51:26,023 - INFO - [CATEGORY] ✅ 品类 东南亚菜 完成
2025-08-13 10:51:26,024 - INFO - [CATEGORY] 📊 商铺数: 15 个
2025-08-13 10:51:26,024 - INFO - [CATEGORY] ⏱️ 耗时: 10.4秒
2025-08-13 10:51:26,025 - INFO - [SAVE] ✅ 数据已追加到: custom_crawl_广州_东南亚菜_partial_20250813_105126.csv
2025-08-13 10:51:26,026 - INFO - [INFO] ✅ 数据已保存: 广州_东南亚菜_部分数据 (15个商铺)
2025-08-13 10:51:26,026 - INFO - [SAVE] 📊 数据质量分析:
2025-08-13 10:51:26,026 - INFO - [SAVE]   总商铺数: 15
2025-08-13 10:51:26,026 - INFO - [SAVE]   价格完整率: 100.0% (15/15)
2025-08-13 10:51:26,027 - INFO - [SAVE]   品类分布:
2025-08-13 10:51:26,027 - INFO - [SAVE]     东南亚菜: 15 个商铺
2025-08-13 10:51:26,027 - INFO - ============================================================
2025-08-13 10:51:26,027 - INFO - [TASK] 🎉 任务完成!
2025-08-13 10:51:26,027 - INFO - [TASK] ⏱️ 总耗时: 0.4分钟
2025-08-13 10:51:26,028 - INFO - [TASK] 🏪 总商铺: 15 个
2025-08-13 10:51:26,028 - INFO - [TASK] 📂 品类数: 1 个
2025-08-13 10:51:26,028 - INFO - [TASK] 🛡️ 反检测统计:
2025-08-13 10:51:26,028 - INFO - [TASK]   验证码遇到: 0 次
2025-08-13 10:51:26,029 - INFO - [TASK]   跳过页面: 0 页
2025-08-13 10:51:26,029 - INFO - [TASK]   页面刷新: 0 次
2025-08-13 10:51:26,029 - INFO - [TASK]   UA更换: 0 次
2025-08-13 10:51:26,029 - INFO - [TASK] 💾 已保存文件:
2025-08-13 10:51:26,030 - INFO - [TASK]   📁 custom_crawl_广州_东南亚菜_partial_20250813_105126.csv
2025-08-13 10:51:26,030 - INFO - ============================================================
2025-08-13 10:51:26,030 - INFO - [SUCCESS] 🎉 任务完成! 总耗时: 0.4分钟，总商铺: 15 个
2025-08-13 10:51:26,030 - INFO - [BROWSER] 🔒 开始安全关闭浏览器资源...
2025-08-13 10:51:26,031 - INFO - [BROWSER] 🔒 正在关闭页面...
2025-08-13 10:51:26,043 - INFO - [BROWSER] ✅ 页面已关闭
2025-08-13 10:51:27,045 - WARNING - [BROWSER] ⚠️ 浏览器上下文关闭异常: 'BrowserContext' object has no attribute '_is_closed_or_closing'
2025-08-13 10:51:28,046 - INFO - [BROWSER] 🔒 正在关闭浏览器...
2025-08-13 10:51:28,596 - INFO - [BROWSER] ✅ 浏览器已关闭
2025-08-13 10:51:30,597 - INFO - [BROWSER] 🔒 所有浏览器资源已安全释放
2025-08-13 10:51:30,803 - INFO - [SAVE] ✅ 数据已保存到: custom_crawl_广州_东南亚菜_20250813_105130.csv
2025-08-13 10:51:30,815 - INFO - [INFO] ✅ 数据已保存: 广州_东南亚菜 (15个商铺)
2025-08-13 10:51:30,820 - INFO - [SAVE] 📊 数据质量分析:
2025-08-13 10:51:30,821 - INFO - [SAVE]   总商铺数: 15
2025-08-13 10:51:30,825 - INFO - [SAVE]   价格完整率: 100.0% (15/15)
2025-08-13 10:51:30,825 - INFO - [SAVE]   品类分布:
2025-08-13 10:51:30,826 - INFO - [SAVE]     东南亚菜: 15 个商铺
2025-08-13 10:55:17,091 - INFO - ============================================================
2025-08-13 10:55:17,092 - INFO - [TASK] 🚀 开始爬取任务
2025-08-13 10:55:17,092 - INFO - [TASK] 📍 城市: 深圳市 (shenzhen)
2025-08-13 10:55:17,092 - INFO - [TASK] 📂 品类: ['东南亚菜'] (1个)
2025-08-13 10:55:17,093 - INFO - [TASK] 📄 页数范围: 49-50页
2025-08-13 10:55:17,093 - INFO - ============================================================
2025-08-13 10:55:17,093 - INFO - [INFO] 🚀 开始爬取任务: 深圳市 - 东南亚菜 (49-50页)
2025-08-13 10:55:17,787 - INFO - [BROWSER] 🌐 创建浏览器上下文...
2025-08-13 10:55:17,788 - INFO - [BROWSER] 🚀 开始创建浏览器上下文...
2025-08-13 10:55:17,793 - INFO - [BROWSER] 🔧 User-Agent: Mozilla/5.0 (Windows NT 10.0; Win64; x64) AppleWeb...
2025-08-13 10:55:17,793 - INFO - [BROWSER] 📐 视口大小: 1920x1080
2025-08-13 10:55:18,393 - INFO - [BROWSER] ✅ 浏览器上下文创建成功
2025-08-13 10:55:18,618 - WARNING - [PRIVACY] ⚠️ 清理浏览器数据时出现警告: Page.evaluate: SecurityError: Failed to read the 'localStorage' property from 'Window': Access is denied for this document.
    at eval (<anonymous>)
    at UtilityScript.evaluate (<anonymous>:313:29)
    at UtilityScript.<anonymous> (<anonymous>:1:44)
2025-08-13 10:55:18,619 - INFO - [PRIVACY] ⏱️ 初始随机延迟: 28.1秒
2025-08-13 10:55:46,705 - INFO - [COOKIE] ✅ 已添加 23 个Cookie
2025-08-13 10:55:46,762 - INFO - --------------------------------------------------
2025-08-13 10:55:46,766 - INFO - [CATEGORY] 📂 开始处理品类 1/1: 东南亚菜
2025-08-13 10:55:46,767 - INFO - [CATEGORY] 🆔 品类ID: g115
2025-08-13 10:55:46,767 - INFO - [CATEGORY] ⏱️ 开始时间: 10:55:46
2025-08-13 10:55:46,768 - INFO - [INFO] 📂 开始处理品类 1/1: 东南亚菜
2025-08-13 10:55:46,769 - INFO - [CATEGORY] 📊 页数范围: 49-50页
2025-08-13 10:55:46,769 - INFO - [CATEGORY] ⚠️ 最大连续无数据页面: 2
2025-08-13 10:55:46,769 - INFO - [PAGE] 📄 第49页: https://www.dianping.com/shenzhen/ch10/g115p49
2025-08-13 10:55:46,770 - INFO - [PAGE] ⏱️ 开始时间: 10:55:46
2025-08-13 10:55:46,770 - INFO - [INFO] 📄 爬取第49页: 东南亚菜
2025-08-13 10:55:46,770 - INFO - [PAGE] 🔄 正在加载页面: https://www.dianping.com/shenzhen/ch10/g115p49
2025-08-13 10:55:52,198 - INFO - [PAGE] ✅ 页面加载成功: https://www.dianping.com/shenzhen/ch10/g115p49
2025-08-13 10:55:55,937 - WARNING - [PAGE] ⚠️ 第49页无数据 (耗时9.2秒)
2025-08-13 10:55:55,938 - WARNING - [WARNING] ⚠️ 第49页无数据
2025-08-13 10:55:55,938 - INFO - [DELAY] ⏱️ 页面延迟(normal): 13.0秒
2025-08-13 10:55:55,940 - INFO - [INFO] ⏱️ 页面延迟(normal): 13.0秒
2025-08-13 10:56:08,936 - INFO - [PAGE] 📄 第50页: https://www.dianping.com/shenzhen/ch10/g115p50
2025-08-13 10:56:08,936 - INFO - [PAGE] ⏱️ 开始时间: 10:56:08
2025-08-13 10:56:08,937 - INFO - [INFO] 📄 爬取第50页: 东南亚菜
2025-08-13 10:56:08,937 - INFO - [PAGE] 🔄 正在加载页面: https://www.dianping.com/shenzhen/ch10/g115p50
2025-08-13 10:56:15,482 - INFO - [PAGE] ✅ 页面加载成功: https://www.dianping.com/shenzhen/ch10/g115p50
2025-08-13 10:56:23,226 - WARNING - [PAGE] ⚠️ 第50页无数据 (耗时14.3秒)
2025-08-13 10:56:23,226 - WARNING - [WARNING] ⚠️ 第50页无数据
2025-08-13 10:56:23,227 - WARNING - [CATEGORY] ⚠️ 连续2页无数据，停止爬取品类: 东南亚菜
2025-08-13 10:56:23,227 - WARNING - [WARNING] ⚠️ 连续2页无数据，停止爬取品类: 东南亚菜
2025-08-13 10:56:23,227 - INFO - ----------------------------------------
2025-08-13 10:56:23,228 - INFO - [CATEGORY] ✅ 品类 东南亚菜 完成
2025-08-13 10:56:23,228 - INFO - [CATEGORY] 📊 商铺数: 0 个
2025-08-13 10:56:23,228 - INFO - [CATEGORY] ⏱️ 耗时: 36.5秒
2025-08-13 10:56:23,229 - INFO - ============================================================
2025-08-13 10:56:23,229 - INFO - [TASK] 🎉 任务完成!
2025-08-13 10:56:23,229 - INFO - [TASK] ⏱️ 总耗时: 1.1分钟
2025-08-13 10:56:23,229 - INFO - [TASK] 🏪 总商铺: 0 个
2025-08-13 10:56:23,230 - INFO - [TASK] 📂 品类数: 1 个
2025-08-13 10:56:23,230 - INFO - [TASK] 🛡️ 反检测统计:
2025-08-13 10:56:23,230 - INFO - [TASK]   验证码遇到: 0 次
2025-08-13 10:56:23,230 - INFO - [TASK]   跳过页面: 0 页
2025-08-13 10:56:23,230 - INFO - [TASK]   页面刷新: 0 次
2025-08-13 10:56:23,231 - INFO - [TASK]   UA更换: 0 次
2025-08-13 10:56:23,231 - INFO - ============================================================
2025-08-13 10:56:23,231 - INFO - [SUCCESS] 🎉 任务完成! 总耗时: 1.1分钟，总商铺: 0 个
2025-08-13 10:56:23,231 - INFO - [BROWSER] 🔒 开始安全关闭浏览器资源...
2025-08-13 10:56:23,231 - INFO - [BROWSER] 🔒 正在关闭页面...
2025-08-13 10:56:23,245 - INFO - [BROWSER] ✅ 页面已关闭
2025-08-13 10:56:24,247 - WARNING - [BROWSER] ⚠️ 浏览器上下文关闭异常: 'BrowserContext' object has no attribute '_is_closed_or_closing'
2025-08-13 10:56:25,247 - INFO - [BROWSER] 🔒 正在关闭浏览器...
2025-08-13 10:56:25,442 - INFO - [BROWSER] ✅ 浏览器已关闭
2025-08-13 10:56:27,443 - INFO - [BROWSER] 🔒 所有浏览器资源已安全释放
2025-08-13 10:56:27,454 - WARNING - [SAVE] ⚠️ 没有数据需要保存
2025-08-13 10:56:27,454 - WARNING - [WARNING] ⚠️ 没有数据需要保存
2025-08-13 10:59:30,167 - INFO - ============================================================
2025-08-13 10:59:30,167 - INFO - [TASK] 🚀 开始爬取任务
2025-08-13 10:59:30,168 - INFO - [TASK] 📍 城市: 深圳市 (shenzhen)
2025-08-13 10:59:30,168 - INFO - [TASK] 📂 品类: ['自助餐'] (1个)
2025-08-13 10:59:30,169 - INFO - [TASK] 📄 页数范围: 49-50页
2025-08-13 10:59:30,169 - INFO - ============================================================
2025-08-13 10:59:30,169 - INFO - [INFO] 🚀 开始爬取任务: 深圳市 - 自助餐 (49-50页)
2025-08-13 10:59:30,778 - INFO - [BROWSER] 🌐 创建浏览器上下文...
2025-08-13 10:59:30,778 - INFO - [BROWSER] 🚀 开始创建浏览器上下文...
2025-08-13 10:59:30,784 - INFO - [BROWSER] 🔧 User-Agent: Mozilla/5.0 (Windows NT 10.0; Win64; x64) AppleWeb...
2025-08-13 10:59:30,784 - INFO - [BROWSER] 📐 视口大小: 1366x768
2025-08-13 10:59:31,179 - INFO - [BROWSER] ✅ 浏览器上下文创建成功
2025-08-13 10:59:31,442 - WARNING - [PRIVACY] ⚠️ 清理浏览器数据时出现警告: Page.evaluate: SecurityError: Failed to read the 'localStorage' property from 'Window': Access is denied for this document.
    at eval (<anonymous>)
    at UtilityScript.evaluate (<anonymous>:313:29)
    at UtilityScript.<anonymous> (<anonymous>:1:44)
2025-08-13 10:59:31,443 - INFO - [PRIVACY] ⏱️ 初始随机延迟: 16.4秒
2025-08-13 10:59:47,864 - INFO - [COOKIE] ✅ 已添加 23 个Cookie
2025-08-13 10:59:47,937 - INFO - --------------------------------------------------
2025-08-13 10:59:47,937 - INFO - [CATEGORY] 📂 开始处理品类 1/1: 自助餐
2025-08-13 10:59:47,937 - INFO - [CATEGORY] 🆔 品类ID: g111
2025-08-13 10:59:47,938 - INFO - [CATEGORY] ⏱️ 开始时间: 10:59:47
2025-08-13 10:59:47,938 - INFO - [INFO] 📂 开始处理品类 1/1: 自助餐
2025-08-13 10:59:47,938 - INFO - [CATEGORY] 📊 页数范围: 49-50页
2025-08-13 10:59:47,940 - INFO - [CATEGORY] ⚠️ 最大连续无数据页面: 2
2025-08-13 10:59:47,940 - INFO - [PAGE] 📄 第49页: https://www.dianping.com/shenzhen/ch10/g111p49
2025-08-13 10:59:47,941 - INFO - [PAGE] ⏱️ 开始时间: 10:59:47
2025-08-13 10:59:47,941 - INFO - [INFO] 📄 爬取第49页: 自助餐
2025-08-13 10:59:47,942 - INFO - [PAGE] 🔄 正在加载页面: https://www.dianping.com/shenzhen/ch10/g111p49
2025-08-13 10:59:56,065 - INFO - [PAGE] ✅ 页面加载成功: https://www.dianping.com/shenzhen/ch10/g111p49
2025-08-13 11:00:02,932 - INFO - [PAGE] ✅ 第49页成功: 15 个商铺 (耗时15.0秒)
2025-08-13 11:00:02,933 - INFO - [INFO] ✅ 第49页成功: 15 个商铺
2025-08-13 11:00:02,933 - INFO - [DELAY] ⏱️ 页面延迟(relaxed): 8.0秒
2025-08-13 11:00:02,933 - INFO - [INFO] ⏱️ 页面延迟(relaxed): 8.0秒
2025-08-13 11:00:10,965 - INFO - [PAGE] 📄 第50页: https://www.dianping.com/shenzhen/ch10/g111p50
2025-08-13 11:00:10,965 - INFO - [PAGE] ⏱️ 开始时间: 11:00:10
2025-08-13 11:00:10,966 - INFO - [INFO] 📄 爬取第50页: 自助餐
2025-08-13 11:00:10,966 - INFO - [PAGE] 🔄 正在加载页面: https://www.dianping.com/shenzhen/ch10/g111p50
2025-08-13 11:00:18,994 - INFO - [PAGE] ✅ 页面加载成功: https://www.dianping.com/shenzhen/ch10/g111p50
2025-08-13 11:00:27,517 - INFO - [PAGE] ✅ 第50页成功: 15 个商铺 (耗时16.6秒)
2025-08-13 11:00:27,517 - INFO - [INFO] ✅ 第50页成功: 15 个商铺
2025-08-13 11:00:27,518 - INFO - ----------------------------------------
2025-08-13 11:00:27,518 - INFO - [CATEGORY] ✅ 品类 自助餐 完成
2025-08-13 11:00:27,518 - INFO - [CATEGORY] 📊 商铺数: 30 个
2025-08-13 11:00:27,519 - INFO - [CATEGORY] ⏱️ 耗时: 39.6秒
2025-08-13 11:00:27,521 - INFO - [SAVE] ✅ 数据已追加到: custom_crawl_深圳市_自助餐_partial_20250813_110027.csv
2025-08-13 11:00:27,521 - INFO - [INFO] ✅ 数据已保存: 深圳市_自助餐_部分数据 (30个商铺)
2025-08-13 11:00:27,522 - INFO - [SAVE] 📊 数据质量分析:
2025-08-13 11:00:27,522 - INFO - [SAVE]   总商铺数: 30
2025-08-13 11:00:27,522 - INFO - [SAVE]   价格完整率: 70.0% (21/30)
2025-08-13 11:00:27,522 - INFO - [SAVE]   品类分布:
2025-08-13 11:00:27,523 - INFO - [SAVE]     自助餐: 30 个商铺
2025-08-13 11:00:27,523 - INFO - ============================================================
2025-08-13 11:00:27,523 - INFO - [TASK] 🎉 任务完成!
2025-08-13 11:00:27,523 - INFO - [TASK] ⏱️ 总耗时: 1.0分钟
2025-08-13 11:00:27,524 - INFO - [TASK] 🏪 总商铺: 30 个
2025-08-13 11:00:27,524 - INFO - [TASK] 📂 品类数: 1 个
2025-08-13 11:00:27,524 - INFO - [TASK] 🛡️ 反检测统计:
2025-08-13 11:00:27,524 - INFO - [TASK]   验证码遇到: 0 次
2025-08-13 11:00:27,525 - INFO - [TASK]   跳过页面: 0 页
2025-08-13 11:00:27,525 - INFO - [TASK]   页面刷新: 0 次
2025-08-13 11:00:27,525 - INFO - [TASK]   UA更换: 0 次
2025-08-13 11:00:27,525 - INFO - [TASK] 💾 已保存文件:
2025-08-13 11:00:27,525 - INFO - [TASK]   📁 custom_crawl_深圳市_自助餐_partial_20250813_110027.csv
2025-08-13 11:00:27,526 - INFO - ============================================================
2025-08-13 11:00:27,526 - INFO - [SUCCESS] 🎉 任务完成! 总耗时: 1.0分钟，总商铺: 30 个
2025-08-13 11:00:27,526 - INFO - [BROWSER] 🔒 开始安全关闭浏览器资源...
2025-08-13 11:00:27,526 - INFO - [BROWSER] 🔒 正在关闭页面...
2025-08-13 11:00:27,545 - INFO - [BROWSER] ✅ 页面已关闭
2025-08-13 11:00:28,546 - WARNING - [BROWSER] ⚠️ 浏览器上下文关闭异常: 'BrowserContext' object has no attribute '_is_closed_or_closing'
2025-08-13 11:00:29,548 - INFO - [BROWSER] 🔒 正在关闭浏览器...
2025-08-13 11:00:29,710 - INFO - [BROWSER] ✅ 浏览器已关闭
2025-08-13 11:00:31,710 - INFO - [BROWSER] 🔒 所有浏览器资源已安全释放
2025-08-13 11:00:31,723 - INFO - [SAVE] ✅ 数据已保存到: custom_crawl_深圳市_自助餐_20250813_110031.csv
2025-08-13 11:00:31,724 - INFO - [INFO] ✅ 数据已保存: 深圳市_自助餐 (30个商铺)
2025-08-13 11:00:31,724 - INFO - [SAVE] 📊 数据质量分析:
2025-08-13 11:00:31,725 - INFO - [SAVE]   总商铺数: 30
2025-08-13 11:00:31,725 - INFO - [SAVE]   价格完整率: 70.0% (21/30)
2025-08-13 11:00:31,725 - INFO - [SAVE]   品类分布:
2025-08-13 11:00:31,725 - INFO - [SAVE]     自助餐: 30 个商铺
2025-08-13 11:07:20,530 - INFO - ============================================================
2025-08-13 11:07:20,530 - INFO - [TASK] 🚀 开始爬取任务
2025-08-13 11:07:20,531 - INFO - [TASK] 📍 城市: 广州市 (guangzhou)
2025-08-13 11:07:20,531 - INFO - [TASK] 📂 品类: ['小吃快餐'] (1个)
2025-08-13 11:07:20,531 - INFO - [TASK] 📄 页数范围: 15-15页
2025-08-13 11:07:20,532 - INFO - ============================================================
2025-08-13 11:07:20,532 - INFO - [INFO] 🚀 开始爬取任务: 广州市 - 小吃快餐 (15-15页)
2025-08-13 11:07:21,086 - INFO - [BROWSER] 🌐 创建浏览器上下文...
2025-08-13 11:07:21,087 - INFO - [BROWSER] 🚀 开始创建浏览器上下文...
2025-08-13 11:07:21,092 - INFO - [BROWSER] 🔧 User-Agent: Mozilla/5.0 (Windows NT 10.0; Win64; x64) AppleWeb...
2025-08-13 11:07:21,093 - INFO - [BROWSER] 📐 视口大小: 1600x900
2025-08-13 11:07:21,348 - INFO - [BROWSER] ✅ 浏览器上下文创建成功
2025-08-13 11:07:21,570 - WARNING - [PRIVACY] ⚠️ 清理浏览器数据时出现警告: Page.evaluate: SecurityError: Failed to read the 'localStorage' property from 'Window': Access is denied for this document.
    at eval (<anonymous>)
    at UtilityScript.evaluate (<anonymous>:313:29)
    at UtilityScript.<anonymous> (<anonymous>:1:44)
2025-08-13 11:07:21,570 - INFO - [PRIVACY] ⏱️ 初始随机延迟: 10.4秒
2025-08-13 11:07:31,946 - INFO - [COOKIE] ✅ 已添加 23 个Cookie
2025-08-13 11:07:31,997 - INFO - --------------------------------------------------
2025-08-13 11:07:31,997 - INFO - [CATEGORY] 📂 开始处理品类 1/1: 小吃快餐
2025-08-13 11:07:31,998 - INFO - [CATEGORY] 🆔 品类ID: g112
2025-08-13 11:07:31,998 - INFO - [CATEGORY] ⏱️ 开始时间: 11:07:31
2025-08-13 11:07:31,999 - INFO - [INFO] 📂 开始处理品类 1/1: 小吃快餐
2025-08-13 11:07:32,000 - INFO - [CATEGORY] 📊 页数范围: 15-15页
2025-08-13 11:07:32,000 - INFO - [CATEGORY] ⚠️ 最大连续无数据页面: 1
2025-08-13 11:07:32,000 - INFO - [PAGE] 📄 第15页: https://www.dianping.com/guangzhou/ch10/g112p15
2025-08-13 11:07:32,000 - INFO - [PAGE] ⏱️ 开始时间: 11:07:32
2025-08-13 11:07:32,001 - INFO - [INFO] 📄 爬取第15页: 小吃快餐
2025-08-13 11:07:32,001 - INFO - [PAGE] 🔄 正在加载页面: https://www.dianping.com/guangzhou/ch10/g112p15
2025-08-13 11:07:38,039 - INFO - [PAGE] ✅ 页面加载成功: https://www.dianping.com/guangzhou/ch10/g112p15
2025-08-13 11:07:46,289 - INFO - [PAGE] ✅ 第15页成功: 15 个商铺 (耗时14.3秒)
2025-08-13 11:07:46,290 - INFO - [INFO] ✅ 第15页成功: 15 个商铺
2025-08-13 11:07:46,290 - INFO - ----------------------------------------
2025-08-13 11:07:46,291 - INFO - [CATEGORY] ✅ 品类 小吃快餐 完成
2025-08-13 11:07:46,291 - INFO - [CATEGORY] 📊 商铺数: 15 个
2025-08-13 11:07:46,291 - INFO - [CATEGORY] ⏱️ 耗时: 14.3秒
2025-08-13 11:07:46,293 - INFO - [SAVE] ✅ 数据已追加到: custom_crawl_广州市_小吃快餐_partial_20250813_110746.csv
2025-08-13 11:07:46,293 - INFO - [INFO] ✅ 数据已保存: 广州市_小吃快餐_部分数据 (15个商铺)
2025-08-13 11:07:46,293 - INFO - [SAVE] 📊 数据质量分析:
2025-08-13 11:07:46,294 - INFO - [SAVE]   总商铺数: 15
2025-08-13 11:07:46,294 - INFO - [SAVE]   价格完整率: 100.0% (15/15)
2025-08-13 11:07:46,294 - INFO - [SAVE]   品类分布:
2025-08-13 11:07:46,295 - INFO - [SAVE]     小吃快餐: 15 个商铺
2025-08-13 11:07:46,295 - INFO - ============================================================
2025-08-13 11:07:46,296 - INFO - [TASK] 🎉 任务完成!
2025-08-13 11:07:46,296 - INFO - [TASK] ⏱️ 总耗时: 0.4分钟
2025-08-13 11:07:46,297 - INFO - [TASK] 🏪 总商铺: 15 个
2025-08-13 11:07:46,298 - INFO - [TASK] 📂 品类数: 1 个
2025-08-13 11:07:46,299 - INFO - [TASK] 🛡️ 反检测统计:
2025-08-13 11:07:46,300 - INFO - [TASK]   验证码遇到: 0 次
2025-08-13 11:07:46,301 - INFO - [TASK]   跳过页面: 0 页
2025-08-13 11:07:46,301 - INFO - [TASK]   页面刷新: 0 次
2025-08-13 11:07:46,302 - INFO - [TASK]   UA更换: 0 次
2025-08-13 11:07:46,302 - INFO - [TASK] 💾 已保存文件:
2025-08-13 11:07:46,303 - INFO - [TASK]   📁 custom_crawl_广州市_小吃快餐_partial_20250813_110746.csv
2025-08-13 11:07:46,303 - INFO - ============================================================
2025-08-13 11:07:46,304 - INFO - [SUCCESS] 🎉 任务完成! 总耗时: 0.4分钟，总商铺: 15 个
2025-08-13 11:07:46,305 - INFO - [BROWSER] 🔒 开始安全关闭浏览器资源...
2025-08-13 11:07:46,305 - INFO - [BROWSER] 🔒 正在关闭页面...
2025-08-13 11:07:46,324 - INFO - [BROWSER] ✅ 页面已关闭
2025-08-13 11:07:47,325 - WARNING - [BROWSER] ⚠️ 浏览器上下文关闭异常: 'BrowserContext' object has no attribute '_is_closed_or_closing'
2025-08-13 11:07:48,326 - INFO - [BROWSER] 🔒 正在关闭浏览器...
2025-08-13 11:07:48,491 - INFO - [BROWSER] ✅ 浏览器已关闭
2025-08-13 11:07:50,492 - INFO - [BROWSER] 🔒 所有浏览器资源已安全释放
2025-08-13 11:07:50,504 - INFO - [SAVE] ✅ 数据已保存到: custom_crawl_广州市_小吃快餐_20250813_110750.csv
2025-08-13 11:07:50,504 - INFO - [INFO] ✅ 数据已保存: 广州市_小吃快餐 (15个商铺)
2025-08-13 11:07:50,505 - INFO - [SAVE] 📊 数据质量分析:
2025-08-13 11:07:50,505 - INFO - [SAVE]   总商铺数: 15
2025-08-13 11:07:50,505 - INFO - [SAVE]   价格完整率: 100.0% (15/15)
2025-08-13 11:07:50,506 - INFO - [SAVE]   品类分布:
2025-08-13 11:07:50,506 - INFO - [SAVE]     小吃快餐: 15 个商铺
