2025-08-08 09:49:52,287 - INFO - ============================================================
2025-08-08 09:49:52,287 - INFO - [TASK] 🚀 开始爬取任务
2025-08-08 09:49:52,288 - INFO - [TASK] 📍 城市: 长沙 (changsha)
2025-08-08 09:49:52,288 - INFO - [TASK] 📂 品类: ['非洲菜', '其他美食'] (2个)
2025-08-08 09:49:52,289 - INFO - [TASK] 📄 页数范围: 1-15页
2025-08-08 09:49:52,289 - INFO - ============================================================
2025-08-08 09:49:52,289 - INFO - [INFO] 🚀 开始爬取任务: 长沙 - 非洲菜, 其他美食 (1-15页)
2025-08-08 09:49:54,647 - INFO - [BROWSER] 🌐 创建浏览器上下文...
2025-08-08 09:49:54,647 - INFO - [BROWSER] 🚀 开始创建浏览器上下文...
2025-08-08 09:49:54,653 - INFO - [BROWSER] 🔧 User-Agent: Mozilla/5.0 (Windows NT 10.0; Win64; x64) AppleWeb...
2025-08-08 09:49:54,653 - INFO - [BROWSER] 📐 视口大小: 1366x768
2025-08-08 09:49:56,296 - INFO - [BROWSER] ✅ 浏览器上下文创建成功
2025-08-08 09:49:56,577 - WARNING - [PRIVACY] ⚠️ 清理浏览器数据时出现警告: Page.evaluate: SecurityError: Failed to read the 'localStorage' property from 'Window': Access is denied for this document.
    at eval (<anonymous>)
    at UtilityScript.evaluate (<anonymous>:313:29)
    at UtilityScript.<anonymous> (<anonymous>:1:44)
2025-08-08 09:49:56,578 - INFO - [PRIVACY] ⏱️ 初始随机延迟: 11.4秒
2025-08-08 09:50:07,944 - INFO - [COOKIE] ✅ 已添加 24 个Cookie
2025-08-08 09:50:08,009 - INFO - --------------------------------------------------
2025-08-08 09:50:08,011 - INFO - [CATEGORY] 📂 开始处理品类 1/2: 非洲菜
2025-08-08 09:50:08,012 - INFO - [CATEGORY] 🆔 品类ID: g2797
2025-08-08 09:50:08,012 - INFO - [CATEGORY] ⏱️ 开始时间: 09:50:08
2025-08-08 09:50:08,013 - INFO - [INFO] 📂 开始处理品类 1/2: 非洲菜
2025-08-08 09:50:08,013 - INFO - [CATEGORY] 📊 页数范围: 1-15页
2025-08-08 09:50:08,016 - INFO - [CATEGORY] ⚠️ 最大连续无数据页面: 7
2025-08-08 09:50:08,016 - INFO - [PAGE] 📄 第1页: https://www.dianping.com/changsha/ch10/g2797
2025-08-08 09:50:08,017 - INFO - [PAGE] ⏱️ 开始时间: 09:50:08
2025-08-08 09:50:08,018 - INFO - [INFO] 📄 爬取第1页: 非洲菜
2025-08-08 09:50:08,020 - INFO - [PAGE] 🔄 正在加载页面: https://www.dianping.com/changsha/ch10/g2797
2025-08-08 09:50:14,495 - INFO - [PAGE] ✅ 页面加载成功: https://www.dianping.com/changsha/ch10/g2797
2025-08-08 09:50:16,353 - INFO - [UA] 🔄 第1页智能更换User-Agent
2025-08-08 09:50:18,555 - WARNING - [PAGE] ⚠️ 第1页无数据 (耗时10.5秒)
2025-08-08 09:50:18,556 - WARNING - [WARNING] ⚠️ 第1页无数据
2025-08-08 09:50:18,556 - INFO - [DELAY] ⏱️ 页面延迟(normal): 10.3秒
2025-08-08 09:50:18,557 - INFO - [INFO] ⏱️ 页面延迟(normal): 10.3秒
2025-08-08 09:51:28,287 - INFO - ============================================================
2025-08-08 09:51:28,287 - INFO - [TASK] 🚀 开始爬取任务
2025-08-08 09:51:28,287 - INFO - [TASK] 📍 城市: 广州 (guangzhou)
2025-08-08 09:51:28,288 - INFO - [TASK] 📂 品类: ['非洲菜', '其他美食'] (2个)
2025-08-08 09:51:28,288 - INFO - [TASK] 📄 页数范围: 1-15页
2025-08-08 09:51:28,289 - INFO - ============================================================
2025-08-08 09:51:28,289 - INFO - [INFO] 🚀 开始爬取任务: 广州 - 非洲菜, 其他美食 (1-15页)
2025-08-08 09:51:28,952 - INFO - [BROWSER] 🌐 创建浏览器上下文...
2025-08-08 09:51:28,952 - INFO - [BROWSER] 🚀 开始创建浏览器上下文...
2025-08-08 09:51:28,958 - INFO - [BROWSER] 🔧 User-Agent: Mozilla/5.0 (Windows NT 10.0; Win64; x64) AppleWeb...
2025-08-08 09:51:28,958 - INFO - [BROWSER] 📐 视口大小: 1920x1080
2025-08-08 09:51:29,410 - INFO - [BROWSER] ✅ 浏览器上下文创建成功
2025-08-08 09:51:29,630 - WARNING - [PRIVACY] ⚠️ 清理浏览器数据时出现警告: Page.evaluate: SecurityError: Failed to read the 'localStorage' property from 'Window': Access is denied for this document.
    at eval (<anonymous>)
    at UtilityScript.evaluate (<anonymous>:313:29)
    at UtilityScript.<anonymous> (<anonymous>:1:44)
2025-08-08 09:51:29,631 - INFO - [PRIVACY] ⏱️ 初始随机延迟: 23.4秒
2025-08-08 09:51:53,051 - INFO - [COOKIE] ✅ 已添加 24 个Cookie
2025-08-08 09:51:53,102 - INFO - --------------------------------------------------
2025-08-08 09:51:53,106 - INFO - [CATEGORY] 📂 开始处理品类 1/2: 非洲菜
2025-08-08 09:51:53,106 - INFO - [CATEGORY] 🆔 品类ID: g2797
2025-08-08 09:51:53,106 - INFO - [CATEGORY] ⏱️ 开始时间: 09:51:53
2025-08-08 09:51:53,107 - INFO - [INFO] 📂 开始处理品类 1/2: 非洲菜
2025-08-08 09:51:53,107 - INFO - [CATEGORY] 📊 页数范围: 1-15页
2025-08-08 09:51:53,108 - INFO - [CATEGORY] ⚠️ 最大连续无数据页面: 7
2025-08-08 09:51:53,108 - INFO - [PAGE] 📄 第1页: https://www.dianping.com/guangzhou/ch10/g2797
2025-08-08 09:51:53,108 - INFO - [PAGE] ⏱️ 开始时间: 09:51:53
2025-08-08 09:51:53,108 - INFO - [INFO] 📄 爬取第1页: 非洲菜
2025-08-08 09:51:53,108 - INFO - [PAGE] 🔄 正在加载页面: https://www.dianping.com/guangzhou/ch10/g2797
2025-08-08 09:52:00,421 - INFO - [PAGE] ✅ 页面加载成功: https://www.dianping.com/guangzhou/ch10/g2797
2025-08-08 09:52:07,757 - INFO - [PAGE] ✅ 第1页成功: 15 个商铺 (耗时14.6秒)
2025-08-08 09:52:07,757 - INFO - [INFO] ✅ 第1页成功: 15 个商铺
2025-08-08 09:52:07,758 - INFO - [DELAY] ⏱️ 页面延迟(careful): 17.3秒
2025-08-08 09:52:07,758 - INFO - [INFO] ⏱️ 页面延迟(careful): 17.3秒
2025-08-08 09:52:25,057 - INFO - [PAGE] 📄 第2页: https://www.dianping.com/guangzhou/ch10/g2797p2
2025-08-08 09:52:25,057 - INFO - [PAGE] ⏱️ 开始时间: 09:52:25
2025-08-08 09:52:25,058 - INFO - [INFO] 📄 爬取第2页: 非洲菜
2025-08-08 09:52:25,058 - INFO - [PAGE] 🔄 正在加载页面: https://www.dianping.com/guangzhou/ch10/g2797p2
2025-08-08 09:52:29,296 - INFO - [PAGE] ✅ 页面加载成功: https://www.dianping.com/guangzhou/ch10/g2797p2
2025-08-08 09:52:33,743 - INFO - [PAGE] ✅ 第2页成功: 15 个商铺 (耗时8.7秒)
2025-08-08 09:52:33,744 - INFO - [INFO] ✅ 第2页成功: 15 个商铺
2025-08-08 09:52:33,745 - INFO - [DELAY] ⏱️ 页面延迟(normal): 12.6秒
2025-08-08 09:52:33,745 - INFO - [INFO] ⏱️ 页面延迟(normal): 12.6秒
2025-08-08 09:52:46,341 - INFO - [PAGE] 📄 第3页: https://www.dianping.com/guangzhou/ch10/g2797p3
2025-08-08 09:52:46,342 - INFO - [PAGE] ⏱️ 开始时间: 09:52:46
2025-08-08 09:52:46,342 - INFO - [INFO] 📄 爬取第3页: 非洲菜
2025-08-08 09:52:46,342 - INFO - [PAGE] 🔄 正在加载页面: https://www.dianping.com/guangzhou/ch10/g2797p3
2025-08-08 09:52:53,926 - INFO - [PAGE] ✅ 页面加载成功: https://www.dianping.com/guangzhou/ch10/g2797p3
2025-08-08 09:52:56,300 - INFO - [UA] 🔄 第3页智能更换User-Agent
2025-08-08 09:53:01,923 - INFO - [PAGE] ✅ 第3页成功: 4 个商铺 (耗时15.6秒)
2025-08-08 09:53:01,924 - INFO - [INFO] ✅ 第3页成功: 4 个商铺
2025-08-08 09:53:01,924 - INFO - [DELAY] ⏱️ 页面延迟(careful): 18.5秒
2025-08-08 09:53:01,925 - INFO - [INFO] ⏱️ 页面延迟(careful): 18.5秒
2025-08-08 09:53:20,456 - INFO - [PAGE] 📄 第4页: https://www.dianping.com/guangzhou/ch10/g2797p4
2025-08-08 09:53:20,457 - INFO - [PAGE] ⏱️ 开始时间: 09:53:20
2025-08-08 09:53:20,457 - INFO - [INFO] 📄 爬取第4页: 非洲菜
2025-08-08 09:53:20,457 - INFO - [PAGE] 🔄 正在加载页面: https://www.dianping.com/guangzhou/ch10/g2797p4
2025-08-08 09:53:27,304 - INFO - [PAGE] ✅ 页面加载成功: https://www.dianping.com/guangzhou/ch10/g2797p4
2025-08-08 09:53:36,128 - WARNING - [PAGE] ⚠️ 第4页无数据 (耗时15.7秒)
2025-08-08 09:53:36,128 - WARNING - [WARNING] ⚠️ 第4页无数据
2025-08-08 09:53:36,129 - INFO - [DELAY] ⏱️ 页面延迟(careful): 12.5秒
2025-08-08 09:53:36,129 - INFO - [INFO] ⏱️ 页面延迟(careful): 12.5秒
2025-08-08 09:53:48,596 - INFO - [PAGE] 📄 第5页: https://www.dianping.com/guangzhou/ch10/g2797p5
2025-08-08 09:53:48,596 - INFO - [PAGE] ⏱️ 开始时间: 09:53:48
2025-08-08 09:53:48,597 - INFO - [INFO] 📄 爬取第5页: 非洲菜
2025-08-08 09:53:48,597 - INFO - [PAGE] 🔄 正在加载页面: https://www.dianping.com/guangzhou/ch10/g2797p5
2025-08-08 09:53:54,685 - INFO - [PAGE] ✅ 页面加载成功: https://www.dianping.com/guangzhou/ch10/g2797p5
2025-08-08 09:53:57,020 - INFO - [UA] 🔄 第5页智能更换User-Agent
2025-08-08 09:54:00,219 - WARNING - [PAGE] ⚠️ 第5页无数据 (耗时11.6秒)
2025-08-08 09:54:00,219 - WARNING - [WARNING] ⚠️ 第5页无数据
2025-08-08 09:54:00,219 - INFO - [DELAY] ⏱️ 页面延迟(careful): 16.0秒
2025-08-08 09:54:00,220 - INFO - [INFO] ⏱️ 页面延迟(careful): 16.0秒
2025-08-08 09:54:16,181 - INFO - [PAGE] 📄 第6页: https://www.dianping.com/guangzhou/ch10/g2797p6
2025-08-08 09:54:16,181 - INFO - [PAGE] ⏱️ 开始时间: 09:54:16
2025-08-08 09:54:16,182 - INFO - [INFO] 📄 爬取第6页: 非洲菜
2025-08-08 09:54:16,182 - INFO - [PAGE] 🔄 正在加载页面: https://www.dianping.com/guangzhou/ch10/g2797p6
2025-08-08 09:54:21,768 - INFO - [PAGE] ✅ 页面加载成功: https://www.dianping.com/guangzhou/ch10/g2797p6
2025-08-08 09:54:27,924 - WARNING - [PAGE] ⚠️ 第6页无数据 (耗时11.7秒)
2025-08-08 09:54:27,925 - WARNING - [WARNING] ⚠️ 第6页无数据
2025-08-08 09:54:27,925 - INFO - [DELAY] ⏱️ 页面延迟(relaxed): 11.4秒
2025-08-08 09:54:27,926 - INFO - [INFO] ⏱️ 页面延迟(relaxed): 11.4秒
2025-08-08 09:54:39,312 - INFO - [PAGE] 📄 第7页: https://www.dianping.com/guangzhou/ch10/g2797p7
2025-08-08 09:54:39,313 - INFO - [PAGE] ⏱️ 开始时间: 09:54:39
2025-08-08 09:54:39,313 - INFO - [INFO] 📄 爬取第7页: 非洲菜
2025-08-08 09:54:39,314 - INFO - [PAGE] 🔄 正在加载页面: https://www.dianping.com/guangzhou/ch10/g2797p7
2025-08-08 09:54:43,474 - INFO - [PAGE] ✅ 页面加载成功: https://www.dianping.com/guangzhou/ch10/g2797p7
2025-08-08 09:54:49,833 - WARNING - [PAGE] ⚠️ 第7页无数据 (耗时10.5秒)
2025-08-08 09:54:49,833 - WARNING - [WARNING] ⚠️ 第7页无数据
2025-08-08 09:54:49,834 - INFO - [DELAY] ⏱️ 页面延迟(relaxed): 11.9秒
2025-08-08 09:54:49,835 - INFO - [INFO] ⏱️ 页面延迟(relaxed): 11.9秒
2025-08-08 09:55:01,701 - INFO - [PAGE] 📄 第8页: https://www.dianping.com/guangzhou/ch10/g2797p8
2025-08-08 09:55:01,701 - INFO - [PAGE] ⏱️ 开始时间: 09:55:01
2025-08-08 09:55:01,702 - INFO - [INFO] 📄 爬取第8页: 非洲菜
2025-08-08 09:55:01,702 - INFO - [PAGE] 🔄 正在加载页面: https://www.dianping.com/guangzhou/ch10/g2797p8
2025-08-08 09:55:09,154 - INFO - [PAGE] ✅ 页面加载成功: https://www.dianping.com/guangzhou/ch10/g2797p8
2025-08-08 09:55:14,914 - WARNING - [PAGE] ⚠️ 第8页无数据 (耗时13.2秒)
2025-08-08 09:55:14,914 - WARNING - [WARNING] ⚠️ 第8页无数据
2025-08-08 09:55:14,914 - INFO - [DELAY] ⏱️ 页面延迟(relaxed): 10.3秒
2025-08-08 09:55:14,915 - INFO - [INFO] ⏱️ 页面延迟(relaxed): 10.3秒
2025-08-08 09:55:25,235 - INFO - [PAGE] 📄 第9页: https://www.dianping.com/guangzhou/ch10/g2797p9
2025-08-08 09:55:25,236 - INFO - [PAGE] ⏱️ 开始时间: 09:55:25
2025-08-08 09:55:25,236 - INFO - [INFO] 📄 爬取第9页: 非洲菜
2025-08-08 09:55:25,236 - INFO - [PAGE] 🔄 正在加载页面: https://www.dianping.com/guangzhou/ch10/g2797p9
2025-08-08 09:55:30,154 - INFO - [PAGE] ✅ 页面加载成功: https://www.dianping.com/guangzhou/ch10/g2797p9
2025-08-08 09:55:32,658 - INFO - [UA] 🔄 第9页智能更换User-Agent
2025-08-08 09:55:35,840 - WARNING - [PAGE] ⚠️ 第9页无数据 (耗时10.6秒)
2025-08-08 09:55:35,840 - WARNING - [WARNING] ⚠️ 第9页无数据
2025-08-08 09:55:35,840 - INFO - [DELAY] ⏱️ 页面延迟(normal): 9.3秒
2025-08-08 09:55:35,840 - INFO - [INFO] ⏱️ 页面延迟(normal): 9.3秒
2025-08-08 09:55:45,152 - INFO - [PAGE] 📄 第10页: https://www.dianping.com/guangzhou/ch10/g2797p10
2025-08-08 09:55:45,153 - INFO - [PAGE] ⏱️ 开始时间: 09:55:45
2025-08-08 09:55:45,153 - INFO - [INFO] 📄 爬取第10页: 非洲菜
2025-08-08 09:55:45,154 - INFO - [PAGE] 🔄 正在加载页面: https://www.dianping.com/guangzhou/ch10/g2797p10
2025-08-08 09:55:50,772 - INFO - [PAGE] ✅ 页面加载成功: https://www.dianping.com/guangzhou/ch10/g2797p10
2025-08-08 09:55:58,904 - WARNING - [PAGE] ⚠️ 第10页无数据 (耗时13.8秒)
2025-08-08 09:55:58,904 - WARNING - [WARNING] ⚠️ 第10页无数据
2025-08-08 09:55:58,905 - WARNING - [CATEGORY] ⚠️ 连续7页无数据，停止爬取品类: 非洲菜
2025-08-08 09:55:58,905 - WARNING - [WARNING] ⚠️ 连续7页无数据，停止爬取品类: 非洲菜
2025-08-08 09:55:58,906 - INFO - ----------------------------------------
2025-08-08 09:55:58,906 - INFO - [CATEGORY] ✅ 品类 非洲菜 完成
2025-08-08 09:55:58,906 - INFO - [CATEGORY] 📊 商铺数: 34 个
2025-08-08 09:55:58,906 - INFO - [CATEGORY] ⏱️ 耗时: 245.8秒
2025-08-08 09:55:58,909 - INFO - [SAVE] ✅ 数据已追加到: custom_crawl_广州_非洲菜_partial_20250808_095558.csv
2025-08-08 09:55:58,910 - INFO - [INFO] ✅ 数据已保存: 广州_非洲菜_部分数据 (34个商铺)
2025-08-08 09:55:58,910 - INFO - [SAVE] 📊 数据质量分析:
2025-08-08 09:55:58,910 - INFO - [SAVE]   总商铺数: 34
2025-08-08 09:55:58,911 - INFO - [SAVE]   价格完整率: 35.3% (12/34)
2025-08-08 09:55:58,911 - INFO - [SAVE]   品类分布:
2025-08-08 09:55:58,911 - INFO - [SAVE]     非洲菜: 34 个商铺
2025-08-08 09:55:58,911 - INFO - [DELAY] ⏱️ 品类间延迟: 27.0秒
2025-08-08 09:55:58,912 - INFO - [INFO] ⏱️ 品类间延迟: 27.0秒
2025-08-08 09:56:25,923 - INFO - --------------------------------------------------
2025-08-08 09:56:25,923 - INFO - [CATEGORY] 📂 开始处理品类 2/2: 其他美食
2025-08-08 09:56:25,923 - INFO - [CATEGORY] 🆔 品类ID: g118
2025-08-08 09:56:25,924 - INFO - [CATEGORY] ⏱️ 开始时间: 09:56:25
2025-08-08 09:56:25,924 - INFO - [INFO] 📂 开始处理品类 2/2: 其他美食
2025-08-08 09:56:25,924 - INFO - [CATEGORY] 📊 页数范围: 1-15页
2025-08-08 09:56:25,925 - INFO - [CATEGORY] ⚠️ 最大连续无数据页面: 7
2025-08-08 09:56:25,925 - INFO - [PAGE] 📄 第1页: https://www.dianping.com/guangzhou/ch10/g118
2025-08-08 09:56:25,925 - INFO - [PAGE] ⏱️ 开始时间: 09:56:25
2025-08-08 09:56:25,925 - INFO - [INFO] 📄 爬取第1页: 其他美食
2025-08-08 09:56:25,926 - INFO - [PAGE] 🔄 正在加载页面: https://www.dianping.com/guangzhou/ch10/g118
2025-08-08 09:56:33,913 - INFO - [PAGE] ✅ 页面加载成功: https://www.dianping.com/guangzhou/ch10/g118
2025-08-08 09:56:35,355 - INFO - [UA] 🔄 第1页智能更换User-Agent
2025-08-08 09:56:40,824 - INFO - [PAGE] ✅ 第1页成功: 15 个商铺 (耗时14.9秒)
2025-08-08 09:56:40,825 - INFO - [INFO] ✅ 第1页成功: 15 个商铺
2025-08-08 09:56:40,825 - INFO - [DELAY] ⏱️ 页面延迟(normal): 10.2秒
2025-08-08 09:56:40,825 - INFO - [INFO] ⏱️ 页面延迟(normal): 10.2秒
2025-08-08 09:56:51,030 - INFO - [PAGE] 📄 第2页: https://www.dianping.com/guangzhou/ch10/g118p2
2025-08-08 09:56:51,031 - INFO - [PAGE] ⏱️ 开始时间: 09:56:51
2025-08-08 09:56:51,031 - INFO - [INFO] 📄 爬取第2页: 其他美食
2025-08-08 09:56:51,031 - INFO - [PAGE] 🔄 正在加载页面: https://www.dianping.com/guangzhou/ch10/g118p2
2025-08-08 09:56:56,739 - INFO - [PAGE] ✅ 页面加载成功: https://www.dianping.com/guangzhou/ch10/g118p2
2025-08-08 09:56:58,193 - INFO - [UA] 🔄 第2页智能更换User-Agent
2025-08-08 09:57:02,771 - INFO - [PAGE] ✅ 第2页成功: 15 个商铺 (耗时11.7秒)
2025-08-08 09:57:02,771 - INFO - [INFO] ✅ 第2页成功: 15 个商铺
2025-08-08 09:57:02,772 - INFO - [DELAY] ⏱️ 页面延迟(careful): 16.0秒
2025-08-08 09:57:02,772 - INFO - [INFO] ⏱️ 页面延迟(careful): 16.0秒
2025-08-08 09:57:18,919 - INFO - [PAGE] 📄 第3页: https://www.dianping.com/guangzhou/ch10/g118p3
2025-08-08 09:57:18,920 - INFO - [PAGE] ⏱️ 开始时间: 09:57:18
2025-08-08 09:57:18,921 - INFO - [INFO] 📄 爬取第3页: 其他美食
2025-08-08 09:57:18,921 - INFO - [PAGE] 🔄 正在加载页面: https://www.dianping.com/guangzhou/ch10/g118p3
2025-08-08 09:57:24,179 - INFO - [PAGE] ✅ 页面加载成功: https://www.dianping.com/guangzhou/ch10/g118p3
2025-08-08 09:57:28,017 - INFO - [PAGE] ✅ 第3页成功: 15 个商铺 (耗时9.1秒)
2025-08-08 09:57:28,023 - INFO - [INFO] ✅ 第3页成功: 15 个商铺
2025-08-08 09:57:28,023 - INFO - [DELAY] ⏱️ 页面延迟(careful): 10.5秒
2025-08-08 09:57:28,026 - INFO - [INFO] ⏱️ 页面延迟(careful): 10.5秒
2025-08-08 09:57:38,638 - INFO - [PAGE] 📄 第4页: https://www.dianping.com/guangzhou/ch10/g118p4
2025-08-08 09:57:38,639 - INFO - [PAGE] ⏱️ 开始时间: 09:57:38
2025-08-08 09:57:38,639 - INFO - [INFO] 📄 爬取第4页: 其他美食
2025-08-08 09:57:38,639 - INFO - [PAGE] 🔄 正在加载页面: https://www.dianping.com/guangzhou/ch10/g118p4
2025-08-08 09:57:45,601 - INFO - [PAGE] ✅ 页面加载成功: https://www.dianping.com/guangzhou/ch10/g118p4
2025-08-08 09:57:51,955 - INFO - [PAGE] ✅ 第4页成功: 15 个商铺 (耗时13.3秒)
2025-08-08 09:57:51,955 - INFO - [INFO] ✅ 第4页成功: 15 个商铺
2025-08-08 09:57:51,955 - INFO - [DELAY] ⏱️ 页面延迟(careful): 11.1秒
2025-08-08 09:57:51,956 - INFO - [INFO] ⏱️ 页面延迟(careful): 11.1秒
2025-08-08 09:58:03,021 - INFO - [PAGE] 📄 第5页: https://www.dianping.com/guangzhou/ch10/g118p5
2025-08-08 09:58:03,021 - INFO - [PAGE] ⏱️ 开始时间: 09:58:03
2025-08-08 09:58:03,021 - INFO - [INFO] 📄 爬取第5页: 其他美食
2025-08-08 09:58:03,022 - INFO - [PAGE] 🔄 正在加载页面: https://www.dianping.com/guangzhou/ch10/g118p5
2025-08-08 09:58:11,189 - INFO - [PAGE] ✅ 页面加载成功: https://www.dianping.com/guangzhou/ch10/g118p5
2025-08-08 09:58:13,633 - INFO - [UA] 🔄 第5页智能更换User-Agent
2025-08-08 09:58:17,360 - INFO - [PAGE] ✅ 第5页成功: 15 个商铺 (耗时14.3秒)
2025-08-08 09:58:17,361 - INFO - [INFO] ✅ 第5页成功: 15 个商铺
2025-08-08 09:58:17,361 - INFO - [DELAY] ⏱️ 页面延迟(careful): 12.1秒
2025-08-08 09:58:17,361 - INFO - [INFO] ⏱️ 页面延迟(careful): 12.1秒
2025-08-08 09:58:29,458 - INFO - [PAGE] 📄 第6页: https://www.dianping.com/guangzhou/ch10/g118p6
2025-08-08 09:58:29,458 - INFO - [PAGE] ⏱️ 开始时间: 09:58:29
2025-08-08 09:58:29,459 - INFO - [INFO] 📄 爬取第6页: 其他美食
2025-08-08 09:58:29,459 - INFO - [PAGE] 🔄 正在加载页面: https://www.dianping.com/guangzhou/ch10/g118p6
2025-08-08 09:58:33,479 - INFO - [PAGE] ✅ 页面加载成功: https://www.dianping.com/guangzhou/ch10/g118p6
2025-08-08 09:58:35,666 - INFO - [UA] 🔄 第6页智能更换User-Agent
2025-08-08 09:58:42,953 - INFO - [PAGE] ✅ 第6页成功: 15 个商铺 (耗时13.5秒)
2025-08-08 09:58:42,954 - INFO - [INFO] ✅ 第6页成功: 15 个商铺
2025-08-08 09:58:42,954 - INFO - [DELAY] ⏱️ 页面延迟(normal): 13.3秒
2025-08-08 09:58:42,954 - INFO - [INFO] ⏱️ 页面延迟(normal): 13.3秒
2025-08-08 09:58:56,243 - INFO - [PAGE] 📄 第7页: https://www.dianping.com/guangzhou/ch10/g118p7
2025-08-08 09:58:56,243 - INFO - [PAGE] ⏱️ 开始时间: 09:58:56
2025-08-08 09:58:56,243 - INFO - [INFO] 📄 爬取第7页: 其他美食
2025-08-08 09:58:56,244 - INFO - [PAGE] 🔄 正在加载页面: https://www.dianping.com/guangzhou/ch10/g118p7
2025-08-08 09:59:02,209 - INFO - [PAGE] ✅ 页面加载成功: https://www.dianping.com/guangzhou/ch10/g118p7
2025-08-08 09:59:05,793 - INFO - [PAGE] ✅ 第7页成功: 15 个商铺 (耗时9.6秒)
2025-08-08 09:59:05,793 - INFO - [INFO] ✅ 第7页成功: 15 个商铺
2025-08-08 09:59:05,794 - INFO - [DELAY] ⏱️ 页面延迟(normal): 11.7秒
2025-08-08 09:59:05,794 - INFO - [INFO] ⏱️ 页面延迟(normal): 11.7秒
2025-08-08 09:59:17,477 - INFO - [PAGE] 📄 第8页: https://www.dianping.com/guangzhou/ch10/g118p8
2025-08-08 09:59:17,477 - INFO - [PAGE] ⏱️ 开始时间: 09:59:17
2025-08-08 09:59:17,478 - INFO - [INFO] 📄 爬取第8页: 其他美食
2025-08-08 09:59:17,478 - INFO - [PAGE] 🔄 正在加载页面: https://www.dianping.com/guangzhou/ch10/g118p8
2025-08-08 09:59:24,642 - INFO - [PAGE] ✅ 页面加载成功: https://www.dianping.com/guangzhou/ch10/g118p8
2025-08-08 09:59:31,642 - INFO - [PAGE] ✅ 第8页成功: 15 个商铺 (耗时14.2秒)
2025-08-08 09:59:31,667 - INFO - [INFO] ✅ 第8页成功: 15 个商铺
2025-08-08 09:59:31,669 - INFO - [DELAY] ⏱️ 页面延迟(normal): 14.7秒
2025-08-08 09:59:31,670 - INFO - [INFO] ⏱️ 页面延迟(normal): 14.7秒
2025-08-08 09:59:46,354 - INFO - [PAGE] 📄 第9页: https://www.dianping.com/guangzhou/ch10/g118p9
2025-08-08 09:59:46,354 - INFO - [PAGE] ⏱️ 开始时间: 09:59:46
2025-08-08 09:59:46,354 - INFO - [INFO] 📄 爬取第9页: 其他美食
2025-08-08 09:59:46,355 - INFO - [PAGE] 🔄 正在加载页面: https://www.dianping.com/guangzhou/ch10/g118p9
2025-08-08 09:59:52,798 - INFO - [PAGE] ✅ 页面加载成功: https://www.dianping.com/guangzhou/ch10/g118p9
2025-08-08 09:59:59,462 - INFO - [PAGE] ✅ 第9页成功: 15 个商铺 (耗时13.1秒)
2025-08-08 09:59:59,462 - INFO - [INFO] ✅ 第9页成功: 15 个商铺
2025-08-08 09:59:59,462 - INFO - [DELAY] ⏱️ 页面延迟(careful): 16.4秒
2025-08-08 09:59:59,463 - INFO - [INFO] ⏱️ 页面延迟(careful): 16.4秒
2025-08-08 10:00:15,852 - INFO - [PAGE] 📄 第10页: https://www.dianping.com/guangzhou/ch10/g118p10
2025-08-08 10:00:15,852 - INFO - [PAGE] ⏱️ 开始时间: 10:00:15
2025-08-08 10:00:15,853 - INFO - [INFO] 📄 爬取第10页: 其他美食
2025-08-08 10:00:15,853 - INFO - [PAGE] 🔄 正在加载页面: https://www.dianping.com/guangzhou/ch10/g118p10
2025-08-08 10:00:23,476 - INFO - [PAGE] ✅ 页面加载成功: https://www.dianping.com/guangzhou/ch10/g118p10
2025-08-08 10:00:27,892 - INFO - [PAGE] ✅ 第10页成功: 15 个商铺 (耗时12.0秒)
2025-08-08 10:00:27,892 - INFO - [INFO] ✅ 第10页成功: 15 个商铺
2025-08-08 10:00:27,892 - INFO - [DELAY] ⏱️ 页面延迟(relaxed): 19.6秒
2025-08-08 10:00:27,893 - INFO - [INFO] ⏱️ 页面延迟(relaxed): 19.6秒
2025-08-08 10:00:47,462 - INFO - [PAGE] 📄 第11页: https://www.dianping.com/guangzhou/ch10/g118p11
2025-08-08 10:00:47,463 - INFO - [PAGE] ⏱️ 开始时间: 10:00:47
2025-08-08 10:00:47,463 - INFO - [INFO] 📄 爬取第11页: 其他美食
2025-08-08 10:00:47,463 - INFO - [PAGE] 🔄 正在加载页面: https://www.dianping.com/guangzhou/ch10/g118p11
2025-08-08 10:00:51,620 - INFO - [PAGE] ✅ 页面加载成功: https://www.dianping.com/guangzhou/ch10/g118p11
2025-08-08 10:00:56,020 - INFO - [PAGE] ✅ 第11页成功: 15 个商铺 (耗时8.6秒)
2025-08-08 10:00:56,020 - INFO - [INFO] ✅ 第11页成功: 15 个商铺
2025-08-08 10:00:56,021 - INFO - [DELAY] ⏱️ 页面延迟(relaxed): 14.4秒
2025-08-08 10:00:56,021 - INFO - [INFO] ⏱️ 页面延迟(relaxed): 14.4秒
2025-08-08 10:01:10,465 - INFO - [PAGE] 📄 第12页: https://www.dianping.com/guangzhou/ch10/g118p12
2025-08-08 10:01:10,465 - INFO - [PAGE] ⏱️ 开始时间: 10:01:10
2025-08-08 10:01:10,466 - INFO - [INFO] 📄 爬取第12页: 其他美食
2025-08-08 10:01:10,466 - INFO - [PAGE] 🔄 正在加载页面: https://www.dianping.com/guangzhou/ch10/g118p12
2025-08-08 10:01:14,675 - INFO - [PAGE] ✅ 页面加载成功: https://www.dianping.com/guangzhou/ch10/g118p12
2025-08-08 10:01:22,085 - INFO - [PAGE] ✅ 第12页成功: 15 个商铺 (耗时11.6秒)
2025-08-08 10:01:22,085 - INFO - [INFO] ✅ 第12页成功: 15 个商铺
2025-08-08 10:01:22,085 - INFO - [DELAY] ⏱️ 页面延迟(normal): 11.9秒
2025-08-08 10:01:22,086 - INFO - [INFO] ⏱️ 页面延迟(normal): 11.9秒
2025-08-08 10:01:33,960 - INFO - [PAGE] 📄 第13页: https://www.dianping.com/guangzhou/ch10/g118p13
2025-08-08 10:01:33,960 - INFO - [PAGE] ⏱️ 开始时间: 10:01:33
2025-08-08 10:01:33,960 - INFO - [INFO] 📄 爬取第13页: 其他美食
2025-08-08 10:01:33,961 - INFO - [PAGE] 🔄 正在加载页面: https://www.dianping.com/guangzhou/ch10/g118p13
2025-08-08 10:01:42,651 - INFO - [PAGE] ✅ 页面加载成功: https://www.dianping.com/guangzhou/ch10/g118p13
2025-08-08 10:01:49,874 - INFO - [PAGE] ✅ 第13页成功: 15 个商铺 (耗时15.9秒)
2025-08-08 10:01:49,874 - INFO - [INFO] ✅ 第13页成功: 15 个商铺
2025-08-08 10:01:49,875 - INFO - [DELAY] ⏱️ 页面延迟(normal): 14.0秒
2025-08-08 10:01:49,875 - INFO - [INFO] ⏱️ 页面延迟(normal): 14.0秒
2025-08-08 10:02:03,847 - INFO - [PAGE] 📄 第14页: https://www.dianping.com/guangzhou/ch10/g118p14
2025-08-08 10:02:03,848 - INFO - [PAGE] ⏱️ 开始时间: 10:02:03
2025-08-08 10:02:03,848 - INFO - [INFO] 📄 爬取第14页: 其他美食
2025-08-08 10:02:03,848 - INFO - [PAGE] 🔄 正在加载页面: https://www.dianping.com/guangzhou/ch10/g118p14
2025-08-08 10:02:10,426 - INFO - [PAGE] ✅ 页面加载成功: https://www.dianping.com/guangzhou/ch10/g118p14
2025-08-08 10:02:17,713 - INFO - [PAGE] ✅ 第14页成功: 10 个商铺 (耗时13.9秒)
2025-08-08 10:02:17,713 - INFO - [INFO] ✅ 第14页成功: 10 个商铺
2025-08-08 10:02:17,713 - INFO - [DELAY] ⏱️ 页面延迟(relaxed): 10.4秒
2025-08-08 10:02:17,714 - INFO - [INFO] ⏱️ 页面延迟(relaxed): 10.4秒
2025-08-08 10:02:28,078 - INFO - [PAGE] 📄 第15页: https://www.dianping.com/guangzhou/ch10/g118p15
2025-08-08 10:02:28,079 - INFO - [PAGE] ⏱️ 开始时间: 10:02:28
2025-08-08 10:02:28,079 - INFO - [INFO] 📄 爬取第15页: 其他美食
2025-08-08 10:02:28,079 - INFO - [PAGE] 🔄 正在加载页面: https://www.dianping.com/guangzhou/ch10/g118p15
2025-08-08 10:02:35,144 - INFO - [PAGE] ✅ 页面加载成功: https://www.dianping.com/guangzhou/ch10/g118p15
2025-08-08 10:02:36,641 - INFO - [UA] 🔄 第15页智能更换User-Agent
2025-08-08 10:02:38,341 - INFO - [PAGE] ✅ 第15页成功: 15 个商铺 (耗时10.3秒)
2025-08-08 10:02:38,341 - INFO - [INFO] ✅ 第15页成功: 15 个商铺
2025-08-08 10:02:38,342 - INFO - ----------------------------------------
2025-08-08 10:02:38,342 - INFO - [CATEGORY] ✅ 品类 其他美食 完成
2025-08-08 10:02:38,342 - INFO - [CATEGORY] 📊 商铺数: 220 个
2025-08-08 10:02:38,343 - INFO - [CATEGORY] ⏱️ 耗时: 372.4秒
2025-08-08 10:02:38,366 - INFO - [SAVE] ✅ 数据已追加到: custom_crawl_广州_其他美食_partial_20250808_100238.csv
2025-08-08 10:02:38,367 - INFO - [INFO] ✅ 数据已保存: 广州_其他美食_部分数据 (220个商铺)
2025-08-08 10:02:38,367 - INFO - [SAVE] 📊 数据质量分析:
2025-08-08 10:02:38,367 - INFO - [SAVE]   总商铺数: 220
2025-08-08 10:02:38,368 - INFO - [SAVE]   价格完整率: 96.4% (212/220)
2025-08-08 10:02:38,368 - INFO - [SAVE]   品类分布:
2025-08-08 10:02:38,368 - INFO - [SAVE]     其他美食: 220 个商铺
2025-08-08 10:02:38,368 - INFO - ============================================================
2025-08-08 10:02:38,369 - INFO - [TASK] 🎉 任务完成!
2025-08-08 10:02:38,369 - INFO - [TASK] ⏱️ 总耗时: 11.2分钟
2025-08-08 10:02:38,369 - INFO - [TASK] 🏪 总商铺: 254 个
2025-08-08 10:02:38,370 - INFO - [TASK] 📂 品类数: 2 个
2025-08-08 10:02:38,370 - INFO - [TASK] 🛡️ 反检测统计:
2025-08-08 10:02:38,370 - INFO - [TASK]   验证码遇到: 0 次
2025-08-08 10:02:38,371 - INFO - [TASK]   跳过页面: 0 页
2025-08-08 10:02:38,371 - INFO - [TASK]   页面刷新: 0 次
2025-08-08 10:02:38,371 - INFO - [TASK]   UA更换: 8 次
2025-08-08 10:02:38,371 - INFO - [TASK] 💾 已保存文件:
2025-08-08 10:02:38,371 - INFO - [TASK]   📁 custom_crawl_广州_非洲菜_partial_20250808_095558.csv
2025-08-08 10:02:38,372 - INFO - [TASK]   📁 custom_crawl_广州_其他美食_partial_20250808_100238.csv
2025-08-08 10:02:38,372 - INFO - ============================================================
2025-08-08 10:02:38,374 - INFO - [SAVE] ✅ 数据已保存到: custom_crawl_广州_非洲菜_其他美食_20250808_100238.csv
2025-08-08 10:02:38,374 - INFO - [INFO] ✅ 数据已保存: 广州_非洲菜_其他美食 (254个商铺)
2025-08-08 10:02:38,374 - INFO - [SAVE] 📊 数据质量分析:
2025-08-08 10:02:38,375 - INFO - [SAVE]   总商铺数: 254
2025-08-08 10:02:38,375 - INFO - [SAVE]   价格完整率: 88.2% (224/254)
2025-08-08 10:02:38,375 - INFO - [SAVE]   品类分布:
2025-08-08 10:02:38,375 - INFO - [SAVE]     非洲菜: 34 个商铺
2025-08-08 10:02:38,375 - INFO - [SAVE]     其他美食: 220 个商铺
2025-08-08 10:02:38,376 - INFO - [SUCCESS] 🎉 任务完成! 总耗时: 11.2分钟，总商铺: 254 个
2025-08-08 10:02:38,376 - INFO - [BROWSER] 🔒 开始安全关闭浏览器资源...
2025-08-08 10:02:38,377 - INFO - [BROWSER] 🔒 正在关闭页面...
2025-08-08 10:02:38,415 - INFO - [BROWSER] ✅ 页面已关闭
2025-08-08 10:02:39,416 - WARNING - [BROWSER] ⚠️ 浏览器上下文关闭异常: 'BrowserContext' object has no attribute '_is_closed_or_closing'
2025-08-08 10:02:40,417 - INFO - [BROWSER] 🔒 正在关闭浏览器...
2025-08-08 10:02:40,844 - INFO - [BROWSER] ✅ 浏览器已关闭
2025-08-08 10:02:42,845 - INFO - [BROWSER] 🔒 所有浏览器资源已安全释放
2025-08-08 10:02:42,865 - INFO - [SAVE] ✅ 数据已保存到: custom_crawl_广州_非洲菜_其他美食_20250808_100242.csv
2025-08-08 10:02:42,865 - INFO - [INFO] ✅ 数据已保存: 广州_非洲菜_其他美食 (254个商铺)
2025-08-08 10:02:42,866 - INFO - [SAVE] 📊 数据质量分析:
2025-08-08 10:02:42,866 - INFO - [SAVE]   总商铺数: 254
2025-08-08 10:02:42,867 - INFO - [SAVE]   价格完整率: 88.2% (224/254)
2025-08-08 10:02:42,867 - INFO - [SAVE]   品类分布:
2025-08-08 10:02:42,867 - INFO - [SAVE]     非洲菜: 34 个商铺
2025-08-08 10:02:42,868 - INFO - [SAVE]     其他美食: 220 个商铺
