2025-08-06 13:56:33,991 - INFO - ============================================================
2025-08-06 13:56:33,992 - INFO - [TASK] 🚀 开始爬取任务
2025-08-06 13:56:33,992 - INFO - [TASK] 📍 城市: 深圳 (shenzhen)
2025-08-06 13:56:33,993 - INFO - [TASK] 📂 品类: ['螺蛳粉'] (1个)
2025-08-06 13:56:33,993 - INFO - [TASK] 📄 页数范围: 3-6页
2025-08-06 13:56:33,993 - INFO - ============================================================
2025-08-06 13:56:33,993 - INFO - [INFO] 🚀 开始爬取任务: 深圳 - 螺蛳粉 (3-6页)
2025-08-06 13:56:36,179 - INFO - [BROWSER] 🌐 创建浏览器上下文...
2025-08-06 13:56:36,180 - INFO - [BROWSER] 🚀 开始创建浏览器上下文...
2025-08-06 13:56:36,186 - INFO - [BROWSER] 🔧 User-Agent: Mozilla/5.0 (Windows NT 10.0; Win64; x64) AppleWeb...
2025-08-06 13:56:36,187 - INFO - [BROWSER] 📐 视口大小: 1536x864
2025-08-06 13:56:37,631 - INFO - [BROWSER] ✅ 浏览器上下文创建成功
2025-08-06 13:56:37,672 - INFO - [COOKIE] ✅ 已添加 23 个Cookie
2025-08-06 13:56:38,020 - INFO - --------------------------------------------------
2025-08-06 13:56:38,020 - INFO - [CATEGORY] 📂 开始处理品类 1/1: 螺蛳粉
2025-08-06 13:56:38,020 - INFO - [CATEGORY] 🆔 品类ID: g32725
2025-08-06 13:56:38,021 - INFO - [CATEGORY] ⏱️ 开始时间: 13:56:38
2025-08-06 13:56:38,021 - INFO - [INFO] 📂 开始处理品类 1/1: 螺蛳粉
2025-08-06 13:56:38,021 - INFO - [CATEGORY] 📊 页数范围: 3-6页
2025-08-06 13:56:38,021 - INFO - [CATEGORY] ⚠️ 最大连续无数据页面: 4
2025-08-06 13:56:38,021 - INFO - [PAGE] 📄 第3页: https://www.dianping.com/shenzhen/ch10/g32725p3
2025-08-06 13:56:38,022 - INFO - [PAGE] ⏱️ 开始时间: 13:56:38
2025-08-06 13:56:38,022 - INFO - [INFO] 📄 爬取第3页: 螺蛳粉
2025-08-06 13:56:38,022 - INFO - [PAGE] 🔄 正在加载页面: https://www.dianping.com/shenzhen/ch10/g32725p3
2025-08-06 13:56:42,516 - INFO - [PAGE] ✅ 页面加载成功: https://www.dianping.com/shenzhen/ch10/g32725p3
2025-08-06 13:56:43,647 - INFO - [INFO] 开始用户行为模拟...
2025-08-06 14:32:26,291 - INFO - ============================================================
2025-08-06 14:32:26,308 - INFO - [TASK] 🚀 开始爬取任务
2025-08-06 14:32:26,309 - INFO - [TASK] 📍 城市: 深圳 (shenzhen)
2025-08-06 14:32:26,309 - INFO - [TASK] 📂 品类: ['螺蛳粉'] (1个)
2025-08-06 14:32:26,309 - INFO - [TASK] 📄 页数范围: 5-7页
2025-08-06 14:32:26,310 - INFO - ============================================================
2025-08-06 14:32:26,310 - INFO - [INFO] 🚀 开始爬取任务: 深圳 - 螺蛳粉 (5-7页)
2025-08-06 14:32:27,226 - INFO - [BROWSER] 🌐 创建浏览器上下文...
2025-08-06 14:32:27,227 - INFO - [BROWSER] 🚀 开始创建浏览器上下文...
2025-08-06 14:32:27,232 - INFO - [BROWSER] 🔧 User-Agent: Mozilla/5.0 (Linux; Android 10; K) AppleWebKit/537...
2025-08-06 14:32:27,232 - INFO - [BROWSER] 📐 视口大小: 1280x720
2025-08-06 14:32:27,846 - INFO - [BROWSER] ✅ 浏览器上下文创建成功
2025-08-06 14:32:28,480 - WARNING - [PRIVACY] ⚠️ 清理浏览器数据时出现警告: Page.evaluate: SecurityError: Failed to read the 'localStorage' property from 'Window': Access is denied for this document.
    at eval (<anonymous>)
    at UtilityScript.evaluate (<anonymous>:313:29)
    at UtilityScript.<anonymous> (<anonymous>:1:44)
2025-08-06 14:32:28,481 - INFO - [PRIVACY] ⏱️ 初始随机延迟: 16.6秒
2025-08-06 14:32:45,070 - INFO - [COOKIE] ✅ 已添加 23 个Cookie
2025-08-06 14:32:45,128 - INFO - --------------------------------------------------
2025-08-06 14:32:45,128 - INFO - [CATEGORY] 📂 开始处理品类 1/1: 螺蛳粉
2025-08-06 14:32:45,128 - INFO - [CATEGORY] 🆔 品类ID: g32725
2025-08-06 14:32:45,129 - INFO - [CATEGORY] ⏱️ 开始时间: 14:32:45
2025-08-06 14:32:45,129 - INFO - [INFO] 📂 开始处理品类 1/1: 螺蛳粉
2025-08-06 14:32:45,129 - INFO - [CATEGORY] 📊 页数范围: 5-7页
2025-08-06 14:32:45,130 - INFO - [CATEGORY] ⚠️ 最大连续无数据页面: 3
2025-08-06 14:32:45,130 - INFO - [PAGE] 📄 第5页: https://www.dianping.com/shenzhen/ch10/g32725p5
2025-08-06 14:32:45,130 - INFO - [PAGE] ⏱️ 开始时间: 14:32:45
2025-08-06 14:32:45,130 - INFO - [INFO] 📄 爬取第5页: 螺蛳粉
2025-08-06 14:32:45,131 - INFO - [PAGE] 🔄 正在加载页面: https://www.dianping.com/shenzhen/ch10/g32725p5
2025-08-06 14:32:51,743 - INFO - [PAGE] ✅ 页面加载成功: https://www.dianping.com/shenzhen/ch10/g32725p5
2025-08-06 14:32:53,102 - INFO - [UA] 🔄 第5页智能更换User-Agent
2025-08-06 14:56:09,298 - INFO - ============================================================
2025-08-06 14:56:09,298 - INFO - [TASK] 🚀 开始爬取任务
2025-08-06 14:56:09,298 - INFO - [TASK] 📍 城市: 深圳 (shenzhen)
2025-08-06 14:56:09,299 - INFO - [TASK] 📂 品类: ['螺蛳粉'] (1个)
2025-08-06 14:56:09,299 - INFO - [TASK] 📄 页数范围: 3-6页
2025-08-06 14:56:09,299 - INFO - ============================================================
2025-08-06 14:56:09,300 - INFO - [INFO] 🚀 开始爬取任务: 深圳 - 螺蛳粉 (3-6页)
2025-08-06 14:56:09,950 - INFO - [BROWSER] 🌐 创建浏览器上下文...
2025-08-06 14:56:09,950 - INFO - [BROWSER] 🚀 开始创建浏览器上下文...
2025-08-06 14:56:09,955 - INFO - [BROWSER] 🔧 User-Agent: Mozilla/5.0 (Windows NT 10.0; Win64; x64) AppleWeb...
2025-08-06 14:56:09,956 - INFO - [BROWSER] 📐 视口大小: 1600x900
2025-08-06 14:56:10,507 - INFO - [BROWSER] ✅ 浏览器上下文创建成功
2025-08-06 14:56:10,722 - WARNING - [PRIVACY] ⚠️ 清理浏览器数据时出现警告: Page.evaluate: SecurityError: Failed to read the 'localStorage' property from 'Window': Access is denied for this document.
    at eval (<anonymous>)
    at UtilityScript.evaluate (<anonymous>:313:29)
    at UtilityScript.<anonymous> (<anonymous>:1:44)
2025-08-06 14:56:10,722 - INFO - [PRIVACY] ⏱️ 初始随机延迟: 16.6秒
2025-08-06 14:56:27,326 - INFO - [COOKIE] ✅ 已添加 23 个Cookie
2025-08-06 14:56:27,385 - INFO - --------------------------------------------------
2025-08-06 14:56:27,386 - INFO - [CATEGORY] 📂 开始处理品类 1/1: 螺蛳粉
2025-08-06 14:56:27,386 - INFO - [CATEGORY] 🆔 品类ID: g32725
2025-08-06 14:56:27,386 - INFO - [CATEGORY] ⏱️ 开始时间: 14:56:27
2025-08-06 14:56:27,387 - INFO - [INFO] 📂 开始处理品类 1/1: 螺蛳粉
2025-08-06 14:56:27,387 - INFO - [CATEGORY] 📊 页数范围: 3-6页
2025-08-06 14:56:27,387 - INFO - [CATEGORY] ⚠️ 最大连续无数据页面: 4
2025-08-06 14:56:27,388 - INFO - [PAGE] 📄 第3页: https://www.dianping.com/shenzhen/ch10/g32725p3
2025-08-06 14:56:27,388 - INFO - [PAGE] ⏱️ 开始时间: 14:56:27
2025-08-06 14:56:27,388 - INFO - [INFO] 📄 爬取第3页: 螺蛳粉
2025-08-06 14:56:27,388 - INFO - [PAGE] 🔄 正在加载页面: https://www.dianping.com/shenzhen/ch10/g32725p3
2025-08-06 14:56:30,872 - INFO - [PAGE] ✅ 页面加载成功: https://www.dianping.com/shenzhen/ch10/g32725p3
2025-08-06 14:56:33,092 - WARNING - [BEHAVIOR] ⚠️ 浏览器已断开，跳过用户行为模拟
2025-08-06 14:56:33,092 - WARNING - [BEHAVIOR] ⚠️ 智能行为模拟失败: Browser disconnected
2025-08-06 14:56:33,092 - ERROR - [PAGE] ❌ 第3页异常: Browser disconnected
2025-08-06 14:56:33,092 - ERROR - [PAGE] 🔍 异常类型: Exception
2025-08-06 14:56:33,093 - ERROR - [ERROR] ❌ 第3页异常: Browser disconnected
2025-08-06 14:56:33,093 - INFO - [PAGE] 🔄 尝试恢复页面状态...
2025-08-06 14:56:33,097 - ERROR - [PAGE] ❌ 页面恢复失败: Page.wait_for_timeout: Target page, context or browser has been closed
2025-08-06 14:56:33,097 - WARNING - [PAGE] ⏭️ 跳过第3页，继续下一页
2025-08-06 14:56:33,097 - WARNING - [WARNING] ⏭️ 页面恢复失败，跳过第3页
2025-08-06 14:56:33,097 - INFO - [PAGE] 📄 第4页: https://www.dianping.com/shenzhen/ch10/g32725p4
2025-08-06 14:56:33,098 - INFO - [PAGE] ⏱️ 开始时间: 14:56:33
2025-08-06 14:56:33,098 - INFO - [INFO] 📄 爬取第4页: 螺蛳粉
2025-08-06 14:56:33,098 - INFO - [PAGE] 🔄 正在加载页面: https://www.dianping.com/shenzhen/ch10/g32725p4
2025-08-06 14:56:33,102 - WARNING - [PAGE] ⚠️ 页面加载尝试 1/3 失败: Page.goto: Target page, context or browser has been closed
2025-08-06 16:29:20,020 - INFO - ============================================================
2025-08-06 16:29:20,060 - INFO - [TASK] 🚀 开始爬取任务
2025-08-06 16:29:20,061 - INFO - [TASK] 📍 城市: 深圳 (shenzhen)
2025-08-06 16:29:20,061 - INFO - [TASK] 📂 品类: ['非洲菜'] (1个)
2025-08-06 16:29:20,061 - INFO - [TASK] 📄 页数范围: 2-3页
2025-08-06 16:29:20,062 - INFO - ============================================================
2025-08-06 16:29:20,062 - INFO - [INFO] 🚀 开始爬取任务: 深圳 - 非洲菜 (2-3页)
2025-08-06 16:29:20,822 - INFO - [BROWSER] 🌐 创建浏览器上下文...
2025-08-06 16:29:20,823 - INFO - [BROWSER] 🚀 开始创建浏览器上下文...
2025-08-06 16:29:20,828 - INFO - [BROWSER] 🔧 User-Agent: Mozilla/5.0 (iPhone; CPU iPhone OS 11_0 like Mac O...
2025-08-06 16:29:20,829 - INFO - [BROWSER] 📐 视口大小: 1536x864
2025-08-06 16:29:21,565 - INFO - [BROWSER] ✅ 浏览器上下文创建成功
2025-08-06 16:29:22,129 - WARNING - [PRIVACY] ⚠️ 清理浏览器数据时出现警告: Page.evaluate: SecurityError: Failed to read the 'localStorage' property from 'Window': Access is denied for this document.
    at eval (<anonymous>)
    at UtilityScript.evaluate (<anonymous>:313:29)
    at UtilityScript.<anonymous> (<anonymous>:1:44)
2025-08-06 16:29:22,130 - INFO - [FINGERPRINT] 🔄 动态更换浏览器指纹
2025-08-06 16:29:22,135 - INFO - [PRIVACY] ⏱️ 初始随机延迟: 10.1秒
2025-08-06 16:42:56,858 - INFO - ============================================================
2025-08-06 16:42:56,859 - INFO - [TASK] 🚀 开始爬取任务
2025-08-06 16:42:56,859 - INFO - [TASK] 📍 城市: 广州 (guangzhou)
2025-08-06 16:42:56,859 - INFO - [TASK] 📂 品类: ['非洲菜'] (1个)
2025-08-06 16:42:56,859 - INFO - [TASK] 📄 页数范围: 2-3页
2025-08-06 16:42:56,859 - INFO - ============================================================
2025-08-06 16:42:56,859 - INFO - [INFO] 🚀 开始爬取任务: 广州 - 非洲菜 (2-3页)
2025-08-06 16:42:57,422 - INFO - [BROWSER] 🌐 创建浏览器上下文...
2025-08-06 16:42:57,422 - INFO - [BROWSER] 🚀 开始创建浏览器上下文...
2025-08-06 16:42:57,428 - INFO - [BROWSER] 🔧 User-Agent: Mozilla/5.0 (X11; Linux x86_64; rv:125.0) Gecko/20...
2025-08-06 16:42:57,429 - INFO - [BROWSER] 📐 视口大小: 1536x864
2025-08-06 16:42:57,759 - INFO - [BROWSER] ✅ 浏览器上下文创建成功
2025-08-06 16:42:57,985 - WARNING - [PRIVACY] ⚠️ 清理浏览器数据时出现警告: Page.evaluate: SecurityError: Failed to read the 'localStorage' property from 'Window': Access is denied for this document.
    at eval (<anonymous>)
    at UtilityScript.evaluate (<anonymous>:313:29)
    at UtilityScript.<anonymous> (<anonymous>:1:44)
2025-08-06 16:42:57,985 - INFO - [PRIVACY] ⏱️ 初始随机延迟: 11.1秒
2025-08-06 16:43:09,094 - INFO - [COOKIE] ✅ 已添加 24 个Cookie
2025-08-06 16:43:09,145 - INFO - --------------------------------------------------
2025-08-06 16:43:09,146 - INFO - [CATEGORY] 📂 开始处理品类 1/1: 非洲菜
2025-08-06 16:43:09,146 - INFO - [CATEGORY] 🆔 品类ID: g2797
2025-08-06 16:43:09,147 - INFO - [CATEGORY] ⏱️ 开始时间: 16:43:09
2025-08-06 16:43:09,147 - INFO - [INFO] 📂 开始处理品类 1/1: 非洲菜
2025-08-06 16:43:09,147 - INFO - [CATEGORY] 📊 页数范围: 2-3页
2025-08-06 16:43:09,148 - INFO - [CATEGORY] ⚠️ 最大连续无数据页面: 2
2025-08-06 16:43:09,148 - INFO - [PAGE] 📄 第2页: https://www.dianping.com/guangzhou/ch10/g2797p2
2025-08-06 16:43:09,148 - INFO - [PAGE] ⏱️ 开始时间: 16:43:09
2025-08-06 16:43:09,148 - INFO - [INFO] 📄 爬取第2页: 非洲菜
2025-08-06 16:43:09,149 - INFO - [PAGE] 🔄 正在加载页面: https://www.dianping.com/guangzhou/ch10/g2797p2
2025-08-06 16:43:14,143 - INFO - [PAGE] ✅ 页面加载成功: https://www.dianping.com/guangzhou/ch10/g2797p2
2025-08-06 16:43:19,425 - INFO - [PAGE] ✅ 第2页成功: 15 个商铺 (耗时10.3秒)
2025-08-06 16:43:19,425 - INFO - [INFO] ✅ 第2页成功: 15 个商铺
2025-08-06 16:43:19,426 - INFO - [DELAY] ⏱️ 页面延迟(careful): 29.0秒
2025-08-06 16:43:19,426 - INFO - [INFO] ⏱️ 页面延迟(careful): 29.0秒
2025-08-06 16:55:32,040 - INFO - ============================================================
2025-08-06 16:55:32,041 - INFO - [TASK] 🚀 开始爬取任务
2025-08-06 16:55:32,041 - INFO - [TASK] 📍 城市: 广州 (guangzhou)
2025-08-06 16:55:32,042 - INFO - [TASK] 📂 品类: ['非洲菜'] (1个)
2025-08-06 16:55:32,043 - INFO - [TASK] 📄 页数范围: 3-4页
2025-08-06 16:55:32,044 - INFO - ============================================================
2025-08-06 16:55:32,045 - INFO - [INFO] 🚀 开始爬取任务: 广州 - 非洲菜 (3-4页)
2025-08-06 16:55:32,798 - INFO - [BROWSER] 🌐 创建浏览器上下文...
2025-08-06 16:55:32,798 - INFO - [BROWSER] 🚀 开始创建浏览器上下文...
2025-08-06 16:55:32,804 - INFO - [BROWSER] 🔧 User-Agent: Mozilla/5.0 (Macintosh; Intel Mac OS X 10.13; rv:1...
2025-08-06 16:55:32,804 - INFO - [BROWSER] 📐 视口大小: 1280x720
2025-08-06 16:55:33,240 - INFO - [BROWSER] ✅ 浏览器上下文创建成功
2025-08-06 16:55:33,492 - WARNING - [PRIVACY] ⚠️ 清理浏览器数据时出现警告: Page.evaluate: SecurityError: Failed to read the 'localStorage' property from 'Window': Access is denied for this document.
    at eval (<anonymous>)
    at UtilityScript.evaluate (<anonymous>:313:29)
    at UtilityScript.<anonymous> (<anonymous>:1:44)
2025-08-06 16:55:33,493 - INFO - [PRIVACY] ⏱️ 初始随机延迟: 13.9秒
2025-08-06 17:15:23,755 - INFO - ============================================================
2025-08-06 17:15:23,772 - INFO - [TASK] 🚀 开始爬取任务
2025-08-06 17:15:23,772 - INFO - [TASK] 📍 城市: 广州 (guangzhou)
2025-08-06 17:15:23,773 - INFO - [TASK] 📂 品类: ['非洲菜'] (1个)
2025-08-06 17:15:23,773 - INFO - [TASK] 📄 页数范围: 5-6页
2025-08-06 17:15:23,773 - INFO - ============================================================
2025-08-06 17:15:23,773 - INFO - [INFO] 🚀 开始爬取任务: 广州 - 非洲菜 (5-6页)
2025-08-06 17:15:23,967 - INFO - ============================================================
2025-08-06 17:15:23,968 - INFO - [TASK] 🚀 开始爬取任务
2025-08-06 17:15:23,968 - INFO - [TASK] 📍 城市: 广州 (guangzhou)
2025-08-06 17:15:23,969 - INFO - [TASK] 📂 品类: ['非洲菜'] (1个)
2025-08-06 17:15:23,969 - INFO - [TASK] 📄 页数范围: 5-6页
2025-08-06 17:15:23,969 - INFO - ============================================================
2025-08-06 17:15:23,969 - INFO - [INFO] 🚀 开始爬取任务: 广州 - 非洲菜 (5-6页)
2025-08-06 17:15:24,837 - INFO - [BROWSER] 🌐 创建浏览器上下文...
2025-08-06 17:15:24,837 - INFO - [BROWSER] 🚀 开始创建浏览器上下文...
2025-08-06 17:15:24,843 - INFO - [BROWSER] 🔧 User-Agent: Mozilla/5.0 (Windows NT 10.0; Win64; x64) AppleWeb...
2025-08-06 17:15:24,844 - INFO - [BROWSER] 📐 视口大小: 1536x864
2025-08-06 17:15:24,868 - INFO - [BROWSER] 🌐 创建浏览器上下文...
2025-08-06 17:15:24,869 - INFO - [BROWSER] 🚀 开始创建浏览器上下文...
2025-08-06 17:15:24,875 - INFO - [BROWSER] 🔧 User-Agent: Mozilla/5.0 (Linux; Android 10; K) AppleWebKit/537...
2025-08-06 17:15:24,875 - INFO - [BROWSER] 📐 视口大小: 1600x900
2025-08-06 17:15:25,515 - INFO - [BROWSER] ✅ 浏览器上下文创建成功
2025-08-06 17:15:25,570 - INFO - [BROWSER] ✅ 浏览器上下文创建成功
2025-08-06 17:15:26,027 - WARNING - [PRIVACY] ⚠️ 清理浏览器数据时出现警告: Page.evaluate: SecurityError: Failed to read the 'localStorage' property from 'Window': Access is denied for this document.
    at eval (<anonymous>)
    at UtilityScript.evaluate (<anonymous>:313:29)
    at UtilityScript.<anonymous> (<anonymous>:1:44)
2025-08-06 17:15:26,028 - INFO - [PRIVACY] ⏱️ 初始随机延迟: 17.6秒
2025-08-06 17:15:26,027 - WARNING - [PRIVACY] ⚠️ 清理浏览器数据时出现警告: Page.evaluate: SecurityError: Failed to read the 'localStorage' property from 'Window': Access is denied for this document.
    at eval (<anonymous>)
    at UtilityScript.evaluate (<anonymous>:313:29)
    at UtilityScript.<anonymous> (<anonymous>:1:44)
2025-08-06 17:15:26,028 - INFO - [PRIVACY] ⏱️ 初始随机延迟: 21.6秒
2025-08-06 17:15:43,638 - INFO - [COOKIE] ✅ 已添加 24 个Cookie
2025-08-06 17:15:43,728 - INFO - --------------------------------------------------
2025-08-06 17:15:43,731 - INFO - [CATEGORY] 📂 开始处理品类 1/1: 非洲菜
2025-08-06 17:15:43,744 - INFO - [CATEGORY] 🆔 品类ID: g2797
2025-08-06 17:15:43,745 - INFO - [CATEGORY] ⏱️ 开始时间: 17:15:43
2025-08-06 17:15:43,745 - INFO - [INFO] 📂 开始处理品类 1/1: 非洲菜
2025-08-06 17:15:43,746 - INFO - [CATEGORY] 📊 页数范围: 5-6页
2025-08-06 17:15:43,746 - INFO - [CATEGORY] ⚠️ 最大连续无数据页面: 2
2025-08-06 17:15:43,747 - INFO - [PAGE] 📄 第5页: https://www.dianping.com/guangzhou/ch10/g2797p5
2025-08-06 17:15:43,748 - INFO - [PAGE] ⏱️ 开始时间: 17:15:43
2025-08-06 17:15:43,749 - INFO - [INFO] 📄 爬取第5页: 非洲菜
2025-08-06 17:15:43,749 - INFO - [PAGE] 🔄 正在加载页面: https://www.dianping.com/guangzhou/ch10/g2797p5
2025-08-06 17:15:47,614 - INFO - [COOKIE] ✅ 已添加 24 个Cookie
2025-08-06 17:15:47,680 - INFO - --------------------------------------------------
2025-08-06 17:15:47,683 - INFO - [CATEGORY] 📂 开始处理品类 1/1: 非洲菜
2025-08-06 17:15:47,685 - INFO - [CATEGORY] 🆔 品类ID: g2797
2025-08-06 17:15:47,685 - INFO - [CATEGORY] ⏱️ 开始时间: 17:15:47
2025-08-06 17:15:47,686 - INFO - [INFO] 📂 开始处理品类 1/1: 非洲菜
2025-08-06 17:15:47,686 - INFO - [CATEGORY] 📊 页数范围: 5-6页
2025-08-06 17:15:47,687 - INFO - [CATEGORY] ⚠️ 最大连续无数据页面: 2
2025-08-06 17:15:47,687 - INFO - [PAGE] 📄 第5页: https://www.dianping.com/guangzhou/ch10/g2797p5
2025-08-06 17:15:47,688 - INFO - [PAGE] ⏱️ 开始时间: 17:15:47
2025-08-06 17:15:47,689 - INFO - [INFO] 📄 爬取第5页: 非洲菜
2025-08-06 17:15:47,689 - INFO - [PAGE] 🔄 正在加载页面: https://www.dianping.com/guangzhou/ch10/g2797p5
2025-08-06 17:15:49,981 - INFO - [PAGE] ✅ 页面加载成功: https://www.dianping.com/guangzhou/ch10/g2797p5
2025-08-06 17:15:55,640 - INFO - [PAGE] ✅ 页面加载成功: https://www.dianping.com/guangzhou/ch10/g2797p5
2025-08-06 17:15:56,297 - WARNING - [PAGE] ⚠️ 第5页无数据 (耗时12.6秒)
2025-08-06 17:15:56,298 - WARNING - [WARNING] ⚠️ 第5页无数据
2025-08-06 17:15:56,298 - INFO - [DELAY] ⏱️ 页面延迟(relaxed): 11.2秒
2025-08-06 17:15:56,298 - INFO - [INFO] ⏱️ 页面延迟(relaxed): 11.2秒
2025-08-06 17:15:58,374 - WARNING - [UA] ⚠️ User-Agent更换失败: Page.set_extra_http_headers: Target page, context or browser has been closed
2025-08-06 17:15:58,374 - WARNING - [BEHAVIOR] ⚠️ 浏览器已断开，跳过用户行为模拟
2025-08-06 17:15:58,374 - WARNING - [BEHAVIOR] ⚠️ 智能行为模拟失败: Browser disconnected
2025-08-06 17:15:58,374 - ERROR - [PAGE] ❌ 第5页异常: Browser disconnected
2025-08-06 17:15:58,374 - ERROR - [PAGE] 🔍 异常类型: Exception
2025-08-06 17:15:58,375 - ERROR - [ERROR] ❌ 第5页异常: Browser disconnected
2025-08-06 17:15:58,375 - INFO - [PAGE] 🔄 尝试恢复页面状态...
2025-08-06 17:15:58,379 - ERROR - [PAGE] ❌ 页面恢复失败: Page.wait_for_timeout: Target page, context or browser has been closed
2025-08-06 17:15:58,380 - WARNING - [PAGE] ⏭️ 跳过第5页，继续下一页
2025-08-06 17:15:58,380 - WARNING - [WARNING] ⏭️ 页面恢复失败，跳过第5页
2025-08-06 17:15:58,380 - INFO - [PAGE] 📄 第6页: https://www.dianping.com/guangzhou/ch10/g2797p6
2025-08-06 17:15:58,381 - INFO - [PAGE] ⏱️ 开始时间: 17:15:58
2025-08-06 17:15:58,381 - INFO - [INFO] 📄 爬取第6页: 非洲菜
2025-08-06 17:15:58,381 - INFO - [PAGE] 🔄 正在加载页面: https://www.dianping.com/guangzhou/ch10/g2797p6
2025-08-06 17:15:58,384 - WARNING - [PAGE] ⚠️ 页面加载尝试 1/3 失败: Page.goto: Target page, context or browser has been closed
2025-08-06 17:16:07,483 - INFO - [PAGE] 📄 第6页: https://www.dianping.com/guangzhou/ch10/g2797p6
2025-08-06 17:16:07,485 - INFO - [PAGE] ⏱️ 开始时间: 17:16:07
2025-08-06 17:16:07,486 - INFO - [INFO] 📄 爬取第6页: 非洲菜
2025-08-06 17:16:07,487 - INFO - [PAGE] 🔄 正在加载页面: https://www.dianping.com/guangzhou/ch10/g2797p6
2025-08-06 17:16:07,503 - WARNING - [PAGE] ⚠️ 页面加载尝试 1/3 失败: Page.goto: Connection closed while reading from the driver
2025-08-06 17:17:58,808 - INFO - ============================================================
2025-08-06 17:17:58,809 - INFO - [TASK] 🚀 开始爬取任务
2025-08-06 17:17:58,809 - INFO - [TASK] 📍 城市: 广州 (guangzhou)
2025-08-06 17:17:58,809 - INFO - [TASK] 📂 品类: ['创意菜', '中东菜'] (2个)
2025-08-06 17:17:58,809 - INFO - [TASK] 📄 页数范围: 2-3页
2025-08-06 17:17:58,810 - INFO - ============================================================
2025-08-06 17:17:58,810 - INFO - [INFO] 🚀 开始爬取任务: 广州 - 创意菜, 中东菜 (2-3页)
2025-08-06 17:17:59,004 - INFO - ============================================================
2025-08-06 17:17:59,004 - INFO - [TASK] 🚀 开始爬取任务
2025-08-06 17:17:59,004 - INFO - [TASK] 📍 城市: 广州 (guangzhou)
2025-08-06 17:17:59,005 - INFO - [TASK] 📂 品类: ['创意菜', '中东菜'] (2个)
2025-08-06 17:17:59,006 - INFO - [TASK] 📄 页数范围: 2-3页
2025-08-06 17:17:59,006 - INFO - ============================================================
2025-08-06 17:17:59,007 - INFO - [INFO] 🚀 开始爬取任务: 广州 - 创意菜, 中东菜 (2-3页)
2025-08-06 17:17:59,563 - INFO - [BROWSER] 🌐 创建浏览器上下文...
2025-08-06 17:17:59,564 - INFO - [BROWSER] 🚀 开始创建浏览器上下文...
2025-08-06 17:17:59,570 - INFO - [BROWSER] 🔧 User-Agent: Mozilla/5.0 (Macintosh; Intel Mac OS X 10_15_7) Ap...
2025-08-06 17:17:59,571 - INFO - [BROWSER] 📐 视口大小: 1280x720
2025-08-06 17:17:59,721 - INFO - [BROWSER] 🌐 创建浏览器上下文...
2025-08-06 17:17:59,722 - INFO - [BROWSER] 🚀 开始创建浏览器上下文...
2025-08-06 17:17:59,727 - INFO - [BROWSER] 🔧 User-Agent: Mozilla/5.0 (Windows NT 10.0; Win64; x64) AppleWeb...
2025-08-06 17:17:59,728 - INFO - [BROWSER] 📐 视口大小: 1600x900
2025-08-06 17:17:59,880 - INFO - [BROWSER] ✅ 浏览器上下文创建成功
2025-08-06 17:18:00,234 - INFO - [BROWSER] ✅ 浏览器上下文创建成功
2025-08-06 17:18:00,388 - WARNING - [PRIVACY] ⚠️ 清理浏览器数据时出现警告: Page.evaluate: SecurityError: Failed to read the 'localStorage' property from 'Window': Access is denied for this document.
    at eval (<anonymous>)
    at UtilityScript.evaluate (<anonymous>:313:29)
    at UtilityScript.<anonymous> (<anonymous>:1:44)
2025-08-06 17:18:00,390 - INFO - [PRIVACY] ⏱️ 初始随机延迟: 10.9秒
2025-08-06 17:18:00,629 - WARNING - [PRIVACY] ⚠️ 清理浏览器数据时出现警告: Page.evaluate: SecurityError: Failed to read the 'localStorage' property from 'Window': Access is denied for this document.
    at eval (<anonymous>)
    at UtilityScript.evaluate (<anonymous>:313:29)
    at UtilityScript.<anonymous> (<anonymous>:1:44)
2025-08-06 17:18:00,629 - INFO - [PRIVACY] ⏱️ 初始随机延迟: 29.6秒
2025-08-06 17:18:11,299 - INFO - [COOKIE] ✅ 已添加 24 个Cookie
2025-08-06 17:18:11,410 - INFO - --------------------------------------------------
2025-08-06 17:18:11,411 - INFO - [CATEGORY] 📂 开始处理品类 1/2: 创意菜
2025-08-06 17:18:11,413 - INFO - [CATEGORY] 🆔 品类ID: g250
2025-08-06 17:18:11,414 - INFO - [CATEGORY] ⏱️ 开始时间: 17:18:11
2025-08-06 17:18:11,414 - INFO - [INFO] 📂 开始处理品类 1/2: 创意菜
2025-08-06 17:18:11,414 - INFO - [CATEGORY] 📊 页数范围: 2-3页
2025-08-06 17:18:11,415 - INFO - [CATEGORY] ⚠️ 最大连续无数据页面: 2
2025-08-06 17:18:11,415 - INFO - [PAGE] 📄 第2页: https://www.dianping.com/guangzhou/ch10/g250p2
2025-08-06 17:18:11,415 - INFO - [PAGE] ⏱️ 开始时间: 17:18:11
2025-08-06 17:18:11,416 - INFO - [INFO] 📄 爬取第2页: 创意菜
2025-08-06 17:18:11,416 - INFO - [PAGE] 🔄 正在加载页面: https://www.dianping.com/guangzhou/ch10/g250p2
2025-08-06 17:18:18,803 - INFO - [PAGE] ✅ 页面加载成功: https://www.dianping.com/guangzhou/ch10/g250p2
2025-08-06 17:18:24,744 - INFO - [PAGE] ✅ 第2页成功: 15 个商铺 (耗时13.3秒)
2025-08-06 17:18:24,745 - INFO - [INFO] ✅ 第2页成功: 15 个商铺
2025-08-06 17:18:24,746 - INFO - [DELAY] ⏱️ 页面延迟(careful): 15.6秒
2025-08-06 17:18:24,746 - INFO - [INFO] ⏱️ 页面延迟(careful): 15.6秒
2025-08-06 17:18:30,189 - INFO - [COOKIE] ✅ 已添加 24 个Cookie
2025-08-06 17:18:30,278 - INFO - --------------------------------------------------
2025-08-06 17:18:30,279 - INFO - [CATEGORY] 📂 开始处理品类 1/2: 创意菜
2025-08-06 17:18:30,279 - INFO - [CATEGORY] 🆔 品类ID: g250
2025-08-06 17:18:30,279 - INFO - [CATEGORY] ⏱️ 开始时间: 17:18:30
2025-08-06 17:18:30,280 - INFO - [INFO] 📂 开始处理品类 1/2: 创意菜
2025-08-06 17:18:30,281 - INFO - [CATEGORY] 📊 页数范围: 2-3页
2025-08-06 17:18:30,281 - INFO - [CATEGORY] ⚠️ 最大连续无数据页面: 2
2025-08-06 17:18:30,282 - INFO - [PAGE] 📄 第2页: https://www.dianping.com/guangzhou/ch10/g250p2
2025-08-06 17:18:30,282 - INFO - [PAGE] ⏱️ 开始时间: 17:18:30
2025-08-06 17:18:30,282 - INFO - [INFO] 📄 爬取第2页: 创意菜
2025-08-06 17:18:30,282 - INFO - [PAGE] 🔄 正在加载页面: https://www.dianping.com/guangzhou/ch10/g250p2
2025-08-06 17:18:37,743 - INFO - [PAGE] ✅ 页面加载成功: https://www.dianping.com/guangzhou/ch10/g250p2
2025-08-06 17:18:40,371 - INFO - [PAGE] 📄 第3页: https://www.dianping.com/guangzhou/ch10/g250p3
2025-08-06 17:18:40,372 - INFO - [PAGE] ⏱️ 开始时间: 17:18:40
2025-08-06 17:18:40,373 - INFO - [INFO] 📄 爬取第3页: 创意菜
2025-08-06 17:18:40,376 - INFO - [PAGE] 🔄 正在加载页面: https://www.dianping.com/guangzhou/ch10/g250p3
2025-08-06 17:18:44,124 - INFO - [PAGE] ✅ 第2页成功: 15 个商铺 (耗时13.8秒)
2025-08-06 17:18:44,124 - INFO - [INFO] ✅ 第2页成功: 15 个商铺
2025-08-06 17:18:44,124 - INFO - [DELAY] ⏱️ 页面延迟(careful): 18.3秒
2025-08-06 17:18:44,125 - INFO - [INFO] ⏱️ 页面延迟(careful): 18.3秒
2025-08-06 17:18:48,037 - INFO - [PAGE] ✅ 页面加载成功: https://www.dianping.com/guangzhou/ch10/g250p3
2025-08-06 17:18:51,045 - INFO - [UA] 🔄 第3页智能更换User-Agent
2025-08-06 17:18:56,606 - INFO - [PAGE] ✅ 第3页成功: 15 个商铺 (耗时16.2秒)
2025-08-06 17:18:56,607 - INFO - [INFO] ✅ 第3页成功: 15 个商铺
2025-08-06 17:18:56,607 - INFO - ----------------------------------------
2025-08-06 17:18:56,607 - INFO - [CATEGORY] ✅ 品类 创意菜 完成
2025-08-06 17:18:56,608 - INFO - [CATEGORY] 📊 商铺数: 30 个
2025-08-06 17:18:56,608 - INFO - [CATEGORY] ⏱️ 耗时: 45.2秒
2025-08-06 17:18:56,611 - INFO - [SAVE] ✅ 数据已追加到: custom_crawl_广州_创意菜_partial_20250806_171856.csv
2025-08-06 17:18:56,611 - INFO - [INFO] ✅ 数据已保存: 广州_创意菜_部分数据 (30个商铺)
2025-08-06 17:18:56,611 - INFO - [SAVE] 📊 数据质量分析:
2025-08-06 17:18:56,611 - INFO - [SAVE]   总商铺数: 30
2025-08-06 17:18:56,611 - INFO - [SAVE]   价格完整率: 90.0% (27/30)
2025-08-06 17:18:56,612 - INFO - [SAVE]   品类分布:
2025-08-06 17:18:56,612 - INFO - [SAVE]     创意菜: 30 个商铺
2025-08-06 17:18:56,612 - INFO - [DELAY] ⏱️ 品类间延迟: 32.3秒
2025-08-06 17:18:56,612 - INFO - [INFO] ⏱️ 品类间延迟: 32.3秒
2025-08-06 17:19:02,433 - INFO - [PAGE] 📄 第3页: https://www.dianping.com/guangzhou/ch10/g250p3
2025-08-06 17:19:02,433 - INFO - [PAGE] ⏱️ 开始时间: 17:19:02
2025-08-06 17:19:02,434 - INFO - [INFO] 📄 爬取第3页: 创意菜
2025-08-06 17:19:02,434 - INFO - [PAGE] 🔄 正在加载页面: https://www.dianping.com/guangzhou/ch10/g250p3
2025-08-06 17:19:07,146 - INFO - [PAGE] ✅ 页面加载成功: https://www.dianping.com/guangzhou/ch10/g250p3
2025-08-06 17:19:12,974 - INFO - [PAGE] ✅ 第3页成功: 15 个商铺 (耗时10.5秒)
2025-08-06 17:19:12,975 - INFO - [INFO] ✅ 第3页成功: 15 个商铺
2025-08-06 17:19:12,975 - INFO - ----------------------------------------
2025-08-06 17:19:12,975 - INFO - [CATEGORY] ✅ 品类 创意菜 完成
2025-08-06 17:19:12,976 - INFO - [CATEGORY] 📊 商铺数: 30 个
2025-08-06 17:19:12,976 - INFO - [CATEGORY] ⏱️ 耗时: 42.7秒
2025-08-06 17:19:12,978 - INFO - [SAVE] ✅ 数据已追加到: custom_crawl_广州_创意菜_partial_20250806_171912.csv
2025-08-06 17:19:12,978 - INFO - [INFO] ✅ 数据已保存: 广州_创意菜_部分数据 (30个商铺)
2025-08-06 17:19:12,979 - INFO - [SAVE] 📊 数据质量分析:
2025-08-06 17:19:12,979 - INFO - [SAVE]   总商铺数: 30
2025-08-06 17:19:12,979 - INFO - [SAVE]   价格完整率: 70.0% (21/30)
2025-08-06 17:19:12,979 - INFO - [SAVE]   品类分布:
2025-08-06 17:19:12,980 - INFO - [SAVE]     创意菜: 30 个商铺
2025-08-06 17:19:12,980 - INFO - [DELAY] ⏱️ 品类间延迟: 23.0秒
2025-08-06 17:19:12,980 - INFO - [INFO] ⏱️ 品类间延迟: 23.0秒
2025-08-06 17:19:28,876 - INFO - --------------------------------------------------
2025-08-06 17:19:28,878 - INFO - [CATEGORY] 📂 开始处理品类 2/2: 中东菜
2025-08-06 17:19:28,880 - INFO - [CATEGORY] 🆔 品类ID: g234
2025-08-06 17:19:28,880 - INFO - [CATEGORY] ⏱️ 开始时间: 17:19:28
2025-08-06 17:19:28,881 - INFO - [INFO] 📂 开始处理品类 2/2: 中东菜
2025-08-06 17:19:28,881 - INFO - [CATEGORY] 📊 页数范围: 2-3页
2025-08-06 17:19:28,882 - INFO - [CATEGORY] ⚠️ 最大连续无数据页面: 2
2025-08-06 17:19:28,882 - INFO - [PAGE] 📄 第2页: https://www.dianping.com/guangzhou/ch10/g234p2
2025-08-06 17:19:28,883 - INFO - [PAGE] ⏱️ 开始时间: 17:19:28
2025-08-06 17:19:28,884 - INFO - [INFO] 📄 爬取第2页: 中东菜
2025-08-06 17:19:28,885 - INFO - [PAGE] 🔄 正在加载页面: https://www.dianping.com/guangzhou/ch10/g234p2
2025-08-06 17:19:35,970 - INFO - --------------------------------------------------
2025-08-06 17:19:35,971 - INFO - [CATEGORY] 📂 开始处理品类 2/2: 中东菜
2025-08-06 17:19:35,973 - INFO - [CATEGORY] 🆔 品类ID: g234
2025-08-06 17:19:35,974 - INFO - [CATEGORY] ⏱️ 开始时间: 17:19:35
2025-08-06 17:19:35,974 - INFO - [INFO] 📂 开始处理品类 2/2: 中东菜
2025-08-06 17:19:35,975 - INFO - [CATEGORY] 📊 页数范围: 2-3页
2025-08-06 17:19:35,978 - INFO - [CATEGORY] ⚠️ 最大连续无数据页面: 2
2025-08-06 17:19:35,981 - INFO - [PAGE] 📄 第2页: https://www.dianping.com/guangzhou/ch10/g234p2
2025-08-06 17:19:35,983 - INFO - [PAGE] ⏱️ 开始时间: 17:19:35
2025-08-06 17:19:35,984 - INFO - [INFO] 📄 爬取第2页: 中东菜
2025-08-06 17:19:35,986 - INFO - [PAGE] 🔄 正在加载页面: https://www.dianping.com/guangzhou/ch10/g234p2
2025-08-06 17:19:36,531 - INFO - [PAGE] ✅ 页面加载成功: https://www.dianping.com/guangzhou/ch10/g234p2
2025-08-06 17:19:42,666 - INFO - [PAGE] ✅ 页面加载成功: https://www.dianping.com/guangzhou/ch10/g234p2
2025-08-06 17:19:43,977 - INFO - [PAGE] ✅ 第2页成功: 15 个商铺 (耗时15.1秒)
2025-08-06 17:19:43,978 - INFO - [INFO] ✅ 第2页成功: 15 个商铺
2025-08-06 17:19:43,978 - INFO - [DELAY] ⏱️ 页面延迟(relaxed): 11.0秒
2025-08-06 17:19:43,978 - INFO - [INFO] ⏱️ 页面延迟(relaxed): 11.0秒
2025-08-06 17:19:44,562 - INFO - [UA] 🔄 第2页智能更换User-Agent
2025-08-06 17:19:46,645 - INFO - [PAGE] ✅ 第2页成功: 9 个商铺 (耗时10.7秒)
2025-08-06 17:19:46,645 - INFO - [INFO] ✅ 第2页成功: 9 个商铺
2025-08-06 17:19:46,646 - INFO - [DELAY] ⏱️ 页面延迟(relaxed): 12.2秒
2025-08-06 17:19:46,646 - INFO - [INFO] ⏱️ 页面延迟(relaxed): 12.2秒
2025-08-06 17:19:54,948 - INFO - [PAGE] 📄 第3页: https://www.dianping.com/guangzhou/ch10/g234p3
2025-08-06 17:19:54,949 - INFO - [PAGE] ⏱️ 开始时间: 17:19:54
2025-08-06 17:19:54,950 - INFO - [INFO] 📄 爬取第3页: 中东菜
2025-08-06 17:19:54,950 - INFO - [PAGE] 🔄 正在加载页面: https://www.dianping.com/guangzhou/ch10/g234p3
2025-08-06 17:19:58,908 - INFO - [PAGE] 📄 第3页: https://www.dianping.com/guangzhou/ch10/g234p3
2025-08-06 17:19:58,909 - INFO - [PAGE] ⏱️ 开始时间: 17:19:58
2025-08-06 17:19:58,909 - INFO - [INFO] 📄 爬取第3页: 中东菜
2025-08-06 17:19:58,909 - INFO - [PAGE] 🔄 正在加载页面: https://www.dianping.com/guangzhou/ch10/g234p3
2025-08-06 17:19:59,012 - INFO - [PAGE] ✅ 页面加载成功: https://www.dianping.com/guangzhou/ch10/g234p3
2025-08-06 17:20:00,593 - INFO - [UA] 🔄 第3页智能更换User-Agent
2025-08-06 17:20:02,429 - WARNING - [PAGE] ⚠️ 第3页无数据 (耗时7.5秒)
2025-08-06 17:20:02,429 - WARNING - [WARNING] ⚠️ 第3页无数据
2025-08-06 17:20:02,430 - INFO - ----------------------------------------
2025-08-06 17:20:02,430 - INFO - [CATEGORY] ✅ 品类 中东菜 完成
2025-08-06 17:20:02,430 - INFO - [CATEGORY] 📊 商铺数: 15 个
2025-08-06 17:20:02,430 - INFO - [CATEGORY] ⏱️ 耗时: 33.6秒
2025-08-06 17:20:02,432 - INFO - [SAVE] ✅ 数据已追加到: custom_crawl_广州_中东菜_partial_20250806_172002.csv
2025-08-06 17:20:02,432 - INFO - [INFO] ✅ 数据已保存: 广州_中东菜_部分数据 (15个商铺)
2025-08-06 17:20:02,433 - INFO - [SAVE] 📊 数据质量分析:
2025-08-06 17:20:02,433 - INFO - [SAVE]   总商铺数: 15
2025-08-06 17:20:02,433 - INFO - [SAVE]   价格完整率: 93.3% (14/15)
2025-08-06 17:20:02,433 - INFO - [SAVE]   品类分布:
2025-08-06 17:20:02,434 - INFO - [SAVE]     中东菜: 15 个商铺
2025-08-06 17:20:02,434 - INFO - ============================================================
2025-08-06 17:20:02,434 - INFO - [TASK] 🎉 任务完成!
2025-08-06 17:20:02,434 - INFO - [TASK] ⏱️ 总耗时: 2.1分钟
2025-08-06 17:20:02,435 - INFO - [TASK] 🏪 总商铺: 45 个
2025-08-06 17:20:02,435 - INFO - [TASK] 📂 品类数: 2 个
2025-08-06 17:20:02,435 - INFO - [TASK] 🛡️ 反检测统计:
2025-08-06 17:20:02,436 - INFO - [TASK]   验证码遇到: 0 次
2025-08-06 17:20:02,436 - INFO - [TASK]   跳过页面: 0 页
2025-08-06 17:20:02,436 - INFO - [TASK]   页面刷新: 0 次
2025-08-06 17:20:02,436 - INFO - [TASK]   UA更换: 2 次
2025-08-06 17:20:02,437 - INFO - [TASK] 💾 已保存文件:
2025-08-06 17:20:02,437 - INFO - [TASK]   📁 custom_crawl_广州_创意菜_partial_20250806_171856.csv
2025-08-06 17:20:02,437 - INFO - [TASK]   📁 custom_crawl_广州_中东菜_partial_20250806_172002.csv
2025-08-06 17:20:02,437 - INFO - ============================================================
2025-08-06 17:20:02,452 - INFO - [SAVE] ✅ 数据已保存到: custom_crawl_广州_创意菜_中东菜_20250806_172002.csv
2025-08-06 17:20:02,453 - INFO - [INFO] ✅ 数据已保存: 广州_创意菜_中东菜 (45个商铺)
2025-08-06 17:20:02,453 - INFO - [SAVE] 📊 数据质量分析:
2025-08-06 17:20:02,454 - INFO - [SAVE]   总商铺数: 45
2025-08-06 17:20:02,454 - INFO - [SAVE]   价格完整率: 91.1% (41/45)
2025-08-06 17:20:02,454 - INFO - [SAVE]   品类分布:
2025-08-06 17:20:02,454 - INFO - [SAVE]     创意菜: 30 个商铺
2025-08-06 17:20:02,454 - INFO - [SAVE]     中东菜: 15 个商铺
2025-08-06 17:20:02,454 - INFO - [SUCCESS] 🎉 任务完成! 总耗时: 2.1分钟，总商铺: 45 个
2025-08-06 17:20:02,455 - INFO - [BROWSER] 🔒 开始安全关闭浏览器资源...
2025-08-06 17:20:02,455 - INFO - [BROWSER] 🔒 正在关闭页面...
2025-08-06 17:20:02,482 - INFO - [BROWSER] ✅ 页面已关闭
2025-08-06 17:20:03,484 - WARNING - [BROWSER] ⚠️ 浏览器上下文关闭异常: 'BrowserContext' object has no attribute '_is_closed_or_closing'
2025-08-06 17:20:04,485 - INFO - [BROWSER] 🔒 正在关闭浏览器...
2025-08-06 17:20:04,667 - INFO - [BROWSER] ✅ 浏览器已关闭
2025-08-06 17:20:06,139 - INFO - [PAGE] ✅ 页面加载成功: https://www.dianping.com/guangzhou/ch10/g234p3
2025-08-06 17:20:06,668 - INFO - [BROWSER] 🔒 所有浏览器资源已安全释放
2025-08-06 17:20:06,679 - INFO - [SAVE] ✅ 数据已保存到: custom_crawl_广州_创意菜_中东菜_20250806_172006.csv
2025-08-06 17:20:06,680 - INFO - [INFO] ✅ 数据已保存: 广州_创意菜_中东菜 (45个商铺)
2025-08-06 17:20:06,680 - INFO - [SAVE] 📊 数据质量分析:
2025-08-06 17:20:06,680 - INFO - [SAVE]   总商铺数: 45
2025-08-06 17:20:06,681 - INFO - [SAVE]   价格完整率: 91.1% (41/45)
2025-08-06 17:20:06,681 - INFO - [SAVE]   品类分布:
2025-08-06 17:20:06,681 - INFO - [SAVE]     创意菜: 30 个商铺
2025-08-06 17:20:06,682 - INFO - [SAVE]     中东菜: 15 个商铺
2025-08-06 17:20:13,449 - WARNING - [PAGE] ⚠️ 第3页无数据 (耗时14.5秒)
2025-08-06 17:20:13,450 - WARNING - [WARNING] ⚠️ 第3页无数据
2025-08-06 17:20:13,450 - INFO - ----------------------------------------
2025-08-06 17:20:13,450 - INFO - [CATEGORY] ✅ 品类 中东菜 完成
2025-08-06 17:20:13,451 - INFO - [CATEGORY] 📊 商铺数: 9 个
2025-08-06 17:20:13,451 - INFO - [CATEGORY] ⏱️ 耗时: 37.5秒
2025-08-06 17:20:13,452 - INFO - [SAVE] ✅ 数据已追加到: custom_crawl_广州_中东菜_partial_20250806_172013.csv
2025-08-06 17:20:13,452 - INFO - [INFO] ✅ 数据已保存: 广州_中东菜_部分数据 (9个商铺)
2025-08-06 17:20:13,453 - INFO - [SAVE] 📊 数据质量分析:
2025-08-06 17:20:13,453 - INFO - [SAVE]   总商铺数: 9
2025-08-06 17:20:13,453 - INFO - [SAVE]   价格完整率: 0.0% (0/9)
2025-08-06 17:20:13,453 - INFO - [SAVE]   品类分布:
2025-08-06 17:20:13,454 - INFO - [SAVE]     中东菜: 9 个商铺
2025-08-06 17:20:13,454 - INFO - ============================================================
2025-08-06 17:20:13,454 - INFO - [TASK] 🎉 任务完成!
2025-08-06 17:20:13,454 - INFO - [TASK] ⏱️ 总耗时: 2.2分钟
2025-08-06 17:20:13,454 - INFO - [TASK] 🏪 总商铺: 39 个
2025-08-06 17:20:13,454 - INFO - [TASK] 📂 品类数: 2 个
2025-08-06 17:20:13,454 - INFO - [TASK] 🛡️ 反检测统计:
2025-08-06 17:20:13,455 - INFO - [TASK]   验证码遇到: 0 次
2025-08-06 17:20:13,455 - INFO - [TASK]   跳过页面: 0 页
2025-08-06 17:20:13,455 - INFO - [TASK]   页面刷新: 0 次
2025-08-06 17:20:13,455 - INFO - [TASK]   UA更换: 1 次
2025-08-06 17:20:13,455 - INFO - [TASK] 💾 已保存文件:
2025-08-06 17:20:13,456 - INFO - [TASK]   📁 custom_crawl_广州_创意菜_partial_20250806_171912.csv
2025-08-06 17:20:13,456 - INFO - [TASK]   📁 custom_crawl_广州_中东菜_partial_20250806_172013.csv
2025-08-06 17:20:13,456 - INFO - ============================================================
2025-08-06 17:20:13,457 - INFO - [SAVE] ✅ 数据已保存到: custom_crawl_广州_创意菜_中东菜_20250806_172013.csv
2025-08-06 17:20:13,457 - INFO - [INFO] ✅ 数据已保存: 广州_创意菜_中东菜 (39个商铺)
2025-08-06 17:20:13,458 - INFO - [SAVE] 📊 数据质量分析:
2025-08-06 17:20:13,458 - INFO - [SAVE]   总商铺数: 39
2025-08-06 17:20:13,458 - INFO - [SAVE]   价格完整率: 53.8% (21/39)
2025-08-06 17:20:13,458 - INFO - [SAVE]   品类分布:
2025-08-06 17:20:13,459 - INFO - [SAVE]     创意菜: 30 个商铺
2025-08-06 17:20:13,459 - INFO - [SAVE]     中东菜: 9 个商铺
2025-08-06 17:20:13,459 - INFO - [SUCCESS] 🎉 任务完成! 总耗时: 2.2分钟，总商铺: 39 个
2025-08-06 17:20:13,459 - INFO - [BROWSER] 🔒 开始安全关闭浏览器资源...
2025-08-06 17:20:13,459 - INFO - [BROWSER] 🔒 正在关闭页面...
2025-08-06 17:20:13,479 - INFO - [BROWSER] ✅ 页面已关闭
2025-08-06 17:20:14,480 - WARNING - [BROWSER] ⚠️ 浏览器上下文关闭异常: 'BrowserContext' object has no attribute '_is_closed_or_closing'
2025-08-06 17:20:15,481 - INFO - [BROWSER] 🔒 正在关闭浏览器...
2025-08-06 17:20:15,703 - INFO - [BROWSER] ✅ 浏览器已关闭
2025-08-06 17:20:17,722 - INFO - [BROWSER] 🔒 所有浏览器资源已安全释放
2025-08-06 17:20:17,802 - INFO - [SAVE] ✅ 数据已保存到: custom_crawl_广州_创意菜_中东菜_20250806_172017.csv
2025-08-06 17:20:17,805 - INFO - [INFO] ✅ 数据已保存: 广州_创意菜_中东菜 (39个商铺)
2025-08-06 17:20:17,806 - INFO - [SAVE] 📊 数据质量分析:
2025-08-06 17:20:17,806 - INFO - [SAVE]   总商铺数: 39
2025-08-06 17:20:17,806 - INFO - [SAVE]   价格完整率: 53.8% (21/39)
2025-08-06 17:20:17,807 - INFO - [SAVE]   品类分布:
2025-08-06 17:20:17,807 - INFO - [SAVE]     创意菜: 30 个商铺
2025-08-06 17:20:17,807 - INFO - [SAVE]     中东菜: 9 个商铺
2025-08-06 17:29:20,486 - INFO - ============================================================
2025-08-06 17:29:20,487 - INFO - [TASK] 🚀 开始爬取任务
2025-08-06 17:29:20,487 - INFO - [TASK] 📍 城市: 广州 (guangzhou)
2025-08-06 17:29:20,488 - INFO - [TASK] 📂 品类: ['创意菜'] (1个)
2025-08-06 17:29:20,488 - INFO - [TASK] 📄 页数范围: 6-7页
2025-08-06 17:29:20,488 - INFO - ============================================================
2025-08-06 17:29:20,488 - INFO - [INFO] 🚀 开始爬取任务: 广州 - 创意菜 (6-7页)
2025-08-06 17:29:21,098 - INFO - [BROWSER] 🌐 创建浏览器上下文...
2025-08-06 17:29:21,098 - INFO - [BROWSER] 🚀 开始创建浏览器上下文...
2025-08-06 17:29:21,104 - INFO - [BROWSER] 🔧 User-Agent: Mozilla/5.0 (X11; Ubuntu; Linux x86_64; rv:136.0) ...
2025-08-06 17:29:21,105 - INFO - [BROWSER] 📐 视口大小: 1920x1080
2025-08-06 17:29:21,371 - INFO - [BROWSER] ✅ 浏览器上下文创建成功
2025-08-06 17:29:21,578 - WARNING - [PRIVACY] ⚠️ 清理浏览器数据时出现警告: Page.evaluate: SecurityError: Failed to read the 'localStorage' property from 'Window': Access is denied for this document.
    at eval (<anonymous>)
    at UtilityScript.evaluate (<anonymous>:313:29)
    at UtilityScript.<anonymous> (<anonymous>:1:44)
2025-08-06 17:29:21,579 - INFO - [PRIVACY] ⏱️ 初始随机延迟: 12.0秒
2025-08-06 17:29:33,593 - INFO - [COOKIE] ✅ 已添加 24 个Cookie
2025-08-06 17:29:33,689 - INFO - --------------------------------------------------
2025-08-06 17:29:33,690 - INFO - [CATEGORY] 📂 开始处理品类 1/1: 创意菜
2025-08-06 17:29:33,690 - INFO - [CATEGORY] 🆔 品类ID: g250
2025-08-06 17:29:33,690 - INFO - [CATEGORY] ⏱️ 开始时间: 17:29:33
2025-08-06 17:29:33,690 - INFO - [INFO] 📂 开始处理品类 1/1: 创意菜
2025-08-06 17:29:33,690 - INFO - [CATEGORY] 📊 页数范围: 6-7页
2025-08-06 17:29:33,691 - INFO - [CATEGORY] ⚠️ 最大连续无数据页面: 2
2025-08-06 17:29:33,691 - INFO - [PAGE] 📄 第6页: https://www.dianping.com/guangzhou/ch10/g250p6
2025-08-06 17:29:33,691 - INFO - [PAGE] ⏱️ 开始时间: 17:29:33
2025-08-06 17:29:33,691 - INFO - [INFO] 📄 爬取第6页: 创意菜
2025-08-06 17:29:33,692 - INFO - [PAGE] 🔄 正在加载页面: https://www.dianping.com/guangzhou/ch10/g250p6
2025-08-06 17:29:38,202 - INFO - [PAGE] ✅ 页面加载成功: https://www.dianping.com/guangzhou/ch10/g250p6
2025-08-06 17:29:46,755 - INFO - [PAGE] ✅ 第6页成功: 15 个商铺 (耗时13.1秒)
2025-08-06 17:29:46,756 - INFO - [INFO] ✅ 第6页成功: 15 个商铺
2025-08-06 17:29:46,756 - INFO - [DELAY] ⏱️ 页面延迟(relaxed): 10.4秒
2025-08-06 17:29:46,756 - INFO - [INFO] ⏱️ 页面延迟(relaxed): 10.4秒
2025-08-06 17:29:57,207 - INFO - [PAGE] 📄 第7页: https://www.dianping.com/guangzhou/ch10/g250p7
2025-08-06 17:29:57,209 - INFO - [PAGE] ⏱️ 开始时间: 17:29:57
2025-08-06 17:29:57,210 - INFO - [INFO] 📄 爬取第7页: 创意菜
2025-08-06 17:29:57,211 - INFO - [PAGE] 🔄 正在加载页面: https://www.dianping.com/guangzhou/ch10/g250p7
2025-08-06 17:30:05,582 - INFO - [PAGE] ✅ 页面加载成功: https://www.dianping.com/guangzhou/ch10/g250p7
2025-08-06 17:30:10,754 - INFO - [PAGE] ✅ 第7页成功: 14 个商铺 (耗时13.5秒)
2025-08-06 17:30:10,755 - INFO - [INFO] ✅ 第7页成功: 14 个商铺
2025-08-06 17:30:10,755 - INFO - ----------------------------------------
2025-08-06 17:30:10,755 - INFO - [CATEGORY] ✅ 品类 创意菜 完成
2025-08-06 17:30:10,756 - INFO - [CATEGORY] 📊 商铺数: 29 个
2025-08-06 17:30:10,756 - INFO - [CATEGORY] ⏱️ 耗时: 37.1秒
2025-08-06 17:30:10,757 - INFO - [SAVE] ✅ 数据已追加到: custom_crawl_广州_创意菜_partial_20250806_173010.csv
2025-08-06 17:30:10,758 - INFO - [INFO] ✅ 数据已保存: 广州_创意菜_部分数据 (29个商铺)
2025-08-06 17:30:10,758 - INFO - [SAVE] 📊 数据质量分析:
2025-08-06 17:30:10,758 - INFO - [SAVE]   总商铺数: 29
2025-08-06 17:30:10,758 - INFO - [SAVE]   价格完整率: 65.5% (19/29)
2025-08-06 17:30:10,758 - INFO - [SAVE]   品类分布:
2025-08-06 17:30:10,759 - INFO - [SAVE]     创意菜: 29 个商铺
2025-08-06 17:30:10,759 - INFO - ============================================================
2025-08-06 17:30:10,759 - INFO - [TASK] 🎉 任务完成!
2025-08-06 17:30:10,759 - INFO - [TASK] ⏱️ 总耗时: 0.8分钟
2025-08-06 17:30:10,759 - INFO - [TASK] 🏪 总商铺: 29 个
2025-08-06 17:30:10,759 - INFO - [TASK] 📂 品类数: 1 个
2025-08-06 17:30:10,760 - INFO - [TASK] 🛡️ 反检测统计:
2025-08-06 17:30:10,760 - INFO - [TASK]   验证码遇到: 0 次
2025-08-06 17:30:10,760 - INFO - [TASK]   跳过页面: 0 页
2025-08-06 17:30:10,760 - INFO - [TASK]   页面刷新: 0 次
2025-08-06 17:30:10,760 - INFO - [TASK]   UA更换: 0 次
2025-08-06 17:30:10,761 - INFO - [TASK] 💾 已保存文件:
2025-08-06 17:30:10,761 - INFO - [TASK]   📁 custom_crawl_广州_创意菜_partial_20250806_173010.csv
2025-08-06 17:30:10,761 - INFO - ============================================================
2025-08-06 17:30:10,761 - INFO - [SUCCESS] 🎉 任务完成! 总耗时: 0.8分钟，总商铺: 29 个
2025-08-06 17:30:10,761 - INFO - [BROWSER] 🔒 开始安全关闭浏览器资源...
2025-08-06 17:30:10,761 - INFO - [BROWSER] 🔒 正在关闭页面...
2025-08-06 17:30:10,776 - INFO - [BROWSER] ✅ 页面已关闭
2025-08-06 17:30:11,777 - WARNING - [BROWSER] ⚠️ 浏览器上下文关闭异常: 'BrowserContext' object has no attribute '_is_closed_or_closing'
2025-08-06 17:30:12,778 - INFO - [BROWSER] 🔒 正在关闭浏览器...
2025-08-06 17:30:13,051 - INFO - [BROWSER] ✅ 浏览器已关闭
2025-08-06 17:30:15,052 - INFO - [BROWSER] 🔒 所有浏览器资源已安全释放
2025-08-06 17:30:15,087 - INFO - [SAVE] ✅ 数据已保存到: custom_crawl_广州_创意菜_20250806_173015.csv
2025-08-06 17:30:15,088 - INFO - [INFO] ✅ 数据已保存: 广州_创意菜 (29个商铺)
2025-08-06 17:30:15,088 - INFO - [SAVE] 📊 数据质量分析:
2025-08-06 17:30:15,089 - INFO - [SAVE]   总商铺数: 29
2025-08-06 17:30:15,089 - INFO - [SAVE]   价格完整率: 65.5% (19/29)
2025-08-06 17:30:15,089 - INFO - [SAVE]   品类分布:
2025-08-06 17:30:15,090 - INFO - [SAVE]     创意菜: 29 个商铺
