2025-08-12 16:37:09,204 - INFO - ============================================================
2025-08-12 16:37:09,204 - INFO - [TASK] 🚀 开始爬取任务
2025-08-12 16:37:09,205 - INFO - [TASK] 📍 城市: 广州 (guangzhou)
2025-08-12 16:37:09,205 - INFO - [TASK] 📂 品类: ['面包蛋糕甜品'] (1个)
2025-08-12 16:37:09,205 - INFO - [TASK] 📄 页数范围: 16-40页
2025-08-12 16:37:09,206 - INFO - ============================================================
2025-08-12 16:37:09,206 - INFO - [INFO] 🚀 开始爬取任务: 广州 - 面包蛋糕甜品 (16-40页)
2025-08-12 16:37:11,117 - INFO - [BROWSER] 🌐 创建浏览器上下文...
2025-08-12 16:37:11,117 - INFO - [BROWSER] 🚀 开始创建浏览器上下文...
2025-08-12 16:37:11,123 - INFO - [BROWSER] 🔧 User-Agent: Mozilla/5.0 (Linux; Android 10; K) AppleWebKit/537...
2025-08-12 16:37:11,124 - INFO - [BROWSER] 📐 视口大小: 1440x900
2025-08-12 16:37:12,331 - INFO - [BROWSER] ✅ 浏览器上下文创建成功
2025-08-12 16:37:12,668 - WARNING - [PRIVACY] ⚠️ 清理浏览器数据时出现警告: Page.evaluate: SecurityError: Failed to read the 'localStorage' property from 'Window': Access is denied for this document.
    at eval (<anonymous>)
    at UtilityScript.evaluate (<anonymous>:313:29)
    at UtilityScript.<anonymous> (<anonymous>:1:44)
2025-08-12 16:37:12,668 - INFO - [PRIVACY] ⏱️ 初始随机延迟: 17.4秒
2025-08-12 16:37:30,122 - INFO - [COOKIE] ✅ 已添加 23 个Cookie
2025-08-12 16:37:30,170 - INFO - --------------------------------------------------
2025-08-12 16:37:30,171 - INFO - [CATEGORY] 📂 开始处理品类 1/1: 面包蛋糕甜品
2025-08-12 16:37:30,171 - INFO - [CATEGORY] 🆔 品类ID: g117
2025-08-12 16:37:30,172 - INFO - [CATEGORY] ⏱️ 开始时间: 16:37:30
2025-08-12 16:37:30,172 - INFO - [INFO] 📂 开始处理品类 1/1: 面包蛋糕甜品
2025-08-12 16:37:30,173 - INFO - [CATEGORY] 📊 页数范围: 16-40页
2025-08-12 16:37:30,173 - INFO - [CATEGORY] ⚠️ 最大连续无数据页面: 12
2025-08-12 16:37:30,174 - INFO - [PAGE] 📄 第16页: https://www.dianping.com/guangzhou/ch10/g117p16
2025-08-12 16:37:30,174 - INFO - [PAGE] ⏱️ 开始时间: 16:37:30
2025-08-12 16:37:30,174 - INFO - [INFO] 📄 爬取第16页: 面包蛋糕甜品
2025-08-12 16:37:30,174 - INFO - [PAGE] 🔄 正在加载页面: https://www.dianping.com/guangzhou/ch10/g117p16
2025-08-12 16:37:37,381 - INFO - [PAGE] ✅ 页面加载成功: https://www.dianping.com/guangzhou/ch10/g117p16
2025-08-12 16:37:39,397 - INFO - [UA] 🔄 第16页智能更换User-Agent
2025-08-12 16:37:43,867 - INFO - [PAGE] ✅ 第16页成功: 15 个商铺 (耗时13.7秒)
2025-08-12 16:37:43,867 - INFO - [INFO] ✅ 第16页成功: 15 个商铺
2025-08-12 16:37:43,868 - INFO - [DELAY] ⏱️ 页面延迟(relaxed): 13.0秒
2025-08-12 16:37:43,868 - INFO - [INFO] ⏱️ 页面延迟(relaxed): 13.0秒
2025-08-12 16:37:56,885 - INFO - [PAGE] 📄 第17页: https://www.dianping.com/guangzhou/ch10/g117p17
2025-08-12 16:37:56,886 - INFO - [PAGE] ⏱️ 开始时间: 16:37:56
2025-08-12 16:37:56,886 - INFO - [INFO] 📄 爬取第17页: 面包蛋糕甜品
2025-08-12 16:37:56,886 - INFO - [PAGE] 🔄 正在加载页面: https://www.dianping.com/guangzhou/ch10/g117p17
2025-08-12 16:38:01,481 - INFO - [PAGE] ✅ 页面加载成功: https://www.dianping.com/guangzhou/ch10/g117p17
2025-08-12 16:38:03,586 - INFO - [UA] 🔄 第17页智能更换User-Agent
2025-08-12 16:38:08,408 - WARNING - [PAGE] ⚠️ 第17页无数据 (耗时11.5秒)
2025-08-12 16:38:08,409 - WARNING - [WARNING] ⚠️ 第17页无数据
2025-08-12 16:38:08,409 - INFO - [DELAY] ⏱️ 页面延迟(careful): 15.5秒
2025-08-12 16:38:08,409 - INFO - [INFO] ⏱️ 页面延迟(careful): 15.5秒
2025-08-12 16:38:23,960 - INFO - [PAGE] 📄 第18页: https://www.dianping.com/guangzhou/ch10/g117p18
2025-08-12 16:38:23,961 - INFO - [PAGE] ⏱️ 开始时间: 16:38:23
2025-08-12 16:38:23,961 - INFO - [INFO] 📄 爬取第18页: 面包蛋糕甜品
2025-08-12 16:38:23,961 - INFO - [PAGE] 🔄 正在加载页面: https://www.dianping.com/guangzhou/ch10/g117p18
2025-08-12 16:38:23,965 - WARNING - [PAGE] ⚠️ 页面加载尝试 1/3 失败: Page.goto: Target page, context or browser has been closed
2025-08-12 16:39:12,733 - WARNING - [PAGE] ⚠️ 页面加载尝试 2/3 失败: Page.goto: Target page, context or browser has been closed
2025-08-12 16:39:45,452 - WARNING - [PAGE] ⚠️ 页面加载尝试 3/3 失败: Page.goto: Target page, context or browser has been closed
2025-08-12 16:39:45,453 - ERROR - [PAGE] ❌ 第18页异常: Page.goto: Target page, context or browser has been closed
2025-08-12 16:39:45,453 - ERROR - [PAGE] 🔍 异常类型: TargetClosedError
2025-08-12 16:39:45,453 - ERROR - [ERROR] ❌ 第18页异常: Page.goto: Target page, context or browser has been closed
2025-08-12 16:39:45,454 - INFO - [PAGE] 🔄 尝试恢复页面状态...
2025-08-12 16:39:45,458 - ERROR - [PAGE] ❌ 页面恢复失败: Page.wait_for_timeout: Target page, context or browser has been closed
2025-08-12 16:39:45,459 - WARNING - [PAGE] ⏭️ 跳过第18页，继续下一页
2025-08-12 16:39:45,459 - WARNING - [WARNING] ⏭️ 页面恢复失败，跳过第18页
2025-08-12 16:39:45,459 - INFO - [PAGE] 📄 第19页: https://www.dianping.com/guangzhou/ch10/g117p19
2025-08-12 16:39:45,459 - INFO - [PAGE] ⏱️ 开始时间: 16:39:45
2025-08-12 16:39:45,460 - INFO - [INFO] 📄 爬取第19页: 面包蛋糕甜品
2025-08-12 16:39:45,460 - INFO - [PAGE] 🔄 正在加载页面: https://www.dianping.com/guangzhou/ch10/g117p19
2025-08-12 16:39:45,463 - WARNING - [PAGE] ⚠️ 页面加载尝试 1/3 失败: Page.goto: Target page, context or browser has been closed
2025-08-12 16:40:23,834 - INFO - ============================================================
2025-08-12 16:40:23,834 - INFO - [TASK] 🚀 开始爬取任务
2025-08-12 16:40:23,835 - INFO - [TASK] 📍 城市: 广州 (guangzhou)
2025-08-12 16:40:23,835 - INFO - [TASK] 📂 品类: ['面包蛋糕甜品'] (1个)
2025-08-12 16:40:23,835 - INFO - [TASK] 📄 页数范围: 16-30页
2025-08-12 16:40:23,835 - INFO - ============================================================
2025-08-12 16:40:23,836 - INFO - [INFO] 🚀 开始爬取任务: 广州 - 面包蛋糕甜品 (16-30页)
2025-08-12 16:40:24,443 - INFO - [BROWSER] 🌐 创建浏览器上下文...
2025-08-12 16:40:24,443 - INFO - [BROWSER] 🚀 开始创建浏览器上下文...
2025-08-12 16:40:24,449 - INFO - [BROWSER] 🔧 User-Agent: Mozilla/5.0 (Windows NT 10.0; Win64; x64) AppleWeb...
2025-08-12 16:40:24,450 - INFO - [BROWSER] 📐 视口大小: 1536x864
2025-08-12 16:40:24,758 - INFO - [BROWSER] ✅ 浏览器上下文创建成功
2025-08-12 16:40:24,990 - WARNING - [PRIVACY] ⚠️ 清理浏览器数据时出现警告: Page.evaluate: SecurityError: Failed to read the 'localStorage' property from 'Window': Access is denied for this document.
    at eval (<anonymous>)
    at UtilityScript.evaluate (<anonymous>:313:29)
    at UtilityScript.<anonymous> (<anonymous>:1:44)
2025-08-12 16:40:24,991 - INFO - [PRIVACY] ⏱️ 初始随机延迟: 27.5秒
2025-08-12 16:40:52,533 - INFO - [COOKIE] ✅ 已添加 23 个Cookie
2025-08-12 16:40:52,592 - INFO - --------------------------------------------------
2025-08-12 16:40:52,592 - INFO - [CATEGORY] 📂 开始处理品类 1/1: 面包蛋糕甜品
2025-08-12 16:40:52,593 - INFO - [CATEGORY] 🆔 品类ID: g117
2025-08-12 16:40:52,593 - INFO - [CATEGORY] ⏱️ 开始时间: 16:40:52
2025-08-12 16:40:52,593 - INFO - [INFO] 📂 开始处理品类 1/1: 面包蛋糕甜品
2025-08-12 16:40:52,593 - INFO - [CATEGORY] 📊 页数范围: 16-30页
2025-08-12 16:40:52,594 - INFO - [CATEGORY] ⚠️ 最大连续无数据页面: 7
2025-08-12 16:40:52,594 - INFO - [PAGE] 📄 第16页: https://www.dianping.com/guangzhou/ch10/g117p16
2025-08-12 16:40:52,594 - INFO - [PAGE] ⏱️ 开始时间: 16:40:52
2025-08-12 16:40:52,595 - INFO - [INFO] 📄 爬取第16页: 面包蛋糕甜品
2025-08-12 16:40:52,595 - INFO - [PAGE] 🔄 正在加载页面: https://www.dianping.com/guangzhou/ch10/g117p16
2025-08-12 16:41:01,201 - INFO - [PAGE] ✅ 页面加载成功: https://www.dianping.com/guangzhou/ch10/g117p16
2025-08-12 16:41:05,987 - INFO - [PAGE] ✅ 第16页成功: 15 个商铺 (耗时13.4秒)
2025-08-12 16:41:05,987 - INFO - [INFO] ✅ 第16页成功: 15 个商铺
2025-08-12 16:41:05,988 - INFO - [DELAY] ⏱️ 页面延迟(normal): 12.6秒
2025-08-12 16:41:05,988 - INFO - [INFO] ⏱️ 页面延迟(normal): 12.6秒
2025-08-12 16:41:18,578 - INFO - [PAGE] 📄 第17页: https://www.dianping.com/guangzhou/ch10/g117p17
2025-08-12 16:41:18,579 - INFO - [PAGE] ⏱️ 开始时间: 16:41:18
2025-08-12 16:41:18,579 - INFO - [INFO] 📄 爬取第17页: 面包蛋糕甜品
2025-08-12 16:41:18,580 - INFO - [PAGE] 🔄 正在加载页面: https://www.dianping.com/guangzhou/ch10/g117p17
2025-08-12 16:41:23,230 - INFO - [PAGE] ✅ 页面加载成功: https://www.dianping.com/guangzhou/ch10/g117p17
2025-08-12 16:41:27,368 - INFO - [PAGE] ✅ 第17页成功: 15 个商铺 (耗时8.8秒)
2025-08-12 16:41:27,368 - INFO - [INFO] ✅ 第17页成功: 15 个商铺
2025-08-12 16:41:27,369 - INFO - [DELAY] ⏱️ 页面延迟(careful): 9.5秒
2025-08-12 16:41:27,369 - INFO - [INFO] ⏱️ 页面延迟(careful): 9.5秒
2025-08-12 16:41:36,854 - INFO - [PAGE] 📄 第18页: https://www.dianping.com/guangzhou/ch10/g117p18
2025-08-12 16:41:36,855 - INFO - [PAGE] ⏱️ 开始时间: 16:41:36
2025-08-12 16:41:36,856 - INFO - [INFO] 📄 爬取第18页: 面包蛋糕甜品
2025-08-12 16:41:36,857 - INFO - [PAGE] 🔄 正在加载页面: https://www.dianping.com/guangzhou/ch10/g117p18
2025-08-12 16:41:41,381 - INFO - [PAGE] ✅ 页面加载成功: https://www.dianping.com/guangzhou/ch10/g117p18
2025-08-12 16:41:43,195 - INFO - [UA] 🔄 第18页智能更换User-Agent
2025-08-12 16:41:48,139 - INFO - [PAGE] ✅ 第18页成功: 15 个商铺 (耗时11.3秒)
2025-08-12 16:41:48,140 - INFO - [INFO] ✅ 第18页成功: 15 个商铺
2025-08-12 16:41:48,140 - INFO - [DELAY] ⏱️ 页面延迟(relaxed): 9.5秒
2025-08-12 16:41:48,140 - INFO - [INFO] ⏱️ 页面延迟(relaxed): 9.5秒
2025-08-12 16:41:57,626 - INFO - [PAGE] 📄 第19页: https://www.dianping.com/guangzhou/ch10/g117p19
2025-08-12 16:41:57,626 - INFO - [PAGE] ⏱️ 开始时间: 16:41:57
2025-08-12 16:41:57,626 - INFO - [INFO] 📄 爬取第19页: 面包蛋糕甜品
2025-08-12 16:41:57,627 - INFO - [PAGE] 🔄 正在加载页面: https://www.dianping.com/guangzhou/ch10/g117p19
2025-08-12 16:42:02,118 - INFO - [PAGE] ✅ 页面加载成功: https://www.dianping.com/guangzhou/ch10/g117p19
2025-08-12 16:42:08,957 - INFO - [PAGE] ✅ 第19页成功: 15 个商铺 (耗时11.3秒)
2025-08-12 16:42:08,957 - INFO - [INFO] ✅ 第19页成功: 15 个商铺
2025-08-12 16:42:08,958 - INFO - [DELAY] ⏱️ 页面延迟(relaxed): 9.0秒
2025-08-12 16:42:08,958 - INFO - [INFO] ⏱️ 页面延迟(relaxed): 9.0秒
2025-08-12 16:42:18,007 - INFO - [PAGE] 📄 第20页: https://www.dianping.com/guangzhou/ch10/g117p20
2025-08-12 16:42:18,007 - INFO - [PAGE] ⏱️ 开始时间: 16:42:18
2025-08-12 16:42:18,008 - INFO - [INFO] 📄 爬取第20页: 面包蛋糕甜品
2025-08-12 16:42:18,008 - INFO - [PAGE] 🔄 正在加载页面: https://www.dianping.com/guangzhou/ch10/g117p20
2025-08-12 16:42:25,041 - INFO - [PAGE] ✅ 页面加载成功: https://www.dianping.com/guangzhou/ch10/g117p20
2025-08-12 16:42:26,607 - INFO - [UA] 🔄 第20页智能更换User-Agent
2025-08-12 16:42:27,918 - INFO - [PAGE] ✅ 第20页成功: 15 个商铺 (耗时9.9秒)
2025-08-12 16:42:27,918 - INFO - [INFO] ✅ 第20页成功: 15 个商铺
2025-08-12 16:42:27,918 - INFO - [DELAY] ⏱️ 页面延迟(careful): 22.2秒
2025-08-12 16:42:27,919 - INFO - [INFO] ⏱️ 页面延迟(careful): 22.2秒
2025-08-12 16:42:50,080 - INFO - [PAGE] 📄 第21页: https://www.dianping.com/guangzhou/ch10/g117p21
2025-08-12 16:42:50,081 - INFO - [PAGE] ⏱️ 开始时间: 16:42:50
2025-08-12 16:42:50,081 - INFO - [INFO] 📄 爬取第21页: 面包蛋糕甜品
2025-08-12 16:42:50,081 - INFO - [PAGE] 🔄 正在加载页面: https://www.dianping.com/guangzhou/ch10/g117p21
2025-08-12 16:42:54,306 - INFO - [PAGE] ✅ 页面加载成功: https://www.dianping.com/guangzhou/ch10/g117p21
2025-08-12 16:43:04,673 - INFO - [PAGE] ✅ 第21页成功: 15 个商铺 (耗时14.6秒)
2025-08-12 16:43:04,673 - INFO - [INFO] ✅ 第21页成功: 15 个商铺
2025-08-12 16:43:04,674 - INFO - [DELAY] ⏱️ 页面延迟(careful): 10.9秒
2025-08-12 16:43:04,674 - INFO - [INFO] ⏱️ 页面延迟(careful): 10.9秒
2025-08-12 16:43:15,548 - INFO - [PAGE] 📄 第22页: https://www.dianping.com/guangzhou/ch10/g117p22
2025-08-12 16:43:15,549 - INFO - [PAGE] ⏱️ 开始时间: 16:43:15
2025-08-12 16:43:15,550 - INFO - [INFO] 📄 爬取第22页: 面包蛋糕甜品
2025-08-12 16:43:15,553 - INFO - [PAGE] 🔄 正在加载页面: https://www.dianping.com/guangzhou/ch10/g117p22
2025-08-12 16:43:24,073 - INFO - [PAGE] ✅ 页面加载成功: https://www.dianping.com/guangzhou/ch10/g117p22
2025-08-12 16:43:28,544 - INFO - [PAGE] ✅ 第22页成功: 15 个商铺 (耗时13.0秒)
2025-08-12 16:43:28,544 - INFO - [INFO] ✅ 第22页成功: 15 个商铺
2025-08-12 16:43:28,544 - INFO - [DELAY] ⏱️ 页面延迟(relaxed): 10.3秒
2025-08-12 16:43:28,545 - INFO - [INFO] ⏱️ 页面延迟(relaxed): 10.3秒
2025-08-12 16:43:38,826 - INFO - [PAGE] 📄 第23页: https://www.dianping.com/guangzhou/ch10/g117p23
2025-08-12 16:43:38,827 - INFO - [PAGE] ⏱️ 开始时间: 16:43:38
2025-08-12 16:43:38,827 - INFO - [INFO] 📄 爬取第23页: 面包蛋糕甜品
2025-08-12 16:43:38,827 - INFO - [PAGE] 🔄 正在加载页面: https://www.dianping.com/guangzhou/ch10/g117p23
2025-08-12 16:43:43,930 - INFO - [PAGE] ✅ 页面加载成功: https://www.dianping.com/guangzhou/ch10/g117p23
2025-08-12 16:43:53,065 - INFO - [PAGE] ✅ 第23页成功: 15 个商铺 (耗时14.2秒)
2025-08-12 16:43:53,066 - INFO - [INFO] ✅ 第23页成功: 15 个商铺
2025-08-12 16:43:53,066 - INFO - [DELAY] ⏱️ 页面延迟(normal): 9.2秒
2025-08-12 16:43:53,066 - INFO - [INFO] ⏱️ 页面延迟(normal): 9.2秒
2025-08-12 16:44:02,221 - INFO - [PAGE] 📄 第24页: https://www.dianping.com/guangzhou/ch10/g117p24
2025-08-12 16:44:02,222 - INFO - [PAGE] ⏱️ 开始时间: 16:44:02
2025-08-12 16:44:02,223 - INFO - [INFO] 📄 爬取第24页: 面包蛋糕甜品
2025-08-12 16:44:02,224 - INFO - [PAGE] 🔄 正在加载页面: https://www.dianping.com/guangzhou/ch10/g117p24
2025-08-12 16:44:06,796 - INFO - [PAGE] ✅ 页面加载成功: https://www.dianping.com/guangzhou/ch10/g117p24
2025-08-12 16:44:13,048 - INFO - [PAGE] ✅ 第24页成功: 15 个商铺 (耗时10.8秒)
2025-08-12 16:44:13,049 - INFO - [INFO] ✅ 第24页成功: 15 个商铺
2025-08-12 16:44:13,049 - INFO - [DELAY] ⏱️ 页面延迟(normal): 11.3秒
2025-08-12 16:44:13,050 - INFO - [INFO] ⏱️ 页面延迟(normal): 11.3秒
2025-08-12 16:44:24,338 - INFO - [PAGE] 📄 第25页: https://www.dianping.com/guangzhou/ch10/g117p25
2025-08-12 16:44:24,338 - INFO - [PAGE] ⏱️ 开始时间: 16:44:24
2025-08-12 16:44:24,338 - INFO - [INFO] 📄 爬取第25页: 面包蛋糕甜品
2025-08-12 16:44:24,339 - INFO - [PAGE] 🔄 正在加载页面: https://www.dianping.com/guangzhou/ch10/g117p25
2025-08-12 16:44:31,292 - INFO - [PAGE] ✅ 页面加载成功: https://www.dianping.com/guangzhou/ch10/g117p25
2025-08-12 16:44:37,248 - INFO - [PAGE] ✅ 第25页成功: 15 个商铺 (耗时12.9秒)
2025-08-12 16:44:37,248 - INFO - [INFO] ✅ 第25页成功: 15 个商铺
2025-08-12 16:44:37,249 - INFO - [DELAY] ⏱️ 页面延迟(careful): 13.0秒
2025-08-12 16:44:37,249 - INFO - [INFO] ⏱️ 页面延迟(careful): 13.0秒
2025-08-12 16:44:50,287 - INFO - [PAGE] 📄 第26页: https://www.dianping.com/guangzhou/ch10/g117p26
2025-08-12 16:44:50,288 - INFO - [PAGE] ⏱️ 开始时间: 16:44:50
2025-08-12 16:44:50,288 - INFO - [INFO] 📄 爬取第26页: 面包蛋糕甜品
2025-08-12 16:44:50,288 - INFO - [PAGE] 🔄 正在加载页面: https://www.dianping.com/guangzhou/ch10/g117p26
2025-08-12 16:44:59,370 - INFO - [PAGE] ✅ 页面加载成功: https://www.dianping.com/guangzhou/ch10/g117p26
2025-08-12 16:45:06,846 - INFO - [PAGE] ✅ 第26页成功: 15 个商铺 (耗时16.6秒)
2025-08-12 16:45:06,847 - INFO - [INFO] ✅ 第26页成功: 15 个商铺
2025-08-12 16:45:06,847 - INFO - [DELAY] ⏱️ 页面延迟(careful): 13.5秒
2025-08-12 16:45:06,847 - INFO - [INFO] ⏱️ 页面延迟(careful): 13.5秒
2025-08-12 16:45:20,306 - INFO - [PAGE] 📄 第27页: https://www.dianping.com/guangzhou/ch10/g117p27
2025-08-12 16:45:20,306 - INFO - [PAGE] ⏱️ 开始时间: 16:45:20
2025-08-12 16:45:20,307 - INFO - [INFO] 📄 爬取第27页: 面包蛋糕甜品
2025-08-12 16:45:20,307 - INFO - [PAGE] 🔄 正在加载页面: https://www.dianping.com/guangzhou/ch10/g117p27
2025-08-12 16:45:29,382 - INFO - [PAGE] ✅ 页面加载成功: https://www.dianping.com/guangzhou/ch10/g117p27
2025-08-12 16:45:35,571 - INFO - [PAGE] ✅ 第27页成功: 15 个商铺 (耗时15.3秒)
2025-08-12 16:45:35,572 - INFO - [INFO] ✅ 第27页成功: 15 个商铺
2025-08-12 16:45:35,572 - INFO - [DELAY] ⏱️ 页面延迟(careful): 10.2秒
2025-08-12 16:45:35,572 - INFO - [INFO] ⏱️ 页面延迟(careful): 10.2秒
2025-08-12 16:45:45,749 - INFO - [PAGE] 📄 第28页: https://www.dianping.com/guangzhou/ch10/g117p28
2025-08-12 16:45:45,750 - INFO - [PAGE] ⏱️ 开始时间: 16:45:45
2025-08-12 16:45:45,750 - INFO - [INFO] 📄 爬取第28页: 面包蛋糕甜品
2025-08-12 16:45:45,751 - INFO - [PAGE] 🔄 正在加载页面: https://www.dianping.com/guangzhou/ch10/g117p28
2025-08-12 16:45:52,951 - INFO - [PAGE] ✅ 页面加载成功: https://www.dianping.com/guangzhou/ch10/g117p28
2025-08-12 16:46:00,724 - INFO - [PAGE] ✅ 第28页成功: 15 个商铺 (耗时15.0秒)
2025-08-12 16:46:00,725 - INFO - [INFO] ✅ 第28页成功: 15 个商铺
2025-08-12 16:46:00,726 - INFO - [DELAY] ⏱️ 页面延迟(normal): 12.0秒
2025-08-12 16:46:00,726 - INFO - [INFO] ⏱️ 页面延迟(normal): 12.0秒
2025-08-12 16:46:12,747 - INFO - [PAGE] 📄 第29页: https://www.dianping.com/guangzhou/ch10/g117p29
2025-08-12 16:46:12,747 - INFO - [PAGE] ⏱️ 开始时间: 16:46:12
2025-08-12 16:46:12,748 - INFO - [INFO] 📄 爬取第29页: 面包蛋糕甜品
2025-08-12 16:46:12,748 - INFO - [PAGE] 🔄 正在加载页面: https://www.dianping.com/guangzhou/ch10/g117p29
2025-08-12 16:46:22,141 - INFO - [PAGE] ✅ 页面加载成功: https://www.dianping.com/guangzhou/ch10/g117p29
2025-08-12 16:46:27,560 - INFO - [PAGE] ✅ 第29页成功: 15 个商铺 (耗时14.8秒)
2025-08-12 16:46:27,561 - INFO - [INFO] ✅ 第29页成功: 15 个商铺
2025-08-12 16:46:27,561 - INFO - [DELAY] ⏱️ 页面延迟(normal): 14.6秒
2025-08-12 16:46:27,562 - INFO - [INFO] ⏱️ 页面延迟(normal): 14.6秒
2025-08-12 16:46:42,131 - INFO - [PAGE] 📄 第30页: https://www.dianping.com/guangzhou/ch10/g117p30
2025-08-12 16:46:42,132 - INFO - [PAGE] ⏱️ 开始时间: 16:46:42
2025-08-12 16:46:42,132 - INFO - [INFO] 📄 爬取第30页: 面包蛋糕甜品
2025-08-12 16:46:42,133 - INFO - [PAGE] 🔄 正在加载页面: https://www.dianping.com/guangzhou/ch10/g117p30
2025-08-12 16:46:48,741 - INFO - [PAGE] ✅ 页面加载成功: https://www.dianping.com/guangzhou/ch10/g117p30
2025-08-12 16:46:50,858 - INFO - [UA] 🔄 第30页智能更换User-Agent
2025-08-12 16:46:52,992 - INFO - [PAGE] ✅ 第30页成功: 15 个商铺 (耗时10.9秒)
2025-08-12 16:46:52,993 - INFO - [INFO] ✅ 第30页成功: 15 个商铺
2025-08-12 16:46:52,993 - INFO - ----------------------------------------
2025-08-12 16:46:52,993 - INFO - [CATEGORY] ✅ 品类 面包蛋糕甜品 完成
2025-08-12 16:46:52,994 - INFO - [CATEGORY] 📊 商铺数: 225 个
2025-08-12 16:46:52,994 - INFO - [CATEGORY] ⏱️ 耗时: 360.4秒
2025-08-12 16:46:52,997 - INFO - [SAVE] ✅ 数据已追加到: custom_crawl_广州_面包蛋糕甜品_partial_20250812_164652.csv
2025-08-12 16:46:52,997 - INFO - [INFO] ✅ 数据已保存: 广州_面包蛋糕甜品_部分数据 (225个商铺)
2025-08-12 16:46:52,998 - INFO - [SAVE] 📊 数据质量分析:
2025-08-12 16:46:52,998 - INFO - [SAVE]   总商铺数: 225
2025-08-12 16:46:52,998 - INFO - [SAVE]   价格完整率: 100.0% (225/225)
2025-08-12 16:46:52,999 - INFO - [SAVE]   品类分布:
2025-08-12 16:46:52,999 - INFO - [SAVE]     面包蛋糕甜品: 225 个商铺
2025-08-12 16:46:52,999 - INFO - ============================================================
2025-08-12 16:46:52,999 - INFO - [TASK] 🎉 任务完成!
2025-08-12 16:46:53,000 - INFO - [TASK] ⏱️ 总耗时: 6.5分钟
2025-08-12 16:46:53,000 - INFO - [TASK] 🏪 总商铺: 225 个
2025-08-12 16:46:53,000 - INFO - [TASK] 📂 品类数: 1 个
2025-08-12 16:46:53,001 - INFO - [TASK] 🛡️ 反检测统计:
2025-08-12 16:46:53,001 - INFO - [TASK]   验证码遇到: 0 次
2025-08-12 16:46:53,001 - INFO - [TASK]   跳过页面: 0 页
2025-08-12 16:46:53,001 - INFO - [TASK]   页面刷新: 0 次
2025-08-12 16:46:53,001 - INFO - [TASK]   UA更换: 3 次
2025-08-12 16:46:53,002 - INFO - [TASK] 💾 已保存文件:
2025-08-12 16:46:53,002 - INFO - [TASK]   📁 custom_crawl_广州_面包蛋糕甜品_partial_20250812_164652.csv
2025-08-12 16:46:53,002 - INFO - ============================================================
2025-08-12 16:46:53,003 - INFO - [SUCCESS] 🎉 任务完成! 总耗时: 6.5分钟，总商铺: 225 个
2025-08-12 16:46:53,004 - INFO - [BROWSER] 🔒 开始安全关闭浏览器资源...
2025-08-12 16:46:53,005 - INFO - [BROWSER] 🔒 正在关闭页面...
2025-08-12 16:46:53,022 - INFO - [BROWSER] ✅ 页面已关闭
2025-08-12 16:46:54,023 - WARNING - [BROWSER] ⚠️ 浏览器上下文关闭异常: 'BrowserContext' object has no attribute '_is_closed_or_closing'
2025-08-12 16:46:55,025 - INFO - [BROWSER] 🔒 正在关闭浏览器...
2025-08-12 16:46:55,214 - INFO - [BROWSER] ✅ 浏览器已关闭
2025-08-12 16:46:57,215 - INFO - [BROWSER] 🔒 所有浏览器资源已安全释放
2025-08-12 16:46:57,243 - INFO - [SAVE] ✅ 数据已保存到: custom_crawl_广州_面包蛋糕甜品_20250812_164657.csv
2025-08-12 16:46:57,243 - INFO - [INFO] ✅ 数据已保存: 广州_面包蛋糕甜品 (225个商铺)
2025-08-12 16:46:57,244 - INFO - [SAVE] 📊 数据质量分析:
2025-08-12 16:46:57,244 - INFO - [SAVE]   总商铺数: 225
2025-08-12 16:46:57,244 - INFO - [SAVE]   价格完整率: 100.0% (225/225)
2025-08-12 16:46:57,244 - INFO - [SAVE]   品类分布:
2025-08-12 16:46:57,245 - INFO - [SAVE]     面包蛋糕甜品: 225 个商铺
2025-08-12 16:55:49,610 - INFO - ============================================================
2025-08-12 16:55:49,610 - INFO - [TASK] 🚀 开始爬取任务
2025-08-12 16:55:49,610 - INFO - [TASK] 📍 城市: 广州 (guangzhou)
2025-08-12 16:55:49,611 - INFO - [TASK] 📂 品类: ['面包蛋糕甜品'] (1个)
2025-08-12 16:55:49,611 - INFO - [TASK] 📄 页数范围: 31-50页
2025-08-12 16:55:49,611 - INFO - ============================================================
2025-08-12 16:55:49,612 - INFO - [INFO] 🚀 开始爬取任务: 广州 - 面包蛋糕甜品 (31-50页)
2025-08-12 16:55:50,175 - INFO - [BROWSER] 🌐 创建浏览器上下文...
2025-08-12 16:55:50,175 - INFO - [BROWSER] 🚀 开始创建浏览器上下文...
2025-08-12 16:55:50,181 - INFO - [BROWSER] 🔧 User-Agent: Mozilla/5.0 (Linux; Android 8.0; Pixel 2 Build/OPD...
2025-08-12 16:55:50,181 - INFO - [BROWSER] 📐 视口大小: 1920x1080
2025-08-12 16:55:50,561 - INFO - [BROWSER] ✅ 浏览器上下文创建成功
2025-08-12 16:55:50,788 - WARNING - [PRIVACY] ⚠️ 清理浏览器数据时出现警告: Page.evaluate: SecurityError: Failed to read the 'localStorage' property from 'Window': Access is denied for this document.
    at eval (<anonymous>)
    at UtilityScript.evaluate (<anonymous>:313:29)
    at UtilityScript.<anonymous> (<anonymous>:1:44)
2025-08-12 16:55:50,788 - INFO - [PRIVACY] ⏱️ 初始随机延迟: 29.0秒
2025-08-12 16:56:19,749 - INFO - [COOKIE] ✅ 已添加 23 个Cookie
2025-08-12 16:56:19,813 - INFO - --------------------------------------------------
2025-08-12 16:56:19,813 - INFO - [CATEGORY] 📂 开始处理品类 1/1: 面包蛋糕甜品
2025-08-12 16:56:19,813 - INFO - [CATEGORY] 🆔 品类ID: g117
2025-08-12 16:56:19,814 - INFO - [CATEGORY] ⏱️ 开始时间: 16:56:19
2025-08-12 16:56:19,814 - INFO - [INFO] 📂 开始处理品类 1/1: 面包蛋糕甜品
2025-08-12 16:56:19,814 - INFO - [CATEGORY] 📊 页数范围: 31-50页
2025-08-12 16:56:19,815 - INFO - [CATEGORY] ⚠️ 最大连续无数据页面: 10
2025-08-12 16:56:19,815 - INFO - [PAGE] 📄 第31页: https://www.dianping.com/guangzhou/ch10/g117p31
2025-08-12 16:56:19,815 - INFO - [PAGE] ⏱️ 开始时间: 16:56:19
2025-08-12 16:56:19,815 - INFO - [INFO] 📄 爬取第31页: 面包蛋糕甜品
2025-08-12 16:56:19,816 - INFO - [PAGE] 🔄 正在加载页面: https://www.dianping.com/guangzhou/ch10/g117p31
2025-08-12 16:56:25,047 - INFO - [PAGE] ✅ 页面加载成功: https://www.dianping.com/guangzhou/ch10/g117p31
2025-08-12 16:56:34,368 - INFO - [PAGE] ✅ 第31页成功: 15 个商铺 (耗时14.6秒)
2025-08-12 16:56:34,368 - INFO - [INFO] ✅ 第31页成功: 15 个商铺
2025-08-12 16:56:34,369 - INFO - [DELAY] ⏱️ 页面延迟(relaxed): 12.6秒
2025-08-12 16:56:34,369 - INFO - [INFO] ⏱️ 页面延迟(relaxed): 12.6秒
2025-08-12 16:56:46,949 - INFO - [PAGE] 📄 第32页: https://www.dianping.com/guangzhou/ch10/g117p32
2025-08-12 16:56:46,949 - INFO - [PAGE] ⏱️ 开始时间: 16:56:46
2025-08-12 16:56:46,949 - INFO - [INFO] 📄 爬取第32页: 面包蛋糕甜品
2025-08-12 16:56:46,950 - INFO - [PAGE] 🔄 正在加载页面: https://www.dianping.com/guangzhou/ch10/g117p32
2025-08-12 16:56:52,067 - INFO - [PAGE] ✅ 页面加载成功: https://www.dianping.com/guangzhou/ch10/g117p32
2025-08-12 16:56:57,627 - INFO - [PAGE] ✅ 第32页成功: 15 个商铺 (耗时10.7秒)
2025-08-12 16:56:57,627 - INFO - [INFO] ✅ 第32页成功: 15 个商铺
2025-08-12 16:56:57,628 - INFO - [DELAY] ⏱️ 页面延迟(normal): 11.4秒
2025-08-12 16:56:57,628 - INFO - [INFO] ⏱️ 页面延迟(normal): 11.4秒
2025-08-12 16:57:09,057 - INFO - [PAGE] 📄 第33页: https://www.dianping.com/guangzhou/ch10/g117p33
2025-08-12 16:57:09,057 - INFO - [PAGE] ⏱️ 开始时间: 16:57:09
2025-08-12 16:57:09,058 - INFO - [INFO] 📄 爬取第33页: 面包蛋糕甜品
2025-08-12 16:57:09,058 - INFO - [PAGE] 🔄 正在加载页面: https://www.dianping.com/guangzhou/ch10/g117p33
2025-08-12 16:57:15,906 - INFO - [PAGE] ✅ 页面加载成功: https://www.dianping.com/guangzhou/ch10/g117p33
2025-08-12 16:57:25,110 - INFO - [PAGE] ✅ 第33页成功: 15 个商铺 (耗时16.1秒)
2025-08-12 16:57:25,111 - INFO - [INFO] ✅ 第33页成功: 15 个商铺
2025-08-12 16:57:25,111 - INFO - [DELAY] ⏱️ 页面延迟(normal): 11.5秒
2025-08-12 16:57:25,111 - INFO - [INFO] ⏱️ 页面延迟(normal): 11.5秒
2025-08-12 16:57:36,599 - INFO - [PAGE] 📄 第34页: https://www.dianping.com/guangzhou/ch10/g117p34
2025-08-12 16:57:36,600 - INFO - [PAGE] ⏱️ 开始时间: 16:57:36
2025-08-12 16:57:36,600 - INFO - [INFO] 📄 爬取第34页: 面包蛋糕甜品
2025-08-12 16:57:36,601 - INFO - [PAGE] 🔄 正在加载页面: https://www.dianping.com/guangzhou/ch10/g117p34
2025-08-12 16:57:41,600 - INFO - [PAGE] ✅ 页面加载成功: https://www.dianping.com/guangzhou/ch10/g117p34
2025-08-12 16:57:43,715 - INFO - [UA] 🔄 第34页智能更换User-Agent
2025-08-12 16:57:47,848 - INFO - [PAGE] ✅ 第34页成功: 15 个商铺 (耗时11.2秒)
2025-08-12 16:57:47,848 - INFO - [INFO] ✅ 第34页成功: 15 个商铺
2025-08-12 16:57:47,849 - INFO - [DELAY] ⏱️ 页面延迟(careful): 12.7秒
2025-08-12 16:57:47,849 - INFO - [INFO] ⏱️ 页面延迟(careful): 12.7秒
2025-08-12 16:58:00,518 - INFO - [PAGE] 📄 第35页: https://www.dianping.com/guangzhou/ch10/g117p35
2025-08-12 16:58:00,518 - INFO - [PAGE] ⏱️ 开始时间: 16:58:00
2025-08-12 16:58:00,518 - INFO - [INFO] 📄 爬取第35页: 面包蛋糕甜品
2025-08-12 16:58:00,519 - INFO - [PAGE] 🔄 正在加载页面: https://www.dianping.com/guangzhou/ch10/g117p35
2025-08-12 16:58:05,333 - INFO - [PAGE] ✅ 页面加载成功: https://www.dianping.com/guangzhou/ch10/g117p35
2025-08-12 16:58:11,734 - INFO - [PAGE] ✅ 第35页成功: 15 个商铺 (耗时11.2秒)
2025-08-12 16:58:11,734 - INFO - [INFO] ✅ 第35页成功: 15 个商铺
2025-08-12 16:58:11,735 - INFO - [DELAY] ⏱️ 页面延迟(relaxed): 12.6秒
2025-08-12 16:58:11,735 - INFO - [INFO] ⏱️ 页面延迟(relaxed): 12.6秒
2025-08-12 16:58:24,333 - INFO - [PAGE] 📄 第36页: https://www.dianping.com/guangzhou/ch10/g117p36
2025-08-12 16:58:24,333 - INFO - [PAGE] ⏱️ 开始时间: 16:58:24
2025-08-12 16:58:24,333 - INFO - [INFO] 📄 爬取第36页: 面包蛋糕甜品
2025-08-12 16:58:24,334 - INFO - [PAGE] 🔄 正在加载页面: https://www.dianping.com/guangzhou/ch10/g117p36
2025-08-12 16:58:31,606 - INFO - [PAGE] ✅ 页面加载成功: https://www.dianping.com/guangzhou/ch10/g117p36
2025-08-12 16:58:35,640 - INFO - [PAGE] ✅ 第36页成功: 15 个商铺 (耗时11.3秒)
2025-08-12 16:58:35,640 - INFO - [INFO] ✅ 第36页成功: 15 个商铺
2025-08-12 16:58:35,641 - INFO - [DELAY] ⏱️ 页面延迟(relaxed): 13.9秒
2025-08-12 16:58:35,641 - INFO - [INFO] ⏱️ 页面延迟(relaxed): 13.9秒
2025-08-12 16:58:49,521 - INFO - [PAGE] 📄 第37页: https://www.dianping.com/guangzhou/ch10/g117p37
2025-08-12 16:58:49,522 - INFO - [PAGE] ⏱️ 开始时间: 16:58:49
2025-08-12 16:58:49,522 - INFO - [INFO] 📄 爬取第37页: 面包蛋糕甜品
2025-08-12 16:58:49,522 - INFO - [PAGE] 🔄 正在加载页面: https://www.dianping.com/guangzhou/ch10/g117p37
2025-08-12 16:58:54,353 - INFO - [PAGE] ✅ 页面加载成功: https://www.dianping.com/guangzhou/ch10/g117p37
2025-08-12 16:58:56,889 - INFO - [UA] 🔄 第37页智能更换User-Agent
2025-08-12 16:59:01,249 - INFO - [PAGE] ✅ 第37页成功: 15 个商铺 (耗时11.7秒)
2025-08-12 16:59:01,250 - INFO - [INFO] ✅ 第37页成功: 15 个商铺
2025-08-12 16:59:01,250 - INFO - [DELAY] ⏱️ 页面延迟(relaxed): 12.8秒
2025-08-12 16:59:01,250 - INFO - [INFO] ⏱️ 页面延迟(relaxed): 12.8秒
2025-08-12 16:59:14,084 - INFO - [PAGE] 📄 第38页: https://www.dianping.com/guangzhou/ch10/g117p38
2025-08-12 16:59:14,084 - INFO - [PAGE] ⏱️ 开始时间: 16:59:14
2025-08-12 16:59:14,085 - INFO - [INFO] 📄 爬取第38页: 面包蛋糕甜品
2025-08-12 16:59:14,085 - INFO - [PAGE] 🔄 正在加载页面: https://www.dianping.com/guangzhou/ch10/g117p38
2025-08-12 16:59:21,594 - INFO - [PAGE] ✅ 页面加载成功: https://www.dianping.com/guangzhou/ch10/g117p38
2025-08-12 16:59:23,891 - INFO - [UA] 🔄 第38页智能更换User-Agent
2025-08-12 16:59:27,573 - INFO - [PAGE] ✅ 第38页成功: 15 个商铺 (耗时13.5秒)
2025-08-12 16:59:27,574 - INFO - [INFO] ✅ 第38页成功: 15 个商铺
2025-08-12 16:59:27,574 - INFO - [DELAY] ⏱️ 页面延迟(relaxed): 12.3秒
2025-08-12 16:59:27,574 - INFO - [INFO] ⏱️ 页面延迟(relaxed): 12.3秒
2025-08-12 16:59:39,850 - INFO - [PAGE] 📄 第39页: https://www.dianping.com/guangzhou/ch10/g117p39
2025-08-12 16:59:39,850 - INFO - [PAGE] ⏱️ 开始时间: 16:59:39
2025-08-12 16:59:39,851 - INFO - [INFO] 📄 爬取第39页: 面包蛋糕甜品
2025-08-12 16:59:39,851 - INFO - [PAGE] 🔄 正在加载页面: https://www.dianping.com/guangzhou/ch10/g117p39
2025-08-12 16:59:45,199 - INFO - [PAGE] ✅ 页面加载成功: https://www.dianping.com/guangzhou/ch10/g117p39
2025-08-12 16:59:47,460 - INFO - [UA] 🔄 第39页智能更换User-Agent
2025-08-12 16:59:54,654 - INFO - [PAGE] ✅ 第39页成功: 15 个商铺 (耗时14.8秒)
2025-08-12 16:59:54,654 - INFO - [INFO] ✅ 第39页成功: 15 个商铺
2025-08-12 16:59:54,655 - INFO - [DELAY] ⏱️ 页面延迟(relaxed): 14.3秒
2025-08-12 16:59:54,655 - INFO - [INFO] ⏱️ 页面延迟(relaxed): 14.3秒
2025-08-12 17:00:09,106 - INFO - [PAGE] 📄 第40页: https://www.dianping.com/guangzhou/ch10/g117p40
2025-08-12 17:00:09,141 - INFO - [PAGE] ⏱️ 开始时间: 17:00:09
2025-08-12 17:00:09,173 - INFO - [INFO] 📄 爬取第40页: 面包蛋糕甜品
2025-08-12 17:00:09,174 - INFO - [PAGE] 🔄 正在加载页面: https://www.dianping.com/guangzhou/ch10/g117p40
2025-08-12 17:00:20,147 - INFO - [PAGE] ✅ 页面加载成功: https://www.dianping.com/guangzhou/ch10/g117p40
2025-08-12 17:00:26,939 - INFO - [PAGE] ✅ 第40页成功: 15 个商铺 (耗时17.8秒)
2025-08-12 17:00:26,943 - INFO - [INFO] ✅ 第40页成功: 15 个商铺
2025-08-12 17:00:26,944 - INFO - [DELAY] ⏱️ 页面延迟(relaxed): 22.0秒
2025-08-12 17:00:26,944 - INFO - [INFO] ⏱️ 页面延迟(relaxed): 22.0秒
2025-08-12 17:00:49,011 - INFO - [PAGE] 📄 第41页: https://www.dianping.com/guangzhou/ch10/g117p41
2025-08-12 17:00:49,018 - INFO - [PAGE] ⏱️ 开始时间: 17:00:49
2025-08-12 17:00:49,018 - INFO - [INFO] 📄 爬取第41页: 面包蛋糕甜品
2025-08-12 17:00:49,019 - INFO - [PAGE] 🔄 正在加载页面: https://www.dianping.com/guangzhou/ch10/g117p41
2025-08-12 17:00:56,157 - INFO - [PAGE] ✅ 页面加载成功: https://www.dianping.com/guangzhou/ch10/g117p41
2025-08-12 17:00:59,731 - INFO - [PAGE] ✅ 第41页成功: 15 个商铺 (耗时10.7秒)
2025-08-12 17:00:59,732 - INFO - [INFO] ✅ 第41页成功: 15 个商铺
2025-08-12 17:00:59,733 - INFO - [DELAY] ⏱️ 页面延迟(relaxed): 10.7秒
2025-08-12 17:00:59,733 - INFO - [INFO] ⏱️ 页面延迟(relaxed): 10.7秒
2025-08-12 17:01:10,412 - INFO - [PAGE] 📄 第42页: https://www.dianping.com/guangzhou/ch10/g117p42
2025-08-12 17:01:10,413 - INFO - [PAGE] ⏱️ 开始时间: 17:01:10
2025-08-12 17:01:10,413 - INFO - [INFO] 📄 爬取第42页: 面包蛋糕甜品
2025-08-12 17:01:10,414 - INFO - [PAGE] 🔄 正在加载页面: https://www.dianping.com/guangzhou/ch10/g117p42
2025-08-12 17:01:14,651 - INFO - [PAGE] ✅ 页面加载成功: https://www.dianping.com/guangzhou/ch10/g117p42
2025-08-12 17:01:24,451 - INFO - [PAGE] ✅ 第42页成功: 15 个商铺 (耗时14.0秒)
2025-08-12 17:01:24,451 - INFO - [INFO] ✅ 第42页成功: 15 个商铺
2025-08-12 17:01:24,452 - INFO - [DELAY] ⏱️ 页面延迟(relaxed): 7.9秒
2025-08-12 17:01:24,452 - INFO - [INFO] ⏱️ 页面延迟(relaxed): 7.9秒
2025-08-12 17:01:32,367 - INFO - [PAGE] 📄 第43页: https://www.dianping.com/guangzhou/ch10/g117p43
2025-08-12 17:01:32,368 - INFO - [PAGE] ⏱️ 开始时间: 17:01:32
2025-08-12 17:01:32,368 - INFO - [INFO] 📄 爬取第43页: 面包蛋糕甜品
2025-08-12 17:01:32,368 - INFO - [PAGE] 🔄 正在加载页面: https://www.dianping.com/guangzhou/ch10/g117p43
2025-08-12 17:01:38,215 - INFO - [PAGE] ✅ 页面加载成功: https://www.dianping.com/guangzhou/ch10/g117p43
2025-08-12 17:01:44,086 - INFO - [PAGE] ✅ 第43页成功: 15 个商铺 (耗时11.7秒)
2025-08-12 17:01:44,087 - INFO - [INFO] ✅ 第43页成功: 15 个商铺
2025-08-12 17:01:44,087 - INFO - [DELAY] ⏱️ 页面延迟(careful): 9.9秒
2025-08-12 17:01:44,087 - INFO - [INFO] ⏱️ 页面延迟(careful): 9.9秒
2025-08-12 17:01:54,012 - INFO - [PAGE] 📄 第44页: https://www.dianping.com/guangzhou/ch10/g117p44
2025-08-12 17:01:54,013 - INFO - [PAGE] ⏱️ 开始时间: 17:01:54
2025-08-12 17:01:54,013 - INFO - [INFO] 📄 爬取第44页: 面包蛋糕甜品
2025-08-12 17:01:54,014 - INFO - [PAGE] 🔄 正在加载页面: https://www.dianping.com/guangzhou/ch10/g117p44
2025-08-12 17:02:00,821 - INFO - [PAGE] ✅ 页面加载成功: https://www.dianping.com/guangzhou/ch10/g117p44
2025-08-12 17:02:07,317 - INFO - [PAGE] ✅ 第44页成功: 15 个商铺 (耗时13.3秒)
2025-08-12 17:02:07,317 - INFO - [INFO] ✅ 第44页成功: 15 个商铺
2025-08-12 17:02:07,318 - INFO - [DELAY] ⏱️ 页面延迟(relaxed): 8.4秒
2025-08-12 17:02:07,318 - INFO - [INFO] ⏱️ 页面延迟(relaxed): 8.4秒
2025-08-12 17:02:15,672 - INFO - [PAGE] 📄 第45页: https://www.dianping.com/guangzhou/ch10/g117p45
2025-08-12 17:02:15,673 - INFO - [PAGE] ⏱️ 开始时间: 17:02:15
2025-08-12 17:02:15,673 - INFO - [INFO] 📄 爬取第45页: 面包蛋糕甜品
2025-08-12 17:02:15,673 - INFO - [PAGE] 🔄 正在加载页面: https://www.dianping.com/guangzhou/ch10/g117p45
2025-08-12 17:02:20,854 - INFO - [PAGE] ✅ 页面加载成功: https://www.dianping.com/guangzhou/ch10/g117p45
2025-08-12 17:02:23,359 - INFO - [UA] 🔄 第45页智能更换User-Agent
2025-08-12 17:02:25,380 - INFO - [PAGE] ✅ 第45页成功: 15 个商铺 (耗时9.7秒)
2025-08-12 17:02:25,380 - INFO - [INFO] ✅ 第45页成功: 15 个商铺
2025-08-12 17:02:25,381 - INFO - [DELAY] ⏱️ 页面延迟(relaxed): 7.4秒
2025-08-12 17:02:25,381 - INFO - [INFO] ⏱️ 页面延迟(relaxed): 7.4秒
2025-08-12 17:02:32,783 - INFO - [PAGE] 📄 第46页: https://www.dianping.com/guangzhou/ch10/g117p46
2025-08-12 17:02:32,784 - INFO - [PAGE] ⏱️ 开始时间: 17:02:32
2025-08-12 17:02:32,784 - INFO - [INFO] 📄 爬取第46页: 面包蛋糕甜品
2025-08-12 17:02:32,785 - INFO - [PAGE] 🔄 正在加载页面: https://www.dianping.com/guangzhou/ch10/g117p46
2025-08-12 17:02:37,444 - INFO - [PAGE] ✅ 页面加载成功: https://www.dianping.com/guangzhou/ch10/g117p46
2025-08-12 17:02:42,665 - INFO - [PAGE] ✅ 第46页成功: 15 个商铺 (耗时9.9秒)
2025-08-12 17:02:42,665 - INFO - [INFO] ✅ 第46页成功: 15 个商铺
2025-08-12 17:02:42,666 - INFO - [DELAY] ⏱️ 页面延迟(normal): 8.6秒
2025-08-12 17:02:42,666 - INFO - [INFO] ⏱️ 页面延迟(normal): 8.6秒
2025-08-12 17:02:51,287 - INFO - [PAGE] 📄 第47页: https://www.dianping.com/guangzhou/ch10/g117p47
2025-08-12 17:02:51,287 - INFO - [PAGE] ⏱️ 开始时间: 17:02:51
2025-08-12 17:02:51,288 - INFO - [INFO] 📄 爬取第47页: 面包蛋糕甜品
2025-08-12 17:02:51,288 - INFO - [PAGE] 🔄 正在加载页面: https://www.dianping.com/guangzhou/ch10/g117p47
2025-08-12 17:03:01,144 - INFO - [PAGE] ✅ 页面加载成功: https://www.dianping.com/guangzhou/ch10/g117p47
2025-08-12 17:03:06,222 - INFO - [PAGE] ✅ 第47页成功: 15 个商铺 (耗时14.9秒)
2025-08-12 17:03:06,223 - INFO - [INFO] ✅ 第47页成功: 15 个商铺
2025-08-12 17:03:06,223 - INFO - [DELAY] ⏱️ 页面延迟(careful): 12.9秒
2025-08-12 17:03:06,223 - INFO - [INFO] ⏱️ 页面延迟(careful): 12.9秒
2025-08-12 17:03:19,122 - INFO - [PAGE] 📄 第48页: https://www.dianping.com/guangzhou/ch10/g117p48
2025-08-12 17:03:19,123 - INFO - [PAGE] ⏱️ 开始时间: 17:03:19
2025-08-12 17:03:19,123 - INFO - [INFO] 📄 爬取第48页: 面包蛋糕甜品
2025-08-12 17:03:19,123 - INFO - [PAGE] 🔄 正在加载页面: https://www.dianping.com/guangzhou/ch10/g117p48
2025-08-12 17:03:25,077 - INFO - [PAGE] ✅ 页面加载成功: https://www.dianping.com/guangzhou/ch10/g117p48
2025-08-12 17:03:28,320 - INFO - [PAGE] ✅ 第48页成功: 15 个商铺 (耗时9.2秒)
2025-08-12 17:03:28,321 - INFO - [INFO] ✅ 第48页成功: 15 个商铺
2025-08-12 17:03:28,321 - INFO - [DELAY] ⏱️ 页面延迟(relaxed): 11.2秒
2025-08-12 17:03:28,321 - INFO - [INFO] ⏱️ 页面延迟(relaxed): 11.2秒
2025-08-12 17:03:39,533 - INFO - [PAGE] 📄 第49页: https://www.dianping.com/guangzhou/ch10/g117p49
2025-08-12 17:03:39,534 - INFO - [PAGE] ⏱️ 开始时间: 17:03:39
2025-08-12 17:03:39,534 - INFO - [INFO] 📄 爬取第49页: 面包蛋糕甜品
2025-08-12 17:03:39,534 - INFO - [PAGE] 🔄 正在加载页面: https://www.dianping.com/guangzhou/ch10/g117p49
2025-08-12 17:03:46,104 - INFO - [PAGE] ✅ 页面加载成功: https://www.dianping.com/guangzhou/ch10/g117p49
2025-08-12 17:03:52,584 - INFO - [PAGE] ✅ 第49页成功: 15 个商铺 (耗时13.1秒)
2025-08-12 17:03:52,584 - INFO - [INFO] ✅ 第49页成功: 15 个商铺
2025-08-12 17:03:52,584 - INFO - [DELAY] ⏱️ 页面延迟(relaxed): 12.3秒
2025-08-12 17:03:52,585 - INFO - [INFO] ⏱️ 页面延迟(relaxed): 12.3秒
2025-08-12 17:04:04,910 - INFO - [PAGE] 📄 第50页: https://www.dianping.com/guangzhou/ch10/g117p50
2025-08-12 17:04:04,910 - INFO - [PAGE] ⏱️ 开始时间: 17:04:04
2025-08-12 17:04:04,911 - INFO - [INFO] 📄 爬取第50页: 面包蛋糕甜品
2025-08-12 17:04:04,911 - INFO - [PAGE] 🔄 正在加载页面: https://www.dianping.com/guangzhou/ch10/g117p50
2025-08-12 17:04:09,824 - INFO - [PAGE] ✅ 页面加载成功: https://www.dianping.com/guangzhou/ch10/g117p50
2025-08-12 17:04:17,424 - INFO - [PAGE] ✅ 第50页成功: 15 个商铺 (耗时12.5秒)
2025-08-12 17:04:17,424 - INFO - [INFO] ✅ 第50页成功: 15 个商铺
2025-08-12 17:04:17,424 - INFO - ----------------------------------------
2025-08-12 17:04:17,425 - INFO - [CATEGORY] ✅ 品类 面包蛋糕甜品 完成
2025-08-12 17:04:17,425 - INFO - [CATEGORY] 📊 商铺数: 300 个
2025-08-12 17:04:17,425 - INFO - [CATEGORY] ⏱️ 耗时: 477.6秒
2025-08-12 17:04:17,429 - INFO - [SAVE] ✅ 数据已追加到: custom_crawl_广州_面包蛋糕甜品_partial_20250812_170417.csv
2025-08-12 17:04:17,430 - INFO - [INFO] ✅ 数据已保存: 广州_面包蛋糕甜品_部分数据 (300个商铺)
2025-08-12 17:04:17,430 - INFO - [SAVE] 📊 数据质量分析:
2025-08-12 17:04:17,430 - INFO - [SAVE]   总商铺数: 300
2025-08-12 17:04:17,430 - INFO - [SAVE]   价格完整率: 99.3% (298/300)
2025-08-12 17:04:17,431 - INFO - [SAVE]   品类分布:
2025-08-12 17:04:17,431 - INFO - [SAVE]     面包蛋糕甜品: 300 个商铺
2025-08-12 17:04:17,431 - INFO - ============================================================
2025-08-12 17:04:17,432 - INFO - [TASK] 🎉 任务完成!
2025-08-12 17:04:17,432 - INFO - [TASK] ⏱️ 总耗时: 8.5分钟
2025-08-12 17:04:17,433 - INFO - [TASK] 🏪 总商铺: 300 个
2025-08-12 17:04:17,433 - INFO - [TASK] 📂 品类数: 1 个
2025-08-12 17:04:17,433 - INFO - [TASK] 🛡️ 反检测统计:
2025-08-12 17:04:17,433 - INFO - [TASK]   验证码遇到: 0 次
2025-08-12 17:04:17,433 - INFO - [TASK]   跳过页面: 0 页
2025-08-12 17:04:17,434 - INFO - [TASK]   页面刷新: 0 次
2025-08-12 17:04:17,434 - INFO - [TASK]   UA更换: 5 次
2025-08-12 17:04:17,434 - INFO - [TASK] 💾 已保存文件:
2025-08-12 17:04:17,434 - INFO - [TASK]   📁 custom_crawl_广州_面包蛋糕甜品_partial_20250812_170417.csv
2025-08-12 17:04:17,434 - INFO - ============================================================
2025-08-12 17:04:17,435 - INFO - [SUCCESS] 🎉 任务完成! 总耗时: 8.5分钟，总商铺: 300 个
2025-08-12 17:04:17,435 - INFO - [BROWSER] 🔒 开始安全关闭浏览器资源...
2025-08-12 17:04:17,435 - INFO - [BROWSER] 🔒 正在关闭页面...
2025-08-12 17:04:17,455 - INFO - [BROWSER] ✅ 页面已关闭
2025-08-12 17:04:18,456 - WARNING - [BROWSER] ⚠️ 浏览器上下文关闭异常: 'BrowserContext' object has no attribute '_is_closed_or_closing'
2025-08-12 17:04:19,457 - INFO - [BROWSER] 🔒 正在关闭浏览器...
2025-08-12 17:04:19,695 - INFO - [BROWSER] ✅ 浏览器已关闭
2025-08-12 17:04:21,696 - INFO - [BROWSER] 🔒 所有浏览器资源已安全释放
2025-08-12 17:04:21,734 - INFO - [SAVE] ✅ 数据已保存到: custom_crawl_广州_面包蛋糕甜品_20250812_170421.csv
2025-08-12 17:04:21,734 - INFO - [INFO] ✅ 数据已保存: 广州_面包蛋糕甜品 (300个商铺)
2025-08-12 17:04:21,734 - INFO - [SAVE] 📊 数据质量分析:
2025-08-12 17:04:21,735 - INFO - [SAVE]   总商铺数: 300
2025-08-12 17:04:21,735 - INFO - [SAVE]   价格完整率: 99.3% (298/300)
2025-08-12 17:04:21,735 - INFO - [SAVE]   品类分布:
2025-08-12 17:04:21,735 - INFO - [SAVE]     面包蛋糕甜品: 300 个商铺
